[0.593s] DEBUG:colcon:Command line arguments: ['/usr/bin/colcon', 'build']
[0.593s] DEBUG:colcon:Parsed command line arguments: Namespace(log_base=None, log_level=None, verb_name='build', build_base='build', install_base='install', merge_install=False, symlink_install=False, test_result_base=None, continue_on_error=False, executor='parallel', parallel_workers=4, event_handlers=None, ignore_user_meta=False, metas=['./colcon.meta'], base_paths=['.'], packages_ignore=None, packages_ignore_regex=None, paths=None, packages_up_to=None, packages_up_to_regex=None, packages_above=None, packages_above_and_dependencies=None, packages_above_depth=None, packages_select_by_dep=None, packages_skip_by_dep=None, packages_skip_up_to=None, packages_select_build_failed=False, packages_skip_build_finished=False, packages_select_test_failures=False, packages_skip_test_passed=False, packages_select=None, packages_skip=None, packages_select_regex=None, packages_skip_regex=None, packages_start=None, packages_end=None, allow_overriding=[], cmake_args=None, cmake_target=None, cmake_target_skip_unavailable=False, cmake_clean_cache=False, cmake_clean_first=False, cmake_force_configure=False, ament_cmake_args=None, catkin_cmake_args=None, catkin_skip_building_tests=False, mixin_files=None, mixin=None, verb_parser=<colcon_mixin.mixin.mixin_argument.MixinArgumentDecorator object at 0xffff8438a990>, verb_extension=<colcon_core.verb.build.BuildVerb object at 0xffff84536f90>, main=<bound method BuildVerb.main of <colcon_core.verb.build.BuildVerb object at 0xffff84536f90>>, mixin_verb=('build',))
[0.856s] Level 1:colcon.colcon_core.package_discovery:discover_packages(colcon_meta) check parameters
[0.857s] Level 1:colcon.colcon_core.package_discovery:discover_packages(recursive) check parameters
[0.857s] Level 1:colcon.colcon_core.package_discovery:discover_packages(ignore) check parameters
[0.857s] Level 1:colcon.colcon_core.package_discovery:discover_packages(path) check parameters
[0.857s] Level 1:colcon.colcon_core.package_discovery:discover_packages(colcon_meta) discover
[0.858s] Level 1:colcon.colcon_core.package_discovery:discover_packages(recursive) discover
[0.858s] INFO:colcon.colcon_core.package_discovery:Crawling recursively for packages in '/home/droso1/drosophibot-ROS'
[0.858s] Level 1:colcon.colcon_core.package_identification:_identify(.) by extensions ['ignore', 'ignore_ament_install']
[0.859s] Level 1:colcon.colcon_core.package_identification:_identify(.) by extension 'ignore'
[0.859s] Level 1:colcon.colcon_core.package_identification:_identify(.) by extension 'ignore_ament_install'
[0.859s] Level 1:colcon.colcon_core.package_identification:_identify(.) by extensions ['colcon_pkg']
[0.859s] Level 1:colcon.colcon_core.package_identification:_identify(.) by extension 'colcon_pkg'
[0.859s] Level 1:colcon.colcon_core.package_identification:_identify(.) by extensions ['colcon_meta']
[0.860s] Level 1:colcon.colcon_core.package_identification:_identify(.) by extension 'colcon_meta'
[0.860s] Level 1:colcon.colcon_core.package_identification:_identify(.) by extensions ['ros']
[0.860s] Level 1:colcon.colcon_core.package_identification:_identify(.) by extension 'ros'
[0.965s] Level 1:colcon.colcon_core.package_identification:_identify(.) by extensions ['cmake', 'python']
[0.965s] Level 1:colcon.colcon_core.package_identification:_identify(.) by extension 'cmake'
[0.965s] Level 1:colcon.colcon_core.package_identification:_identify(.) by extension 'python'
[0.965s] Level 1:colcon.colcon_core.package_identification:_identify(.) by extensions ['python_setup_py']
[0.966s] Level 1:colcon.colcon_core.package_identification:_identify(.) by extension 'python_setup_py'
[0.966s] Level 1:colcon.colcon_core.package_identification:_identify(build) by extensions ['ignore', 'ignore_ament_install']
[0.966s] Level 1:colcon.colcon_core.package_identification:_identify(build) by extension 'ignore'
[0.967s] Level 1:colcon.colcon_core.package_identification:_identify(build) ignored
[0.967s] Level 1:colcon.colcon_core.package_identification:_identify(install) by extensions ['ignore', 'ignore_ament_install']
[0.967s] Level 1:colcon.colcon_core.package_identification:_identify(install) by extension 'ignore'
[0.968s] Level 1:colcon.colcon_core.package_identification:_identify(install) ignored
[0.968s] Level 1:colcon.colcon_core.package_identification:_identify(log) by extensions ['ignore', 'ignore_ament_install']
[0.968s] Level 1:colcon.colcon_core.package_identification:_identify(log) by extension 'ignore'
[0.968s] Level 1:colcon.colcon_core.package_identification:_identify(log) ignored
[0.969s] Level 1:colcon.colcon_core.package_identification:_identify(testcpp) by extensions ['ignore', 'ignore_ament_install']
[0.969s] Level 1:colcon.colcon_core.package_identification:_identify(testcpp) by extension 'ignore'
[0.969s] Level 1:colcon.colcon_core.package_identification:_identify(testcpp) by extension 'ignore_ament_install'
[0.969s] Level 1:colcon.colcon_core.package_identification:_identify(testcpp) by extensions ['colcon_pkg']
[0.970s] Level 1:colcon.colcon_core.package_identification:_identify(testcpp) by extension 'colcon_pkg'
[0.970s] Level 1:colcon.colcon_core.package_identification:_identify(testcpp) by extensions ['colcon_meta']
[0.970s] Level 1:colcon.colcon_core.package_identification:_identify(testcpp) by extension 'colcon_meta'
[0.970s] Level 1:colcon.colcon_core.package_identification:_identify(testcpp) by extensions ['ros']
[0.970s] Level 1:colcon.colcon_core.package_identification:_identify(testcpp) by extension 'ros'
[0.986s] DEBUG:colcon.colcon_core.package_identification:Package 'testcpp' with type 'ros.ament_cmake' and name 'testcpp'
[0.986s] Level 1:colcon.colcon_core.package_discovery:discover_packages(recursive) using defaults
[0.986s] Level 1:colcon.colcon_core.package_discovery:discover_packages(ignore) discover
[0.986s] Level 1:colcon.colcon_core.package_discovery:discover_packages(ignore) using defaults
[0.986s] Level 1:colcon.colcon_core.package_discovery:discover_packages(path) discover
[0.986s] Level 1:colcon.colcon_core.package_discovery:discover_packages(path) using defaults
[1.086s] Level 1:colcon.colcon_core.package_discovery:discover_packages(prefix_path) check parameters
[1.087s] Level 1:colcon.colcon_core.package_discovery:discover_packages(prefix_path) discover
[1.104s] DEBUG:colcon.colcon_installed_package_information.package_discovery:Found 192 installed packages in /opt/ros/jazzy
[1.107s] Level 1:colcon.colcon_core.package_discovery:discover_packages(prefix_path) using defaults
[1.240s] Level 5:colcon.colcon_core.verb:set package 'testcpp' build argument 'cmake_args' from command line to 'None'
[1.240s] Level 5:colcon.colcon_core.verb:set package 'testcpp' build argument 'cmake_target' from command line to 'None'
[1.240s] Level 5:colcon.colcon_core.verb:set package 'testcpp' build argument 'cmake_target_skip_unavailable' from command line to 'False'
[1.240s] Level 5:colcon.colcon_core.verb:set package 'testcpp' build argument 'cmake_clean_cache' from command line to 'False'
[1.240s] Level 5:colcon.colcon_core.verb:set package 'testcpp' build argument 'cmake_clean_first' from command line to 'False'
[1.241s] Level 5:colcon.colcon_core.verb:set package 'testcpp' build argument 'cmake_force_configure' from command line to 'False'
[1.241s] Level 5:colcon.colcon_core.verb:set package 'testcpp' build argument 'ament_cmake_args' from command line to 'None'
[1.241s] Level 5:colcon.colcon_core.verb:set package 'testcpp' build argument 'catkin_cmake_args' from command line to 'None'
[1.241s] Level 5:colcon.colcon_core.verb:set package 'testcpp' build argument 'catkin_skip_building_tests' from command line to 'False'
[1.241s] DEBUG:colcon.colcon_core.verb:Building package 'testcpp' with the following arguments: {'ament_cmake_args': None, 'build_base': '/home/droso1/drosophibot-ROS/build/testcpp', 'catkin_cmake_args': None, 'catkin_skip_building_tests': False, 'cmake_args': None, 'cmake_clean_cache': False, 'cmake_clean_first': False, 'cmake_force_configure': False, 'cmake_target': None, 'cmake_target_skip_unavailable': False, 'install_base': '/home/droso1/drosophibot-ROS/install/testcpp', 'merge_install': False, 'path': '/home/droso1/drosophibot-ROS/testcpp', 'symlink_install': False, 'test_result_base': None}
[1.241s] INFO:colcon.colcon_core.executor:Executing jobs using 'parallel' executor
[1.244s] DEBUG:colcon.colcon_parallel_executor.executor.parallel:run_until_complete
[1.245s] INFO:colcon.colcon_ros.task.ament_cmake.build:Building ROS package in '/home/droso1/drosophibot-ROS/testcpp' with build type 'ament_cmake'
[1.246s] INFO:colcon.colcon_cmake.task.cmake.build:Building CMake package in '/home/droso1/drosophibot-ROS/testcpp'
[1.265s] INFO:colcon.colcon_core.plugin_system:Skipping extension 'colcon_core.shell.bat': Not used on non-Windows systems
[1.266s] INFO:colcon.colcon_core.shell:Skip shell extension 'powershell' for command environment: Not usable outside of PowerShell
[1.266s] DEBUG:colcon.colcon_core.shell:Skip shell extension 'dsv' for command environment
[1.301s] DEBUG:colcon.colcon_core.event_handler.log_command:Invoking command in '/home/droso1/drosophibot-ROS/build/testcpp': CMAKE_PREFIX_PATH=/opt/ros/jazzy /usr/bin/cmake /home/droso1/drosophibot-ROS/testcpp -DCMAKE_INSTALL_PREFIX=/home/droso1/drosophibot-ROS/install/testcpp
[8.434s] DEBUG:colcon.colcon_core.event_handler.log_command:Invoked command in '/home/droso1/drosophibot-ROS/build/testcpp' returned '0': CMAKE_PREFIX_PATH=/opt/ros/jazzy /usr/bin/cmake /home/droso1/drosophibot-ROS/testcpp -DCMAKE_INSTALL_PREFIX=/home/droso1/drosophibot-ROS/install/testcpp
[8.440s] DEBUG:colcon.colcon_core.event_handler.log_command:Invoking command in '/home/droso1/drosophibot-ROS/build/testcpp': CMAKE_PREFIX_PATH=/opt/ros/jazzy /usr/bin/cmake --build /home/droso1/drosophibot-ROS/build/testcpp -- -j4 -l4
[8.634s] DEBUG:colcon.colcon_core.event_handler.log_command:Invoked command in '/home/droso1/drosophibot-ROS/build/testcpp' returned '0': CMAKE_PREFIX_PATH=/opt/ros/jazzy /usr/bin/cmake --build /home/droso1/drosophibot-ROS/build/testcpp -- -j4 -l4
[8.677s] DEBUG:colcon.colcon_core.event_handler.log_command:Invoking command in '/home/droso1/drosophibot-ROS/build/testcpp': CMAKE_PREFIX_PATH=/opt/ros/jazzy /usr/bin/cmake --install /home/droso1/drosophibot-ROS/build/testcpp
[8.736s] Level 1:colcon.colcon_core.environment:create_environment_scripts_only(testcpp)
[8.737s] DEBUG:colcon.colcon_core.event_handler.log_command:Invoked command in '/home/droso1/drosophibot-ROS/build/testcpp' returned '0': CMAKE_PREFIX_PATH=/opt/ros/jazzy /usr/bin/cmake --install /home/droso1/drosophibot-ROS/build/testcpp
[8.760s] Level 1:colcon.colcon_core.environment:checking '/home/droso1/drosophibot-ROS/install/testcpp' for CMake module files
[8.763s] Level 1:colcon.colcon_core.environment:checking '/home/droso1/drosophibot-ROS/install/testcpp' for CMake config files
[8.765s] Level 1:colcon.colcon_core.shell:create_environment_hook('testcpp', 'cmake_prefix_path')
[8.765s] INFO:colcon.colcon_core.shell:Creating environment hook '/home/droso1/drosophibot-ROS/install/testcpp/share/testcpp/hook/cmake_prefix_path.ps1'
[8.768s] INFO:colcon.colcon_core.shell:Creating environment descriptor '/home/droso1/drosophibot-ROS/install/testcpp/share/testcpp/hook/cmake_prefix_path.dsv'
[8.771s] INFO:colcon.colcon_core.shell:Creating environment hook '/home/droso1/drosophibot-ROS/install/testcpp/share/testcpp/hook/cmake_prefix_path.sh'
[8.774s] Level 1:colcon.colcon_core.environment:checking '/home/droso1/drosophibot-ROS/install/testcpp/bin'
[8.775s] Level 1:colcon.colcon_core.environment:checking '/home/droso1/drosophibot-ROS/install/testcpp/lib/pkgconfig/testcpp.pc'
[8.776s] Level 1:colcon.colcon_core.environment:checking '/home/droso1/drosophibot-ROS/install/testcpp/lib/python3.12/site-packages'
[8.777s] Level 1:colcon.colcon_core.environment:checking '/home/droso1/drosophibot-ROS/install/testcpp/bin'
[8.778s] INFO:colcon.colcon_core.shell:Creating package script '/home/droso1/drosophibot-ROS/install/testcpp/share/testcpp/package.ps1'
[8.782s] INFO:colcon.colcon_core.shell:Creating package descriptor '/home/droso1/drosophibot-ROS/install/testcpp/share/testcpp/package.dsv'
[8.785s] INFO:colcon.colcon_core.shell:Creating package script '/home/droso1/drosophibot-ROS/install/testcpp/share/testcpp/package.sh'
[8.788s] INFO:colcon.colcon_core.shell:Creating package script '/home/droso1/drosophibot-ROS/install/testcpp/share/testcpp/package.bash'
[8.791s] INFO:colcon.colcon_core.shell:Creating package script '/home/droso1/drosophibot-ROS/install/testcpp/share/testcpp/package.zsh'
[8.794s] Level 1:colcon.colcon_core.environment:create_file_with_runtime_dependencies(/home/droso1/drosophibot-ROS/install/testcpp/share/colcon-core/packages/testcpp)
[8.797s] Level 1:colcon.colcon_core.environment:create_environment_scripts_only(testcpp)
[8.797s] Level 1:colcon.colcon_core.environment:checking '/home/droso1/drosophibot-ROS/install/testcpp' for CMake module files
[8.800s] Level 1:colcon.colcon_core.environment:checking '/home/droso1/drosophibot-ROS/install/testcpp' for CMake config files
[8.803s] Level 1:colcon.colcon_core.shell:create_environment_hook('testcpp', 'cmake_prefix_path')
[8.803s] INFO:colcon.colcon_core.shell:Creating environment hook '/home/droso1/drosophibot-ROS/install/testcpp/share/testcpp/hook/cmake_prefix_path.ps1'
[8.805s] INFO:colcon.colcon_core.shell:Creating environment descriptor '/home/droso1/drosophibot-ROS/install/testcpp/share/testcpp/hook/cmake_prefix_path.dsv'
[8.807s] INFO:colcon.colcon_core.shell:Creating environment hook '/home/droso1/drosophibot-ROS/install/testcpp/share/testcpp/hook/cmake_prefix_path.sh'
[8.809s] Level 1:colcon.colcon_core.environment:checking '/home/droso1/drosophibot-ROS/install/testcpp/bin'
[8.810s] Level 1:colcon.colcon_core.environment:checking '/home/droso1/drosophibot-ROS/install/testcpp/lib/pkgconfig/testcpp.pc'
[8.810s] Level 1:colcon.colcon_core.environment:checking '/home/droso1/drosophibot-ROS/install/testcpp/lib/python3.12/site-packages'
[8.812s] Level 1:colcon.colcon_core.environment:checking '/home/droso1/drosophibot-ROS/install/testcpp/bin'
[8.812s] INFO:colcon.colcon_core.shell:Creating package script '/home/droso1/drosophibot-ROS/install/testcpp/share/testcpp/package.ps1'
[8.814s] INFO:colcon.colcon_core.shell:Creating package descriptor '/home/droso1/drosophibot-ROS/install/testcpp/share/testcpp/package.dsv'
[8.816s] INFO:colcon.colcon_core.shell:Creating package script '/home/droso1/drosophibot-ROS/install/testcpp/share/testcpp/package.sh'
[8.818s] INFO:colcon.colcon_core.shell:Creating package script '/home/droso1/drosophibot-ROS/install/testcpp/share/testcpp/package.bash'
[8.820s] INFO:colcon.colcon_core.shell:Creating package script '/home/droso1/drosophibot-ROS/install/testcpp/share/testcpp/package.zsh'
[8.822s] Level 1:colcon.colcon_core.environment:create_file_with_runtime_dependencies(/home/droso1/drosophibot-ROS/install/testcpp/share/colcon-core/packages/testcpp)
[8.823s] DEBUG:colcon.colcon_parallel_executor.executor.parallel:closing loop
[8.824s] DEBUG:colcon.colcon_parallel_executor.executor.parallel:loop closed
[8.824s] DEBUG:colcon.colcon_parallel_executor.executor.parallel:run_until_complete finished with '0'
[8.825s] DEBUG:colcon.colcon_core.event_reactor:joining thread
[8.849s] INFO:colcon.colcon_core.plugin_system:Skipping extension 'colcon_notification.desktop_notification.notify_send': Could not find 'notify-send'
[8.850s] INFO:colcon.colcon_core.plugin_system:Skipping extension 'colcon_notification.desktop_notification.terminal_notifier': Not used on non-Darwin systems
[8.850s] INFO:colcon.colcon_core.plugin_system:Skipping extension 'colcon_notification.desktop_notification.win32': Not used on non-Windows systems
[8.850s] INFO:colcon.colcon_notification.desktop_notification:Sending desktop notification using 'notify2'
[8.913s] DEBUG:colcon.colcon_notification.desktop_notification.notify2:Failed to initialize notify2: org.freedesktop.DBus.Error.ServiceUnknown: The name org.freedesktop.Notifications was not provided by any .service files
[8.913s] DEBUG:colcon.colcon_core.event_reactor:joined thread
[8.914s] INFO:colcon.colcon_core.shell:Creating prefix script '/home/droso1/drosophibot-ROS/install/local_setup.ps1'
[8.918s] INFO:colcon.colcon_core.shell:Creating prefix util module '/home/droso1/drosophibot-ROS/install/_local_setup_util_ps1.py'
[8.924s] INFO:colcon.colcon_core.shell:Creating prefix chain script '/home/droso1/drosophibot-ROS/install/setup.ps1'
[8.927s] INFO:colcon.colcon_core.shell:Creating prefix script '/home/droso1/drosophibot-ROS/install/local_setup.sh'
[8.930s] INFO:colcon.colcon_core.shell:Creating prefix util module '/home/droso1/drosophibot-ROS/install/_local_setup_util_sh.py'
[8.932s] INFO:colcon.colcon_core.shell:Creating prefix chain script '/home/droso1/drosophibot-ROS/install/setup.sh'
[8.936s] INFO:colcon.colcon_core.shell:Creating prefix script '/home/droso1/drosophibot-ROS/install/local_setup.bash'
[8.938s] INFO:colcon.colcon_core.shell:Creating prefix chain script '/home/droso1/drosophibot-ROS/install/setup.bash'
[8.941s] INFO:colcon.colcon_core.shell:Creating prefix script '/home/droso1/drosophibot-ROS/install/local_setup.zsh'
[8.944s] INFO:colcon.colcon_core.shell:Creating prefix chain script '/home/droso1/drosophibot-ROS/install/setup.zsh'
