[0.064s] Invoking command in '/home/droso1/drosophibot-ROS/build/limb_controller': CMAKE_PREFIX_PATH=/home/droso1/drosophibot-ROS/install/interfaces:/home/droso1/drosophibot-ROS/install/testcpp:/home/droso1/drosophibot-ROS/install/pubsub:/home/droso1/drosophibot-ROS/install/motor_control:/home/droso1/drosophibot-ROS/install/limb_controller:/opt/ros/jazzy /usr/bin/cmake --build /home/droso1/drosophibot-ROS/build/limb_controller -- -j4 -l4
[0.390s] [ 20%] [32mBuilding CXX object CMakeFiles/limb_controller.dir/src/limb_controller.cpp.o[0m
[13.542s] [01m[K/home/droso1/drosophibot-ROS/limb_controller/src/limb_controller.cpp:[m[K In constructor ‘[01m[KLimbController::[01;32m[KLimbController[m[K()[m[K’:
[13.543s] [01m[K/home/droso1/drosophibot-ROS/limb_controller/src/limb_controller.cpp:17:39:[m[K [01;31m[Kerror: [m[Kno matching function for call to ‘[01m[KSNSToolboxCPP::Network::Network()[m[K’
[13.543s]    17 |     : Node("LimbController"), count_(0[01;31m[K)[m[K
[13.544s]       |                                       [01;31m[K^[m[K
[13.544s] In file included from [01m[K/home/droso1/drosophibot-ROS/limb_controller/src/limb_controller.cpp:8[m[K:
[13.544s] [01m[K/home/droso1/drosophibot-ROS/limb_controller/include/Network.h:22:18:[m[K [01;36m[Knote: [m[Kcandidate: ‘[01m[KSNSToolboxCPP::Network::[01;32m[KNetwork[m[K(const std::string&)[m[K’
[13.545s]    22 |         explicit [01;36m[KNetwork[m[K(const std::string& filename);
[13.545s]       |                  [01;36m[K^~~~~~~[m[K
[13.545s] [01m[K/home/droso1/drosophibot-ROS/limb_controller/include/Network.h:22:18:[m[K [01;36m[Knote: [m[K  candidate expects 1 argument, 0 provided
[13.546s] [01m[K/home/droso1/drosophibot-ROS/limb_controller/include/Network.h:14:11:[m[K [01;36m[Knote: [m[Kcandidate: ‘[01m[KSNSToolboxCPP::Network::[01;32m[KNetwork[m[K(const SNSToolboxCPP::Network&)[m[K’
[13.546s]    14 |     class [01;36m[KNetwork[m[K {
[13.547s]       |           [01;36m[K^~~~~~~[m[K
[13.547s] [01m[K/home/droso1/drosophibot-ROS/limb_controller/include/Network.h:14:11:[m[K [01;36m[Knote: [m[K  candidate expects 1 argument, 0 provided
[13.548s] [01m[K/home/droso1/drosophibot-ROS/limb_controller/include/Network.h:14:11:[m[K [01;36m[Knote: [m[Kcandidate: ‘[01m[KSNSToolboxCPP::Network::[01;32m[KNetwork[m[K(SNSToolboxCPP::Network&&)[m[K’
[13.548s] [01m[K/home/droso1/drosophibot-ROS/limb_controller/include/Network.h:14:11:[m[K [01;36m[Knote: [m[K  candidate expects 1 argument, 0 provided
[18.163s] gmake[2]: *** [CMakeFiles/limb_controller.dir/build.make:76: CMakeFiles/limb_controller.dir/src/limb_controller.cpp.o] Error 1
[18.164s] gmake[1]: *** [CMakeFiles/Makefile2:137: CMakeFiles/limb_controller.dir/all] Error 2
[18.165s] gmake: *** [Makefile:146: all] Error 2
[18.173s] Invoked command in '/home/droso1/drosophibot-ROS/build/limb_controller' returned '2': CMAKE_PREFIX_PATH=/home/droso1/drosophibot-ROS/install/interfaces:/home/droso1/drosophibot-ROS/install/testcpp:/home/droso1/drosophibot-ROS/install/pubsub:/home/droso1/drosophibot-ROS/install/motor_control:/home/droso1/drosophibot-ROS/install/limb_controller:/opt/ros/jazzy /usr/bin/cmake --build /home/droso1/drosophibot-ROS/build/limb_controller -- -j4 -l4
