[0.047s] Invoking command in '/home/droso1/drosophibot-ROS/build/interfaces': CMAKE_PREFIX_PATH=${CMAKE_PREFIX_PATH}:/opt/ros/jazzy /usr/bin/cmake --build /home/droso1/drosophibot-ROS/build/interfaces -- -j4 -l4
[0.162s] -- Found ament_cmake: 2.5.4 (/opt/ros/jazzy/share/ament_cmake/cmake)
[0.277s] -- Found Python3: /usr/bin/python3 (found version "3.12.3") found components: Interpreter 
[0.623s] -- Found rosidl_default_generators: 1.6.0 (/opt/ros/jazzy/share/rosidl_default_generators/cmake)
[0.634s] -- Using all available rosidl_typesupport_c: rosidl_typesupport_fastrtps_c;rosidl_typesupport_introspection_c
[0.797s] -- Using all available rosidl_typesupport_cpp: rosidl_typesupport_fastrtps_cpp;rosidl_typesupport_introspection_cpp
[0.919s] -- Found rosidl_adapter: 4.6.6 (/opt/ros/jazzy/share/rosidl_adapter/cmake)
[0.926s] -- Found ament_lint_auto: 0.17.3 (/opt/ros/jazzy/share/ament_lint_auto/cmake)
[1.975s] -- Found ament_cmake_ros: 0.12.0 (/opt/ros/jazzy/share/ament_cmake_ros/cmake)
[2.354s] -- Using all available rosidl_typesupport_c: rosidl_typesupport_fastrtps_c;rosidl_typesupport_introspection_c
[2.851s] -- Using all available rosidl_typesupport_cpp: rosidl_typesupport_fastrtps_cpp;rosidl_typesupport_introspection_cpp
[2.856s] -- Found python_cmake_module: 0.11.1 (/opt/ros/jazzy/share/python_cmake_module/cmake)
[4.024s] -- Found Python3: /usr/bin/python3 (found version "3.12.3") found components: Interpreter Development NumPy Development.Module Development.Embed 
[4.077s] -- Added test 'lint_cmake' to check CMake code style
[4.086s] -- Added test 'xmllint' to check XML markup files
[4.106s] -- Configuring done (4.0s)
[4.309s] -- Generating done (0.2s)
[4.367s] -- Build files have been written to: /home/droso1/drosophibot-ROS/build/interfaces
[4.533s] [  2%] [34m[1mGenerating type hashes for ROS interfaces[0m
[4.588s] [  2%] Built target ament_cmake_python_copy_interfaces
[5.518s] [  2%] Built target interfaces__rosidl_generator_type_description
[5.569s] [  4%] [34m[1mGenerating C code for ROS interfaces[0m
[5.596s] running egg_info
[5.623s] [  6%] [34m[1mGenerating C++ code for ROS interfaces[0m
[5.716s] writing interfaces.egg-info/PKG-INFO
[5.718s] writing dependency_links to interfaces.egg-info/dependency_links.txt
[5.721s] writing top-level names to interfaces.egg-info/top_level.txt
[6.061s] reading manifest file 'interfaces.egg-info/SOURCES.txt'
[6.064s] writing manifest file 'interfaces.egg-info/SOURCES.txt'
[6.223s] [  6%] Built target ament_cmake_python_build_interfaces_egg
[7.023s] [  6%] Built target interfaces__cpp
[7.210s] [  9%] [32mBuilding C object CMakeFiles/interfaces__rosidl_generator_c.dir/rosidl_generator_c/interfaces/msg/detail/motor_command__description.c.o[0m
[7.212s] [ 11%] [32mBuilding C object CMakeFiles/interfaces__rosidl_generator_c.dir/rosidl_generator_c/interfaces/msg/detail/motor_command__functions.c.o[0m
[7.215s] [ 13%] [32mBuilding C object CMakeFiles/interfaces__rosidl_generator_c.dir/rosidl_generator_c/interfaces/msg/detail/motor_command__type_support.c.o[0m
[7.219s] [ 15%] [32mBuilding C object CMakeFiles/interfaces__rosidl_generator_c.dir/rosidl_generator_c/interfaces/msg/detail/motor_data__description.c.o[0m
[7.401s] [ 18%] [32mBuilding C object CMakeFiles/interfaces__rosidl_generator_c.dir/rosidl_generator_c/interfaces/msg/detail/motor_data__functions.c.o[0m
[7.421s] [ 20%] [32mBuilding C object CMakeFiles/interfaces__rosidl_generator_c.dir/rosidl_generator_c/interfaces/msg/detail/motor_data__type_support.c.o[0m
[7.629s] [ 22%] [32m[1mLinking C shared library libinterfaces__rosidl_generator_c.so[0m
[7.814s] [ 22%] Built target interfaces__rosidl_generator_c
[7.870s] [ 25%] [34m[1mGenerating C type support dispatch for ROS interfaces[0m
[7.871s] [ 29%] [34m[1mGenerating C type support for eProsima Fast-RTPS[0m
[7.874s] [ 29%] [34m[1mGenerating C++ type support for eProsima Fast-RTPS[0m
[7.878s] [ 31%] [34m[1mGenerating C introspection for ROS interfaces[0m
[9.188s] [ 34%] [32mBuilding CXX object CMakeFiles/interfaces__rosidl_typesupport_c.dir/rosidl_typesupport_c/interfaces/msg/motor_command__type_support.cpp.o[0m
[9.419s] [ 36%] [32mBuilding C object CMakeFiles/interfaces__rosidl_typesupport_introspection_c.dir/rosidl_typesupport_introspection_c/interfaces/msg/detail/motor_command__type_support.c.o[0m
[9.474s] [ 38%] [32mBuilding CXX object CMakeFiles/interfaces__rosidl_typesupport_c.dir/rosidl_typesupport_c/interfaces/msg/motor_data__type_support.cpp.o[0m
[9.547s] [ 40%] [32mBuilding CXX object CMakeFiles/interfaces__rosidl_typesupport_fastrtps_cpp.dir/rosidl_typesupport_fastrtps_cpp/interfaces/msg/detail/dds_fastrtps/motor_command__type_support.cpp.o[0m
[9.561s] [ 43%] [32mBuilding CXX object CMakeFiles/interfaces__rosidl_typesupport_fastrtps_c.dir/rosidl_typesupport_fastrtps_c/interfaces/msg/detail/motor_command__type_support_c.cpp.o[0m
[9.645s] [ 45%] [32mBuilding C object CMakeFiles/interfaces__rosidl_typesupport_introspection_c.dir/rosidl_typesupport_introspection_c/interfaces/msg/detail/motor_data__type_support.c.o[0m
[9.713s] [ 47%] [32m[1mLinking CXX shared library libinterfaces__rosidl_typesupport_c.so[0m
[9.876s] [ 50%] [32m[1mLinking C shared library libinterfaces__rosidl_typesupport_introspection_c.so[0m
[9.919s] [ 50%] Built target interfaces__rosidl_typesupport_c
[9.969s] [ 52%] [32mBuilding CXX object CMakeFiles/interfaces__rosidl_typesupport_fastrtps_c.dir/rosidl_typesupport_fastrtps_c/interfaces/msg/detail/motor_data__type_support_c.cpp.o[0m
[10.049s] [ 52%] Built target interfaces__rosidl_typesupport_introspection_c
[10.103s] [ 54%] [32mBuilding CXX object CMakeFiles/interfaces__rosidl_typesupport_fastrtps_cpp.dir/rosidl_typesupport_fastrtps_cpp/interfaces/msg/detail/dds_fastrtps/motor_data__type_support.cpp.o[0m
[12.355s] [ 56%] [34m[1mGenerating C++ introspection for ROS interfaces[0m
[12.500s] [ 59%] [34m[1mGenerating C++ type support dispatch for ROS interfaces[0m
[12.868s] [ 61%] [32m[1mLinking CXX shared library libinterfaces__rosidl_typesupport_fastrtps_c.so[0m
[13.153s] [ 61%] Built target interfaces__rosidl_typesupport_fastrtps_c
[13.224s] [ 63%] [32m[1mLinking CXX shared library libinterfaces__rosidl_typesupport_fastrtps_cpp.so[0m
[13.656s] [ 63%] Built target interfaces__rosidl_typesupport_fastrtps_cpp
[13.850s] [ 68%] [32mBuilding CXX object CMakeFiles/interfaces__rosidl_typesupport_introspection_cpp.dir/rosidl_typesupport_introspection_cpp/interfaces/msg/detail/motor_command__type_support.cpp.o[0m
[13.850s] [ 68%] [32mBuilding CXX object CMakeFiles/interfaces__rosidl_typesupport_introspection_cpp.dir/rosidl_typesupport_introspection_cpp/interfaces/msg/detail/motor_data__type_support.cpp.o[0m
[13.853s] [ 70%] [32mBuilding CXX object CMakeFiles/interfaces__rosidl_typesupport_cpp.dir/rosidl_typesupport_cpp/interfaces/msg/motor_command__type_support.cpp.o[0m
[13.856s] [ 72%] [32mBuilding CXX object CMakeFiles/interfaces__rosidl_typesupport_cpp.dir/rosidl_typesupport_cpp/interfaces/msg/motor_data__type_support.cpp.o[0m
[15.759s] [ 75%] [32m[1mLinking CXX shared library libinterfaces__rosidl_typesupport_cpp.so[0m
[15.820s] [ 77%] [32m[1mLinking CXX shared library libinterfaces__rosidl_typesupport_introspection_cpp.so[0m
[15.952s] [ 77%] Built target interfaces__rosidl_typesupport_cpp
[16.150s] [ 77%] Built target interfaces__rosidl_typesupport_introspection_cpp
[16.246s] [ 77%] Built target interfaces
[16.350s] [ 79%] [34m[1mGenerating Python code for ROS interfaces[0m
[17.793s] [ 79%] Built target interfaces__py
[17.906s] [ 81%] [32mBuilding C object CMakeFiles/interfaces__rosidl_generator_py.dir/rosidl_generator_py/interfaces/msg/_motor_command_s.c.o[0m
[17.908s] [ 84%] [32mBuilding C object CMakeFiles/interfaces__rosidl_generator_py.dir/rosidl_generator_py/interfaces/msg/_motor_data_s.c.o[0m
[18.482s] [ 86%] [32m[1mLinking C shared library libinterfaces__rosidl_generator_py.so[0m
[18.686s] [ 86%] Built target interfaces__rosidl_generator_py
[18.805s] [ 90%] [32mBuilding C object CMakeFiles/interfaces_s__rosidl_typesupport_fastrtps_c.dir/rosidl_generator_py/interfaces/_interfaces_s.ep.rosidl_typesupport_fastrtps_c.c.o[0m
[18.806s] [ 90%] [32mBuilding C object CMakeFiles/interfaces_s__rosidl_typesupport_introspection_c.dir/rosidl_generator_py/interfaces/_interfaces_s.ep.rosidl_typesupport_introspection_c.c.o[0m
[18.806s] [ 93%] [32mBuilding C object CMakeFiles/interfaces_s__rosidl_typesupport_c.dir/rosidl_generator_py/interfaces/_interfaces_s.ep.rosidl_typesupport_c.c.o[0m
[19.318s] [ 95%] [32m[1mLinking C shared module rosidl_generator_py/interfaces/interfaces_s__rosidl_typesupport_c.so[0m
[19.329s] [ 97%] [32m[1mLinking C shared module rosidl_generator_py/interfaces/interfaces_s__rosidl_typesupport_introspection_c.so[0m
[19.375s] [100%] [32m[1mLinking C shared module rosidl_generator_py/interfaces/interfaces_s__rosidl_typesupport_fastrtps_c.so[0m
[19.480s] [100%] Built target interfaces_s__rosidl_typesupport_c
[19.493s] [100%] Built target interfaces_s__rosidl_typesupport_introspection_c
[19.539s] [100%] Built target interfaces_s__rosidl_typesupport_fastrtps_c
[19.592s] Invoked command in '/home/droso1/drosophibot-ROS/build/interfaces' returned '0': CMAKE_PREFIX_PATH=${CMAKE_PREFIX_PATH}:/opt/ros/jazzy /usr/bin/cmake --build /home/droso1/drosophibot-ROS/build/interfaces -- -j4 -l4
[19.637s] Invoking command in '/home/droso1/drosophibot-ROS/build/interfaces': CMAKE_PREFIX_PATH=${CMAKE_PREFIX_PATH}:/opt/ros/jazzy /usr/bin/cmake --install /home/droso1/drosophibot-ROS/build/interfaces
[19.674s] -- Install configuration: ""
[19.675s] -- Installing: /home/droso1/drosophibot-ROS/install/interfaces/share/ament_index/resource_index/rosidl_interfaces/interfaces
[19.676s] -- Installing: /home/droso1/drosophibot-ROS/install/interfaces/share/interfaces/msg/MotorCommand.json
[19.678s] -- Installing: /home/droso1/drosophibot-ROS/install/interfaces/share/interfaces/msg/MotorData.json
[19.679s] -- Up-to-date: /home/droso1/drosophibot-ROS/install/interfaces/include/interfaces/interfaces
[19.679s] -- Up-to-date: /home/droso1/drosophibot-ROS/install/interfaces/include/interfaces/interfaces/msg
[19.679s] -- Installing: /home/droso1/drosophibot-ROS/install/interfaces/include/interfaces/interfaces/msg/motor_data.h
[19.680s] -- Up-to-date: /home/droso1/drosophibot-ROS/install/interfaces/include/interfaces/interfaces/msg/detail
[19.681s] -- Installing: /home/droso1/drosophibot-ROS/install/interfaces/include/interfaces/interfaces/msg/detail/motor_data__type_support.c
[19.682s] -- Installing: /home/droso1/drosophibot-ROS/install/interfaces/include/interfaces/interfaces/msg/detail/motor_data__functions.c
[19.683s] -- Installing: /home/droso1/drosophibot-ROS/install/interfaces/include/interfaces/interfaces/msg/detail/motor_data__type_support.h
[19.684s] -- Installing: /home/droso1/drosophibot-ROS/install/interfaces/include/interfaces/interfaces/msg/detail/motor_command__type_support.c
[19.685s] -- Installing: /home/droso1/drosophibot-ROS/install/interfaces/include/interfaces/interfaces/msg/detail/motor_data__functions.h
[19.687s] -- Installing: /home/droso1/drosophibot-ROS/install/interfaces/include/interfaces/interfaces/msg/detail/motor_command__description.c
[19.699s] -- Installing: /home/droso1/drosophibot-ROS/install/interfaces/include/interfaces/interfaces/msg/detail/motor_data__struct.h
[19.701s] -- Installing: /home/droso1/drosophibot-ROS/install/interfaces/include/interfaces/interfaces/msg/detail/motor_command__functions.h
[19.703s] -- Installing: /home/droso1/drosophibot-ROS/install/interfaces/include/interfaces/interfaces/msg/detail/motor_command__type_support.h
[19.706s] -- Installing: /home/droso1/drosophibot-ROS/install/interfaces/include/interfaces/interfaces/msg/detail/motor_data__description.c
[19.708s] -- Installing: /home/droso1/drosophibot-ROS/install/interfaces/include/interfaces/interfaces/msg/detail/motor_command__functions.c
[19.709s] -- Installing: /home/droso1/drosophibot-ROS/install/interfaces/include/interfaces/interfaces/msg/detail/motor_command__struct.h
[19.710s] -- Installing: /home/droso1/drosophibot-ROS/install/interfaces/include/interfaces/interfaces/msg/motor_command.h
[19.711s] -- Up-to-date: /home/droso1/drosophibot-ROS/install/interfaces/include/interfaces/interfaces/msg/rosidl_generator_c__visibility_control.h
[19.712s] -- Up-to-date: /home/droso1/drosophibot-ROS/install/interfaces/share/interfaces/environment/library_path.sh
[19.712s] -- Up-to-date: /home/droso1/drosophibot-ROS/install/interfaces/share/interfaces/environment/library_path.dsv
[19.714s] -- Installing: /home/droso1/drosophibot-ROS/install/interfaces/lib/libinterfaces__rosidl_generator_c.so
[19.717s] -- Set non-toolchain portion of runtime path of "/home/droso1/drosophibot-ROS/install/interfaces/lib/libinterfaces__rosidl_generator_c.so" to ""
[19.718s] -- Up-to-date: /home/droso1/drosophibot-ROS/install/interfaces/include/interfaces/interfaces
[19.718s] -- Up-to-date: /home/droso1/drosophibot-ROS/install/interfaces/include/interfaces/interfaces/msg
[19.719s] -- Up-to-date: /home/droso1/drosophibot-ROS/install/interfaces/include/interfaces/interfaces/msg/rosidl_typesupport_fastrtps_c__visibility_control.h
[19.719s] -- Up-to-date: /home/droso1/drosophibot-ROS/install/interfaces/include/interfaces/interfaces/msg/detail
[19.720s] -- Installing: /home/droso1/drosophibot-ROS/install/interfaces/include/interfaces/interfaces/msg/detail/motor_data__rosidl_typesupport_fastrtps_c.h
[19.721s] -- Installing: /home/droso1/drosophibot-ROS/install/interfaces/include/interfaces/interfaces/msg/detail/motor_command__rosidl_typesupport_fastrtps_c.h
[19.723s] -- Installing: /home/droso1/drosophibot-ROS/install/interfaces/lib/libinterfaces__rosidl_typesupport_fastrtps_c.so
[19.726s] -- Set non-toolchain portion of runtime path of "/home/droso1/drosophibot-ROS/install/interfaces/lib/libinterfaces__rosidl_typesupport_fastrtps_c.so" to ""
[19.726s] -- Up-to-date: /home/droso1/drosophibot-ROS/install/interfaces/include/interfaces/interfaces
[19.727s] -- Up-to-date: /home/droso1/drosophibot-ROS/install/interfaces/include/interfaces/interfaces/msg
[19.727s] -- Up-to-date: /home/droso1/drosophibot-ROS/install/interfaces/include/interfaces/interfaces/msg/detail
[19.728s] -- Installing: /home/droso1/drosophibot-ROS/install/interfaces/include/interfaces/interfaces/msg/detail/motor_data__type_support.c
[19.729s] -- Installing: /home/droso1/drosophibot-ROS/install/interfaces/include/interfaces/interfaces/msg/detail/motor_data__rosidl_typesupport_introspection_c.h
[19.730s] -- Installing: /home/droso1/drosophibot-ROS/install/interfaces/include/interfaces/interfaces/msg/detail/motor_command__rosidl_typesupport_introspection_c.h
[19.731s] -- Installing: /home/droso1/drosophibot-ROS/install/interfaces/include/interfaces/interfaces/msg/detail/motor_command__type_support.c
[19.732s] -- Up-to-date: /home/droso1/drosophibot-ROS/install/interfaces/include/interfaces/interfaces/msg/rosidl_typesupport_introspection_c__visibility_control.h
[19.734s] -- Installing: /home/droso1/drosophibot-ROS/install/interfaces/lib/libinterfaces__rosidl_typesupport_introspection_c.so
[19.737s] -- Set non-toolchain portion of runtime path of "/home/droso1/drosophibot-ROS/install/interfaces/lib/libinterfaces__rosidl_typesupport_introspection_c.so" to ""
[19.738s] -- Installing: /home/droso1/drosophibot-ROS/install/interfaces/lib/libinterfaces__rosidl_typesupport_c.so
[19.741s] -- Set non-toolchain portion of runtime path of "/home/droso1/drosophibot-ROS/install/interfaces/lib/libinterfaces__rosidl_typesupport_c.so" to ""
[19.741s] -- Up-to-date: /home/droso1/drosophibot-ROS/install/interfaces/include/interfaces/interfaces
[19.742s] -- Up-to-date: /home/droso1/drosophibot-ROS/install/interfaces/include/interfaces/interfaces/msg
[19.742s] -- Installing: /home/droso1/drosophibot-ROS/install/interfaces/include/interfaces/interfaces/msg/motor_data.hpp
[19.743s] -- Up-to-date: /home/droso1/drosophibot-ROS/install/interfaces/include/interfaces/interfaces/msg/detail
[19.743s] -- Installing: /home/droso1/drosophibot-ROS/install/interfaces/include/interfaces/interfaces/msg/detail/motor_data__builder.hpp
[19.744s] -- Installing: /home/droso1/drosophibot-ROS/install/interfaces/include/interfaces/interfaces/msg/detail/motor_command__builder.hpp
[19.745s] -- Installing: /home/droso1/drosophibot-ROS/install/interfaces/include/interfaces/interfaces/msg/detail/motor_command__traits.hpp
[19.747s] -- Installing: /home/droso1/drosophibot-ROS/install/interfaces/include/interfaces/interfaces/msg/detail/motor_data__traits.hpp
[19.748s] -- Installing: /home/droso1/drosophibot-ROS/install/interfaces/include/interfaces/interfaces/msg/detail/motor_command__type_support.hpp
[19.749s] -- Installing: /home/droso1/drosophibot-ROS/install/interfaces/include/interfaces/interfaces/msg/detail/motor_data__struct.hpp
[19.750s] -- Installing: /home/droso1/drosophibot-ROS/install/interfaces/include/interfaces/interfaces/msg/detail/motor_command__struct.hpp
[19.751s] -- Installing: /home/droso1/drosophibot-ROS/install/interfaces/include/interfaces/interfaces/msg/detail/motor_data__type_support.hpp
[19.752s] -- Installing: /home/droso1/drosophibot-ROS/install/interfaces/include/interfaces/interfaces/msg/rosidl_generator_cpp__visibility_control.hpp
[19.753s] -- Installing: /home/droso1/drosophibot-ROS/install/interfaces/include/interfaces/interfaces/msg/motor_command.hpp
[19.755s] -- Up-to-date: /home/droso1/drosophibot-ROS/install/interfaces/include/interfaces/interfaces
[19.755s] -- Up-to-date: /home/droso1/drosophibot-ROS/install/interfaces/include/interfaces/interfaces/msg
[19.755s] -- Up-to-date: /home/droso1/drosophibot-ROS/install/interfaces/include/interfaces/interfaces/msg/detail
[19.756s] -- Installing: /home/droso1/drosophibot-ROS/install/interfaces/include/interfaces/interfaces/msg/detail/motor_command__rosidl_typesupport_fastrtps_cpp.hpp
[19.757s] -- Installing: /home/droso1/drosophibot-ROS/install/interfaces/include/interfaces/interfaces/msg/detail/motor_data__rosidl_typesupport_fastrtps_cpp.hpp
[19.758s] -- Up-to-date: /home/droso1/drosophibot-ROS/install/interfaces/include/interfaces/interfaces/msg/detail/dds_fastrtps
[19.759s] -- Up-to-date: /home/droso1/drosophibot-ROS/install/interfaces/include/interfaces/interfaces/msg/rosidl_typesupport_fastrtps_cpp__visibility_control.h
[19.760s] -- Installing: /home/droso1/drosophibot-ROS/install/interfaces/lib/libinterfaces__rosidl_typesupport_fastrtps_cpp.so
[19.763s] -- Set non-toolchain portion of runtime path of "/home/droso1/drosophibot-ROS/install/interfaces/lib/libinterfaces__rosidl_typesupport_fastrtps_cpp.so" to ""
[19.764s] -- Up-to-date: /home/droso1/drosophibot-ROS/install/interfaces/include/interfaces/interfaces
[19.764s] -- Up-to-date: /home/droso1/drosophibot-ROS/install/interfaces/include/interfaces/interfaces/msg
[19.765s] -- Up-to-date: /home/droso1/drosophibot-ROS/install/interfaces/include/interfaces/interfaces/msg/detail
[19.765s] -- Installing: /home/droso1/drosophibot-ROS/install/interfaces/include/interfaces/interfaces/msg/detail/motor_data__rosidl_typesupport_introspection_cpp.hpp
[19.766s] -- Installing: /home/droso1/drosophibot-ROS/install/interfaces/include/interfaces/interfaces/msg/detail/motor_command__rosidl_typesupport_introspection_cpp.hpp
[19.767s] -- Installing: /home/droso1/drosophibot-ROS/install/interfaces/include/interfaces/interfaces/msg/detail/motor_command__type_support.cpp
[19.769s] -- Installing: /home/droso1/drosophibot-ROS/install/interfaces/include/interfaces/interfaces/msg/detail/motor_data__type_support.cpp
[19.771s] -- Installing: /home/droso1/drosophibot-ROS/install/interfaces/lib/libinterfaces__rosidl_typesupport_introspection_cpp.so
[19.774s] -- Set non-toolchain portion of runtime path of "/home/droso1/drosophibot-ROS/install/interfaces/lib/libinterfaces__rosidl_typesupport_introspection_cpp.so" to ""
[19.775s] -- Installing: /home/droso1/drosophibot-ROS/install/interfaces/lib/libinterfaces__rosidl_typesupport_cpp.so
[19.778s] -- Set non-toolchain portion of runtime path of "/home/droso1/drosophibot-ROS/install/interfaces/lib/libinterfaces__rosidl_typesupport_cpp.so" to ""
[19.778s] -- Up-to-date: /home/droso1/drosophibot-ROS/install/interfaces/share/interfaces/environment/pythonpath.sh
[19.779s] -- Up-to-date: /home/droso1/drosophibot-ROS/install/interfaces/share/interfaces/environment/pythonpath.dsv
[19.779s] -- Up-to-date: /home/droso1/drosophibot-ROS/install/interfaces/lib/python3.12/site-packages/interfaces-0.0.0-py3.12.egg-info
[19.780s] -- Installing: /home/droso1/drosophibot-ROS/install/interfaces/lib/python3.12/site-packages/interfaces-0.0.0-py3.12.egg-info/dependency_links.txt
[19.780s] -- Installing: /home/droso1/drosophibot-ROS/install/interfaces/lib/python3.12/site-packages/interfaces-0.0.0-py3.12.egg-info/PKG-INFO
[19.782s] -- Installing: /home/droso1/drosophibot-ROS/install/interfaces/lib/python3.12/site-packages/interfaces-0.0.0-py3.12.egg-info/top_level.txt
[19.783s] -- Installing: /home/droso1/drosophibot-ROS/install/interfaces/lib/python3.12/site-packages/interfaces-0.0.0-py3.12.egg-info/SOURCES.txt
[19.784s] -- Up-to-date: /home/droso1/drosophibot-ROS/install/interfaces/lib/python3.12/site-packages/interfaces
[19.784s] -- Installing: /home/droso1/drosophibot-ROS/install/interfaces/lib/python3.12/site-packages/interfaces/_interfaces_s.ep.rosidl_typesupport_fastrtps_c.c
[19.786s] -- Installing: /home/droso1/drosophibot-ROS/install/interfaces/lib/python3.12/site-packages/interfaces/interfaces_s__rosidl_typesupport_fastrtps_c.so
[19.788s] -- Installing: /home/droso1/drosophibot-ROS/install/interfaces/lib/python3.12/site-packages/interfaces/interfaces_s__rosidl_typesupport_c.so
[19.789s] -- Installing: /home/droso1/drosophibot-ROS/install/interfaces/lib/python3.12/site-packages/interfaces/_interfaces_s.ep.rosidl_typesupport_c.c
[19.791s] -- Installing: /home/droso1/drosophibot-ROS/install/interfaces/lib/python3.12/site-packages/interfaces/interfaces_s__rosidl_typesupport_introspection_c.so
[19.793s] -- Up-to-date: /home/droso1/drosophibot-ROS/install/interfaces/lib/python3.12/site-packages/interfaces/msg
[19.793s] -- Installing: /home/droso1/drosophibot-ROS/install/interfaces/lib/python3.12/site-packages/interfaces/msg/_motor_data_s.c
[19.794s] -- Installing: /home/droso1/drosophibot-ROS/install/interfaces/lib/python3.12/site-packages/interfaces/msg/_motor_command.py
[19.795s] -- Installing: /home/droso1/drosophibot-ROS/install/interfaces/lib/python3.12/site-packages/interfaces/msg/_motor_data.py
[19.796s] -- Installing: /home/droso1/drosophibot-ROS/install/interfaces/lib/python3.12/site-packages/interfaces/msg/_motor_command_s.c
[19.797s] -- Installing: /home/droso1/drosophibot-ROS/install/interfaces/lib/python3.12/site-packages/interfaces/msg/__init__.py
[19.798s] -- Installing: /home/droso1/drosophibot-ROS/install/interfaces/lib/python3.12/site-packages/interfaces/__init__.py
[19.799s] -- Installing: /home/droso1/drosophibot-ROS/install/interfaces/lib/python3.12/site-packages/interfaces/_interfaces_s.ep.rosidl_typesupport_introspection_c.c
[19.973s] Listing '/home/droso1/drosophibot-ROS/install/interfaces/lib/python3.12/site-packages/interfaces'...
[19.974s] Compiling '/home/droso1/drosophibot-ROS/install/interfaces/lib/python3.12/site-packages/interfaces/__init__.py'...
[19.975s] Listing '/home/droso1/drosophibot-ROS/install/interfaces/lib/python3.12/site-packages/interfaces/msg'...
[19.976s] Compiling '/home/droso1/drosophibot-ROS/install/interfaces/lib/python3.12/site-packages/interfaces/msg/__init__.py'...
[19.977s] Compiling '/home/droso1/drosophibot-ROS/install/interfaces/lib/python3.12/site-packages/interfaces/msg/_motor_command.py'...
[19.978s] Compiling '/home/droso1/drosophibot-ROS/install/interfaces/lib/python3.12/site-packages/interfaces/msg/_motor_data.py'...
[20.004s] -- Installing: /home/droso1/drosophibot-ROS/install/interfaces/lib/python3.12/site-packages/interfaces/interfaces_s__rosidl_typesupport_fastrtps_c.so
[20.006s] -- Set non-toolchain portion of runtime path of "/home/droso1/drosophibot-ROS/install/interfaces/lib/python3.12/site-packages/interfaces/interfaces_s__rosidl_typesupport_fastrtps_c.so" to ""
[20.008s] -- Installing: /home/droso1/drosophibot-ROS/install/interfaces/lib/python3.12/site-packages/interfaces/interfaces_s__rosidl_typesupport_introspection_c.so
[20.012s] -- Set non-toolchain portion of runtime path of "/home/droso1/drosophibot-ROS/install/interfaces/lib/python3.12/site-packages/interfaces/interfaces_s__rosidl_typesupport_introspection_c.so" to ""
[20.014s] -- Installing: /home/droso1/drosophibot-ROS/install/interfaces/lib/python3.12/site-packages/interfaces/interfaces_s__rosidl_typesupport_c.so
[20.017s] -- Set non-toolchain portion of runtime path of "/home/droso1/drosophibot-ROS/install/interfaces/lib/python3.12/site-packages/interfaces/interfaces_s__rosidl_typesupport_c.so" to ""
[20.019s] -- Installing: /home/droso1/drosophibot-ROS/install/interfaces/lib/libinterfaces__rosidl_generator_py.so
[20.022s] -- Set non-toolchain portion of runtime path of "/home/droso1/drosophibot-ROS/install/interfaces/lib/libinterfaces__rosidl_generator_py.so" to ""
[20.022s] -- Up-to-date: /home/droso1/drosophibot-ROS/install/interfaces/share/interfaces/msg/MotorCommand.idl
[20.023s] -- Installing: /home/droso1/drosophibot-ROS/install/interfaces/share/interfaces/msg/MotorData.idl
[20.024s] -- Up-to-date: /home/droso1/drosophibot-ROS/install/interfaces/share/interfaces/msg/MotorCommand.msg
[20.024s] -- Installing: /home/droso1/drosophibot-ROS/install/interfaces/share/interfaces/msg/MotorData.msg
[20.025s] -- Up-to-date: /home/droso1/drosophibot-ROS/install/interfaces/share/ament_index/resource_index/package_run_dependencies/interfaces
[20.026s] -- Up-to-date: /home/droso1/drosophibot-ROS/install/interfaces/share/ament_index/resource_index/parent_prefix_path/interfaces
[20.026s] -- Up-to-date: /home/droso1/drosophibot-ROS/install/interfaces/share/interfaces/environment/ament_prefix_path.sh
[20.027s] -- Up-to-date: /home/droso1/drosophibot-ROS/install/interfaces/share/interfaces/environment/ament_prefix_path.dsv
[20.027s] -- Up-to-date: /home/droso1/drosophibot-ROS/install/interfaces/share/interfaces/environment/path.sh
[20.028s] -- Up-to-date: /home/droso1/drosophibot-ROS/install/interfaces/share/interfaces/environment/path.dsv
[20.028s] -- Up-to-date: /home/droso1/drosophibot-ROS/install/interfaces/share/interfaces/local_setup.bash
[20.028s] -- Up-to-date: /home/droso1/drosophibot-ROS/install/interfaces/share/interfaces/local_setup.sh
[20.029s] -- Up-to-date: /home/droso1/drosophibot-ROS/install/interfaces/share/interfaces/local_setup.zsh
[20.029s] -- Up-to-date: /home/droso1/drosophibot-ROS/install/interfaces/share/interfaces/local_setup.dsv
[20.030s] -- Installing: /home/droso1/drosophibot-ROS/install/interfaces/share/interfaces/package.dsv
[20.030s] -- Up-to-date: /home/droso1/drosophibot-ROS/install/interfaces/share/ament_index/resource_index/packages/interfaces
[20.031s] -- Up-to-date: /home/droso1/drosophibot-ROS/install/interfaces/share/interfaces/cmake/export_interfaces__rosidl_generator_cExport.cmake
[20.032s] -- Up-to-date: /home/droso1/drosophibot-ROS/install/interfaces/share/interfaces/cmake/export_interfaces__rosidl_generator_cExport-noconfig.cmake
[20.032s] -- Up-to-date: /home/droso1/drosophibot-ROS/install/interfaces/share/interfaces/cmake/export_interfaces__rosidl_typesupport_fastrtps_cExport.cmake
[20.033s] -- Up-to-date: /home/droso1/drosophibot-ROS/install/interfaces/share/interfaces/cmake/export_interfaces__rosidl_typesupport_fastrtps_cExport-noconfig.cmake
[20.034s] -- Up-to-date: /home/droso1/drosophibot-ROS/install/interfaces/share/interfaces/cmake/interfaces__rosidl_typesupport_introspection_cExport.cmake
[20.035s] -- Up-to-date: /home/droso1/drosophibot-ROS/install/interfaces/share/interfaces/cmake/interfaces__rosidl_typesupport_introspection_cExport-noconfig.cmake
[20.035s] -- Up-to-date: /home/droso1/drosophibot-ROS/install/interfaces/share/interfaces/cmake/interfaces__rosidl_typesupport_cExport.cmake
[20.036s] -- Up-to-date: /home/droso1/drosophibot-ROS/install/interfaces/share/interfaces/cmake/interfaces__rosidl_typesupport_cExport-noconfig.cmake
[20.036s] -- Up-to-date: /home/droso1/drosophibot-ROS/install/interfaces/share/interfaces/cmake/export_interfaces__rosidl_generator_cppExport.cmake
[20.037s] -- Up-to-date: /home/droso1/drosophibot-ROS/install/interfaces/share/interfaces/cmake/export_interfaces__rosidl_typesupport_fastrtps_cppExport.cmake
[20.038s] -- Up-to-date: /home/droso1/drosophibot-ROS/install/interfaces/share/interfaces/cmake/export_interfaces__rosidl_typesupport_fastrtps_cppExport-noconfig.cmake
[20.038s] -- Up-to-date: /home/droso1/drosophibot-ROS/install/interfaces/share/interfaces/cmake/interfaces__rosidl_typesupport_introspection_cppExport.cmake
[20.039s] -- Up-to-date: /home/droso1/drosophibot-ROS/install/interfaces/share/interfaces/cmake/interfaces__rosidl_typesupport_introspection_cppExport-noconfig.cmake
[20.040s] -- Up-to-date: /home/droso1/drosophibot-ROS/install/interfaces/share/interfaces/cmake/interfaces__rosidl_typesupport_cppExport.cmake
[20.040s] -- Up-to-date: /home/droso1/drosophibot-ROS/install/interfaces/share/interfaces/cmake/interfaces__rosidl_typesupport_cppExport-noconfig.cmake
[20.041s] -- Up-to-date: /home/droso1/drosophibot-ROS/install/interfaces/share/interfaces/cmake/export_interfaces__rosidl_generator_pyExport.cmake
[20.041s] -- Up-to-date: /home/droso1/drosophibot-ROS/install/interfaces/share/interfaces/cmake/export_interfaces__rosidl_generator_pyExport-noconfig.cmake
[20.042s] -- Installing: /home/droso1/drosophibot-ROS/install/interfaces/share/interfaces/cmake/rosidl_cmake-extras.cmake
[20.043s] -- Up-to-date: /home/droso1/drosophibot-ROS/install/interfaces/share/interfaces/cmake/ament_cmake_export_include_directories-extras.cmake
[20.044s] -- Up-to-date: /home/droso1/drosophibot-ROS/install/interfaces/share/interfaces/cmake/ament_cmake_export_libraries-extras.cmake
[20.044s] -- Up-to-date: /home/droso1/drosophibot-ROS/install/interfaces/share/interfaces/cmake/ament_cmake_export_targets-extras.cmake
[20.045s] -- Up-to-date: /home/droso1/drosophibot-ROS/install/interfaces/share/interfaces/cmake/rosidl_cmake_export_typesupport_targets-extras.cmake
[20.045s] -- Up-to-date: /home/droso1/drosophibot-ROS/install/interfaces/share/interfaces/cmake/ament_cmake_export_dependencies-extras.cmake
[20.046s] -- Up-to-date: /home/droso1/drosophibot-ROS/install/interfaces/share/interfaces/cmake/rosidl_cmake_export_typesupport_libraries-extras.cmake
[20.046s] -- Up-to-date: /home/droso1/drosophibot-ROS/install/interfaces/share/interfaces/cmake/interfacesConfig.cmake
[20.047s] -- Up-to-date: /home/droso1/drosophibot-ROS/install/interfaces/share/interfaces/cmake/interfacesConfig-version.cmake
[20.047s] -- Up-to-date: /home/droso1/drosophibot-ROS/install/interfaces/share/interfaces/package.xml
[20.055s] Invoked command in '/home/droso1/drosophibot-ROS/build/interfaces' returned '0': CMAKE_PREFIX_PATH=${CMAKE_PREFIX_PATH}:/opt/ros/jazzy /usr/bin/cmake --install /home/droso1/drosophibot-ROS/build/interfaces
