[ 20%] [32mBuilding CXX object CMakeFiles/limb_controller.dir/src/limb_controller.cpp.o[0m
In file included from [01m[K/home/droso1/drosophibot-ROS/limb_controller/include/Eigen/Core:214[m[K,
                 from [01m[K/home/droso1/drosophibot-ROS/limb_controller/include/Eigen/Dense:1[m[K,
                 from [01m[K/home/droso1/drosophibot-ROS/limb_controller/include/Eigen/Eigen:1[m[K,
                 from [01m[K/home/droso1/drosophibot-ROS/limb_controller/include/Network.h:3[m[K,
                 from [01m[K/home/droso1/drosophibot-ROS/limb_controller/src/limb_controller.cpp:8[m[K:
[01m[K/home/droso1/drosophibot-ROS/limb_controller/include/Eigen/src/Core/arch/NEON/PacketMath.h:[m[K In function ‘[01m[KPacket Eigen::internal::[01;32m[Kpload[m[K(const typename unpacket_traits<T>::type*) [35m[K[with Packet = eigen_packet_wrapper<int, 2>; typename unpacket_traits<T>::type = signed char][m[K[m[K’:
[01m[K/home/droso1/drosophibot-ROS/limb_controller/include/Eigen/src/Core/arch/NEON/PacketMath.h:1671:9:[m[K [01;35m[Kwarning: [m[K‘[01m[Kvoid*[01;32m[K memcpy[m[K(void*, const void*, size_t)[m[K’ copying an object of non-trivial type ‘[01m[KEigen::internal::Packet4c[m[K’ {aka ‘[01m[Kstruct Eigen::internal::eigen_packet_wrapper<int, 2>[m[K’} from an array of ‘[01m[Kconst int8_t[m[K’ {aka ‘[01m[Kconst signed char[m[K’} [[01;35m[K]8;;https://gcc.gnu.org/onlinedocs/gcc/Warning-Options.html#index-Wclass-memaccess-Wclass-memaccess]8;;[m[K]
 1671 |   [01;35m[Kmemcpy(&res, from, sizeof(Packet4c))[m[K;
      |   [01;35m[K~~~~~~^~~~~~~~~~~~~~~~~~~~~~~~~~~~~~[m[K
In file included from [01m[K/home/droso1/drosophibot-ROS/limb_controller/include/Eigen/Core:172[m[K:
[01m[K/home/droso1/drosophibot-ROS/limb_controller/include/Eigen/src/Core/GenericPacketMath.h:159:8:[m[K [01;36m[Knote: [m[K‘[01m[KEigen::internal::Packet4c[m[K’ {aka ‘[01m[Kstruct Eigen::internal::eigen_packet_wrapper<int, 2>[m[K’} declared here
  159 | struct [01;36m[Keigen_packet_wrapper[m[K
      |        [01;36m[K^~~~~~~~~~~~~~~~~~~~[m[K
[01m[K/home/droso1/drosophibot-ROS/limb_controller/include/Eigen/src/Core/arch/NEON/PacketMath.h:[m[K In function ‘[01m[KPacket Eigen::internal::[01;32m[Kploadu[m[K(const typename unpacket_traits<T>::type*) [35m[K[with Packet = eigen_packet_wrapper<int, 2>; typename unpacket_traits<T>::type = signed char][m[K[m[K’:
[01m[K/home/droso1/drosophibot-ROS/limb_controller/include/Eigen/src/Core/arch/NEON/PacketMath.h:1716:9:[m[K [01;35m[Kwarning: [m[K‘[01m[Kvoid*[01;32m[K memcpy[m[K(void*, const void*, size_t)[m[K’ copying an object of non-trivial type ‘[01m[KEigen::internal::Packet4c[m[K’ {aka ‘[01m[Kstruct Eigen::internal::eigen_packet_wrapper<int, 2>[m[K’} from an array of ‘[01m[Kconst int8_t[m[K’ {aka ‘[01m[Kconst signed char[m[K’} [[01;35m[K]8;;https://gcc.gnu.org/onlinedocs/gcc/Warning-Options.html#index-Wclass-memaccess-Wclass-memaccess]8;;[m[K]
 1716 |   [01;35m[Kmemcpy(&res, from, sizeof(Packet4c))[m[K;
      |   [01;35m[K~~~~~~^~~~~~~~~~~~~~~~~~~~~~~~~~~~~~[m[K
[01m[K/home/droso1/drosophibot-ROS/limb_controller/include/Eigen/src/Core/GenericPacketMath.h:159:8:[m[K [01;36m[Knote: [m[K‘[01m[KEigen::internal::Packet4c[m[K’ {aka ‘[01m[Kstruct Eigen::internal::eigen_packet_wrapper<int, 2>[m[K’} declared here
  159 | struct [01;36m[Keigen_packet_wrapper[m[K
      |        [01;36m[K^~~~~~~~~~~~~~~~~~~~[m[K
[ 40%] [32m[1mLinking CXX executable limb_controller[0m
[100%] Built target limb_controller
-- Install configuration: ""
-- Up-to-date: /home/droso1/drosophibot-ROS/install/limb_controller/share/ament_index/resource_index/package_run_dependencies/limb_controller
-- Up-to-date: /home/droso1/drosophibot-ROS/install/limb_controller/share/ament_index/resource_index/parent_prefix_path/limb_controller
-- Up-to-date: /home/droso1/drosophibot-ROS/install/limb_controller/share/limb_controller/environment/ament_prefix_path.sh
-- Up-to-date: /home/droso1/drosophibot-ROS/install/limb_controller/share/limb_controller/environment/ament_prefix_path.dsv
-- Up-to-date: /home/droso1/drosophibot-ROS/install/limb_controller/share/limb_controller/environment/path.sh
-- Up-to-date: /home/droso1/drosophibot-ROS/install/limb_controller/share/limb_controller/environment/path.dsv
-- Up-to-date: /home/droso1/drosophibot-ROS/install/limb_controller/share/limb_controller/local_setup.bash
-- Up-to-date: /home/droso1/drosophibot-ROS/install/limb_controller/share/limb_controller/local_setup.sh
-- Up-to-date: /home/droso1/drosophibot-ROS/install/limb_controller/share/limb_controller/local_setup.zsh
-- Up-to-date: /home/droso1/drosophibot-ROS/install/limb_controller/share/limb_controller/local_setup.dsv
-- Installing: /home/droso1/drosophibot-ROS/install/limb_controller/share/limb_controller/package.dsv
-- Up-to-date: /home/droso1/drosophibot-ROS/install/limb_controller/share/ament_index/resource_index/packages/limb_controller
-- Up-to-date: /home/droso1/drosophibot-ROS/install/limb_controller/share/limb_controller/cmake/limb_controllerConfig.cmake
-- Up-to-date: /home/droso1/drosophibot-ROS/install/limb_controller/share/limb_controller/cmake/limb_controllerConfig-version.cmake
-- Up-to-date: /home/droso1/drosophibot-ROS/install/limb_controller/share/limb_controller/package.xml
