[0.048s] Invoking command in '/home/droso1/drosophibot-ROS/build/limb_controller': CMAKE_PREFIX_PATH=${CMAKE_PREFIX_PATH}:/opt/ros/jazzy /usr/bin/cmake /home/droso1/drosophibot-ROS/limb_controller -DCMAKE_INSTALL_PREFIX=/home/droso1/drosophibot-ROS/install/limb_controller
[0.359s] -- The C compiler identification is GNU 13.3.0
[0.648s] -- The CXX compiler identification is GNU 13.3.0
[0.741s] -- Detecting C compiler ABI info
[1.207s] -- Detecting C compiler ABI info - done
[1.242s] -- Check for working C compiler: /usr/bin/cc - skipped
[1.246s] -- Detecting C compile features
[1.248s] -- Detecting C compile features - done
[1.301s] -- Detecting CXX compiler ABI info
[1.792s] -- Detecting CXX compiler ABI info - done
[1.828s] -- Check for working CXX compiler: /usr/bin/c++ - skipped
[1.829s] -- Detecting CXX compile features
[1.831s] -- Detecting CXX compile features - done
[1.853s] -- Found ament_cmake: 2.5.4 (/opt/ros/jazzy/share/ament_cmake/cmake)
[2.553s] -- Found Python3: /usr/bin/python3 (found version "3.12.3") found components: Interpreter 
[3.140s] -- Found rclcpp: 28.1.13 (/opt/ros/jazzy/share/rclcpp/cmake)
[3.420s] -- Found rosidl_generator_c: 4.6.6 (/opt/ros/jazzy/share/rosidl_generator_c/cmake)
[3.506s] -- Found rosidl_generator_cpp: 4.6.6 (/opt/ros/jazzy/share/rosidl_generator_cpp/cmake)
[3.609s] -- Using all available rosidl_typesupport_c: rosidl_typesupport_fastrtps_c;rosidl_typesupport_introspection_c
[3.713s] -- Using all available rosidl_typesupport_cpp: rosidl_typesupport_fastrtps_cpp;rosidl_typesupport_introspection_cpp
[4.214s] -- Found rmw_implementation_cmake: 7.3.2 (/opt/ros/jazzy/share/rmw_implementation_cmake/cmake)
[4.241s] -- Found rmw_fastrtps_cpp: 8.4.3 (/opt/ros/jazzy/share/rmw_fastrtps_cpp/cmake)
[4.738s] -- Found OpenSSL: /usr/lib/aarch64-linux-gnu/libcrypto.so (found version "3.0.13")  
[4.811s] -- Found FastRTPS: /opt/ros/jazzy/include (Required is at least version "2.13") 
[4.902s] -- Using RMW implementation 'rmw_fastrtps_cpp' as default
[5.279s] -- Found interfaces: 0.0.0 (/home/droso1/drosophibot-ROS/install/interfaces/share/interfaces/cmake)
[5.383s] [31mCMake Error at CMakeLists.txt:12 (find_package):
[5.384s]   By not providing "FindEigen.cmake" in CMAKE_MODULE_PATH this project has
[5.384s]   asked CMake to find a package configuration file provided by "Eigen", but
[5.385s]   CMake did not find one.
[5.385s] 
[5.385s]   Could not find a package configuration file provided by "Eigen" with any of
[5.386s]   the following names:
[5.386s] 
[5.387s]     EigenConfig.cmake
[5.388s]     eigen-config.cmake
[5.388s] 
[5.388s]   Add the installation prefix of "Eigen" to CMAKE_PREFIX_PATH or set
[5.389s]   "Eigen_DIR" to a directory containing one of the above files.  If "Eigen"
[5.390s]   provides a separate development package or SDK, be sure it has been
[5.391s]   installed.
[5.391s] 
[5.392s] [0m
[5.392s] -- Configuring incomplete, errors occurred!
[5.419s] Invoked command in '/home/droso1/drosophibot-ROS/build/limb_controller' returned '1': CMAKE_PREFIX_PATH=${CMAKE_PREFIX_PATH}:/opt/ros/jazzy /usr/bin/cmake /home/droso1/drosophibot-ROS/limb_controller -DCMAKE_INSTALL_PREFIX=/home/droso1/drosophibot-ROS/install/limb_controller
