[0.430s] DEBUG:colcon:Command line arguments: ['/usr/bin/colcon', 'build', '--packages-select', 'motor_control']
[0.430s] DEBUG:colcon:Parsed command line arguments: Namespace(log_base=None, log_level=None, verb_name='build', build_base='build', install_base='install', merge_install=False, symlink_install=False, test_result_base=None, continue_on_error=False, executor='parallel', parallel_workers=4, event_handlers=None, ignore_user_meta=False, metas=['./colcon.meta'], base_paths=['.'], packages_ignore=None, packages_ignore_regex=None, paths=None, packages_up_to=None, packages_up_to_regex=None, packages_above=None, packages_above_and_dependencies=None, packages_above_depth=None, packages_select_by_dep=None, packages_skip_by_dep=None, packages_skip_up_to=None, packages_select_build_failed=False, packages_skip_build_finished=False, packages_select_test_failures=False, packages_skip_test_passed=False, packages_select=['motor_control'], packages_skip=None, packages_select_regex=None, packages_skip_regex=None, packages_start=None, packages_end=None, allow_overriding=[], cmake_args=None, cmake_target=None, cmake_target_skip_unavailable=False, cmake_clean_cache=False, cmake_clean_first=False, cmake_force_configure=False, ament_cmake_args=None, catkin_cmake_args=None, catkin_skip_building_tests=False, mixin_files=None, mixin=None, verb_parser=<colcon_mixin.mixin.mixin_argument.MixinArgumentDecorator object at 0xffff93c86cc0>, verb_extension=<colcon_core.verb.build.BuildVerb object at 0xffff93e373e0>, main=<bound method BuildVerb.main of <colcon_core.verb.build.BuildVerb object at 0xffff93e373e0>>, mixin_verb=('build',))
[0.596s] Level 1:colcon.colcon_core.package_discovery:discover_packages(colcon_meta) check parameters
[0.596s] Level 1:colcon.colcon_core.package_discovery:discover_packages(recursive) check parameters
[0.596s] Level 1:colcon.colcon_core.package_discovery:discover_packages(ignore) check parameters
[0.596s] Level 1:colcon.colcon_core.package_discovery:discover_packages(path) check parameters
[0.596s] Level 1:colcon.colcon_core.package_discovery:discover_packages(colcon_meta) discover
[0.597s] Level 1:colcon.colcon_core.package_discovery:discover_packages(recursive) discover
[0.597s] INFO:colcon.colcon_core.package_discovery:Crawling recursively for packages in '/home/droso1/drosophibot-ROS'
[0.597s] Level 1:colcon.colcon_core.package_identification:_identify(.) by extensions ['ignore', 'ignore_ament_install']
[0.598s] Level 1:colcon.colcon_core.package_identification:_identify(.) by extension 'ignore'
[0.598s] Level 1:colcon.colcon_core.package_identification:_identify(.) by extension 'ignore_ament_install'
[0.598s] Level 1:colcon.colcon_core.package_identification:_identify(.) by extensions ['colcon_pkg']
[0.598s] Level 1:colcon.colcon_core.package_identification:_identify(.) by extension 'colcon_pkg'
[0.598s] Level 1:colcon.colcon_core.package_identification:_identify(.) by extensions ['colcon_meta']
[0.598s] Level 1:colcon.colcon_core.package_identification:_identify(.) by extension 'colcon_meta'
[0.598s] Level 1:colcon.colcon_core.package_identification:_identify(.) by extensions ['ros']
[0.599s] Level 1:colcon.colcon_core.package_identification:_identify(.) by extension 'ros'
[0.702s] Level 1:colcon.colcon_core.package_identification:_identify(.) by extensions ['cmake', 'python']
[0.702s] Level 1:colcon.colcon_core.package_identification:_identify(.) by extension 'cmake'
[0.702s] Level 1:colcon.colcon_core.package_identification:_identify(.) by extension 'python'
[0.702s] Level 1:colcon.colcon_core.package_identification:_identify(.) by extensions ['python_setup_py']
[0.702s] Level 1:colcon.colcon_core.package_identification:_identify(.) by extension 'python_setup_py'
[0.703s] Level 1:colcon.colcon_core.package_identification:_identify(build) by extensions ['ignore', 'ignore_ament_install']
[0.703s] Level 1:colcon.colcon_core.package_identification:_identify(build) by extension 'ignore'
[0.703s] Level 1:colcon.colcon_core.package_identification:_identify(build) ignored
[0.704s] Level 1:colcon.colcon_core.package_identification:_identify(install) by extensions ['ignore', 'ignore_ament_install']
[0.704s] Level 1:colcon.colcon_core.package_identification:_identify(install) by extension 'ignore'
[0.704s] Level 1:colcon.colcon_core.package_identification:_identify(install) ignored
[0.705s] Level 1:colcon.colcon_core.package_identification:_identify(interfaces) by extensions ['ignore', 'ignore_ament_install']
[0.705s] Level 1:colcon.colcon_core.package_identification:_identify(interfaces) by extension 'ignore'
[0.705s] Level 1:colcon.colcon_core.package_identification:_identify(interfaces) by extension 'ignore_ament_install'
[0.705s] Level 1:colcon.colcon_core.package_identification:_identify(interfaces) by extensions ['colcon_pkg']
[0.706s] Level 1:colcon.colcon_core.package_identification:_identify(interfaces) by extension 'colcon_pkg'
[0.706s] Level 1:colcon.colcon_core.package_identification:_identify(interfaces) by extensions ['colcon_meta']
[0.706s] Level 1:colcon.colcon_core.package_identification:_identify(interfaces) by extension 'colcon_meta'
[0.706s] Level 1:colcon.colcon_core.package_identification:_identify(interfaces) by extensions ['ros']
[0.706s] Level 1:colcon.colcon_core.package_identification:_identify(interfaces) by extension 'ros'
[0.714s] DEBUG:colcon.colcon_core.package_identification:Package 'interfaces' with type 'ros.ament_cmake' and name 'interfaces'
[0.715s] Level 1:colcon.colcon_core.package_identification:_identify(log) by extensions ['ignore', 'ignore_ament_install']
[0.715s] Level 1:colcon.colcon_core.package_identification:_identify(log) by extension 'ignore'
[0.715s] Level 1:colcon.colcon_core.package_identification:_identify(log) ignored
[0.716s] Level 1:colcon.colcon_core.package_identification:_identify(motor_control) by extensions ['ignore', 'ignore_ament_install']
[0.716s] Level 1:colcon.colcon_core.package_identification:_identify(motor_control) by extension 'ignore'
[0.716s] Level 1:colcon.colcon_core.package_identification:_identify(motor_control) by extension 'ignore_ament_install'
[0.716s] Level 1:colcon.colcon_core.package_identification:_identify(motor_control) by extensions ['colcon_pkg']
[0.717s] Level 1:colcon.colcon_core.package_identification:_identify(motor_control) by extension 'colcon_pkg'
[0.717s] Level 1:colcon.colcon_core.package_identification:_identify(motor_control) by extensions ['colcon_meta']
[0.717s] Level 1:colcon.colcon_core.package_identification:_identify(motor_control) by extension 'colcon_meta'
[0.717s] Level 1:colcon.colcon_core.package_identification:_identify(motor_control) by extensions ['ros']
[0.717s] Level 1:colcon.colcon_core.package_identification:_identify(motor_control) by extension 'ros'
[0.719s] DEBUG:colcon.colcon_core.package_identification:Package 'motor_control' with type 'ros.ament_cmake' and name 'motor_control'
[0.720s] Level 1:colcon.colcon_core.package_identification:_identify(pubsub) by extensions ['ignore', 'ignore_ament_install']
[0.720s] Level 1:colcon.colcon_core.package_identification:_identify(pubsub) by extension 'ignore'
[0.720s] Level 1:colcon.colcon_core.package_identification:_identify(pubsub) by extension 'ignore_ament_install'
[0.720s] Level 1:colcon.colcon_core.package_identification:_identify(pubsub) by extensions ['colcon_pkg']
[0.720s] Level 1:colcon.colcon_core.package_identification:_identify(pubsub) by extension 'colcon_pkg'
[0.721s] Level 1:colcon.colcon_core.package_identification:_identify(pubsub) by extensions ['colcon_meta']
[0.721s] Level 1:colcon.colcon_core.package_identification:_identify(pubsub) by extension 'colcon_meta'
[0.721s] Level 1:colcon.colcon_core.package_identification:_identify(pubsub) by extensions ['ros']
[0.721s] Level 1:colcon.colcon_core.package_identification:_identify(pubsub) by extension 'ros'
[0.723s] DEBUG:colcon.colcon_core.package_identification:Package 'pubsub' with type 'ros.ament_cmake' and name 'pubsub'
[0.723s] Level 1:colcon.colcon_core.package_identification:_identify(testcpp) by extensions ['ignore', 'ignore_ament_install']
[0.724s] Level 1:colcon.colcon_core.package_identification:_identify(testcpp) by extension 'ignore'
[0.724s] Level 1:colcon.colcon_core.package_identification:_identify(testcpp) by extension 'ignore_ament_install'
[0.724s] Level 1:colcon.colcon_core.package_identification:_identify(testcpp) by extensions ['colcon_pkg']
[0.724s] Level 1:colcon.colcon_core.package_identification:_identify(testcpp) by extension 'colcon_pkg'
[0.724s] Level 1:colcon.colcon_core.package_identification:_identify(testcpp) by extensions ['colcon_meta']
[0.725s] Level 1:colcon.colcon_core.package_identification:_identify(testcpp) by extension 'colcon_meta'
[0.725s] Level 1:colcon.colcon_core.package_identification:_identify(testcpp) by extensions ['ros']
[0.725s] Level 1:colcon.colcon_core.package_identification:_identify(testcpp) by extension 'ros'
[0.726s] DEBUG:colcon.colcon_core.package_identification:Package 'testcpp' with type 'ros.ament_cmake' and name 'testcpp'
[0.727s] Level 1:colcon.colcon_core.package_discovery:discover_packages(recursive) using defaults
[0.727s] Level 1:colcon.colcon_core.package_discovery:discover_packages(ignore) discover
[0.727s] Level 1:colcon.colcon_core.package_discovery:discover_packages(ignore) using defaults
[0.727s] Level 1:colcon.colcon_core.package_discovery:discover_packages(path) discover
[0.727s] Level 1:colcon.colcon_core.package_discovery:discover_packages(path) using defaults
[0.794s] INFO:colcon.colcon_core.package_selection:Skipping not selected package 'interfaces' in 'interfaces'
[0.794s] INFO:colcon.colcon_core.package_selection:Skipping not selected package 'pubsub' in 'pubsub'
[0.794s] INFO:colcon.colcon_core.package_selection:Skipping not selected package 'testcpp' in 'testcpp'
[0.796s] Level 1:colcon.colcon_core.package_discovery:discover_packages(prefix_path) check parameters
[0.796s] Level 1:colcon.colcon_core.package_discovery:discover_packages(prefix_path) discover
[0.805s] DEBUG:colcon.colcon_installed_package_information.package_discovery:Found 4 installed packages in /home/droso1/drosophibot-ROS/install
[0.812s] DEBUG:colcon.colcon_installed_package_information.package_discovery:Found 193 installed packages in /opt/ros/jazzy
[0.815s] Level 1:colcon.colcon_core.package_discovery:discover_packages(prefix_path) using defaults
[0.945s] Level 5:colcon.colcon_core.verb:set package 'motor_control' build argument 'cmake_args' from command line to 'None'
[0.945s] Level 5:colcon.colcon_core.verb:set package 'motor_control' build argument 'cmake_target' from command line to 'None'
[0.945s] Level 5:colcon.colcon_core.verb:set package 'motor_control' build argument 'cmake_target_skip_unavailable' from command line to 'False'
[0.945s] Level 5:colcon.colcon_core.verb:set package 'motor_control' build argument 'cmake_clean_cache' from command line to 'False'
[0.945s] Level 5:colcon.colcon_core.verb:set package 'motor_control' build argument 'cmake_clean_first' from command line to 'False'
[0.946s] Level 5:colcon.colcon_core.verb:set package 'motor_control' build argument 'cmake_force_configure' from command line to 'False'
[0.946s] Level 5:colcon.colcon_core.verb:set package 'motor_control' build argument 'ament_cmake_args' from command line to 'None'
[0.946s] Level 5:colcon.colcon_core.verb:set package 'motor_control' build argument 'catkin_cmake_args' from command line to 'None'
[0.946s] Level 5:colcon.colcon_core.verb:set package 'motor_control' build argument 'catkin_skip_building_tests' from command line to 'False'
[0.946s] DEBUG:colcon.colcon_core.verb:Building package 'motor_control' with the following arguments: {'ament_cmake_args': None, 'build_base': '/home/droso1/drosophibot-ROS/build/motor_control', 'catkin_cmake_args': None, 'catkin_skip_building_tests': False, 'cmake_args': None, 'cmake_clean_cache': False, 'cmake_clean_first': False, 'cmake_force_configure': False, 'cmake_target': None, 'cmake_target_skip_unavailable': False, 'install_base': '/home/droso1/drosophibot-ROS/install/motor_control', 'merge_install': False, 'path': '/home/droso1/drosophibot-ROS/motor_control', 'symlink_install': False, 'test_result_base': None}
[0.946s] INFO:colcon.colcon_core.executor:Executing jobs using 'parallel' executor
[0.949s] DEBUG:colcon.colcon_parallel_executor.executor.parallel:run_until_complete
[0.950s] INFO:colcon.colcon_ros.task.ament_cmake.build:Building ROS package in '/home/droso1/drosophibot-ROS/motor_control' with build type 'ament_cmake'
[0.951s] INFO:colcon.colcon_cmake.task.cmake.build:Building CMake package in '/home/droso1/drosophibot-ROS/motor_control'
[0.958s] INFO:colcon.colcon_core.plugin_system:Skipping extension 'colcon_core.shell.bat': Not used on non-Windows systems
[0.959s] INFO:colcon.colcon_core.shell:Skip shell extension 'powershell' for command environment: Not usable outside of PowerShell
[0.959s] DEBUG:colcon.colcon_core.shell:Skip shell extension 'dsv' for command environment
[1.016s] DEBUG:colcon.colcon_core.event_handler.log_command:Invoking command in '/home/droso1/drosophibot-ROS/build/motor_control': CMAKE_PREFIX_PATH=/home/droso1/drosophibot-ROS/install/interfaces:/home/droso1/drosophibot-ROS/install/testcpp:/home/droso1/drosophibot-ROS/install/pubsub:/home/droso1/drosophibot-ROS/install/motor_control:/opt/ros/jazzy /usr/bin/cmake --build /home/droso1/drosophibot-ROS/build/motor_control -- -j4 -l4
[34.980s] DEBUG:colcon.colcon_core.event_handler.log_command:Invoked command in '/home/droso1/drosophibot-ROS/build/motor_control' returned '0': CMAKE_PREFIX_PATH=/home/droso1/drosophibot-ROS/install/interfaces:/home/droso1/drosophibot-ROS/install/testcpp:/home/droso1/drosophibot-ROS/install/pubsub:/home/droso1/drosophibot-ROS/install/motor_control:/opt/ros/jazzy /usr/bin/cmake --build /home/droso1/drosophibot-ROS/build/motor_control -- -j4 -l4
[35.028s] DEBUG:colcon.colcon_core.event_handler.log_command:Invoking command in '/home/droso1/drosophibot-ROS/build/motor_control': CMAKE_PREFIX_PATH=/home/droso1/drosophibot-ROS/install/interfaces:/home/droso1/drosophibot-ROS/install/testcpp:/home/droso1/drosophibot-ROS/install/pubsub:/home/droso1/drosophibot-ROS/install/motor_control:/opt/ros/jazzy /usr/bin/cmake --install /home/droso1/drosophibot-ROS/build/motor_control
[35.118s] Level 1:colcon.colcon_core.environment:create_environment_scripts_only(motor_control)
[35.119s] DEBUG:colcon.colcon_core.event_handler.log_command:Invoked command in '/home/droso1/drosophibot-ROS/build/motor_control' returned '0': CMAKE_PREFIX_PATH=/home/droso1/drosophibot-ROS/install/interfaces:/home/droso1/drosophibot-ROS/install/testcpp:/home/droso1/drosophibot-ROS/install/pubsub:/home/droso1/drosophibot-ROS/install/motor_control:/opt/ros/jazzy /usr/bin/cmake --install /home/droso1/drosophibot-ROS/build/motor_control
[35.128s] Level 1:colcon.colcon_core.environment:checking '/home/droso1/drosophibot-ROS/install/motor_control' for CMake module files
[35.132s] Level 1:colcon.colcon_core.environment:checking '/home/droso1/drosophibot-ROS/install/motor_control' for CMake config files
[35.133s] Level 1:colcon.colcon_core.shell:create_environment_hook('motor_control', 'cmake_prefix_path')
[35.134s] INFO:colcon.colcon_core.shell:Creating environment hook '/home/droso1/drosophibot-ROS/install/motor_control/share/motor_control/hook/cmake_prefix_path.ps1'
[35.136s] INFO:colcon.colcon_core.shell:Creating environment descriptor '/home/droso1/drosophibot-ROS/install/motor_control/share/motor_control/hook/cmake_prefix_path.dsv'
[35.138s] INFO:colcon.colcon_core.shell:Creating environment hook '/home/droso1/drosophibot-ROS/install/motor_control/share/motor_control/hook/cmake_prefix_path.sh'
[35.141s] Level 1:colcon.colcon_core.environment:checking '/home/droso1/drosophibot-ROS/install/motor_control/lib'
[35.142s] Level 1:colcon.colcon_core.environment:checking '/home/droso1/drosophibot-ROS/install/motor_control/bin'
[35.142s] Level 1:colcon.colcon_core.environment:checking '/home/droso1/drosophibot-ROS/install/motor_control/lib/pkgconfig/motor_control.pc'
[35.143s] Level 1:colcon.colcon_core.environment:checking '/home/droso1/drosophibot-ROS/install/motor_control/lib/python3.12/site-packages'
[35.144s] Level 1:colcon.colcon_core.environment:checking '/home/droso1/drosophibot-ROS/install/motor_control/bin'
[35.145s] INFO:colcon.colcon_core.shell:Creating package script '/home/droso1/drosophibot-ROS/install/motor_control/share/motor_control/package.ps1'
[35.148s] INFO:colcon.colcon_core.shell:Creating package descriptor '/home/droso1/drosophibot-ROS/install/motor_control/share/motor_control/package.dsv'
[35.150s] INFO:colcon.colcon_core.shell:Creating package script '/home/droso1/drosophibot-ROS/install/motor_control/share/motor_control/package.sh'
[35.152s] INFO:colcon.colcon_core.shell:Creating package script '/home/droso1/drosophibot-ROS/install/motor_control/share/motor_control/package.bash'
[35.155s] INFO:colcon.colcon_core.shell:Creating package script '/home/droso1/drosophibot-ROS/install/motor_control/share/motor_control/package.zsh'
[35.157s] Level 1:colcon.colcon_core.environment:create_file_with_runtime_dependencies(/home/droso1/drosophibot-ROS/install/motor_control/share/colcon-core/packages/motor_control)
[35.159s] Level 1:colcon.colcon_core.environment:create_environment_scripts_only(motor_control)
[35.160s] Level 1:colcon.colcon_core.environment:checking '/home/droso1/drosophibot-ROS/install/motor_control' for CMake module files
[35.163s] Level 1:colcon.colcon_core.environment:checking '/home/droso1/drosophibot-ROS/install/motor_control' for CMake config files
[35.164s] Level 1:colcon.colcon_core.shell:create_environment_hook('motor_control', 'cmake_prefix_path')
[35.165s] INFO:colcon.colcon_core.shell:Creating environment hook '/home/droso1/drosophibot-ROS/install/motor_control/share/motor_control/hook/cmake_prefix_path.ps1'
[35.166s] INFO:colcon.colcon_core.shell:Creating environment descriptor '/home/droso1/drosophibot-ROS/install/motor_control/share/motor_control/hook/cmake_prefix_path.dsv'
[35.168s] INFO:colcon.colcon_core.shell:Creating environment hook '/home/droso1/drosophibot-ROS/install/motor_control/share/motor_control/hook/cmake_prefix_path.sh'
[35.171s] Level 1:colcon.colcon_core.environment:checking '/home/droso1/drosophibot-ROS/install/motor_control/lib'
[35.171s] Level 1:colcon.colcon_core.environment:checking '/home/droso1/drosophibot-ROS/install/motor_control/bin'
[35.172s] Level 1:colcon.colcon_core.environment:checking '/home/droso1/drosophibot-ROS/install/motor_control/lib/pkgconfig/motor_control.pc'
[35.172s] Level 1:colcon.colcon_core.environment:checking '/home/droso1/drosophibot-ROS/install/motor_control/lib/python3.12/site-packages'
[35.174s] Level 1:colcon.colcon_core.environment:checking '/home/droso1/drosophibot-ROS/install/motor_control/bin'
[35.174s] INFO:colcon.colcon_core.shell:Creating package script '/home/droso1/drosophibot-ROS/install/motor_control/share/motor_control/package.ps1'
[35.177s] INFO:colcon.colcon_core.shell:Creating package descriptor '/home/droso1/drosophibot-ROS/install/motor_control/share/motor_control/package.dsv'
[35.179s] INFO:colcon.colcon_core.shell:Creating package script '/home/droso1/drosophibot-ROS/install/motor_control/share/motor_control/package.sh'
[35.180s] INFO:colcon.colcon_core.shell:Creating package script '/home/droso1/drosophibot-ROS/install/motor_control/share/motor_control/package.bash'
[35.182s] INFO:colcon.colcon_core.shell:Creating package script '/home/droso1/drosophibot-ROS/install/motor_control/share/motor_control/package.zsh'
[35.184s] Level 1:colcon.colcon_core.environment:create_file_with_runtime_dependencies(/home/droso1/drosophibot-ROS/install/motor_control/share/colcon-core/packages/motor_control)
[35.186s] DEBUG:colcon.colcon_parallel_executor.executor.parallel:closing loop
[35.187s] DEBUG:colcon.colcon_parallel_executor.executor.parallel:loop closed
[35.187s] DEBUG:colcon.colcon_parallel_executor.executor.parallel:run_until_complete finished with '0'
[35.188s] DEBUG:colcon.colcon_core.event_reactor:joining thread
[35.208s] INFO:colcon.colcon_core.plugin_system:Skipping extension 'colcon_notification.desktop_notification.notify_send': Could not find 'notify-send'
[35.209s] INFO:colcon.colcon_core.plugin_system:Skipping extension 'colcon_notification.desktop_notification.terminal_notifier': Not used on non-Darwin systems
[35.209s] INFO:colcon.colcon_core.plugin_system:Skipping extension 'colcon_notification.desktop_notification.win32': Not used on non-Windows systems
[35.209s] INFO:colcon.colcon_notification.desktop_notification:Sending desktop notification using 'notify2'
[35.212s] DEBUG:colcon.colcon_notification.desktop_notification.notify2:Failed to initialize notify2: org.freedesktop.DBus.Error.ServiceUnknown: The name org.freedesktop.Notifications was not provided by any .service files
[35.212s] DEBUG:colcon.colcon_core.event_reactor:joined thread
[35.213s] INFO:colcon.colcon_core.shell:Creating prefix script '/home/droso1/drosophibot-ROS/install/local_setup.ps1'
[35.216s] INFO:colcon.colcon_core.shell:Creating prefix util module '/home/droso1/drosophibot-ROS/install/_local_setup_util_ps1.py'
[35.221s] INFO:colcon.colcon_core.shell:Creating prefix chain script '/home/droso1/drosophibot-ROS/install/setup.ps1'
[35.226s] INFO:colcon.colcon_core.shell:Creating prefix script '/home/droso1/drosophibot-ROS/install/local_setup.sh'
[35.229s] INFO:colcon.colcon_core.shell:Creating prefix util module '/home/droso1/drosophibot-ROS/install/_local_setup_util_sh.py'
[35.232s] INFO:colcon.colcon_core.shell:Creating prefix chain script '/home/droso1/drosophibot-ROS/install/setup.sh'
[35.236s] INFO:colcon.colcon_core.shell:Creating prefix script '/home/droso1/drosophibot-ROS/install/local_setup.bash'
[35.238s] INFO:colcon.colcon_core.shell:Creating prefix chain script '/home/droso1/drosophibot-ROS/install/setup.bash'
[35.242s] INFO:colcon.colcon_core.shell:Creating prefix script '/home/droso1/drosophibot-ROS/install/local_setup.zsh'
[35.245s] INFO:colcon.colcon_core.shell:Creating prefix chain script '/home/droso1/drosophibot-ROS/install/setup.zsh'
