[0.068s] Invoking command in '/home/droso1/drosophibot-ROS/build/limb_controller': CMAKE_PREFIX_PATH=/home/droso1/drosophibot-ROS/install/interfaces:/home/droso1/drosophibot-ROS/install/testcpp:/home/droso1/drosophibot-ROS/install/pubsub:/home/droso1/drosophibot-ROS/install/motor_control:/home/droso1/drosophibot-ROS/install/limb_controller:/opt/ros/jazzy /usr/bin/cmake --build /home/droso1/drosophibot-ROS/build/limb_controller -- -j4 -l4
[0.426s] [ 20%] [32mBuilding CXX object CMakeFiles/limb_controller.dir/src/Network.cpp.o[0m
[18.185s] [ 40%] [32m[1mLinking CXX executable limb_controller[0m
[19.832s] [100%] Built target limb_controller
[19.884s] Invoked command in '/home/droso1/drosophibot-ROS/build/limb_controller' returned '0': CMAKE_PREFIX_PATH=/home/droso1/drosophibot-ROS/install/interfaces:/home/droso1/drosophibot-ROS/install/testcpp:/home/droso1/drosophibot-ROS/install/pubsub:/home/droso1/drosophibot-ROS/install/motor_control:/home/droso1/drosophibot-ROS/install/limb_controller:/opt/ros/jazzy /usr/bin/cmake --build /home/droso1/drosophibot-ROS/build/limb_controller -- -j4 -l4
[19.942s] Invoking command in '/home/droso1/drosophibot-ROS/build/limb_controller': CMAKE_PREFIX_PATH=/home/droso1/drosophibot-ROS/install/interfaces:/home/droso1/drosophibot-ROS/install/testcpp:/home/droso1/drosophibot-ROS/install/pubsub:/home/droso1/drosophibot-ROS/install/motor_control:/home/droso1/drosophibot-ROS/install/limb_controller:/opt/ros/jazzy /usr/bin/cmake --install /home/droso1/drosophibot-ROS/build/limb_controller
[19.983s] -- Install configuration: ""
[19.988s] -- Installing: /home/droso1/drosophibot-ROS/install/limb_controller/lib/limb_controller/limb_controller
[20.019s] -- Set non-toolchain portion of runtime path of "/home/droso1/drosophibot-ROS/install/limb_controller/lib/limb_controller/limb_controller" to ""
[20.019s] -- Up-to-date: /home/droso1/drosophibot-ROS/install/limb_controller/share/ament_index/resource_index/package_run_dependencies/limb_controller
[20.020s] -- Up-to-date: /home/droso1/drosophibot-ROS/install/limb_controller/share/ament_index/resource_index/parent_prefix_path/limb_controller
[20.021s] -- Up-to-date: /home/droso1/drosophibot-ROS/install/limb_controller/share/limb_controller/environment/ament_prefix_path.sh
[20.021s] -- Up-to-date: /home/droso1/drosophibot-ROS/install/limb_controller/share/limb_controller/environment/ament_prefix_path.dsv
[20.022s] -- Up-to-date: /home/droso1/drosophibot-ROS/install/limb_controller/share/limb_controller/environment/path.sh
[20.022s] -- Up-to-date: /home/droso1/drosophibot-ROS/install/limb_controller/share/limb_controller/environment/path.dsv
[20.023s] -- Up-to-date: /home/droso1/drosophibot-ROS/install/limb_controller/share/limb_controller/local_setup.bash
[20.023s] -- Up-to-date: /home/droso1/drosophibot-ROS/install/limb_controller/share/limb_controller/local_setup.sh
[20.024s] -- Up-to-date: /home/droso1/drosophibot-ROS/install/limb_controller/share/limb_controller/local_setup.zsh
[20.024s] -- Up-to-date: /home/droso1/drosophibot-ROS/install/limb_controller/share/limb_controller/local_setup.dsv
[20.024s] -- Installing: /home/droso1/drosophibot-ROS/install/limb_controller/share/limb_controller/package.dsv
[20.027s] -- Up-to-date: /home/droso1/drosophibot-ROS/install/limb_controller/share/ament_index/resource_index/packages/limb_controller
[20.027s] -- Up-to-date: /home/droso1/drosophibot-ROS/install/limb_controller/share/limb_controller/cmake/limb_controllerConfig.cmake
[20.027s] -- Up-to-date: /home/droso1/drosophibot-ROS/install/limb_controller/share/limb_controller/cmake/limb_controllerConfig-version.cmake
[20.028s] -- Up-to-date: /home/droso1/drosophibot-ROS/install/limb_controller/share/limb_controller/package.xml
[20.035s] Invoked command in '/home/droso1/drosophibot-ROS/build/limb_controller' returned '0': CMAKE_PREFIX_PATH=/home/droso1/drosophibot-ROS/install/interfaces:/home/droso1/drosophibot-ROS/install/testcpp:/home/droso1/drosophibot-ROS/install/pubsub:/home/droso1/drosophibot-ROS/install/motor_control:/home/droso1/drosophibot-ROS/install/limb_controller:/opt/ros/jazzy /usr/bin/cmake --install /home/droso1/drosophibot-ROS/build/limb_controller
