[0.068s] Invoking command in '/home/droso1/drosophibot-ROS/build/strain_monitor': CMAKE_PREFIX_PATH=/home/droso1/drosophibot-ROS/install/interfaces:/home/droso1/drosophibot-ROS/install/testcpp:/home/droso1/drosophibot-ROS/install/pubsub:/home/droso1/drosophibot-ROS/install/motor_control:/home/droso1/drosophibot-ROS/install/limb_controller:/opt/ros/jazzy /usr/bin/cmake --build /home/droso1/drosophibot-ROS/build/strain_monitor -- -j4 -l4
[0.382s] [ 50%] [32mBuilding CXX object CMakeFiles/strain_monitor.dir/src/strain_monitor.cpp.o[0m
[18.356s] [100%] [32m[1mLinking CXX executable strain_monitor[0m
[19.242s] [100%] Built target strain_monitor
[19.295s] Invoked command in '/home/droso1/drosophibot-ROS/build/strain_monitor' returned '0': CMAKE_PREFIX_PATH=/home/droso1/drosophibot-ROS/install/interfaces:/home/droso1/drosophibot-ROS/install/testcpp:/home/droso1/drosophibot-ROS/install/pubsub:/home/droso1/drosophibot-ROS/install/motor_control:/home/droso1/drosophibot-ROS/install/limb_controller:/opt/ros/jazzy /usr/bin/cmake --build /home/droso1/drosophibot-ROS/build/strain_monitor -- -j4 -l4
[19.343s] Invoking command in '/home/droso1/drosophibot-ROS/build/strain_monitor': CMAKE_PREFIX_PATH=/home/droso1/drosophibot-ROS/install/interfaces:/home/droso1/drosophibot-ROS/install/testcpp:/home/droso1/drosophibot-ROS/install/pubsub:/home/droso1/drosophibot-ROS/install/motor_control:/home/droso1/drosophibot-ROS/install/limb_controller:/opt/ros/jazzy /usr/bin/cmake --install /home/droso1/drosophibot-ROS/build/strain_monitor
[19.382s] -- Install configuration: ""
[19.384s] -- Installing: /home/droso1/drosophibot-ROS/install/strain_monitor/lib/strain_monitor/strain_monitor
[19.396s] -- Set non-toolchain portion of runtime path of "/home/droso1/drosophibot-ROS/install/strain_monitor/lib/strain_monitor/strain_monitor" to ""
[19.397s] -- Up-to-date: /home/droso1/drosophibot-ROS/install/strain_monitor/share/ament_index/resource_index/package_run_dependencies/strain_monitor
[19.397s] -- Up-to-date: /home/droso1/drosophibot-ROS/install/strain_monitor/share/ament_index/resource_index/parent_prefix_path/strain_monitor
[19.398s] -- Up-to-date: /home/droso1/drosophibot-ROS/install/strain_monitor/share/strain_monitor/environment/ament_prefix_path.sh
[19.398s] -- Up-to-date: /home/droso1/drosophibot-ROS/install/strain_monitor/share/strain_monitor/environment/ament_prefix_path.dsv
[19.399s] -- Up-to-date: /home/droso1/drosophibot-ROS/install/strain_monitor/share/strain_monitor/environment/path.sh
[19.399s] -- Up-to-date: /home/droso1/drosophibot-ROS/install/strain_monitor/share/strain_monitor/environment/path.dsv
[19.400s] -- Up-to-date: /home/droso1/drosophibot-ROS/install/strain_monitor/share/strain_monitor/local_setup.bash
[19.400s] -- Up-to-date: /home/droso1/drosophibot-ROS/install/strain_monitor/share/strain_monitor/local_setup.sh
[19.400s] -- Up-to-date: /home/droso1/drosophibot-ROS/install/strain_monitor/share/strain_monitor/local_setup.zsh
[19.401s] -- Up-to-date: /home/droso1/drosophibot-ROS/install/strain_monitor/share/strain_monitor/local_setup.dsv
[19.401s] -- Installing: /home/droso1/drosophibot-ROS/install/strain_monitor/share/strain_monitor/package.dsv
[19.402s] -- Up-to-date: /home/droso1/drosophibot-ROS/install/strain_monitor/share/ament_index/resource_index/packages/strain_monitor
[19.402s] -- Up-to-date: /home/droso1/drosophibot-ROS/install/strain_monitor/share/strain_monitor/cmake/strain_monitorConfig.cmake
[19.403s] -- Up-to-date: /home/droso1/drosophibot-ROS/install/strain_monitor/share/strain_monitor/cmake/strain_monitorConfig-version.cmake
[19.403s] -- Up-to-date: /home/droso1/drosophibot-ROS/install/strain_monitor/share/strain_monitor/package.xml
[19.410s] Invoked command in '/home/droso1/drosophibot-ROS/build/strain_monitor' returned '0': CMAKE_PREFIX_PATH=/home/droso1/drosophibot-ROS/install/interfaces:/home/droso1/drosophibot-ROS/install/testcpp:/home/droso1/drosophibot-ROS/install/pubsub:/home/droso1/drosophibot-ROS/install/motor_control:/home/droso1/drosophibot-ROS/install/limb_controller:/opt/ros/jazzy /usr/bin/cmake --install /home/droso1/drosophibot-ROS/build/strain_monitor
