[0.049s] Invoking command in '/home/droso1/drosophibot-ROS/build/interfaces': CMAKE_PREFIX_PATH=${CMAKE_PREFIX_PATH}:/opt/ros/jazzy /usr/bin/cmake --build /home/droso1/drosophibot-ROS/build/interfaces -- -j4 -l4
[0.176s] -- Found ament_cmake: 2.5.4 (/opt/ros/jazzy/share/ament_cmake/cmake)
[0.289s] -- Found Python3: /usr/bin/python3 (found version "3.12.3") found components: Interpreter 
[0.644s] -- Found rosidl_default_generators: 1.6.0 (/opt/ros/jazzy/share/rosidl_default_generators/cmake)
[0.659s] -- Using all available rosidl_typesupport_c: rosidl_typesupport_fastrtps_c;rosidl_typesupport_introspection_c
[0.823s] -- Using all available rosidl_typesupport_cpp: rosidl_typesupport_fastrtps_cpp;rosidl_typesupport_introspection_cpp
[0.954s] -- Found rosidl_adapter: 4.6.6 (/opt/ros/jazzy/share/rosidl_adapter/cmake)
[0.965s] -- Found ament_lint_auto: 0.17.3 (/opt/ros/jazzy/share/ament_lint_auto/cmake)
[2.094s] -- Found ament_cmake_ros: 0.12.0 (/opt/ros/jazzy/share/ament_cmake_ros/cmake)
[2.504s] -- Using all available rosidl_typesupport_c: rosidl_typesupport_fastrtps_c;rosidl_typesupport_introspection_c
[3.031s] -- Using all available rosidl_typesupport_cpp: rosidl_typesupport_fastrtps_cpp;rosidl_typesupport_introspection_cpp
[3.040s] -- Found python_cmake_module: 0.11.1 (/opt/ros/jazzy/share/python_cmake_module/cmake)
[4.215s] -- Found Python3: /usr/bin/python3 (found version "3.12.3") found components: Interpreter Development NumPy Development.Module Development.Embed 
[4.280s] -- Added test 'lint_cmake' to check CMake code style
[4.290s] -- Added test 'xmllint' to check XML markup files
[4.323s] -- Configuring done (4.2s)
[4.576s] -- Generating done (0.2s)
[4.635s] -- Build files have been written to: /home/droso1/drosophibot-ROS/build/interfaces
[4.788s] [  1%] [34m[1mGenerating type hashes for ROS interfaces[0m
[4.841s] [  1%] Built target ament_cmake_python_copy_interfaces
[5.773s] running egg_info
[5.924s] writing interfaces.egg-info/PKG-INFO
[5.925s] writing dependency_links to interfaces.egg-info/dependency_links.txt
[5.929s] writing top-level names to interfaces.egg-info/top_level.txt
[5.968s] [  1%] Built target interfaces__rosidl_generator_type_description
[6.020s] [  3%] [34m[1mGenerating C code for ROS interfaces[0m
[6.080s] [  4%] [34m[1mGenerating C++ code for ROS interfaces[0m
[6.263s] reading manifest file 'interfaces.egg-info/SOURCES.txt'
[6.266s] writing manifest file 'interfaces.egg-info/SOURCES.txt'
[6.445s] [  4%] Built target ament_cmake_python_build_interfaces_egg
[8.007s] [  4%] Built target interfaces__cpp
[8.366s] [  6%] [32mBuilding C object CMakeFiles/interfaces__rosidl_generator_c.dir/rosidl_generator_c/interfaces/msg/detail/motor_command__description.c.o[0m
[8.371s] [  7%] [32mBuilding C object CMakeFiles/interfaces__rosidl_generator_c.dir/rosidl_generator_c/interfaces/msg/detail/motor_command__functions.c.o[0m
[8.374s] [  9%] [32mBuilding C object CMakeFiles/interfaces__rosidl_generator_c.dir/rosidl_generator_c/interfaces/msg/detail/motor_command__type_support.c.o[0m
[8.375s] [ 10%] [32mBuilding C object CMakeFiles/interfaces__rosidl_generator_c.dir/rosidl_generator_c/interfaces/msg/detail/motor_data__description.c.o[0m
[8.555s] [ 12%] [32mBuilding C object CMakeFiles/interfaces__rosidl_generator_c.dir/rosidl_generator_c/interfaces/msg/detail/motor_data__functions.c.o[0m
[8.581s] [ 14%] [32mBuilding C object CMakeFiles/interfaces__rosidl_generator_c.dir/rosidl_generator_c/interfaces/msg/detail/motor_data__type_support.c.o[0m
[8.592s] [ 15%] [32mBuilding C object CMakeFiles/interfaces__rosidl_generator_c.dir/rosidl_generator_c/interfaces/msg/detail/limb_command__description.c.o[0m
[8.651s] [ 17%] [32mBuilding C object CMakeFiles/interfaces__rosidl_generator_c.dir/rosidl_generator_c/interfaces/msg/detail/limb_command__functions.c.o[0m
[8.770s] [ 18%] [32mBuilding C object CMakeFiles/interfaces__rosidl_generator_c.dir/rosidl_generator_c/interfaces/msg/detail/limb_command__type_support.c.o[0m
[8.804s] [ 20%] [32mBuilding C object CMakeFiles/interfaces__rosidl_generator_c.dir/rosidl_generator_c/interfaces/msg/detail/descending_command__description.c.o[0m
[8.829s] [ 21%] [32mBuilding C object CMakeFiles/interfaces__rosidl_generator_c.dir/rosidl_generator_c/interfaces/msg/detail/descending_command__functions.c.o[0m
[8.932s] [ 23%] [32mBuilding C object CMakeFiles/interfaces__rosidl_generator_c.dir/rosidl_generator_c/interfaces/msg/detail/descending_command__type_support.c.o[0m
[9.097s] [ 25%] [32m[1mLinking C shared library libinterfaces__rosidl_generator_c.so[0m
[9.307s] [ 25%] Built target interfaces__rosidl_generator_c
[9.365s] [ 28%] [34m[1mGenerating C type support dispatch for ROS interfaces[0m
[9.366s] [ 28%] [34m[1mGenerating C type support for eProsima Fast-RTPS[0m
[9.369s] [ 29%] [34m[1mGenerating C introspection for ROS interfaces[0m
[9.371s] [ 31%] [34m[1mGenerating C++ type support dispatch for ROS interfaces[0m
[11.066s] [ 32%] [32mBuilding CXX object CMakeFiles/interfaces__rosidl_typesupport_c.dir/rosidl_typesupport_c/interfaces/msg/motor_command__type_support.cpp.o[0m
[11.097s] [ 34%] [32mBuilding CXX object CMakeFiles/interfaces__rosidl_typesupport_cpp.dir/rosidl_typesupport_cpp/interfaces/msg/motor_command__type_support.cpp.o[0m
[11.348s] [ 35%] [32mBuilding CXX object CMakeFiles/interfaces__rosidl_typesupport_c.dir/rosidl_typesupport_c/interfaces/msg/motor_data__type_support.cpp.o[0m
[11.453s] [ 37%] [32mBuilding C object CMakeFiles/interfaces__rosidl_typesupport_introspection_c.dir/rosidl_typesupport_introspection_c/interfaces/msg/detail/motor_command__type_support.c.o[0m
[11.596s] [ 39%] [32mBuilding CXX object CMakeFiles/interfaces__rosidl_typesupport_c.dir/rosidl_typesupport_c/interfaces/msg/limb_command__type_support.cpp.o[0m
[11.694s] [ 40%] [32mBuilding C object CMakeFiles/interfaces__rosidl_typesupport_introspection_c.dir/rosidl_typesupport_introspection_c/interfaces/msg/detail/motor_data__type_support.c.o[0m
[11.743s] [ 42%] [32mBuilding CXX object CMakeFiles/interfaces__rosidl_typesupport_fastrtps_c.dir/rosidl_typesupport_fastrtps_c/interfaces/msg/detail/motor_command__type_support_c.cpp.o[0m
[11.853s] [ 43%] [32mBuilding CXX object CMakeFiles/interfaces__rosidl_typesupport_c.dir/rosidl_typesupport_c/interfaces/msg/descending_command__type_support.cpp.o[0m
[11.947s] [ 45%] [32mBuilding C object CMakeFiles/interfaces__rosidl_typesupport_introspection_c.dir/rosidl_typesupport_introspection_c/interfaces/msg/detail/limb_command__type_support.c.o[0m
[12.105s] [ 46%] [32m[1mLinking CXX shared library libinterfaces__rosidl_typesupport_c.so[0m
[12.202s] [ 48%] [32mBuilding C object CMakeFiles/interfaces__rosidl_typesupport_introspection_c.dir/rosidl_typesupport_introspection_c/interfaces/msg/detail/descending_command__type_support.c.o[0m
[12.340s] [ 48%] Built target interfaces__rosidl_typesupport_c
[12.403s] [ 50%] [32mBuilding CXX object CMakeFiles/interfaces__rosidl_typesupport_cpp.dir/rosidl_typesupport_cpp/interfaces/msg/motor_data__type_support.cpp.o[0m
[12.441s] [ 51%] [32m[1mLinking C shared library libinterfaces__rosidl_typesupport_introspection_c.so[0m
[12.652s] [ 51%] Built target interfaces__rosidl_typesupport_introspection_c
[12.705s] [ 53%] [32mBuilding CXX object CMakeFiles/interfaces__rosidl_typesupport_fastrtps_c.dir/rosidl_typesupport_fastrtps_c/interfaces/msg/detail/motor_data__type_support_c.cpp.o[0m
[13.033s] [ 54%] [34m[1mGenerating C++ type support for eProsima Fast-RTPS[0m
[14.365s] [ 56%] [32mBuilding CXX object CMakeFiles/interfaces__rosidl_typesupport_cpp.dir/rosidl_typesupport_cpp/interfaces/msg/limb_command__type_support.cpp.o[0m
[14.591s] [ 57%] [34m[1mGenerating C++ introspection for ROS interfaces[0m
[15.611s] [ 59%] [32mBuilding CXX object CMakeFiles/interfaces__rosidl_typesupport_fastrtps_c.dir/rosidl_typesupport_fastrtps_c/interfaces/msg/detail/limb_command__type_support_c.cpp.o[0m
[15.631s] [ 60%] [32mBuilding CXX object CMakeFiles/interfaces__rosidl_typesupport_fastrtps_cpp.dir/rosidl_typesupport_fastrtps_cpp/interfaces/msg/detail/dds_fastrtps/motor_command__type_support.cpp.o[0m
[16.389s] [ 62%] [32mBuilding CXX object CMakeFiles/interfaces__rosidl_typesupport_cpp.dir/rosidl_typesupport_cpp/interfaces/msg/descending_command__type_support.cpp.o[0m
[16.804s] [ 64%] [32mBuilding CXX object CMakeFiles/interfaces__rosidl_typesupport_introspection_cpp.dir/rosidl_typesupport_introspection_cpp/interfaces/msg/detail/motor_command__type_support.cpp.o[0m
[18.360s] [ 65%] [32m[1mLinking CXX shared library libinterfaces__rosidl_typesupport_cpp.so[0m
[18.493s] [ 67%] [32mBuilding CXX object CMakeFiles/interfaces__rosidl_typesupport_fastrtps_c.dir/rosidl_typesupport_fastrtps_c/interfaces/msg/detail/descending_command__type_support_c.cpp.o[0m
[18.620s] [ 67%] Built target interfaces__rosidl_typesupport_cpp
[18.633s] [ 68%] [32mBuilding CXX object CMakeFiles/interfaces__rosidl_typesupport_fastrtps_cpp.dir/rosidl_typesupport_fastrtps_cpp/interfaces/msg/detail/dds_fastrtps/motor_data__type_support.cpp.o[0m
[18.669s] [ 70%] [32mBuilding CXX object CMakeFiles/interfaces__rosidl_typesupport_fastrtps_cpp.dir/rosidl_typesupport_fastrtps_cpp/interfaces/msg/detail/dds_fastrtps/limb_command__type_support.cpp.o[0m
[18.843s] [ 71%] [32mBuilding CXX object CMakeFiles/interfaces__rosidl_typesupport_introspection_cpp.dir/rosidl_typesupport_introspection_cpp/interfaces/msg/detail/motor_data__type_support.cpp.o[0m
[20.877s] [ 73%] [32mBuilding CXX object CMakeFiles/interfaces__rosidl_typesupport_introspection_cpp.dir/rosidl_typesupport_introspection_cpp/interfaces/msg/detail/limb_command__type_support.cpp.o[0m
[21.275s] [ 75%] [32m[1mLinking CXX shared library libinterfaces__rosidl_typesupport_fastrtps_c.so[0m
[21.570s] [ 76%] [32mBuilding CXX object CMakeFiles/interfaces__rosidl_typesupport_fastrtps_cpp.dir/rosidl_typesupport_fastrtps_cpp/interfaces/msg/detail/dds_fastrtps/descending_command__type_support.cpp.o[0m
[21.584s] [ 76%] Built target interfaces__rosidl_typesupport_fastrtps_c
[21.641s] [ 78%] [32mBuilding CXX object CMakeFiles/interfaces__rosidl_typesupport_introspection_cpp.dir/rosidl_typesupport_introspection_cpp/interfaces/msg/detail/descending_command__type_support.cpp.o[0m
[23.281s] [ 79%] [32m[1mLinking CXX shared library libinterfaces__rosidl_typesupport_introspection_cpp.so[0m
[23.636s] [ 79%] Built target interfaces__rosidl_typesupport_introspection_cpp
[23.954s] [ 81%] [32m[1mLinking CXX shared library libinterfaces__rosidl_typesupport_fastrtps_cpp.so[0m
[24.294s] [ 81%] Built target interfaces__rosidl_typesupport_fastrtps_cpp
[24.398s] [ 81%] Built target interfaces
[24.498s] [ 82%] [34m[1mGenerating Python code for ROS interfaces[0m
[26.686s] [ 82%] Built target interfaces__py
[26.819s] [ 84%] [32mBuilding C object CMakeFiles/interfaces__rosidl_generator_py.dir/rosidl_generator_py/interfaces/msg/_motor_command_s.c.o[0m
[26.820s] [ 85%] [32mBuilding C object CMakeFiles/interfaces__rosidl_generator_py.dir/rosidl_generator_py/interfaces/msg/_motor_data_s.c.o[0m
[26.821s] [ 87%] [32mBuilding C object CMakeFiles/interfaces__rosidl_generator_py.dir/rosidl_generator_py/interfaces/msg/_limb_command_s.c.o[0m
[26.827s] [ 89%] [32mBuilding C object CMakeFiles/interfaces__rosidl_generator_py.dir/rosidl_generator_py/interfaces/msg/_descending_command_s.c.o[0m
[27.549s] [ 90%] [32m[1mLinking C shared library libinterfaces__rosidl_generator_py.so[0m
[27.765s] [ 90%] Built target interfaces__rosidl_generator_py
[27.889s] [ 93%] [32mBuilding C object CMakeFiles/interfaces_s__rosidl_typesupport_fastrtps_c.dir/rosidl_generator_py/interfaces/_interfaces_s.ep.rosidl_typesupport_fastrtps_c.c.o[0m
[27.890s] [ 93%] [32mBuilding C object CMakeFiles/interfaces_s__rosidl_typesupport_introspection_c.dir/rosidl_generator_py/interfaces/_interfaces_s.ep.rosidl_typesupport_introspection_c.c.o[0m
[27.895s] [ 95%] [32mBuilding C object CMakeFiles/interfaces_s__rosidl_typesupport_c.dir/rosidl_generator_py/interfaces/_interfaces_s.ep.rosidl_typesupport_c.c.o[0m
[28.438s] [ 96%] [32m[1mLinking C shared module rosidl_generator_py/interfaces/interfaces_s__rosidl_typesupport_c.so[0m
[28.449s] [ 98%] [32m[1mLinking C shared module rosidl_generator_py/interfaces/interfaces_s__rosidl_typesupport_introspection_c.so[0m
[28.483s] [100%] [32m[1mLinking C shared module rosidl_generator_py/interfaces/interfaces_s__rosidl_typesupport_fastrtps_c.so[0m
[28.603s] [100%] Built target interfaces_s__rosidl_typesupport_c
[28.615s] [100%] Built target interfaces_s__rosidl_typesupport_introspection_c
[28.648s] [100%] Built target interfaces_s__rosidl_typesupport_fastrtps_c
[28.703s] Invoked command in '/home/droso1/drosophibot-ROS/build/interfaces' returned '0': CMAKE_PREFIX_PATH=${CMAKE_PREFIX_PATH}:/opt/ros/jazzy /usr/bin/cmake --build /home/droso1/drosophibot-ROS/build/interfaces -- -j4 -l4
[28.749s] Invoking command in '/home/droso1/drosophibot-ROS/build/interfaces': CMAKE_PREFIX_PATH=${CMAKE_PREFIX_PATH}:/opt/ros/jazzy /usr/bin/cmake --install /home/droso1/drosophibot-ROS/build/interfaces
[28.787s] -- Install configuration: ""
[28.788s] -- Installing: /home/droso1/drosophibot-ROS/install/interfaces/share/ament_index/resource_index/rosidl_interfaces/interfaces
[28.789s] -- Installing: /home/droso1/drosophibot-ROS/install/interfaces/share/interfaces/msg/MotorCommand.json
[28.790s] -- Installing: /home/droso1/drosophibot-ROS/install/interfaces/share/interfaces/msg/MotorData.json
[28.792s] -- Installing: /home/droso1/drosophibot-ROS/install/interfaces/share/interfaces/msg/LimbCommand.json
[28.793s] -- Installing: /home/droso1/drosophibot-ROS/install/interfaces/share/interfaces/msg/DescendingCommand.json
[28.794s] -- Up-to-date: /home/droso1/drosophibot-ROS/install/interfaces/include/interfaces/interfaces
[28.794s] -- Up-to-date: /home/droso1/drosophibot-ROS/install/interfaces/include/interfaces/interfaces/msg
[28.795s] -- Installing: /home/droso1/drosophibot-ROS/install/interfaces/include/interfaces/interfaces/msg/descending_command.h
[28.796s] -- Installing: /home/droso1/drosophibot-ROS/install/interfaces/include/interfaces/interfaces/msg/motor_data.h
[28.797s] -- Up-to-date: /home/droso1/drosophibot-ROS/install/interfaces/include/interfaces/interfaces/msg/detail
[28.797s] -- Installing: /home/droso1/drosophibot-ROS/install/interfaces/include/interfaces/interfaces/msg/detail/motor_data__type_support.c
[28.799s] -- Installing: /home/droso1/drosophibot-ROS/install/interfaces/include/interfaces/interfaces/msg/detail/limb_command__struct.h
[28.800s] -- Installing: /home/droso1/drosophibot-ROS/install/interfaces/include/interfaces/interfaces/msg/detail/limb_command__type_support.h
[28.801s] -- Installing: /home/droso1/drosophibot-ROS/install/interfaces/include/interfaces/interfaces/msg/detail/motor_data__functions.c
[28.802s] -- Installing: /home/droso1/drosophibot-ROS/install/interfaces/include/interfaces/interfaces/msg/detail/descending_command__functions.c
[28.803s] -- Installing: /home/droso1/drosophibot-ROS/install/interfaces/include/interfaces/interfaces/msg/detail/limb_command__functions.c
[28.804s] -- Installing: /home/droso1/drosophibot-ROS/install/interfaces/include/interfaces/interfaces/msg/detail/limb_command__description.c
[28.805s] -- Installing: /home/droso1/drosophibot-ROS/install/interfaces/include/interfaces/interfaces/msg/detail/limb_command__type_support.c
[28.807s] -- Installing: /home/droso1/drosophibot-ROS/install/interfaces/include/interfaces/interfaces/msg/detail/descending_command__struct.h
[28.808s] -- Installing: /home/droso1/drosophibot-ROS/install/interfaces/include/interfaces/interfaces/msg/detail/descending_command__type_support.c
[28.809s] -- Installing: /home/droso1/drosophibot-ROS/install/interfaces/include/interfaces/interfaces/msg/detail/motor_data__type_support.h
[28.810s] -- Installing: /home/droso1/drosophibot-ROS/install/interfaces/include/interfaces/interfaces/msg/detail/motor_command__type_support.c
[28.811s] -- Installing: /home/droso1/drosophibot-ROS/install/interfaces/include/interfaces/interfaces/msg/detail/motor_data__functions.h
[28.812s] -- Installing: /home/droso1/drosophibot-ROS/install/interfaces/include/interfaces/interfaces/msg/detail/motor_command__description.c
[28.813s] -- Installing: /home/droso1/drosophibot-ROS/install/interfaces/include/interfaces/interfaces/msg/detail/motor_data__struct.h
[28.814s] -- Installing: /home/droso1/drosophibot-ROS/install/interfaces/include/interfaces/interfaces/msg/detail/motor_command__functions.h
[28.816s] -- Installing: /home/droso1/drosophibot-ROS/install/interfaces/include/interfaces/interfaces/msg/detail/motor_command__type_support.h
[28.817s] -- Installing: /home/droso1/drosophibot-ROS/install/interfaces/include/interfaces/interfaces/msg/detail/descending_command__description.c
[28.818s] -- Installing: /home/droso1/drosophibot-ROS/install/interfaces/include/interfaces/interfaces/msg/detail/descending_command__type_support.h
[28.819s] -- Installing: /home/droso1/drosophibot-ROS/install/interfaces/include/interfaces/interfaces/msg/detail/limb_command__functions.h
[28.820s] -- Installing: /home/droso1/drosophibot-ROS/install/interfaces/include/interfaces/interfaces/msg/detail/motor_data__description.c
[28.821s] -- Installing: /home/droso1/drosophibot-ROS/install/interfaces/include/interfaces/interfaces/msg/detail/motor_command__functions.c
[28.822s] -- Installing: /home/droso1/drosophibot-ROS/install/interfaces/include/interfaces/interfaces/msg/detail/descending_command__functions.h
[28.823s] -- Installing: /home/droso1/drosophibot-ROS/install/interfaces/include/interfaces/interfaces/msg/detail/motor_command__struct.h
[28.825s] -- Installing: /home/droso1/drosophibot-ROS/install/interfaces/include/interfaces/interfaces/msg/motor_command.h
[28.826s] -- Up-to-date: /home/droso1/drosophibot-ROS/install/interfaces/include/interfaces/interfaces/msg/rosidl_generator_c__visibility_control.h
[28.826s] -- Installing: /home/droso1/drosophibot-ROS/install/interfaces/include/interfaces/interfaces/msg/limb_command.h
[28.827s] -- Up-to-date: /home/droso1/drosophibot-ROS/install/interfaces/share/interfaces/environment/library_path.sh
[28.828s] -- Up-to-date: /home/droso1/drosophibot-ROS/install/interfaces/share/interfaces/environment/library_path.dsv
[28.829s] -- Installing: /home/droso1/drosophibot-ROS/install/interfaces/lib/libinterfaces__rosidl_generator_c.so
[28.832s] -- Set non-toolchain portion of runtime path of "/home/droso1/drosophibot-ROS/install/interfaces/lib/libinterfaces__rosidl_generator_c.so" to ""
[28.833s] -- Up-to-date: /home/droso1/drosophibot-ROS/install/interfaces/include/interfaces/interfaces
[28.833s] -- Up-to-date: /home/droso1/drosophibot-ROS/install/interfaces/include/interfaces/interfaces/msg
[28.833s] -- Up-to-date: /home/droso1/drosophibot-ROS/install/interfaces/include/interfaces/interfaces/msg/rosidl_typesupport_fastrtps_c__visibility_control.h
[28.834s] -- Up-to-date: /home/droso1/drosophibot-ROS/install/interfaces/include/interfaces/interfaces/msg/detail
[28.834s] -- Installing: /home/droso1/drosophibot-ROS/install/interfaces/include/interfaces/interfaces/msg/detail/motor_data__rosidl_typesupport_fastrtps_c.h
[28.835s] -- Installing: /home/droso1/drosophibot-ROS/install/interfaces/include/interfaces/interfaces/msg/detail/limb_command__rosidl_typesupport_fastrtps_c.h
[28.836s] -- Installing: /home/droso1/drosophibot-ROS/install/interfaces/include/interfaces/interfaces/msg/detail/motor_command__rosidl_typesupport_fastrtps_c.h
[28.838s] -- Installing: /home/droso1/drosophibot-ROS/install/interfaces/include/interfaces/interfaces/msg/detail/descending_command__rosidl_typesupport_fastrtps_c.h
[28.840s] -- Installing: /home/droso1/drosophibot-ROS/install/interfaces/lib/libinterfaces__rosidl_typesupport_fastrtps_c.so
[28.843s] -- Set non-toolchain portion of runtime path of "/home/droso1/drosophibot-ROS/install/interfaces/lib/libinterfaces__rosidl_typesupport_fastrtps_c.so" to ""
[28.843s] -- Up-to-date: /home/droso1/drosophibot-ROS/install/interfaces/include/interfaces/interfaces
[28.844s] -- Up-to-date: /home/droso1/drosophibot-ROS/install/interfaces/include/interfaces/interfaces/msg
[28.844s] -- Up-to-date: /home/droso1/drosophibot-ROS/install/interfaces/include/interfaces/interfaces/msg/detail
[28.845s] -- Installing: /home/droso1/drosophibot-ROS/install/interfaces/include/interfaces/interfaces/msg/detail/motor_data__type_support.c
[28.846s] -- Installing: /home/droso1/drosophibot-ROS/install/interfaces/include/interfaces/interfaces/msg/detail/motor_data__rosidl_typesupport_introspection_c.h
[28.847s] -- Installing: /home/droso1/drosophibot-ROS/install/interfaces/include/interfaces/interfaces/msg/detail/motor_command__rosidl_typesupport_introspection_c.h
[28.848s] -- Installing: /home/droso1/drosophibot-ROS/install/interfaces/include/interfaces/interfaces/msg/detail/limb_command__rosidl_typesupport_introspection_c.h
[28.850s] -- Installing: /home/droso1/drosophibot-ROS/install/interfaces/include/interfaces/interfaces/msg/detail/limb_command__type_support.c
[28.851s] -- Installing: /home/droso1/drosophibot-ROS/install/interfaces/include/interfaces/interfaces/msg/detail/descending_command__type_support.c
[28.852s] -- Installing: /home/droso1/drosophibot-ROS/install/interfaces/include/interfaces/interfaces/msg/detail/descending_command__rosidl_typesupport_introspection_c.h
[28.853s] -- Installing: /home/droso1/drosophibot-ROS/install/interfaces/include/interfaces/interfaces/msg/detail/motor_command__type_support.c
[28.855s] -- Up-to-date: /home/droso1/drosophibot-ROS/install/interfaces/include/interfaces/interfaces/msg/rosidl_typesupport_introspection_c__visibility_control.h
[28.856s] -- Installing: /home/droso1/drosophibot-ROS/install/interfaces/lib/libinterfaces__rosidl_typesupport_introspection_c.so
[28.859s] -- Set non-toolchain portion of runtime path of "/home/droso1/drosophibot-ROS/install/interfaces/lib/libinterfaces__rosidl_typesupport_introspection_c.so" to ""
[28.860s] -- Installing: /home/droso1/drosophibot-ROS/install/interfaces/lib/libinterfaces__rosidl_typesupport_c.so
[28.863s] -- Set non-toolchain portion of runtime path of "/home/droso1/drosophibot-ROS/install/interfaces/lib/libinterfaces__rosidl_typesupport_c.so" to ""
[28.863s] -- Up-to-date: /home/droso1/drosophibot-ROS/install/interfaces/include/interfaces/interfaces
[28.864s] -- Up-to-date: /home/droso1/drosophibot-ROS/install/interfaces/include/interfaces/interfaces/msg
[28.864s] -- Installing: /home/droso1/drosophibot-ROS/install/interfaces/include/interfaces/interfaces/msg/motor_data.hpp
[28.865s] -- Installing: /home/droso1/drosophibot-ROS/install/interfaces/include/interfaces/interfaces/msg/descending_command.hpp
[28.866s] -- Installing: /home/droso1/drosophibot-ROS/install/interfaces/include/interfaces/interfaces/msg/limb_command.hpp
[28.867s] -- Up-to-date: /home/droso1/drosophibot-ROS/install/interfaces/include/interfaces/interfaces/msg/detail
[28.868s] -- Installing: /home/droso1/drosophibot-ROS/install/interfaces/include/interfaces/interfaces/msg/detail/descending_command__struct.hpp
[28.869s] -- Installing: /home/droso1/drosophibot-ROS/install/interfaces/include/interfaces/interfaces/msg/detail/motor_data__builder.hpp
[28.870s] -- Installing: /home/droso1/drosophibot-ROS/install/interfaces/include/interfaces/interfaces/msg/detail/motor_command__builder.hpp
[28.871s] -- Installing: /home/droso1/drosophibot-ROS/install/interfaces/include/interfaces/interfaces/msg/detail/motor_command__traits.hpp
[28.872s] -- Installing: /home/droso1/drosophibot-ROS/install/interfaces/include/interfaces/interfaces/msg/detail/descending_command__type_support.hpp
[28.874s] -- Installing: /home/droso1/drosophibot-ROS/install/interfaces/include/interfaces/interfaces/msg/detail/motor_data__traits.hpp
[28.875s] -- Installing: /home/droso1/drosophibot-ROS/install/interfaces/include/interfaces/interfaces/msg/detail/limb_command__struct.hpp
[28.876s] -- Installing: /home/droso1/drosophibot-ROS/install/interfaces/include/interfaces/interfaces/msg/detail/motor_command__type_support.hpp
[28.877s] -- Installing: /home/droso1/drosophibot-ROS/install/interfaces/include/interfaces/interfaces/msg/detail/motor_data__struct.hpp
[28.878s] -- Installing: /home/droso1/drosophibot-ROS/install/interfaces/include/interfaces/interfaces/msg/detail/limb_command__type_support.hpp
[28.879s] -- Installing: /home/droso1/drosophibot-ROS/install/interfaces/include/interfaces/interfaces/msg/detail/limb_command__traits.hpp
[28.880s] -- Installing: /home/droso1/drosophibot-ROS/install/interfaces/include/interfaces/interfaces/msg/detail/motor_command__struct.hpp
[28.882s] -- Installing: /home/droso1/drosophibot-ROS/install/interfaces/include/interfaces/interfaces/msg/detail/descending_command__builder.hpp
[28.883s] -- Installing: /home/droso1/drosophibot-ROS/install/interfaces/include/interfaces/interfaces/msg/detail/limb_command__builder.hpp
[28.884s] -- Installing: /home/droso1/drosophibot-ROS/install/interfaces/include/interfaces/interfaces/msg/detail/descending_command__traits.hpp
[28.885s] -- Installing: /home/droso1/drosophibot-ROS/install/interfaces/include/interfaces/interfaces/msg/detail/motor_data__type_support.hpp
[28.886s] -- Installing: /home/droso1/drosophibot-ROS/install/interfaces/include/interfaces/interfaces/msg/rosidl_generator_cpp__visibility_control.hpp
[28.887s] -- Installing: /home/droso1/drosophibot-ROS/install/interfaces/include/interfaces/interfaces/msg/motor_command.hpp
[28.889s] -- Up-to-date: /home/droso1/drosophibot-ROS/install/interfaces/include/interfaces/interfaces
[28.889s] -- Up-to-date: /home/droso1/drosophibot-ROS/install/interfaces/include/interfaces/interfaces/msg
[28.889s] -- Up-to-date: /home/droso1/drosophibot-ROS/install/interfaces/include/interfaces/interfaces/msg/detail
[28.890s] -- Installing: /home/droso1/drosophibot-ROS/install/interfaces/include/interfaces/interfaces/msg/detail/motor_command__rosidl_typesupport_fastrtps_cpp.hpp
[28.891s] -- Installing: /home/droso1/drosophibot-ROS/install/interfaces/include/interfaces/interfaces/msg/detail/descending_command__rosidl_typesupport_fastrtps_cpp.hpp
[28.892s] -- Installing: /home/droso1/drosophibot-ROS/install/interfaces/include/interfaces/interfaces/msg/detail/motor_data__rosidl_typesupport_fastrtps_cpp.hpp
[28.894s] -- Installing: /home/droso1/drosophibot-ROS/install/interfaces/include/interfaces/interfaces/msg/detail/limb_command__rosidl_typesupport_fastrtps_cpp.hpp
[28.895s] -- Up-to-date: /home/droso1/drosophibot-ROS/install/interfaces/include/interfaces/interfaces/msg/detail/dds_fastrtps
[28.895s] -- Up-to-date: /home/droso1/drosophibot-ROS/install/interfaces/include/interfaces/interfaces/msg/rosidl_typesupport_fastrtps_cpp__visibility_control.h
[28.897s] -- Installing: /home/droso1/drosophibot-ROS/install/interfaces/lib/libinterfaces__rosidl_typesupport_fastrtps_cpp.so
[28.900s] -- Set non-toolchain portion of runtime path of "/home/droso1/drosophibot-ROS/install/interfaces/lib/libinterfaces__rosidl_typesupport_fastrtps_cpp.so" to ""
[28.901s] -- Up-to-date: /home/droso1/drosophibot-ROS/install/interfaces/include/interfaces/interfaces
[28.901s] -- Up-to-date: /home/droso1/drosophibot-ROS/install/interfaces/include/interfaces/interfaces/msg
[28.901s] -- Up-to-date: /home/droso1/drosophibot-ROS/install/interfaces/include/interfaces/interfaces/msg/detail
[28.902s] -- Installing: /home/droso1/drosophibot-ROS/install/interfaces/include/interfaces/interfaces/msg/detail/motor_data__rosidl_typesupport_introspection_cpp.hpp
[28.903s] -- Installing: /home/droso1/drosophibot-ROS/install/interfaces/include/interfaces/interfaces/msg/detail/motor_command__rosidl_typesupport_introspection_cpp.hpp
[28.904s] -- Installing: /home/droso1/drosophibot-ROS/install/interfaces/include/interfaces/interfaces/msg/detail/descending_command__rosidl_typesupport_introspection_cpp.hpp
[28.905s] -- Installing: /home/droso1/drosophibot-ROS/install/interfaces/include/interfaces/interfaces/msg/detail/motor_command__type_support.cpp
[28.907s] -- Installing: /home/droso1/drosophibot-ROS/install/interfaces/include/interfaces/interfaces/msg/detail/motor_data__type_support.cpp
[28.908s] -- Installing: /home/droso1/drosophibot-ROS/install/interfaces/include/interfaces/interfaces/msg/detail/descending_command__type_support.cpp
[28.909s] -- Installing: /home/droso1/drosophibot-ROS/install/interfaces/include/interfaces/interfaces/msg/detail/limb_command__rosidl_typesupport_introspection_cpp.hpp
[28.910s] -- Installing: /home/droso1/drosophibot-ROS/install/interfaces/include/interfaces/interfaces/msg/detail/limb_command__type_support.cpp
[28.912s] -- Installing: /home/droso1/drosophibot-ROS/install/interfaces/lib/libinterfaces__rosidl_typesupport_introspection_cpp.so
[28.916s] -- Set non-toolchain portion of runtime path of "/home/droso1/drosophibot-ROS/install/interfaces/lib/libinterfaces__rosidl_typesupport_introspection_cpp.so" to ""
[28.917s] -- Installing: /home/droso1/drosophibot-ROS/install/interfaces/lib/libinterfaces__rosidl_typesupport_cpp.so
[28.920s] -- Set non-toolchain portion of runtime path of "/home/droso1/drosophibot-ROS/install/interfaces/lib/libinterfaces__rosidl_typesupport_cpp.so" to ""
[28.920s] -- Up-to-date: /home/droso1/drosophibot-ROS/install/interfaces/share/interfaces/environment/pythonpath.sh
[28.921s] -- Up-to-date: /home/droso1/drosophibot-ROS/install/interfaces/share/interfaces/environment/pythonpath.dsv
[28.921s] -- Up-to-date: /home/droso1/drosophibot-ROS/install/interfaces/lib/python3.12/site-packages/interfaces-0.0.0-py3.12.egg-info
[28.921s] -- Installing: /home/droso1/drosophibot-ROS/install/interfaces/lib/python3.12/site-packages/interfaces-0.0.0-py3.12.egg-info/dependency_links.txt
[28.922s] -- Installing: /home/droso1/drosophibot-ROS/install/interfaces/lib/python3.12/site-packages/interfaces-0.0.0-py3.12.egg-info/PKG-INFO
[28.924s] -- Installing: /home/droso1/drosophibot-ROS/install/interfaces/lib/python3.12/site-packages/interfaces-0.0.0-py3.12.egg-info/top_level.txt
[28.925s] -- Installing: /home/droso1/drosophibot-ROS/install/interfaces/lib/python3.12/site-packages/interfaces-0.0.0-py3.12.egg-info/SOURCES.txt
[28.926s] -- Up-to-date: /home/droso1/drosophibot-ROS/install/interfaces/lib/python3.12/site-packages/interfaces
[28.927s] -- Installing: /home/droso1/drosophibot-ROS/install/interfaces/lib/python3.12/site-packages/interfaces/_interfaces_s.ep.rosidl_typesupport_fastrtps_c.c
[28.928s] -- Installing: /home/droso1/drosophibot-ROS/install/interfaces/lib/python3.12/site-packages/interfaces/interfaces_s__rosidl_typesupport_fastrtps_c.so
[28.930s] -- Installing: /home/droso1/drosophibot-ROS/install/interfaces/lib/python3.12/site-packages/interfaces/interfaces_s__rosidl_typesupport_c.so
[28.932s] -- Installing: /home/droso1/drosophibot-ROS/install/interfaces/lib/python3.12/site-packages/interfaces/_interfaces_s.ep.rosidl_typesupport_c.c
[28.933s] -- Installing: /home/droso1/drosophibot-ROS/install/interfaces/lib/python3.12/site-packages/interfaces/interfaces_s__rosidl_typesupport_introspection_c.so
[28.935s] -- Up-to-date: /home/droso1/drosophibot-ROS/install/interfaces/lib/python3.12/site-packages/interfaces/msg
[28.935s] -- Installing: /home/droso1/drosophibot-ROS/install/interfaces/lib/python3.12/site-packages/interfaces/msg/_motor_data_s.c
[28.936s] -- Installing: /home/droso1/drosophibot-ROS/install/interfaces/lib/python3.12/site-packages/interfaces/msg/_descending_command.py
[28.937s] -- Installing: /home/droso1/drosophibot-ROS/install/interfaces/lib/python3.12/site-packages/interfaces/msg/_motor_command.py
[28.938s] -- Installing: /home/droso1/drosophibot-ROS/install/interfaces/lib/python3.12/site-packages/interfaces/msg/_motor_data.py
[28.939s] -- Installing: /home/droso1/drosophibot-ROS/install/interfaces/lib/python3.12/site-packages/interfaces/msg/_motor_command_s.c
[28.941s] -- Installing: /home/droso1/drosophibot-ROS/install/interfaces/lib/python3.12/site-packages/interfaces/msg/_limb_command_s.c
[28.942s] -- Installing: /home/droso1/drosophibot-ROS/install/interfaces/lib/python3.12/site-packages/interfaces/msg/_descending_command_s.c
[28.943s] -- Installing: /home/droso1/drosophibot-ROS/install/interfaces/lib/python3.12/site-packages/interfaces/msg/_limb_command.py
[28.944s] -- Installing: /home/droso1/drosophibot-ROS/install/interfaces/lib/python3.12/site-packages/interfaces/msg/__init__.py
[28.945s] -- Installing: /home/droso1/drosophibot-ROS/install/interfaces/lib/python3.12/site-packages/interfaces/__init__.py
[28.946s] -- Installing: /home/droso1/drosophibot-ROS/install/interfaces/lib/python3.12/site-packages/interfaces/_interfaces_s.ep.rosidl_typesupport_introspection_c.c
[29.134s] Listing '/home/droso1/drosophibot-ROS/install/interfaces/lib/python3.12/site-packages/interfaces'...
[29.135s] Compiling '/home/droso1/drosophibot-ROS/install/interfaces/lib/python3.12/site-packages/interfaces/__init__.py'...
[29.135s] Listing '/home/droso1/drosophibot-ROS/install/interfaces/lib/python3.12/site-packages/interfaces/msg'...
[29.136s] Compiling '/home/droso1/drosophibot-ROS/install/interfaces/lib/python3.12/site-packages/interfaces/msg/__init__.py'...
[29.137s] Compiling '/home/droso1/drosophibot-ROS/install/interfaces/lib/python3.12/site-packages/interfaces/msg/_descending_command.py'...
[29.138s] Compiling '/home/droso1/drosophibot-ROS/install/interfaces/lib/python3.12/site-packages/interfaces/msg/_limb_command.py'...
[29.139s] Compiling '/home/droso1/drosophibot-ROS/install/interfaces/lib/python3.12/site-packages/interfaces/msg/_motor_command.py'...
[29.140s] Compiling '/home/droso1/drosophibot-ROS/install/interfaces/lib/python3.12/site-packages/interfaces/msg/_motor_data.py'...
[29.164s] -- Installing: /home/droso1/drosophibot-ROS/install/interfaces/lib/python3.12/site-packages/interfaces/interfaces_s__rosidl_typesupport_fastrtps_c.so
[29.167s] -- Set non-toolchain portion of runtime path of "/home/droso1/drosophibot-ROS/install/interfaces/lib/python3.12/site-packages/interfaces/interfaces_s__rosidl_typesupport_fastrtps_c.so" to ""
[29.169s] -- Installing: /home/droso1/drosophibot-ROS/install/interfaces/lib/python3.12/site-packages/interfaces/interfaces_s__rosidl_typesupport_introspection_c.so
[29.172s] -- Set non-toolchain portion of runtime path of "/home/droso1/drosophibot-ROS/install/interfaces/lib/python3.12/site-packages/interfaces/interfaces_s__rosidl_typesupport_introspection_c.so" to ""
[29.174s] -- Installing: /home/droso1/drosophibot-ROS/install/interfaces/lib/python3.12/site-packages/interfaces/interfaces_s__rosidl_typesupport_c.so
[29.178s] -- Set non-toolchain portion of runtime path of "/home/droso1/drosophibot-ROS/install/interfaces/lib/python3.12/site-packages/interfaces/interfaces_s__rosidl_typesupport_c.so" to ""
[29.179s] -- Installing: /home/droso1/drosophibot-ROS/install/interfaces/lib/libinterfaces__rosidl_generator_py.so
[29.182s] -- Set non-toolchain portion of runtime path of "/home/droso1/drosophibot-ROS/install/interfaces/lib/libinterfaces__rosidl_generator_py.so" to ""
[29.183s] -- Up-to-date: /home/droso1/drosophibot-ROS/install/interfaces/share/interfaces/msg/MotorCommand.idl
[29.183s] -- Up-to-date: /home/droso1/drosophibot-ROS/install/interfaces/share/interfaces/msg/MotorData.idl
[29.184s] -- Up-to-date: /home/droso1/drosophibot-ROS/install/interfaces/share/interfaces/msg/LimbCommand.idl
[29.184s] -- Installing: /home/droso1/drosophibot-ROS/install/interfaces/share/interfaces/msg/DescendingCommand.idl
[29.185s] -- Up-to-date: /home/droso1/drosophibot-ROS/install/interfaces/share/interfaces/msg/MotorCommand.msg
[29.185s] -- Up-to-date: /home/droso1/drosophibot-ROS/install/interfaces/share/interfaces/msg/MotorData.msg
[29.186s] -- Up-to-date: /home/droso1/drosophibot-ROS/install/interfaces/share/interfaces/msg/LimbCommand.msg
[29.186s] -- Installing: /home/droso1/drosophibot-ROS/install/interfaces/share/interfaces/msg/DescendingCommand.msg
[29.187s] -- Up-to-date: /home/droso1/drosophibot-ROS/install/interfaces/share/ament_index/resource_index/package_run_dependencies/interfaces
[29.188s] -- Installing: /home/droso1/drosophibot-ROS/install/interfaces/share/ament_index/resource_index/parent_prefix_path/interfaces
[29.189s] -- Up-to-date: /home/droso1/drosophibot-ROS/install/interfaces/share/interfaces/environment/ament_prefix_path.sh
[29.190s] -- Up-to-date: /home/droso1/drosophibot-ROS/install/interfaces/share/interfaces/environment/ament_prefix_path.dsv
[29.190s] -- Up-to-date: /home/droso1/drosophibot-ROS/install/interfaces/share/interfaces/environment/path.sh
[29.190s] -- Up-to-date: /home/droso1/drosophibot-ROS/install/interfaces/share/interfaces/environment/path.dsv
[29.191s] -- Up-to-date: /home/droso1/drosophibot-ROS/install/interfaces/share/interfaces/local_setup.bash
[29.191s] -- Up-to-date: /home/droso1/drosophibot-ROS/install/interfaces/share/interfaces/local_setup.sh
[29.192s] -- Up-to-date: /home/droso1/drosophibot-ROS/install/interfaces/share/interfaces/local_setup.zsh
[29.192s] -- Up-to-date: /home/droso1/drosophibot-ROS/install/interfaces/share/interfaces/local_setup.dsv
[29.192s] -- Installing: /home/droso1/drosophibot-ROS/install/interfaces/share/interfaces/package.dsv
[29.193s] -- Up-to-date: /home/droso1/drosophibot-ROS/install/interfaces/share/ament_index/resource_index/packages/interfaces
[29.194s] -- Up-to-date: /home/droso1/drosophibot-ROS/install/interfaces/share/interfaces/cmake/export_interfaces__rosidl_generator_cExport.cmake
[29.194s] -- Up-to-date: /home/droso1/drosophibot-ROS/install/interfaces/share/interfaces/cmake/export_interfaces__rosidl_generator_cExport-noconfig.cmake
[29.195s] -- Up-to-date: /home/droso1/drosophibot-ROS/install/interfaces/share/interfaces/cmake/export_interfaces__rosidl_typesupport_fastrtps_cExport.cmake
[29.196s] -- Up-to-date: /home/droso1/drosophibot-ROS/install/interfaces/share/interfaces/cmake/export_interfaces__rosidl_typesupport_fastrtps_cExport-noconfig.cmake
[29.197s] -- Up-to-date: /home/droso1/drosophibot-ROS/install/interfaces/share/interfaces/cmake/interfaces__rosidl_typesupport_introspection_cExport.cmake
[29.197s] -- Up-to-date: /home/droso1/drosophibot-ROS/install/interfaces/share/interfaces/cmake/interfaces__rosidl_typesupport_introspection_cExport-noconfig.cmake
[29.198s] -- Up-to-date: /home/droso1/drosophibot-ROS/install/interfaces/share/interfaces/cmake/interfaces__rosidl_typesupport_cExport.cmake
[29.198s] -- Up-to-date: /home/droso1/drosophibot-ROS/install/interfaces/share/interfaces/cmake/interfaces__rosidl_typesupport_cExport-noconfig.cmake
[29.199s] -- Up-to-date: /home/droso1/drosophibot-ROS/install/interfaces/share/interfaces/cmake/export_interfaces__rosidl_generator_cppExport.cmake
[29.200s] -- Up-to-date: /home/droso1/drosophibot-ROS/install/interfaces/share/interfaces/cmake/export_interfaces__rosidl_typesupport_fastrtps_cppExport.cmake
[29.200s] -- Up-to-date: /home/droso1/drosophibot-ROS/install/interfaces/share/interfaces/cmake/export_interfaces__rosidl_typesupport_fastrtps_cppExport-noconfig.cmake
[29.201s] -- Up-to-date: /home/droso1/drosophibot-ROS/install/interfaces/share/interfaces/cmake/interfaces__rosidl_typesupport_introspection_cppExport.cmake
[29.202s] -- Up-to-date: /home/droso1/drosophibot-ROS/install/interfaces/share/interfaces/cmake/interfaces__rosidl_typesupport_introspection_cppExport-noconfig.cmake
[29.202s] -- Up-to-date: /home/droso1/drosophibot-ROS/install/interfaces/share/interfaces/cmake/interfaces__rosidl_typesupport_cppExport.cmake
[29.203s] -- Up-to-date: /home/droso1/drosophibot-ROS/install/interfaces/share/interfaces/cmake/interfaces__rosidl_typesupport_cppExport-noconfig.cmake
[29.204s] -- Up-to-date: /home/droso1/drosophibot-ROS/install/interfaces/share/interfaces/cmake/export_interfaces__rosidl_generator_pyExport.cmake
[29.204s] -- Up-to-date: /home/droso1/drosophibot-ROS/install/interfaces/share/interfaces/cmake/export_interfaces__rosidl_generator_pyExport-noconfig.cmake
[29.205s] -- Installing: /home/droso1/drosophibot-ROS/install/interfaces/share/interfaces/cmake/rosidl_cmake-extras.cmake
[29.206s] -- Up-to-date: /home/droso1/drosophibot-ROS/install/interfaces/share/interfaces/cmake/ament_cmake_export_include_directories-extras.cmake
[29.207s] -- Up-to-date: /home/droso1/drosophibot-ROS/install/interfaces/share/interfaces/cmake/ament_cmake_export_libraries-extras.cmake
[29.207s] -- Up-to-date: /home/droso1/drosophibot-ROS/install/interfaces/share/interfaces/cmake/ament_cmake_export_targets-extras.cmake
[29.207s] -- Up-to-date: /home/droso1/drosophibot-ROS/install/interfaces/share/interfaces/cmake/rosidl_cmake_export_typesupport_targets-extras.cmake
[29.208s] -- Up-to-date: /home/droso1/drosophibot-ROS/install/interfaces/share/interfaces/cmake/ament_cmake_export_dependencies-extras.cmake
[29.208s] -- Up-to-date: /home/droso1/drosophibot-ROS/install/interfaces/share/interfaces/cmake/rosidl_cmake_export_typesupport_libraries-extras.cmake
[29.209s] -- Up-to-date: /home/droso1/drosophibot-ROS/install/interfaces/share/interfaces/cmake/interfacesConfig.cmake
[29.209s] -- Up-to-date: /home/droso1/drosophibot-ROS/install/interfaces/share/interfaces/cmake/interfacesConfig-version.cmake
[29.210s] -- Up-to-date: /home/droso1/drosophibot-ROS/install/interfaces/share/interfaces/package.xml
[29.217s] Invoked command in '/home/droso1/drosophibot-ROS/build/interfaces' returned '0': CMAKE_PREFIX_PATH=${CMAKE_PREFIX_PATH}:/opt/ros/jazzy /usr/bin/cmake --install /home/droso1/drosophibot-ROS/build/interfaces
