[ 50%] Built target listener
[100%] Built target talker
-- Install configuration: ""
-- Up-to-date: /home/droso1/drosophibot-ROS/install/pubsub/lib/pubsub/talker
-- Up-to-date: /home/droso1/drosophibot-ROS/install/pubsub/lib/pubsub/talker
-- Up-to-date: /home/droso1/drosophibot-ROS/install/pubsub/lib/pubsub/listener
-- Up-to-date: /home/droso1/drosophibot-ROS/install/pubsub/share/ament_index/resource_index/package_run_dependencies/pubsub
-- Up-to-date: /home/droso1/drosophibot-ROS/install/pubsub/share/ament_index/resource_index/parent_prefix_path/pubsub
-- Up-to-date: /home/droso1/drosophibot-ROS/install/pubsub/share/pubsub/environment/ament_prefix_path.sh
-- Up-to-date: /home/droso1/drosophibot-ROS/install/pubsub/share/pubsub/environment/ament_prefix_path.dsv
-- Up-to-date: /home/droso1/drosophibot-ROS/install/pubsub/share/pubsub/environment/path.sh
-- Up-to-date: /home/droso1/drosophibot-ROS/install/pubsub/share/pubsub/environment/path.dsv
-- Up-to-date: /home/droso1/drosophibot-ROS/install/pubsub/share/pubsub/local_setup.bash
-- Up-to-date: /home/droso1/drosophibot-ROS/install/pubsub/share/pubsub/local_setup.sh
-- Up-to-date: /home/droso1/drosophibot-ROS/install/pubsub/share/pubsub/local_setup.zsh
-- Up-to-date: /home/droso1/drosophibot-ROS/install/pubsub/share/pubsub/local_setup.dsv
-- Installing: /home/droso1/drosophibot-ROS/install/pubsub/share/pubsub/package.dsv
-- Up-to-date: /home/droso1/drosophibot-ROS/install/pubsub/share/ament_index/resource_index/packages/pubsub
-- Up-to-date: /home/droso1/drosophibot-ROS/install/pubsub/share/pubsub/cmake/pubsubConfig.cmake
-- Up-to-date: /home/droso1/drosophibot-ROS/install/pubsub/share/pubsub/cmake/pubsubConfig-version.cmake
-- Up-to-date: /home/droso1/drosophibot-ROS/install/pubsub/share/pubsub/package.xml
