[0.072s] Invoking command in '/home/droso1/drosophibot-ROS/build/pubsub': CMAKE_PREFIX_PATH=${CMAKE_PREFIX_PATH}:/opt/ros/jazzy /usr/bin/cmake --build /home/droso1/drosophibot-ROS/build/pubsub -- -j4 -l4
[0.464s] [ 50%] Built target listener
[0.503s] [100%] Built target talker
[0.629s] Invoked command in '/home/droso1/drosophibot-ROS/build/pubsub' returned '0': CMAKE_PREFIX_PATH=${CMAKE_PREFIX_PATH}:/opt/ros/jazzy /usr/bin/cmake --build /home/droso1/drosophibot-ROS/build/pubsub -- -j4 -l4
[0.643s] Invoking command in '/home/droso1/drosophibot-ROS/build/pubsub': CMAKE_PREFIX_PATH=${CMAKE_PREFIX_PATH}:/opt/ros/jazzy /usr/bin/cmake --install /home/droso1/drosophibot-ROS/build/pubsub
[0.750s] -- Install configuration: ""
[0.754s] -- Up-to-date: /home/droso1/drosophibot-ROS/install/pubsub/lib/pubsub/talker
[0.754s] -- Up-to-date: /home/droso1/drosophibot-ROS/install/pubsub/lib/pubsub/talker
[0.761s] -- Up-to-date: /home/droso1/drosophibot-ROS/install/pubsub/lib/pubsub/listener
[0.764s] -- Up-to-date: /home/droso1/drosophibot-ROS/install/pubsub/share/ament_index/resource_index/package_run_dependencies/pubsub
[0.767s] -- Up-to-date: /home/droso1/drosophibot-ROS/install/pubsub/share/ament_index/resource_index/parent_prefix_path/pubsub
[0.768s] -- Up-to-date: /home/droso1/drosophibot-ROS/install/pubsub/share/pubsub/environment/ament_prefix_path.sh
[0.776s] -- Up-to-date: /home/droso1/drosophibot-ROS/install/pubsub/share/pubsub/environment/ament_prefix_path.dsv
[0.788s] -- Up-to-date: /home/droso1/drosophibot-ROS/install/pubsub/share/pubsub/environment/path.sh
[0.789s] -- Up-to-date: /home/droso1/drosophibot-ROS/install/pubsub/share/pubsub/environment/path.dsv
[0.790s] -- Up-to-date: /home/droso1/drosophibot-ROS/install/pubsub/share/pubsub/local_setup.bash
[0.791s] -- Up-to-date: /home/droso1/drosophibot-ROS/install/pubsub/share/pubsub/local_setup.sh
[0.798s] -- Up-to-date: /home/droso1/drosophibot-ROS/install/pubsub/share/pubsub/local_setup.zsh
[0.799s] -- Up-to-date: /home/droso1/drosophibot-ROS/install/pubsub/share/pubsub/local_setup.dsv
[0.800s] -- Installing: /home/droso1/drosophibot-ROS/install/pubsub/share/pubsub/package.dsv
[0.807s] -- Up-to-date: /home/droso1/drosophibot-ROS/install/pubsub/share/ament_index/resource_index/packages/pubsub
[0.808s] -- Up-to-date: /home/droso1/drosophibot-ROS/install/pubsub/share/pubsub/cmake/pubsubConfig.cmake
[0.809s] -- Up-to-date: /home/droso1/drosophibot-ROS/install/pubsub/share/pubsub/cmake/pubsubConfig-version.cmake
[0.810s] -- Up-to-date: /home/droso1/drosophibot-ROS/install/pubsub/share/pubsub/package.xml
[0.899s] Invoked command in '/home/droso1/drosophibot-ROS/build/pubsub' returned '0': CMAKE_PREFIX_PATH=${CMAKE_PREFIX_PATH}:/opt/ros/jazzy /usr/bin/cmake --install /home/droso1/drosophibot-ROS/build/pubsub
