[0.045s] Invoking command in '/home/droso1/drosophibot-ROS/build/pubsub': CMAKE_PREFIX_PATH=${CMAKE_PREFIX_PATH}:/opt/ros/jazzy /usr/bin/cmake /home/droso1/drosophibot-ROS/pubsub -DCMAKE_INSTALL_PREFIX=/home/droso1/drosophibot-ROS/install/pubsub
[0.320s] -- The C compiler identification is GNU 13.3.0
[0.590s] -- The CXX compiler identification is GNU 13.3.0
[0.673s] -- Detecting C compiler ABI info
[1.115s] -- Detecting C compiler ABI info - done
[1.149s] -- Check for working C compiler: /usr/bin/cc - skipped
[1.150s] -- Detecting C compile features
[1.151s] -- Detecting C compile features - done
[1.196s] -- Detecting CXX compiler ABI info
[1.677s] -- Detecting CXX compiler ABI info - done
[1.713s] -- Check for working CXX compiler: /usr/bin/c++ - skipped
[1.714s] -- Detecting CXX compile features
[1.716s] -- Detecting CXX compile features - done
[1.734s] -- Found ament_cmake: 2.5.4 (/opt/ros/jazzy/share/ament_cmake/cmake)
[2.389s] -- Found Python3: /usr/bin/python3 (found version "3.12.3") found components: Interpreter 
[2.919s] -- Found rclcpp: 28.1.13 (/opt/ros/jazzy/share/rclcpp/cmake)
[3.148s] -- Found rosidl_generator_c: 4.6.6 (/opt/ros/jazzy/share/rosidl_generator_c/cmake)
[3.224s] -- Found rosidl_generator_cpp: 4.6.6 (/opt/ros/jazzy/share/rosidl_generator_cpp/cmake)
[3.309s] -- Using all available rosidl_typesupport_c: rosidl_typesupport_fastrtps_c;rosidl_typesupport_introspection_c
[3.403s] -- Using all available rosidl_typesupport_cpp: rosidl_typesupport_fastrtps_cpp;rosidl_typesupport_introspection_cpp
[3.760s] -- Found rmw_implementation_cmake: 7.3.2 (/opt/ros/jazzy/share/rmw_implementation_cmake/cmake)
[3.779s] -- Found rmw_fastrtps_cpp: 8.4.3 (/opt/ros/jazzy/share/rmw_fastrtps_cpp/cmake)
[4.209s] -- Found OpenSSL: /usr/lib/aarch64-linux-gnu/libcrypto.so (found version "3.0.13")  
[4.273s] -- Found FastRTPS: /opt/ros/jazzy/include (Required is at least version "2.13") 
[4.362s] -- Using RMW implementation 'rmw_fastrtps_cpp' as default
[4.674s] -- Found std_msgs: 5.3.6 (/opt/ros/jazzy/share/std_msgs/cmake)
[4.753s] -- Found ament_lint_auto: 0.17.3 (/opt/ros/jazzy/share/ament_lint_auto/cmake)
[5.254s] -- Added test 'cppcheck' to perform static code analysis on C / C++ code
[5.255s] -- Configured cppcheck include dirs: 
[5.255s] -- Configured cppcheck exclude dirs and/or files: 
[5.259s] -- Added test 'lint_cmake' to check CMake code style
[5.266s] -- Added test 'uncrustify' to check C / C++ code style
[5.266s] -- Configured uncrustify additional arguments: 
[5.269s] -- Added test 'xmllint' to check XML markup files
[5.275s] -- Configuring done (5.2s)
[5.347s] -- Generating done (0.0s)
[5.367s] -- Build files have been written to: /home/droso1/drosophibot-ROS/build/pubsub
[5.402s] Invoked command in '/home/droso1/drosophibot-ROS/build/pubsub' returned '0': CMAKE_PREFIX_PATH=${CMAKE_PREFIX_PATH}:/opt/ros/jazzy /usr/bin/cmake /home/droso1/drosophibot-ROS/pubsub -DCMAKE_INSTALL_PREFIX=/home/droso1/drosophibot-ROS/install/pubsub
[5.409s] Invoking command in '/home/droso1/drosophibot-ROS/build/pubsub': CMAKE_PREFIX_PATH=${CMAKE_PREFIX_PATH}:/opt/ros/jazzy /usr/bin/cmake --build /home/droso1/drosophibot-ROS/build/pubsub -- -j4 -l4
[5.650s] [ 50%] [32mBuilding CXX object CMakeFiles/talker.dir/src/publisher.cpp.o[0m
[5.650s] [ 50%] [32mBuilding CXX object CMakeFiles/listener.dir/src/subscriber.cpp.o[0m
[26.417s] [ 75%] [32m[1mLinking CXX executable talker[0m
[27.407s] [ 75%] Built target talker
[38.020s] [100%] [32m[1mLinking CXX executable listener[0m
[39.396s] [100%] Built target listener
[39.447s] Invoked command in '/home/droso1/drosophibot-ROS/build/pubsub' returned '0': CMAKE_PREFIX_PATH=${CMAKE_PREFIX_PATH}:/opt/ros/jazzy /usr/bin/cmake --build /home/droso1/drosophibot-ROS/build/pubsub -- -j4 -l4
[39.491s] Invoking command in '/home/droso1/drosophibot-ROS/build/pubsub': CMAKE_PREFIX_PATH=${CMAKE_PREFIX_PATH}:/opt/ros/jazzy /usr/bin/cmake --install /home/droso1/drosophibot-ROS/build/pubsub
[39.526s] -- Install configuration: ""
[39.527s] -- Installing: /home/droso1/drosophibot-ROS/install/pubsub/lib/pubsub/talker
[39.538s] -- Set non-toolchain portion of runtime path of "/home/droso1/drosophibot-ROS/install/pubsub/lib/pubsub/talker" to ""
[39.539s] -- Up-to-date: /home/droso1/drosophibot-ROS/install/pubsub/lib/pubsub/talker
[39.540s] -- Installing: /home/droso1/drosophibot-ROS/install/pubsub/lib/pubsub/listener
[39.572s] -- Set non-toolchain portion of runtime path of "/home/droso1/drosophibot-ROS/install/pubsub/lib/pubsub/listener" to ""
[39.573s] -- Installing: /home/droso1/drosophibot-ROS/install/pubsub/share/ament_index/resource_index/package_run_dependencies/pubsub
[39.575s] -- Installing: /home/droso1/drosophibot-ROS/install/pubsub/share/ament_index/resource_index/parent_prefix_path/pubsub
[39.576s] -- Installing: /home/droso1/drosophibot-ROS/install/pubsub/share/pubsub/environment/ament_prefix_path.sh
[39.577s] -- Installing: /home/droso1/drosophibot-ROS/install/pubsub/share/pubsub/environment/ament_prefix_path.dsv
[39.579s] -- Installing: /home/droso1/drosophibot-ROS/install/pubsub/share/pubsub/environment/path.sh
[39.580s] -- Installing: /home/droso1/drosophibot-ROS/install/pubsub/share/pubsub/environment/path.dsv
[39.581s] -- Installing: /home/droso1/drosophibot-ROS/install/pubsub/share/pubsub/local_setup.bash
[39.582s] -- Installing: /home/droso1/drosophibot-ROS/install/pubsub/share/pubsub/local_setup.sh
[39.583s] -- Installing: /home/droso1/drosophibot-ROS/install/pubsub/share/pubsub/local_setup.zsh
[39.584s] -- Installing: /home/droso1/drosophibot-ROS/install/pubsub/share/pubsub/local_setup.dsv
[39.585s] -- Installing: /home/droso1/drosophibot-ROS/install/pubsub/share/pubsub/package.dsv
[39.586s] -- Installing: /home/droso1/drosophibot-ROS/install/pubsub/share/ament_index/resource_index/packages/pubsub
[39.588s] -- Installing: /home/droso1/drosophibot-ROS/install/pubsub/share/pubsub/cmake/pubsubConfig.cmake
[39.588s] -- Installing: /home/droso1/drosophibot-ROS/install/pubsub/share/pubsub/cmake/pubsubConfig-version.cmake
[39.590s] -- Installing: /home/droso1/drosophibot-ROS/install/pubsub/share/pubsub/package.xml
[39.597s] Invoked command in '/home/droso1/drosophibot-ROS/build/pubsub' returned '0': CMAKE_PREFIX_PATH=${CMAKE_PREFIX_PATH}:/opt/ros/jazzy /usr/bin/cmake --install /home/droso1/drosophibot-ROS/build/pubsub
