[0.055s] Invoking command in '/home/droso1/drosophibot-ROS/build/limb_controller': CMAKE_PREFIX_PATH=/home/droso1/drosophibot-ROS/install/interfaces:/home/droso1/drosophibot-ROS/install/testcpp:/home/droso1/drosophibot-ROS/install/pubsub:/home/droso1/drosophibot-ROS/install/motor_control:/opt/ros/jazzy /usr/bin/cmake /home/droso1/drosophibot-ROS/limb_controller -Wno-dev -DCMAKE_INSTALL_PREFIX=/home/droso1/drosophibot-ROS/install/limb_controller
[0.117s] -- Found ament_cmake: 2.5.4 (/opt/ros/jazzy/share/ament_cmake/cmake)
[1.082s] -- Found rclcpp: 28.1.13 (/opt/ros/jazzy/share/rclcpp/cmake)
[1.210s] -- Found rosidl_generator_c: 4.6.6 (/opt/ros/jazzy/share/rosidl_generator_c/cmake)
[1.250s] -- Found rosidl_generator_cpp: 4.6.6 (/opt/ros/jazzy/share/rosidl_generator_cpp/cmake)
[1.298s] -- Using all available rosidl_typesupport_c: rosidl_typesupport_fastrtps_c;rosidl_typesupport_introspection_c
[1.355s] -- Using all available rosidl_typesupport_cpp: rosidl_typesupport_fastrtps_cpp;rosidl_typesupport_introspection_cpp
[1.587s] -- Found rmw_implementation_cmake: 7.3.2 (/opt/ros/jazzy/share/rmw_implementation_cmake/cmake)
[1.593s] -- Found rmw_fastrtps_cpp: 8.4.3 (/opt/ros/jazzy/share/rmw_fastrtps_cpp/cmake)
[1.840s] -- Using RMW implementation 'rmw_fastrtps_cpp' as default
[2.058s] -- Found interfaces: 0.0.0 (/home/droso1/drosophibot-ROS/install/interfaces/share/interfaces/cmake)
[2.097s] -- Found ament_lint_auto: 0.17.3 (/opt/ros/jazzy/share/ament_lint_auto/cmake)
[2.697s] -- Added test 'cppcheck' to perform static code analysis on C / C++ code
[2.698s] -- Configured cppcheck include dirs: /home/droso1/drosophibot-ROS/limb_controller/include
[2.698s] -- Configured cppcheck exclude dirs and/or files: 
[2.770s] -- Added test 'lint_cmake' to check CMake code style
[2.982s] -- Added test 'uncrustify' to check C / C++ code style
[2.982s] -- Configured uncrustify additional arguments: 
[3.007s] -- Added test 'xmllint' to check XML markup files
[3.011s] -- Configuring done (2.9s)
[3.080s] -- Generating done (0.0s)
[3.097s] -- Build files have been written to: /home/droso1/drosophibot-ROS/build/limb_controller
[3.122s] Invoked command in '/home/droso1/drosophibot-ROS/build/limb_controller' returned '0': CMAKE_PREFIX_PATH=/home/droso1/drosophibot-ROS/install/interfaces:/home/droso1/drosophibot-ROS/install/testcpp:/home/droso1/drosophibot-ROS/install/pubsub:/home/droso1/drosophibot-ROS/install/motor_control:/opt/ros/jazzy /usr/bin/cmake /home/droso1/drosophibot-ROS/limb_controller -Wno-dev -DCMAKE_INSTALL_PREFIX=/home/droso1/drosophibot-ROS/install/limb_controller
[3.128s] Invoking command in '/home/droso1/drosophibot-ROS/build/limb_controller': CMAKE_PREFIX_PATH=/home/droso1/drosophibot-ROS/install/interfaces:/home/droso1/drosophibot-ROS/install/testcpp:/home/droso1/drosophibot-ROS/install/pubsub:/home/droso1/drosophibot-ROS/install/motor_control:/opt/ros/jazzy /usr/bin/cmake --build /home/droso1/drosophibot-ROS/build/limb_controller -- -j4 -l4
[3.448s] [100%] Built target limb_controller
[3.496s] Invoked command in '/home/droso1/drosophibot-ROS/build/limb_controller' returned '0': CMAKE_PREFIX_PATH=/home/droso1/drosophibot-ROS/install/interfaces:/home/droso1/drosophibot-ROS/install/testcpp:/home/droso1/drosophibot-ROS/install/pubsub:/home/droso1/drosophibot-ROS/install/motor_control:/opt/ros/jazzy /usr/bin/cmake --build /home/droso1/drosophibot-ROS/build/limb_controller -- -j4 -l4
[3.542s] Invoking command in '/home/droso1/drosophibot-ROS/build/limb_controller': CMAKE_PREFIX_PATH=/home/droso1/drosophibot-ROS/install/interfaces:/home/droso1/drosophibot-ROS/install/testcpp:/home/droso1/drosophibot-ROS/install/pubsub:/home/droso1/drosophibot-ROS/install/motor_control:/opt/ros/jazzy /usr/bin/cmake --install /home/droso1/drosophibot-ROS/build/limb_controller
[3.577s] -- Install configuration: ""
[3.578s] -- Up-to-date: /home/droso1/drosophibot-ROS/install/limb_controller/share/ament_index/resource_index/package_run_dependencies/limb_controller
[3.578s] -- Up-to-date: /home/droso1/drosophibot-ROS/install/limb_controller/share/ament_index/resource_index/parent_prefix_path/limb_controller
[3.579s] -- Up-to-date: /home/droso1/drosophibot-ROS/install/limb_controller/share/limb_controller/environment/ament_prefix_path.sh
[3.579s] -- Up-to-date: /home/droso1/drosophibot-ROS/install/limb_controller/share/limb_controller/environment/ament_prefix_path.dsv
[3.579s] -- Up-to-date: /home/droso1/drosophibot-ROS/install/limb_controller/share/limb_controller/environment/path.sh
[3.580s] -- Up-to-date: /home/droso1/drosophibot-ROS/install/limb_controller/share/limb_controller/environment/path.dsv
[3.580s] -- Up-to-date: /home/droso1/drosophibot-ROS/install/limb_controller/share/limb_controller/local_setup.bash
[3.581s] -- Up-to-date: /home/droso1/drosophibot-ROS/install/limb_controller/share/limb_controller/local_setup.sh
[3.581s] -- Up-to-date: /home/droso1/drosophibot-ROS/install/limb_controller/share/limb_controller/local_setup.zsh
[3.582s] -- Up-to-date: /home/droso1/drosophibot-ROS/install/limb_controller/share/limb_controller/local_setup.dsv
[3.582s] -- Installing: /home/droso1/drosophibot-ROS/install/limb_controller/share/limb_controller/package.dsv
[3.582s] -- Up-to-date: /home/droso1/drosophibot-ROS/install/limb_controller/share/ament_index/resource_index/packages/limb_controller
[3.583s] -- Up-to-date: /home/droso1/drosophibot-ROS/install/limb_controller/share/limb_controller/cmake/limb_controllerConfig.cmake
[3.583s] -- Up-to-date: /home/droso1/drosophibot-ROS/install/limb_controller/share/limb_controller/cmake/limb_controllerConfig-version.cmake
[3.584s] -- Up-to-date: /home/droso1/drosophibot-ROS/install/limb_controller/share/limb_controller/package.xml
[3.590s] Invoked command in '/home/droso1/drosophibot-ROS/build/limb_controller' returned '0': CMAKE_PREFIX_PATH=/home/droso1/drosophibot-ROS/install/interfaces:/home/droso1/drosophibot-ROS/install/testcpp:/home/droso1/drosophibot-ROS/install/pubsub:/home/droso1/drosophibot-ROS/install/motor_control:/opt/ros/jazzy /usr/bin/cmake --install /home/droso1/drosophibot-ROS/build/limb_controller
