-- Found ament_cmake: 2.5.4 (/opt/ros/jazzy/share/ament_cmake/cmake)
-- Found rclcpp: 28.1.13 (/opt/ros/jazzy/share/rclcpp/cmake)
-- Found rosidl_generator_c: 4.6.6 (/opt/ros/jazzy/share/rosidl_generator_c/cmake)
-- Found rosidl_generator_cpp: 4.6.6 (/opt/ros/jazzy/share/rosidl_generator_cpp/cmake)
-- Using all available rosidl_typesupport_c: rosidl_typesupport_fastrtps_c;rosidl_typesupport_introspection_c
-- Using all available rosidl_typesupport_cpp: rosidl_typesupport_fastrtps_cpp;rosidl_typesupport_introspection_cpp
-- Found rmw_implementation_cmake: 7.3.2 (/opt/ros/jazzy/share/rmw_implementation_cmake/cmake)
-- Found rmw_fastrtps_cpp: 8.4.3 (/opt/ros/jazzy/share/rmw_fastrtps_cpp/cmake)
-- Using RMW implementation 'rmw_fastrtps_cpp' as default
-- Found interfaces: 0.0.0 (/home/droso1/drosophibot-ROS/install/interfaces/share/interfaces/cmake)
-- Found ament_lint_auto: 0.17.3 (/opt/ros/jazzy/share/ament_lint_auto/cmake)
-- Added test 'cppcheck' to perform static code analysis on C / C++ code
-- Configured cppcheck include dirs: /home/droso1/drosophibot-ROS/limb_controller/include
-- Configured cppcheck exclude dirs and/or files: 
-- Added test 'lint_cmake' to check CMake code style
-- Added test 'uncrustify' to check C / C++ code style
-- Configured uncrustify additional arguments: 
-- Added test 'xmllint' to check XML markup files
-- Configuring done (2.9s)
-- Generating done (0.0s)
-- Build files have been written to: /home/droso1/drosophibot-ROS/build/limb_controller
[ 20%] [32mBuilding CXX object CMakeFiles/limb_controller.dir/src/limb_controller.cpp.o[0m
[ 40%] [32mBuilding CXX object CMakeFiles/limb_controller.dir/src/Network.cpp.o[0m
[ 60%] [32mBuilding CXX object CMakeFiles/limb_controller.dir/src/cjsontoEigen.cpp.o[0m
[ 80%] [32mBuilding C object CMakeFiles/limb_controller.dir/src/cJSON.c.o[0m
[100%] [32m[1mLinking CXX executable limb_controller[0m
[100%] Built target limb_controller
-- Install configuration: ""
-- Installing: /home/droso1/drosophibot-ROS/install/limb_controller/share/ament_index/resource_index/package_run_dependencies/limb_controller
-- Installing: /home/droso1/drosophibot-ROS/install/limb_controller/share/ament_index/resource_index/parent_prefix_path/limb_controller
-- Installing: /home/droso1/drosophibot-ROS/install/limb_controller/share/limb_controller/environment/ament_prefix_path.sh
-- Installing: /home/droso1/drosophibot-ROS/install/limb_controller/share/limb_controller/environment/ament_prefix_path.dsv
-- Installing: /home/droso1/drosophibot-ROS/install/limb_controller/share/limb_controller/environment/path.sh
-- Installing: /home/droso1/drosophibot-ROS/install/limb_controller/share/limb_controller/environment/path.dsv
-- Installing: /home/droso1/drosophibot-ROS/install/limb_controller/share/limb_controller/local_setup.bash
-- Installing: /home/droso1/drosophibot-ROS/install/limb_controller/share/limb_controller/local_setup.sh
-- Installing: /home/droso1/drosophibot-ROS/install/limb_controller/share/limb_controller/local_setup.zsh
-- Installing: /home/droso1/drosophibot-ROS/install/limb_controller/share/limb_controller/local_setup.dsv
-- Installing: /home/droso1/drosophibot-ROS/install/limb_controller/share/limb_controller/package.dsv
-- Installing: /home/droso1/drosophibot-ROS/install/limb_controller/share/ament_index/resource_index/packages/limb_controller
-- Installing: /home/droso1/drosophibot-ROS/install/limb_controller/share/limb_controller/cmake/limb_controllerConfig.cmake
-- Installing: /home/droso1/drosophibot-ROS/install/limb_controller/share/limb_controller/cmake/limb_controllerConfig-version.cmake
-- Installing: /home/droso1/drosophibot-ROS/install/limb_controller/share/limb_controller/package.xml
