[0.082s] Invoking command in '/home/droso1/drosophibot-ROS/build/interfaces': CMAKE_PREFIX_PATH=${CMAKE_PREFIX_PATH}:/opt/ros/jazzy /usr/bin/cmake --build /home/droso1/drosophibot-ROS/build/interfaces -- -j4 -l4
[0.363s] [  1%] Built target interfaces__rosidl_generator_type_description
[0.429s] [  1%] Built target ament_cmake_python_copy_interfaces
[0.515s] [  3%] Built target interfaces__cpp
[0.551s] [ 25%] Built target interfaces__rosidl_generator_c
[0.706s] [ 34%] Built target interfaces__rosidl_typesupport_c
[0.749s] [ 43%] Built target interfaces__rosidl_typesupport_introspection_c
[0.835s] [ 53%] Built target interfaces__rosidl_typesupport_fastrtps_c
[0.902s] [ 62%] Built target interfaces__rosidl_typesupport_fastrtps_cpp
[0.943s] [ 71%] Built target interfaces__rosidl_typesupport_cpp
[1.005s] [ 81%] Built target interfaces__rosidl_typesupport_introspection_cpp
[1.105s] [ 81%] Built target interfaces
[1.207s] [ 82%] Built target interfaces__py
[1.322s] [ 90%] Built target interfaces__rosidl_generator_py
[1.443s] [ 93%] Built target interfaces_s__rosidl_typesupport_fastrtps_c
[1.447s] [ 96%] Built target interfaces_s__rosidl_typesupport_introspection_c
[1.455s] [100%] Built target interfaces_s__rosidl_typesupport_c
[1.578s] running egg_info
[1.650s] writing interfaces.egg-info/PKG-INFO
[1.651s] writing dependency_links to interfaces.egg-info/dependency_links.txt
[1.654s] writing top-level names to interfaces.egg-info/top_level.txt
[1.859s] reading manifest file 'interfaces.egg-info/SOURCES.txt'
[1.862s] writing manifest file 'interfaces.egg-info/SOURCES.txt'
[1.997s] [100%] Built target ament_cmake_python_build_interfaces_egg
[2.050s] Invoked command in '/home/droso1/drosophibot-ROS/build/interfaces' returned '0': CMAKE_PREFIX_PATH=${CMAKE_PREFIX_PATH}:/opt/ros/jazzy /usr/bin/cmake --build /home/droso1/drosophibot-ROS/build/interfaces -- -j4 -l4
[2.056s] Invoking command in '/home/droso1/drosophibot-ROS/build/interfaces': CMAKE_PREFIX_PATH=${CMAKE_PREFIX_PATH}:/opt/ros/jazzy /usr/bin/cmake --install /home/droso1/drosophibot-ROS/build/interfaces
[2.097s] -- Install configuration: ""
[2.097s] -- Up-to-date: /home/droso1/drosophibot-ROS/install/interfaces/share/ament_index/resource_index/rosidl_interfaces/interfaces
[2.098s] -- Up-to-date: /home/droso1/drosophibot-ROS/install/interfaces/share/interfaces/msg/MotorCommand.json
[2.098s] -- Up-to-date: /home/droso1/drosophibot-ROS/install/interfaces/share/interfaces/msg/MotorData.json
[2.099s] -- Up-to-date: /home/droso1/drosophibot-ROS/install/interfaces/share/interfaces/msg/LimbCommand.json
[2.099s] -- Up-to-date: /home/droso1/drosophibot-ROS/install/interfaces/share/interfaces/msg/DescendingCommand.json
[2.100s] -- Up-to-date: /home/droso1/drosophibot-ROS/install/interfaces/include/interfaces/interfaces
[2.100s] -- Up-to-date: /home/droso1/drosophibot-ROS/install/interfaces/include/interfaces/interfaces/msg
[2.101s] -- Up-to-date: /home/droso1/drosophibot-ROS/install/interfaces/include/interfaces/interfaces/msg/descending_command.h
[2.101s] -- Up-to-date: /home/droso1/drosophibot-ROS/install/interfaces/include/interfaces/interfaces/msg/motor_data.h
[2.101s] -- Up-to-date: /home/droso1/drosophibot-ROS/install/interfaces/include/interfaces/interfaces/msg/detail
[2.102s] -- Installing: /home/droso1/drosophibot-ROS/install/interfaces/include/interfaces/interfaces/msg/detail/motor_data__type_support.c
[2.102s] -- Up-to-date: /home/droso1/drosophibot-ROS/install/interfaces/include/interfaces/interfaces/msg/detail/limb_command__struct.h
[2.103s] -- Up-to-date: /home/droso1/drosophibot-ROS/install/interfaces/include/interfaces/interfaces/msg/detail/limb_command__type_support.h
[2.103s] -- Up-to-date: /home/droso1/drosophibot-ROS/install/interfaces/include/interfaces/interfaces/msg/detail/motor_data__functions.c
[2.103s] -- Up-to-date: /home/droso1/drosophibot-ROS/install/interfaces/include/interfaces/interfaces/msg/detail/descending_command__functions.c
[2.104s] -- Up-to-date: /home/droso1/drosophibot-ROS/install/interfaces/include/interfaces/interfaces/msg/detail/limb_command__functions.c
[2.104s] -- Up-to-date: /home/droso1/drosophibot-ROS/install/interfaces/include/interfaces/interfaces/msg/detail/limb_command__description.c
[2.105s] -- Installing: /home/droso1/drosophibot-ROS/install/interfaces/include/interfaces/interfaces/msg/detail/limb_command__type_support.c
[2.105s] -- Up-to-date: /home/droso1/drosophibot-ROS/install/interfaces/include/interfaces/interfaces/msg/detail/descending_command__struct.h
[2.106s] -- Installing: /home/droso1/drosophibot-ROS/install/interfaces/include/interfaces/interfaces/msg/detail/descending_command__type_support.c
[2.107s] -- Up-to-date: /home/droso1/drosophibot-ROS/install/interfaces/include/interfaces/interfaces/msg/detail/motor_data__type_support.h
[2.107s] -- Installing: /home/droso1/drosophibot-ROS/install/interfaces/include/interfaces/interfaces/msg/detail/motor_command__type_support.c
[2.108s] -- Up-to-date: /home/droso1/drosophibot-ROS/install/interfaces/include/interfaces/interfaces/msg/detail/motor_data__functions.h
[2.109s] -- Up-to-date: /home/droso1/drosophibot-ROS/install/interfaces/include/interfaces/interfaces/msg/detail/motor_command__description.c
[2.109s] -- Up-to-date: /home/droso1/drosophibot-ROS/install/interfaces/include/interfaces/interfaces/msg/detail/motor_data__struct.h
[2.109s] -- Up-to-date: /home/droso1/drosophibot-ROS/install/interfaces/include/interfaces/interfaces/msg/detail/motor_command__functions.h
[2.110s] -- Up-to-date: /home/droso1/drosophibot-ROS/install/interfaces/include/interfaces/interfaces/msg/detail/motor_command__type_support.h
[2.110s] -- Up-to-date: /home/droso1/drosophibot-ROS/install/interfaces/include/interfaces/interfaces/msg/detail/descending_command__description.c
[2.110s] -- Up-to-date: /home/droso1/drosophibot-ROS/install/interfaces/include/interfaces/interfaces/msg/detail/descending_command__type_support.h
[2.111s] -- Up-to-date: /home/droso1/drosophibot-ROS/install/interfaces/include/interfaces/interfaces/msg/detail/limb_command__functions.h
[2.111s] -- Up-to-date: /home/droso1/drosophibot-ROS/install/interfaces/include/interfaces/interfaces/msg/detail/motor_data__description.c
[2.112s] -- Up-to-date: /home/droso1/drosophibot-ROS/install/interfaces/include/interfaces/interfaces/msg/detail/motor_command__functions.c
[2.112s] -- Up-to-date: /home/droso1/drosophibot-ROS/install/interfaces/include/interfaces/interfaces/msg/detail/descending_command__functions.h
[2.113s] -- Up-to-date: /home/droso1/drosophibot-ROS/install/interfaces/include/interfaces/interfaces/msg/detail/motor_command__struct.h
[2.113s] -- Up-to-date: /home/droso1/drosophibot-ROS/install/interfaces/include/interfaces/interfaces/msg/motor_command.h
[2.113s] -- Up-to-date: /home/droso1/drosophibot-ROS/install/interfaces/include/interfaces/interfaces/msg/rosidl_generator_c__visibility_control.h
[2.114s] -- Up-to-date: /home/droso1/drosophibot-ROS/install/interfaces/include/interfaces/interfaces/msg/limb_command.h
[2.114s] -- Up-to-date: /home/droso1/drosophibot-ROS/install/interfaces/share/interfaces/environment/library_path.sh
[2.114s] -- Up-to-date: /home/droso1/drosophibot-ROS/install/interfaces/share/interfaces/environment/library_path.dsv
[2.115s] -- Up-to-date: /home/droso1/drosophibot-ROS/install/interfaces/lib/libinterfaces__rosidl_generator_c.so
[2.115s] -- Up-to-date: /home/droso1/drosophibot-ROS/install/interfaces/include/interfaces/interfaces
[2.116s] -- Up-to-date: /home/droso1/drosophibot-ROS/install/interfaces/include/interfaces/interfaces/msg
[2.116s] -- Up-to-date: /home/droso1/drosophibot-ROS/install/interfaces/include/interfaces/interfaces/msg/rosidl_typesupport_fastrtps_c__visibility_control.h
[2.117s] -- Up-to-date: /home/droso1/drosophibot-ROS/install/interfaces/include/interfaces/interfaces/msg/detail
[2.117s] -- Up-to-date: /home/droso1/drosophibot-ROS/install/interfaces/include/interfaces/interfaces/msg/detail/motor_data__rosidl_typesupport_fastrtps_c.h
[2.117s] -- Up-to-date: /home/droso1/drosophibot-ROS/install/interfaces/include/interfaces/interfaces/msg/detail/limb_command__rosidl_typesupport_fastrtps_c.h
[2.118s] -- Up-to-date: /home/droso1/drosophibot-ROS/install/interfaces/include/interfaces/interfaces/msg/detail/motor_command__rosidl_typesupport_fastrtps_c.h
[2.118s] -- Up-to-date: /home/droso1/drosophibot-ROS/install/interfaces/include/interfaces/interfaces/msg/detail/descending_command__rosidl_typesupport_fastrtps_c.h
[2.119s] -- Up-to-date: /home/droso1/drosophibot-ROS/install/interfaces/lib/libinterfaces__rosidl_typesupport_fastrtps_c.so
[2.120s] -- Up-to-date: /home/droso1/drosophibot-ROS/install/interfaces/include/interfaces/interfaces
[2.121s] -- Up-to-date: /home/droso1/drosophibot-ROS/install/interfaces/include/interfaces/interfaces/msg
[2.121s] -- Up-to-date: /home/droso1/drosophibot-ROS/install/interfaces/include/interfaces/interfaces/msg/detail
[2.122s] -- Installing: /home/droso1/drosophibot-ROS/install/interfaces/include/interfaces/interfaces/msg/detail/motor_data__type_support.c
[2.123s] -- Up-to-date: /home/droso1/drosophibot-ROS/install/interfaces/include/interfaces/interfaces/msg/detail/motor_data__rosidl_typesupport_introspection_c.h
[2.123s] -- Up-to-date: /home/droso1/drosophibot-ROS/install/interfaces/include/interfaces/interfaces/msg/detail/motor_command__rosidl_typesupport_introspection_c.h
[2.124s] -- Up-to-date: /home/droso1/drosophibot-ROS/install/interfaces/include/interfaces/interfaces/msg/detail/limb_command__rosidl_typesupport_introspection_c.h
[2.124s] -- Installing: /home/droso1/drosophibot-ROS/install/interfaces/include/interfaces/interfaces/msg/detail/limb_command__type_support.c
[2.125s] -- Installing: /home/droso1/drosophibot-ROS/install/interfaces/include/interfaces/interfaces/msg/detail/descending_command__type_support.c
[2.126s] -- Up-to-date: /home/droso1/drosophibot-ROS/install/interfaces/include/interfaces/interfaces/msg/detail/descending_command__rosidl_typesupport_introspection_c.h
[2.127s] -- Installing: /home/droso1/drosophibot-ROS/install/interfaces/include/interfaces/interfaces/msg/detail/motor_command__type_support.c
[2.128s] -- Up-to-date: /home/droso1/drosophibot-ROS/install/interfaces/include/interfaces/interfaces/msg/rosidl_typesupport_introspection_c__visibility_control.h
[2.129s] -- Up-to-date: /home/droso1/drosophibot-ROS/install/interfaces/lib/libinterfaces__rosidl_typesupport_introspection_c.so
[2.131s] -- Up-to-date: /home/droso1/drosophibot-ROS/install/interfaces/lib/libinterfaces__rosidl_typesupport_c.so
[2.132s] -- Up-to-date: /home/droso1/drosophibot-ROS/install/interfaces/include/interfaces/interfaces
[2.132s] -- Up-to-date: /home/droso1/drosophibot-ROS/install/interfaces/include/interfaces/interfaces/msg
[2.133s] -- Up-to-date: /home/droso1/drosophibot-ROS/install/interfaces/include/interfaces/interfaces/msg/motor_data.hpp
[2.133s] -- Up-to-date: /home/droso1/drosophibot-ROS/install/interfaces/include/interfaces/interfaces/msg/descending_command.hpp
[2.134s] -- Up-to-date: /home/droso1/drosophibot-ROS/install/interfaces/include/interfaces/interfaces/msg/limb_command.hpp
[2.134s] -- Up-to-date: /home/droso1/drosophibot-ROS/install/interfaces/include/interfaces/interfaces/msg/detail
[2.135s] -- Up-to-date: /home/droso1/drosophibot-ROS/install/interfaces/include/interfaces/interfaces/msg/detail/descending_command__struct.hpp
[2.135s] -- Up-to-date: /home/droso1/drosophibot-ROS/install/interfaces/include/interfaces/interfaces/msg/detail/motor_data__builder.hpp
[2.135s] -- Up-to-date: /home/droso1/drosophibot-ROS/install/interfaces/include/interfaces/interfaces/msg/detail/motor_command__builder.hpp
[2.136s] -- Up-to-date: /home/droso1/drosophibot-ROS/install/interfaces/include/interfaces/interfaces/msg/detail/motor_command__traits.hpp
[2.136s] -- Up-to-date: /home/droso1/drosophibot-ROS/install/interfaces/include/interfaces/interfaces/msg/detail/descending_command__type_support.hpp
[2.137s] -- Up-to-date: /home/droso1/drosophibot-ROS/install/interfaces/include/interfaces/interfaces/msg/detail/motor_data__traits.hpp
[2.137s] -- Up-to-date: /home/droso1/drosophibot-ROS/install/interfaces/include/interfaces/interfaces/msg/detail/limb_command__struct.hpp
[2.137s] -- Up-to-date: /home/droso1/drosophibot-ROS/install/interfaces/include/interfaces/interfaces/msg/detail/motor_command__type_support.hpp
[2.138s] -- Up-to-date: /home/droso1/drosophibot-ROS/install/interfaces/include/interfaces/interfaces/msg/detail/motor_data__struct.hpp
[2.138s] -- Up-to-date: /home/droso1/drosophibot-ROS/install/interfaces/include/interfaces/interfaces/msg/detail/limb_command__type_support.hpp
[2.138s] -- Up-to-date: /home/droso1/drosophibot-ROS/install/interfaces/include/interfaces/interfaces/msg/detail/limb_command__traits.hpp
[2.139s] -- Up-to-date: /home/droso1/drosophibot-ROS/install/interfaces/include/interfaces/interfaces/msg/detail/motor_command__struct.hpp
[2.139s] -- Up-to-date: /home/droso1/drosophibot-ROS/install/interfaces/include/interfaces/interfaces/msg/detail/descending_command__builder.hpp
[2.140s] -- Up-to-date: /home/droso1/drosophibot-ROS/install/interfaces/include/interfaces/interfaces/msg/detail/limb_command__builder.hpp
[2.140s] -- Up-to-date: /home/droso1/drosophibot-ROS/install/interfaces/include/interfaces/interfaces/msg/detail/descending_command__traits.hpp
[2.141s] -- Up-to-date: /home/droso1/drosophibot-ROS/install/interfaces/include/interfaces/interfaces/msg/detail/motor_data__type_support.hpp
[2.141s] -- Up-to-date: /home/droso1/drosophibot-ROS/install/interfaces/include/interfaces/interfaces/msg/rosidl_generator_cpp__visibility_control.hpp
[2.141s] -- Up-to-date: /home/droso1/drosophibot-ROS/install/interfaces/include/interfaces/interfaces/msg/motor_command.hpp
[2.142s] -- Up-to-date: /home/droso1/drosophibot-ROS/install/interfaces/include/interfaces/interfaces
[2.142s] -- Up-to-date: /home/droso1/drosophibot-ROS/install/interfaces/include/interfaces/interfaces/msg
[2.143s] -- Up-to-date: /home/droso1/drosophibot-ROS/install/interfaces/include/interfaces/interfaces/msg/detail
[2.143s] -- Up-to-date: /home/droso1/drosophibot-ROS/install/interfaces/include/interfaces/interfaces/msg/detail/motor_command__rosidl_typesupport_fastrtps_cpp.hpp
[2.143s] -- Up-to-date: /home/droso1/drosophibot-ROS/install/interfaces/include/interfaces/interfaces/msg/detail/descending_command__rosidl_typesupport_fastrtps_cpp.hpp
[2.144s] -- Up-to-date: /home/droso1/drosophibot-ROS/install/interfaces/include/interfaces/interfaces/msg/detail/motor_data__rosidl_typesupport_fastrtps_cpp.hpp
[2.144s] -- Up-to-date: /home/droso1/drosophibot-ROS/install/interfaces/include/interfaces/interfaces/msg/detail/limb_command__rosidl_typesupport_fastrtps_cpp.hpp
[2.144s] -- Up-to-date: /home/droso1/drosophibot-ROS/install/interfaces/include/interfaces/interfaces/msg/detail/dds_fastrtps
[2.145s] -- Up-to-date: /home/droso1/drosophibot-ROS/install/interfaces/include/interfaces/interfaces/msg/rosidl_typesupport_fastrtps_cpp__visibility_control.h
[2.145s] -- Up-to-date: /home/droso1/drosophibot-ROS/install/interfaces/lib/libinterfaces__rosidl_typesupport_fastrtps_cpp.so
[2.146s] -- Up-to-date: /home/droso1/drosophibot-ROS/install/interfaces/include/interfaces/interfaces
[2.146s] -- Up-to-date: /home/droso1/drosophibot-ROS/install/interfaces/include/interfaces/interfaces/msg
[2.146s] -- Up-to-date: /home/droso1/drosophibot-ROS/install/interfaces/include/interfaces/interfaces/msg/detail
[2.147s] -- Up-to-date: /home/droso1/drosophibot-ROS/install/interfaces/include/interfaces/interfaces/msg/detail/motor_data__rosidl_typesupport_introspection_cpp.hpp
[2.147s] -- Up-to-date: /home/droso1/drosophibot-ROS/install/interfaces/include/interfaces/interfaces/msg/detail/motor_command__rosidl_typesupport_introspection_cpp.hpp
[2.148s] -- Up-to-date: /home/droso1/drosophibot-ROS/install/interfaces/include/interfaces/interfaces/msg/detail/descending_command__rosidl_typesupport_introspection_cpp.hpp
[2.148s] -- Up-to-date: /home/droso1/drosophibot-ROS/install/interfaces/include/interfaces/interfaces/msg/detail/motor_command__type_support.cpp
[2.149s] -- Up-to-date: /home/droso1/drosophibot-ROS/install/interfaces/include/interfaces/interfaces/msg/detail/motor_data__type_support.cpp
[2.149s] -- Up-to-date: /home/droso1/drosophibot-ROS/install/interfaces/include/interfaces/interfaces/msg/detail/descending_command__type_support.cpp
[2.149s] -- Up-to-date: /home/droso1/drosophibot-ROS/install/interfaces/include/interfaces/interfaces/msg/detail/limb_command__rosidl_typesupport_introspection_cpp.hpp
[2.150s] -- Up-to-date: /home/droso1/drosophibot-ROS/install/interfaces/include/interfaces/interfaces/msg/detail/limb_command__type_support.cpp
[2.150s] -- Up-to-date: /home/droso1/drosophibot-ROS/install/interfaces/lib/libinterfaces__rosidl_typesupport_introspection_cpp.so
[2.151s] -- Up-to-date: /home/droso1/drosophibot-ROS/install/interfaces/lib/libinterfaces__rosidl_typesupport_cpp.so
[2.153s] -- Up-to-date: /home/droso1/drosophibot-ROS/install/interfaces/share/interfaces/environment/pythonpath.sh
[2.153s] -- Up-to-date: /home/droso1/drosophibot-ROS/install/interfaces/share/interfaces/environment/pythonpath.dsv
[2.154s] -- Up-to-date: /home/droso1/drosophibot-ROS/install/interfaces/lib/python3.12/site-packages/interfaces-0.0.0-py3.12.egg-info
[2.154s] -- Installing: /home/droso1/drosophibot-ROS/install/interfaces/lib/python3.12/site-packages/interfaces-0.0.0-py3.12.egg-info/dependency_links.txt
[2.155s] -- Installing: /home/droso1/drosophibot-ROS/install/interfaces/lib/python3.12/site-packages/interfaces-0.0.0-py3.12.egg-info/PKG-INFO
[2.156s] -- Installing: /home/droso1/drosophibot-ROS/install/interfaces/lib/python3.12/site-packages/interfaces-0.0.0-py3.12.egg-info/top_level.txt
[2.157s] -- Installing: /home/droso1/drosophibot-ROS/install/interfaces/lib/python3.12/site-packages/interfaces-0.0.0-py3.12.egg-info/SOURCES.txt
[2.159s] -- Up-to-date: /home/droso1/drosophibot-ROS/install/interfaces/lib/python3.12/site-packages/interfaces
[2.159s] -- Up-to-date: /home/droso1/drosophibot-ROS/install/interfaces/lib/python3.12/site-packages/interfaces/_interfaces_s.ep.rosidl_typesupport_fastrtps_c.c
[2.160s] -- Up-to-date: /home/droso1/drosophibot-ROS/install/interfaces/lib/python3.12/site-packages/interfaces/interfaces_s__rosidl_typesupport_fastrtps_c.so
[2.160s] -- Up-to-date: /home/droso1/drosophibot-ROS/install/interfaces/lib/python3.12/site-packages/interfaces/interfaces_s__rosidl_typesupport_c.so
[2.160s] -- Up-to-date: /home/droso1/drosophibot-ROS/install/interfaces/lib/python3.12/site-packages/interfaces/_interfaces_s.ep.rosidl_typesupport_c.c
[2.161s] -- Up-to-date: /home/droso1/drosophibot-ROS/install/interfaces/lib/python3.12/site-packages/interfaces/interfaces_s__rosidl_typesupport_introspection_c.so
[2.161s] -- Up-to-date: /home/droso1/drosophibot-ROS/install/interfaces/lib/python3.12/site-packages/interfaces/msg
[2.162s] -- Up-to-date: /home/droso1/drosophibot-ROS/install/interfaces/lib/python3.12/site-packages/interfaces/msg/_motor_data_s.c
[2.162s] -- Up-to-date: /home/droso1/drosophibot-ROS/install/interfaces/lib/python3.12/site-packages/interfaces/msg/_descending_command.py
[2.163s] -- Up-to-date: /home/droso1/drosophibot-ROS/install/interfaces/lib/python3.12/site-packages/interfaces/msg/_motor_command.py
[2.163s] -- Up-to-date: /home/droso1/drosophibot-ROS/install/interfaces/lib/python3.12/site-packages/interfaces/msg/_motor_data.py
[2.163s] -- Up-to-date: /home/droso1/drosophibot-ROS/install/interfaces/lib/python3.12/site-packages/interfaces/msg/_motor_command_s.c
[2.164s] -- Up-to-date: /home/droso1/drosophibot-ROS/install/interfaces/lib/python3.12/site-packages/interfaces/msg/_limb_command_s.c
[2.164s] -- Up-to-date: /home/droso1/drosophibot-ROS/install/interfaces/lib/python3.12/site-packages/interfaces/msg/_descending_command_s.c
[2.164s] -- Up-to-date: /home/droso1/drosophibot-ROS/install/interfaces/lib/python3.12/site-packages/interfaces/msg/_limb_command.py
[2.165s] -- Up-to-date: /home/droso1/drosophibot-ROS/install/interfaces/lib/python3.12/site-packages/interfaces/msg/__init__.py
[2.165s] -- Up-to-date: /home/droso1/drosophibot-ROS/install/interfaces/lib/python3.12/site-packages/interfaces/__init__.py
[2.165s] -- Up-to-date: /home/droso1/drosophibot-ROS/install/interfaces/lib/python3.12/site-packages/interfaces/_interfaces_s.ep.rosidl_typesupport_introspection_c.c
[2.315s] Listing '/home/droso1/drosophibot-ROS/install/interfaces/lib/python3.12/site-packages/interfaces'...
[2.316s] Listing '/home/droso1/drosophibot-ROS/install/interfaces/lib/python3.12/site-packages/interfaces/msg'...
[2.343s] -- Up-to-date: /home/droso1/drosophibot-ROS/install/interfaces/lib/python3.12/site-packages/interfaces/interfaces_s__rosidl_typesupport_fastrtps_c.so
[2.345s] -- Up-to-date: /home/droso1/drosophibot-ROS/install/interfaces/lib/python3.12/site-packages/interfaces/interfaces_s__rosidl_typesupport_introspection_c.so
[2.348s] -- Up-to-date: /home/droso1/drosophibot-ROS/install/interfaces/lib/python3.12/site-packages/interfaces/interfaces_s__rosidl_typesupport_c.so
[2.350s] -- Up-to-date: /home/droso1/drosophibot-ROS/install/interfaces/lib/libinterfaces__rosidl_generator_py.so
[2.351s] -- Up-to-date: /home/droso1/drosophibot-ROS/install/interfaces/share/interfaces/msg/MotorCommand.idl
[2.352s] -- Up-to-date: /home/droso1/drosophibot-ROS/install/interfaces/share/interfaces/msg/MotorData.idl
[2.353s] -- Up-to-date: /home/droso1/drosophibot-ROS/install/interfaces/share/interfaces/msg/LimbCommand.idl
[2.354s] -- Up-to-date: /home/droso1/drosophibot-ROS/install/interfaces/share/interfaces/msg/DescendingCommand.idl
[2.354s] -- Up-to-date: /home/droso1/drosophibot-ROS/install/interfaces/share/interfaces/msg/MotorCommand.msg
[2.355s] -- Up-to-date: /home/droso1/drosophibot-ROS/install/interfaces/share/interfaces/msg/MotorData.msg
[2.355s] -- Up-to-date: /home/droso1/drosophibot-ROS/install/interfaces/share/interfaces/msg/LimbCommand.msg
[2.356s] -- Up-to-date: /home/droso1/drosophibot-ROS/install/interfaces/share/interfaces/msg/DescendingCommand.msg
[2.357s] -- Up-to-date: /home/droso1/drosophibot-ROS/install/interfaces/share/ament_index/resource_index/package_run_dependencies/interfaces
[2.357s] -- Up-to-date: /home/droso1/drosophibot-ROS/install/interfaces/share/ament_index/resource_index/parent_prefix_path/interfaces
[2.358s] -- Up-to-date: /home/droso1/drosophibot-ROS/install/interfaces/share/interfaces/environment/ament_prefix_path.sh
[2.359s] -- Up-to-date: /home/droso1/drosophibot-ROS/install/interfaces/share/interfaces/environment/ament_prefix_path.dsv
[2.359s] -- Up-to-date: /home/droso1/drosophibot-ROS/install/interfaces/share/interfaces/environment/path.sh
[2.360s] -- Up-to-date: /home/droso1/drosophibot-ROS/install/interfaces/share/interfaces/environment/path.dsv
[2.360s] -- Up-to-date: /home/droso1/drosophibot-ROS/install/interfaces/share/interfaces/local_setup.bash
[2.361s] -- Up-to-date: /home/droso1/drosophibot-ROS/install/interfaces/share/interfaces/local_setup.sh
[2.361s] -- Up-to-date: /home/droso1/drosophibot-ROS/install/interfaces/share/interfaces/local_setup.zsh
[2.361s] -- Up-to-date: /home/droso1/drosophibot-ROS/install/interfaces/share/interfaces/local_setup.dsv
[2.362s] -- Installing: /home/droso1/drosophibot-ROS/install/interfaces/share/interfaces/package.dsv
[2.362s] -- Up-to-date: /home/droso1/drosophibot-ROS/install/interfaces/share/ament_index/resource_index/packages/interfaces
[2.363s] -- Up-to-date: /home/droso1/drosophibot-ROS/install/interfaces/share/interfaces/cmake/export_interfaces__rosidl_generator_cExport.cmake
[2.363s] -- Up-to-date: /home/droso1/drosophibot-ROS/install/interfaces/share/interfaces/cmake/export_interfaces__rosidl_generator_cExport-noconfig.cmake
[2.364s] -- Up-to-date: /home/droso1/drosophibot-ROS/install/interfaces/share/interfaces/cmake/export_interfaces__rosidl_typesupport_fastrtps_cExport.cmake
[2.364s] -- Up-to-date: /home/droso1/drosophibot-ROS/install/interfaces/share/interfaces/cmake/export_interfaces__rosidl_typesupport_fastrtps_cExport-noconfig.cmake
[2.365s] -- Up-to-date: /home/droso1/drosophibot-ROS/install/interfaces/share/interfaces/cmake/interfaces__rosidl_typesupport_introspection_cExport.cmake
[2.365s] -- Up-to-date: /home/droso1/drosophibot-ROS/install/interfaces/share/interfaces/cmake/interfaces__rosidl_typesupport_introspection_cExport-noconfig.cmake
[2.366s] -- Up-to-date: /home/droso1/drosophibot-ROS/install/interfaces/share/interfaces/cmake/interfaces__rosidl_typesupport_cExport.cmake
[2.367s] -- Up-to-date: /home/droso1/drosophibot-ROS/install/interfaces/share/interfaces/cmake/interfaces__rosidl_typesupport_cExport-noconfig.cmake
[2.368s] -- Up-to-date: /home/droso1/drosophibot-ROS/install/interfaces/share/interfaces/cmake/export_interfaces__rosidl_generator_cppExport.cmake
[2.368s] -- Up-to-date: /home/droso1/drosophibot-ROS/install/interfaces/share/interfaces/cmake/export_interfaces__rosidl_typesupport_fastrtps_cppExport.cmake
[2.369s] -- Up-to-date: /home/droso1/drosophibot-ROS/install/interfaces/share/interfaces/cmake/export_interfaces__rosidl_typesupport_fastrtps_cppExport-noconfig.cmake
[2.370s] -- Up-to-date: /home/droso1/drosophibot-ROS/install/interfaces/share/interfaces/cmake/interfaces__rosidl_typesupport_introspection_cppExport.cmake
[2.370s] -- Up-to-date: /home/droso1/drosophibot-ROS/install/interfaces/share/interfaces/cmake/interfaces__rosidl_typesupport_introspection_cppExport-noconfig.cmake
[2.371s] -- Up-to-date: /home/droso1/drosophibot-ROS/install/interfaces/share/interfaces/cmake/interfaces__rosidl_typesupport_cppExport.cmake
[2.371s] -- Up-to-date: /home/droso1/drosophibot-ROS/install/interfaces/share/interfaces/cmake/interfaces__rosidl_typesupport_cppExport-noconfig.cmake
[2.372s] -- Up-to-date: /home/droso1/drosophibot-ROS/install/interfaces/share/interfaces/cmake/export_interfaces__rosidl_generator_pyExport.cmake
[2.373s] -- Up-to-date: /home/droso1/drosophibot-ROS/install/interfaces/share/interfaces/cmake/export_interfaces__rosidl_generator_pyExport-noconfig.cmake
[2.373s] -- Up-to-date: /home/droso1/drosophibot-ROS/install/interfaces/share/interfaces/cmake/rosidl_cmake-extras.cmake
[2.374s] -- Up-to-date: /home/droso1/drosophibot-ROS/install/interfaces/share/interfaces/cmake/ament_cmake_export_include_directories-extras.cmake
[2.374s] -- Up-to-date: /home/droso1/drosophibot-ROS/install/interfaces/share/interfaces/cmake/ament_cmake_export_libraries-extras.cmake
[2.375s] -- Up-to-date: /home/droso1/drosophibot-ROS/install/interfaces/share/interfaces/cmake/ament_cmake_export_targets-extras.cmake
[2.375s] -- Up-to-date: /home/droso1/drosophibot-ROS/install/interfaces/share/interfaces/cmake/rosidl_cmake_export_typesupport_targets-extras.cmake
[2.375s] -- Up-to-date: /home/droso1/drosophibot-ROS/install/interfaces/share/interfaces/cmake/ament_cmake_export_dependencies-extras.cmake
[2.376s] -- Up-to-date: /home/droso1/drosophibot-ROS/install/interfaces/share/interfaces/cmake/rosidl_cmake_export_typesupport_libraries-extras.cmake
[2.376s] -- Up-to-date: /home/droso1/drosophibot-ROS/install/interfaces/share/interfaces/cmake/interfacesConfig.cmake
[2.377s] -- Up-to-date: /home/droso1/drosophibot-ROS/install/interfaces/share/interfaces/cmake/interfacesConfig-version.cmake
[2.377s] -- Up-to-date: /home/droso1/drosophibot-ROS/install/interfaces/share/interfaces/package.xml
[2.385s] Invoked command in '/home/droso1/drosophibot-ROS/build/interfaces' returned '0': CMAKE_PREFIX_PATH=${CMAKE_PREFIX_PATH}:/opt/ros/jazzy /usr/bin/cmake --install /home/droso1/drosophibot-ROS/build/interfaces
