[0.044s] Invoking command in '/home/droso1/drosophibot-ROS/build/interfaces': CMAKE_PREFIX_PATH=${CMAKE_PREFIX_PATH}:/opt/ros/jazzy /usr/bin/cmake /home/droso1/drosophibot-ROS/interfaces -DCMAKE_INSTALL_PREFIX=/home/droso1/drosophibot-ROS/install/interfaces
[0.099s] -- Found ament_cmake: 2.5.4 (/opt/ros/jazzy/share/ament_cmake/cmake)
[1.051s] -- Found rosidl_default_generators: 1.6.0 (/opt/ros/jazzy/share/rosidl_default_generators/cmake)
[1.061s] -- Using all available rosidl_typesupport_c: rosidl_typesupport_fastrtps_c;rosidl_typesupport_introspection_c
[1.222s] -- Using all available rosidl_typesupport_cpp: rosidl_typesupport_fastrtps_cpp;rosidl_typesupport_introspection_cpp
[1.342s] -- Found rosidl_adapter: 4.6.6 (/opt/ros/jazzy/share/rosidl_adapter/cmake)
[1.348s] -- Found ament_lint_auto: 0.17.3 (/opt/ros/jazzy/share/ament_lint_auto/cmake)
[3.900s] -- Found ament_cmake_ros: 0.12.0 (/opt/ros/jazzy/share/ament_cmake_ros/cmake)
[5.836s] -- Using all available rosidl_typesupport_c: rosidl_typesupport_fastrtps_c;rosidl_typesupport_introspection_c
[8.359s] -- Using all available rosidl_typesupport_cpp: rosidl_typesupport_fastrtps_cpp;rosidl_typesupport_introspection_cpp
[8.385s] -- Found python_cmake_module: 0.11.1 (/opt/ros/jazzy/share/python_cmake_module/cmake)
[9.001s] -- Found PythonExtra: /usr/bin/python3  
[11.361s] -- Found Python3: /usr/bin/python3 (found version "3.12.3") found components: Interpreter Development NumPy Development.Module Development.Embed 
[11.524s] -- Added test 'lint_cmake' to check CMake code style
[11.533s] -- Added test 'xmllint' to check XML markup files
[11.570s] -- Configuring done (11.5s)
[11.745s] -- Generating done (0.1s)
[11.791s] -- Build files have been written to: /home/droso1/drosophibot-ROS/build/interfaces
[11.808s] Invoked command in '/home/droso1/drosophibot-ROS/build/interfaces' returned '0': CMAKE_PREFIX_PATH=${CMAKE_PREFIX_PATH}:/opt/ros/jazzy /usr/bin/cmake /home/droso1/drosophibot-ROS/interfaces -DCMAKE_INSTALL_PREFIX=/home/droso1/drosophibot-ROS/install/interfaces
[11.814s] Invoking command in '/home/droso1/drosophibot-ROS/build/interfaces': CMAKE_PREFIX_PATH=${CMAKE_PREFIX_PATH}:/opt/ros/jazzy /usr/bin/cmake --build /home/droso1/drosophibot-ROS/build/interfaces -- -j4 -l4
[12.053s] [  2%] [34m[1mGenerating type hashes for ROS interfaces[0m
[12.091s] [  2%] Built target ament_cmake_python_copy_interfaces
[12.966s] [  2%] Built target interfaces__rosidl_generator_type_description
[13.019s] [  5%] [34m[1mGenerating C code for ROS interfaces[0m
[13.071s] [  8%] [34m[1mGenerating C++ code for ROS interfaces[0m
[13.124s] running egg_info
[13.128s] creating interfaces.egg-info
[13.251s] writing interfaces.egg-info/PKG-INFO
[13.252s] writing dependency_links to interfaces.egg-info/dependency_links.txt
[13.254s] writing top-level names to interfaces.egg-info/top_level.txt
[13.255s] writing manifest file 'interfaces.egg-info/SOURCES.txt'
[13.577s] reading manifest file 'interfaces.egg-info/SOURCES.txt'
[13.579s] writing manifest file 'interfaces.egg-info/SOURCES.txt'
[13.737s] [  8%] Built target ament_cmake_python_build_interfaces_egg
[14.242s] [  8%] Built target interfaces__cpp
[14.367s] [ 11%] [32mBuilding C object CMakeFiles/interfaces__rosidl_generator_c.dir/rosidl_generator_c/interfaces/msg/detail/motor_command__description.c.o[0m
[14.369s] [ 14%] [32mBuilding C object CMakeFiles/interfaces__rosidl_generator_c.dir/rosidl_generator_c/interfaces/msg/detail/motor_command__functions.c.o[0m
[14.372s] [ 17%] [32mBuilding C object CMakeFiles/interfaces__rosidl_generator_c.dir/rosidl_generator_c/interfaces/msg/detail/motor_command__type_support.c.o[0m
[14.665s] [ 20%] [32m[1mLinking C shared library libinterfaces__rosidl_generator_c.so[0m
[14.873s] [ 20%] Built target interfaces__rosidl_generator_c
[14.927s] [ 23%] [34m[1mGenerating C++ type support dispatch for ROS interfaces[0m
[14.928s] [ 26%] [34m[1mGenerating C++ type support for eProsima Fast-RTPS[0m
[14.931s] [ 29%] [34m[1mGenerating C++ introspection for ROS interfaces[0m
[14.933s] [ 32%] [34m[1mGenerating C type support dispatch for ROS interfaces[0m
[16.190s] [ 35%] [32mBuilding CXX object CMakeFiles/interfaces__rosidl_typesupport_cpp.dir/rosidl_typesupport_cpp/interfaces/msg/motor_command__type_support.cpp.o[0m
[16.190s] [ 38%] [32mBuilding CXX object CMakeFiles/interfaces__rosidl_typesupport_c.dir/rosidl_typesupport_c/interfaces/msg/motor_command__type_support.cpp.o[0m
[16.269s] [ 41%] [32mBuilding CXX object CMakeFiles/interfaces__rosidl_typesupport_introspection_cpp.dir/rosidl_typesupport_introspection_cpp/interfaces/msg/detail/motor_command__type_support.cpp.o[0m
[16.326s] [ 44%] [32mBuilding CXX object CMakeFiles/interfaces__rosidl_typesupport_fastrtps_cpp.dir/rosidl_typesupport_fastrtps_cpp/interfaces/msg/detail/dds_fastrtps/motor_command__type_support.cpp.o[0m
[16.429s] [ 47%] [32m[1mLinking CXX shared library libinterfaces__rosidl_typesupport_c.so[0m
[16.629s] [ 47%] Built target interfaces__rosidl_typesupport_c
[16.689s] [ 50%] [34m[1mGenerating C type support for eProsima Fast-RTPS[0m
[18.167s] [ 52%] [32m[1mLinking CXX shared library libinterfaces__rosidl_typesupport_cpp.so[0m
[18.252s] [ 55%] [32mBuilding CXX object CMakeFiles/interfaces__rosidl_typesupport_fastrtps_c.dir/rosidl_typesupport_fastrtps_c/interfaces/msg/detail/motor_command__type_support_c.cpp.o[0m
[18.303s] [ 58%] [32m[1mLinking CXX shared library libinterfaces__rosidl_typesupport_introspection_cpp.so[0m
[18.401s] [ 58%] Built target interfaces__rosidl_typesupport_cpp
[18.467s] [ 61%] [34m[1mGenerating C introspection for ROS interfaces[0m
[18.693s] [ 61%] Built target interfaces__rosidl_typesupport_introspection_cpp
[19.359s] [ 64%] [32m[1mLinking CXX shared library libinterfaces__rosidl_typesupport_fastrtps_cpp.so[0m
[19.787s] [ 67%] [32mBuilding C object CMakeFiles/interfaces__rosidl_typesupport_introspection_c.dir/rosidl_typesupport_introspection_c/interfaces/msg/detail/motor_command__type_support.c.o[0m
[19.795s] [ 67%] Built target interfaces__rosidl_typesupport_fastrtps_cpp
[20.008s] [ 70%] [32m[1mLinking C shared library libinterfaces__rosidl_typesupport_introspection_c.so[0m
[20.167s] [ 70%] Built target interfaces__rosidl_typesupport_introspection_c
[20.663s] [ 73%] [32m[1mLinking CXX shared library libinterfaces__rosidl_typesupport_fastrtps_c.so[0m
[20.889s] [ 73%] Built target interfaces__rosidl_typesupport_fastrtps_c
[20.988s] [ 73%] Built target interfaces
[21.086s] [ 76%] [34m[1mGenerating Python code for ROS interfaces[0m
[22.266s] [ 76%] Built target interfaces__py
[22.363s] [ 79%] [32mBuilding C object CMakeFiles/interfaces__rosidl_generator_py.dir/rosidl_generator_py/interfaces/msg/_motor_command_s.c.o[0m
[23.003s] [ 82%] [32m[1mLinking C shared library libinterfaces__rosidl_generator_py.so[0m
[23.212s] [ 82%] Built target interfaces__rosidl_generator_py
[23.314s] [ 85%] [32mBuilding C object CMakeFiles/interfaces_s__rosidl_typesupport_fastrtps_c.dir/rosidl_generator_py/interfaces/_interfaces_s.ep.rosidl_typesupport_fastrtps_c.c.o[0m
[23.315s] [ 88%] [32mBuilding C object CMakeFiles/interfaces_s__rosidl_typesupport_introspection_c.dir/rosidl_generator_py/interfaces/_interfaces_s.ep.rosidl_typesupport_introspection_c.c.o[0m
[23.318s] [ 91%] [32mBuilding C object CMakeFiles/interfaces_s__rosidl_typesupport_c.dir/rosidl_generator_py/interfaces/_interfaces_s.ep.rosidl_typesupport_c.c.o[0m
[23.809s] [ 94%] [32m[1mLinking C shared module rosidl_generator_py/interfaces/interfaces_s__rosidl_typesupport_c.so[0m
[23.826s] [ 97%] [32m[1mLinking C shared module rosidl_generator_py/interfaces/interfaces_s__rosidl_typesupport_introspection_c.so[0m
[23.863s] [100%] [32m[1mLinking C shared module rosidl_generator_py/interfaces/interfaces_s__rosidl_typesupport_fastrtps_c.so[0m
[23.973s] [100%] Built target interfaces_s__rosidl_typesupport_c
[23.986s] [100%] Built target interfaces_s__rosidl_typesupport_introspection_c
[24.024s] [100%] Built target interfaces_s__rosidl_typesupport_fastrtps_c
[24.076s] Invoked command in '/home/droso1/drosophibot-ROS/build/interfaces' returned '0': CMAKE_PREFIX_PATH=${CMAKE_PREFIX_PATH}:/opt/ros/jazzy /usr/bin/cmake --build /home/droso1/drosophibot-ROS/build/interfaces -- -j4 -l4
[24.121s] Invoking command in '/home/droso1/drosophibot-ROS/build/interfaces': CMAKE_PREFIX_PATH=${CMAKE_PREFIX_PATH}:/opt/ros/jazzy /usr/bin/cmake --install /home/droso1/drosophibot-ROS/build/interfaces
[24.157s] -- Install configuration: ""
[24.158s] -- Installing: /home/droso1/drosophibot-ROS/install/interfaces/share/ament_index/resource_index/rosidl_interfaces/interfaces
[24.160s] -- Installing: /home/droso1/drosophibot-ROS/install/interfaces/share/interfaces/msg/MotorCommand.json
[24.161s] -- Installing: /home/droso1/drosophibot-ROS/install/interfaces/include/interfaces/interfaces
[24.162s] -- Installing: /home/droso1/drosophibot-ROS/install/interfaces/include/interfaces/interfaces/msg
[24.162s] -- Installing: /home/droso1/drosophibot-ROS/install/interfaces/include/interfaces/interfaces/msg/detail
[24.163s] -- Installing: /home/droso1/drosophibot-ROS/install/interfaces/include/interfaces/interfaces/msg/detail/motor_command__type_support.c
[24.164s] -- Installing: /home/droso1/drosophibot-ROS/install/interfaces/include/interfaces/interfaces/msg/detail/motor_command__description.c
[24.165s] -- Installing: /home/droso1/drosophibot-ROS/install/interfaces/include/interfaces/interfaces/msg/detail/motor_command__functions.h
[24.166s] -- Installing: /home/droso1/drosophibot-ROS/install/interfaces/include/interfaces/interfaces/msg/detail/motor_command__type_support.h
[24.167s] -- Installing: /home/droso1/drosophibot-ROS/install/interfaces/include/interfaces/interfaces/msg/detail/motor_command__functions.c
[24.168s] -- Installing: /home/droso1/drosophibot-ROS/install/interfaces/include/interfaces/interfaces/msg/detail/motor_command__struct.h
[24.170s] -- Installing: /home/droso1/drosophibot-ROS/install/interfaces/include/interfaces/interfaces/msg/motor_command.h
[24.171s] -- Installing: /home/droso1/drosophibot-ROS/install/interfaces/include/interfaces/interfaces/msg/rosidl_generator_c__visibility_control.h
[24.172s] -- Installing: /home/droso1/drosophibot-ROS/install/interfaces/share/interfaces/environment/library_path.sh
[24.173s] -- Installing: /home/droso1/drosophibot-ROS/install/interfaces/share/interfaces/environment/library_path.dsv
[24.175s] -- Installing: /home/droso1/drosophibot-ROS/install/interfaces/lib/libinterfaces__rosidl_generator_c.so
[24.178s] -- Set non-toolchain portion of runtime path of "/home/droso1/drosophibot-ROS/install/interfaces/lib/libinterfaces__rosidl_generator_c.so" to ""
[24.178s] -- Up-to-date: /home/droso1/drosophibot-ROS/install/interfaces/include/interfaces/interfaces
[24.179s] -- Up-to-date: /home/droso1/drosophibot-ROS/install/interfaces/include/interfaces/interfaces/msg
[24.179s] -- Installing: /home/droso1/drosophibot-ROS/install/interfaces/include/interfaces/interfaces/msg/rosidl_typesupport_fastrtps_c__visibility_control.h
[24.180s] -- Up-to-date: /home/droso1/drosophibot-ROS/install/interfaces/include/interfaces/interfaces/msg/detail
[24.180s] -- Installing: /home/droso1/drosophibot-ROS/install/interfaces/include/interfaces/interfaces/msg/detail/motor_command__rosidl_typesupport_fastrtps_c.h
[24.182s] -- Installing: /home/droso1/drosophibot-ROS/install/interfaces/lib/libinterfaces__rosidl_typesupport_fastrtps_c.so
[24.185s] -- Set non-toolchain portion of runtime path of "/home/droso1/drosophibot-ROS/install/interfaces/lib/libinterfaces__rosidl_typesupport_fastrtps_c.so" to ""
[24.185s] -- Up-to-date: /home/droso1/drosophibot-ROS/install/interfaces/include/interfaces/interfaces
[24.186s] -- Up-to-date: /home/droso1/drosophibot-ROS/install/interfaces/include/interfaces/interfaces/msg
[24.186s] -- Up-to-date: /home/droso1/drosophibot-ROS/install/interfaces/include/interfaces/interfaces/msg/detail
[24.187s] -- Installing: /home/droso1/drosophibot-ROS/install/interfaces/include/interfaces/interfaces/msg/detail/motor_command__rosidl_typesupport_introspection_c.h
[24.188s] -- Installing: /home/droso1/drosophibot-ROS/install/interfaces/include/interfaces/interfaces/msg/detail/motor_command__type_support.c
[24.189s] -- Installing: /home/droso1/drosophibot-ROS/install/interfaces/include/interfaces/interfaces/msg/rosidl_typesupport_introspection_c__visibility_control.h
[24.190s] -- Installing: /home/droso1/drosophibot-ROS/install/interfaces/lib/libinterfaces__rosidl_typesupport_introspection_c.so
[24.193s] -- Set non-toolchain portion of runtime path of "/home/droso1/drosophibot-ROS/install/interfaces/lib/libinterfaces__rosidl_typesupport_introspection_c.so" to ""
[24.194s] -- Installing: /home/droso1/drosophibot-ROS/install/interfaces/lib/libinterfaces__rosidl_typesupport_c.so
[24.196s] -- Set non-toolchain portion of runtime path of "/home/droso1/drosophibot-ROS/install/interfaces/lib/libinterfaces__rosidl_typesupport_c.so" to ""
[24.197s] -- Up-to-date: /home/droso1/drosophibot-ROS/install/interfaces/include/interfaces/interfaces
[24.197s] -- Up-to-date: /home/droso1/drosophibot-ROS/install/interfaces/include/interfaces/interfaces/msg
[24.198s] -- Up-to-date: /home/droso1/drosophibot-ROS/install/interfaces/include/interfaces/interfaces/msg/detail
[24.198s] -- Installing: /home/droso1/drosophibot-ROS/install/interfaces/include/interfaces/interfaces/msg/detail/motor_command__builder.hpp
[24.199s] -- Installing: /home/droso1/drosophibot-ROS/install/interfaces/include/interfaces/interfaces/msg/detail/motor_command__traits.hpp
[24.200s] -- Installing: /home/droso1/drosophibot-ROS/install/interfaces/include/interfaces/interfaces/msg/detail/motor_command__type_support.hpp
[24.201s] -- Installing: /home/droso1/drosophibot-ROS/install/interfaces/include/interfaces/interfaces/msg/detail/motor_command__struct.hpp
[24.202s] -- Installing: /home/droso1/drosophibot-ROS/install/interfaces/include/interfaces/interfaces/msg/rosidl_generator_cpp__visibility_control.hpp
[24.203s] -- Installing: /home/droso1/drosophibot-ROS/install/interfaces/include/interfaces/interfaces/msg/motor_command.hpp
[24.204s] -- Up-to-date: /home/droso1/drosophibot-ROS/install/interfaces/include/interfaces/interfaces
[24.205s] -- Up-to-date: /home/droso1/drosophibot-ROS/install/interfaces/include/interfaces/interfaces/msg
[24.205s] -- Up-to-date: /home/droso1/drosophibot-ROS/install/interfaces/include/interfaces/interfaces/msg/detail
[24.206s] -- Installing: /home/droso1/drosophibot-ROS/install/interfaces/include/interfaces/interfaces/msg/detail/motor_command__rosidl_typesupport_fastrtps_cpp.hpp
[24.207s] -- Installing: /home/droso1/drosophibot-ROS/install/interfaces/include/interfaces/interfaces/msg/detail/dds_fastrtps
[24.208s] -- Installing: /home/droso1/drosophibot-ROS/install/interfaces/include/interfaces/interfaces/msg/rosidl_typesupport_fastrtps_cpp__visibility_control.h
[24.209s] -- Installing: /home/droso1/drosophibot-ROS/install/interfaces/lib/libinterfaces__rosidl_typesupport_fastrtps_cpp.so
[24.212s] -- Set non-toolchain portion of runtime path of "/home/droso1/drosophibot-ROS/install/interfaces/lib/libinterfaces__rosidl_typesupport_fastrtps_cpp.so" to ""
[24.213s] -- Up-to-date: /home/droso1/drosophibot-ROS/install/interfaces/include/interfaces/interfaces
[24.213s] -- Up-to-date: /home/droso1/drosophibot-ROS/install/interfaces/include/interfaces/interfaces/msg
[24.213s] -- Up-to-date: /home/droso1/drosophibot-ROS/install/interfaces/include/interfaces/interfaces/msg/detail
[24.214s] -- Installing: /home/droso1/drosophibot-ROS/install/interfaces/include/interfaces/interfaces/msg/detail/motor_command__rosidl_typesupport_introspection_cpp.hpp
[24.215s] -- Installing: /home/droso1/drosophibot-ROS/install/interfaces/include/interfaces/interfaces/msg/detail/motor_command__type_support.cpp
[24.216s] -- Installing: /home/droso1/drosophibot-ROS/install/interfaces/lib/libinterfaces__rosidl_typesupport_introspection_cpp.so
[24.219s] -- Set non-toolchain portion of runtime path of "/home/droso1/drosophibot-ROS/install/interfaces/lib/libinterfaces__rosidl_typesupport_introspection_cpp.so" to ""
[24.220s] -- Installing: /home/droso1/drosophibot-ROS/install/interfaces/lib/libinterfaces__rosidl_typesupport_cpp.so
[24.222s] -- Set non-toolchain portion of runtime path of "/home/droso1/drosophibot-ROS/install/interfaces/lib/libinterfaces__rosidl_typesupport_cpp.so" to ""
[24.223s] -- Installing: /home/droso1/drosophibot-ROS/install/interfaces/share/interfaces/environment/pythonpath.sh
[24.224s] -- Installing: /home/droso1/drosophibot-ROS/install/interfaces/share/interfaces/environment/pythonpath.dsv
[24.225s] -- Installing: /home/droso1/drosophibot-ROS/install/interfaces/lib/python3.12/site-packages/interfaces-0.0.0-py3.12.egg-info
[24.226s] -- Installing: /home/droso1/drosophibot-ROS/install/interfaces/lib/python3.12/site-packages/interfaces-0.0.0-py3.12.egg-info/dependency_links.txt
[24.227s] -- Installing: /home/droso1/drosophibot-ROS/install/interfaces/lib/python3.12/site-packages/interfaces-0.0.0-py3.12.egg-info/PKG-INFO
[24.228s] -- Installing: /home/droso1/drosophibot-ROS/install/interfaces/lib/python3.12/site-packages/interfaces-0.0.0-py3.12.egg-info/top_level.txt
[24.229s] -- Installing: /home/droso1/drosophibot-ROS/install/interfaces/lib/python3.12/site-packages/interfaces-0.0.0-py3.12.egg-info/SOURCES.txt
[24.230s] -- Installing: /home/droso1/drosophibot-ROS/install/interfaces/lib/python3.12/site-packages/interfaces
[24.231s] -- Installing: /home/droso1/drosophibot-ROS/install/interfaces/lib/python3.12/site-packages/interfaces/_interfaces_s.ep.rosidl_typesupport_fastrtps_c.c
[24.232s] -- Installing: /home/droso1/drosophibot-ROS/install/interfaces/lib/python3.12/site-packages/interfaces/interfaces_s__rosidl_typesupport_fastrtps_c.so
[24.234s] -- Installing: /home/droso1/drosophibot-ROS/install/interfaces/lib/python3.12/site-packages/interfaces/interfaces_s__rosidl_typesupport_c.so
[24.236s] -- Installing: /home/droso1/drosophibot-ROS/install/interfaces/lib/python3.12/site-packages/interfaces/_interfaces_s.ep.rosidl_typesupport_c.c
[24.237s] -- Installing: /home/droso1/drosophibot-ROS/install/interfaces/lib/python3.12/site-packages/interfaces/interfaces_s__rosidl_typesupport_introspection_c.so
[24.238s] -- Installing: /home/droso1/drosophibot-ROS/install/interfaces/lib/python3.12/site-packages/interfaces/msg
[24.239s] -- Installing: /home/droso1/drosophibot-ROS/install/interfaces/lib/python3.12/site-packages/interfaces/msg/_motor_command.py
[24.240s] -- Installing: /home/droso1/drosophibot-ROS/install/interfaces/lib/python3.12/site-packages/interfaces/msg/_motor_command_s.c
[24.241s] -- Installing: /home/droso1/drosophibot-ROS/install/interfaces/lib/python3.12/site-packages/interfaces/msg/__init__.py
[24.242s] -- Installing: /home/droso1/drosophibot-ROS/install/interfaces/lib/python3.12/site-packages/interfaces/__init__.py
[24.243s] -- Installing: /home/droso1/drosophibot-ROS/install/interfaces/lib/python3.12/site-packages/interfaces/_interfaces_s.ep.rosidl_typesupport_introspection_c.c
[24.413s] Listing '/home/droso1/drosophibot-ROS/install/interfaces/lib/python3.12/site-packages/interfaces'...
[24.414s] Compiling '/home/droso1/drosophibot-ROS/install/interfaces/lib/python3.12/site-packages/interfaces/__init__.py'...
[24.415s] Listing '/home/droso1/drosophibot-ROS/install/interfaces/lib/python3.12/site-packages/interfaces/msg'...
[24.416s] Compiling '/home/droso1/drosophibot-ROS/install/interfaces/lib/python3.12/site-packages/interfaces/msg/__init__.py'...
[24.417s] Compiling '/home/droso1/drosophibot-ROS/install/interfaces/lib/python3.12/site-packages/interfaces/msg/_motor_command.py'...
[24.443s] -- Installing: /home/droso1/drosophibot-ROS/install/interfaces/lib/python3.12/site-packages/interfaces/interfaces_s__rosidl_typesupport_fastrtps_c.so
[24.446s] -- Set non-toolchain portion of runtime path of "/home/droso1/drosophibot-ROS/install/interfaces/lib/python3.12/site-packages/interfaces/interfaces_s__rosidl_typesupport_fastrtps_c.so" to ""
[24.448s] -- Installing: /home/droso1/drosophibot-ROS/install/interfaces/lib/python3.12/site-packages/interfaces/interfaces_s__rosidl_typesupport_introspection_c.so
[24.452s] -- Set non-toolchain portion of runtime path of "/home/droso1/drosophibot-ROS/install/interfaces/lib/python3.12/site-packages/interfaces/interfaces_s__rosidl_typesupport_introspection_c.so" to ""
[24.453s] -- Installing: /home/droso1/drosophibot-ROS/install/interfaces/lib/python3.12/site-packages/interfaces/interfaces_s__rosidl_typesupport_c.so
[24.457s] -- Set non-toolchain portion of runtime path of "/home/droso1/drosophibot-ROS/install/interfaces/lib/python3.12/site-packages/interfaces/interfaces_s__rosidl_typesupport_c.so" to ""
[24.458s] -- Installing: /home/droso1/drosophibot-ROS/install/interfaces/lib/libinterfaces__rosidl_generator_py.so
[24.461s] -- Set non-toolchain portion of runtime path of "/home/droso1/drosophibot-ROS/install/interfaces/lib/libinterfaces__rosidl_generator_py.so" to ""
[24.461s] -- Installing: /home/droso1/drosophibot-ROS/install/interfaces/share/interfaces/msg/MotorCommand.idl
[24.462s] -- Installing: /home/droso1/drosophibot-ROS/install/interfaces/share/interfaces/msg/MotorCommand.msg
[24.464s] -- Installing: /home/droso1/drosophibot-ROS/install/interfaces/share/ament_index/resource_index/package_run_dependencies/interfaces
[24.465s] -- Installing: /home/droso1/drosophibot-ROS/install/interfaces/share/ament_index/resource_index/parent_prefix_path/interfaces
[24.467s] -- Installing: /home/droso1/drosophibot-ROS/install/interfaces/share/interfaces/environment/ament_prefix_path.sh
[24.468s] -- Installing: /home/droso1/drosophibot-ROS/install/interfaces/share/interfaces/environment/ament_prefix_path.dsv
[24.469s] -- Installing: /home/droso1/drosophibot-ROS/install/interfaces/share/interfaces/environment/path.sh
[24.470s] -- Installing: /home/droso1/drosophibot-ROS/install/interfaces/share/interfaces/environment/path.dsv
[24.471s] -- Installing: /home/droso1/drosophibot-ROS/install/interfaces/share/interfaces/local_setup.bash
[24.472s] -- Installing: /home/droso1/drosophibot-ROS/install/interfaces/share/interfaces/local_setup.sh
[24.473s] -- Installing: /home/droso1/drosophibot-ROS/install/interfaces/share/interfaces/local_setup.zsh
[24.474s] -- Installing: /home/droso1/drosophibot-ROS/install/interfaces/share/interfaces/local_setup.dsv
[24.475s] -- Installing: /home/droso1/drosophibot-ROS/install/interfaces/share/interfaces/package.dsv
[24.477s] -- Installing: /home/droso1/drosophibot-ROS/install/interfaces/share/ament_index/resource_index/packages/interfaces
[24.479s] -- Installing: /home/droso1/drosophibot-ROS/install/interfaces/share/interfaces/cmake/export_interfaces__rosidl_generator_cExport.cmake
[24.480s] -- Installing: /home/droso1/drosophibot-ROS/install/interfaces/share/interfaces/cmake/export_interfaces__rosidl_generator_cExport-noconfig.cmake
[24.481s] -- Installing: /home/droso1/drosophibot-ROS/install/interfaces/share/interfaces/cmake/export_interfaces__rosidl_typesupport_fastrtps_cExport.cmake
[24.483s] -- Installing: /home/droso1/drosophibot-ROS/install/interfaces/share/interfaces/cmake/export_interfaces__rosidl_typesupport_fastrtps_cExport-noconfig.cmake
[24.484s] -- Installing: /home/droso1/drosophibot-ROS/install/interfaces/share/interfaces/cmake/interfaces__rosidl_typesupport_introspection_cExport.cmake
[24.486s] -- Installing: /home/droso1/drosophibot-ROS/install/interfaces/share/interfaces/cmake/interfaces__rosidl_typesupport_introspection_cExport-noconfig.cmake
[24.487s] -- Installing: /home/droso1/drosophibot-ROS/install/interfaces/share/interfaces/cmake/interfaces__rosidl_typesupport_cExport.cmake
[24.489s] -- Installing: /home/droso1/drosophibot-ROS/install/interfaces/share/interfaces/cmake/interfaces__rosidl_typesupport_cExport-noconfig.cmake
[24.490s] -- Installing: /home/droso1/drosophibot-ROS/install/interfaces/share/interfaces/cmake/export_interfaces__rosidl_generator_cppExport.cmake
[24.491s] -- Installing: /home/droso1/drosophibot-ROS/install/interfaces/share/interfaces/cmake/export_interfaces__rosidl_typesupport_fastrtps_cppExport.cmake
[24.493s] -- Installing: /home/droso1/drosophibot-ROS/install/interfaces/share/interfaces/cmake/export_interfaces__rosidl_typesupport_fastrtps_cppExport-noconfig.cmake
[24.494s] -- Installing: /home/droso1/drosophibot-ROS/install/interfaces/share/interfaces/cmake/interfaces__rosidl_typesupport_introspection_cppExport.cmake
[24.496s] -- Installing: /home/droso1/drosophibot-ROS/install/interfaces/share/interfaces/cmake/interfaces__rosidl_typesupport_introspection_cppExport-noconfig.cmake
[24.497s] -- Installing: /home/droso1/drosophibot-ROS/install/interfaces/share/interfaces/cmake/interfaces__rosidl_typesupport_cppExport.cmake
[24.498s] -- Installing: /home/droso1/drosophibot-ROS/install/interfaces/share/interfaces/cmake/interfaces__rosidl_typesupport_cppExport-noconfig.cmake
[24.500s] -- Installing: /home/droso1/drosophibot-ROS/install/interfaces/share/interfaces/cmake/export_interfaces__rosidl_generator_pyExport.cmake
[24.501s] -- Installing: /home/droso1/drosophibot-ROS/install/interfaces/share/interfaces/cmake/export_interfaces__rosidl_generator_pyExport-noconfig.cmake
[24.503s] -- Installing: /home/droso1/drosophibot-ROS/install/interfaces/share/interfaces/cmake/rosidl_cmake-extras.cmake
[24.504s] -- Installing: /home/droso1/drosophibot-ROS/install/interfaces/share/interfaces/cmake/ament_cmake_export_include_directories-extras.cmake
[24.505s] -- Installing: /home/droso1/drosophibot-ROS/install/interfaces/share/interfaces/cmake/ament_cmake_export_libraries-extras.cmake
[24.506s] -- Installing: /home/droso1/drosophibot-ROS/install/interfaces/share/interfaces/cmake/ament_cmake_export_targets-extras.cmake
[24.508s] -- Installing: /home/droso1/drosophibot-ROS/install/interfaces/share/interfaces/cmake/rosidl_cmake_export_typesupport_targets-extras.cmake
[24.509s] -- Installing: /home/droso1/drosophibot-ROS/install/interfaces/share/interfaces/cmake/ament_cmake_export_dependencies-extras.cmake
[24.510s] -- Installing: /home/droso1/drosophibot-ROS/install/interfaces/share/interfaces/cmake/rosidl_cmake_export_typesupport_libraries-extras.cmake
[24.511s] -- Installing: /home/droso1/drosophibot-ROS/install/interfaces/share/interfaces/cmake/interfacesConfig.cmake
[24.512s] -- Installing: /home/droso1/drosophibot-ROS/install/interfaces/share/interfaces/cmake/interfacesConfig-version.cmake
[24.513s] -- Installing: /home/droso1/drosophibot-ROS/install/interfaces/share/interfaces/package.xml
[24.521s] Invoked command in '/home/droso1/drosophibot-ROS/build/interfaces' returned '0': CMAKE_PREFIX_PATH=${CMAKE_PREFIX_PATH}:/opt/ros/jazzy /usr/bin/cmake --install /home/droso1/drosophibot-ROS/build/interfaces
