[0.428s] DEBUG:colcon:Command line arguments: ['/usr/bin/colcon', 'build']
[0.429s] DEBUG:colcon:Parsed command line arguments: Namespace(log_base=None, log_level=None, verb_name='build', build_base='build', install_base='install', merge_install=False, symlink_install=False, test_result_base=None, continue_on_error=False, executor='parallel', parallel_workers=4, event_handlers=None, ignore_user_meta=False, metas=['./colcon.meta'], base_paths=['.'], packages_ignore=None, packages_ignore_regex=None, paths=None, packages_up_to=None, packages_up_to_regex=None, packages_above=None, packages_above_and_dependencies=None, packages_above_depth=None, packages_select_by_dep=None, packages_skip_by_dep=None, packages_skip_up_to=None, packages_select_build_failed=False, packages_skip_build_finished=False, packages_select_test_failures=False, packages_skip_test_passed=False, packages_select=None, packages_skip=None, packages_select_regex=None, packages_skip_regex=None, packages_start=None, packages_end=None, allow_overriding=[], cmake_args=None, cmake_target=None, cmake_target_skip_unavailable=False, cmake_clean_cache=False, cmake_clean_first=False, cmake_force_configure=False, ament_cmake_args=None, catkin_cmake_args=None, catkin_skip_building_tests=False, mixin_files=None, mixin=None, verb_parser=<colcon_mixin.mixin.mixin_argument.MixinArgumentDecorator object at 0xffff942fe960>, verb_extension=<colcon_core.verb.build.BuildVerb object at 0xffff944af110>, main=<bound method BuildVerb.main of <colcon_core.verb.build.BuildVerb object at 0xffff944af110>>, mixin_verb=('build',))
[0.593s] Level 1:colcon.colcon_core.package_discovery:discover_packages(colcon_meta) check parameters
[0.593s] Level 1:colcon.colcon_core.package_discovery:discover_packages(recursive) check parameters
[0.593s] Level 1:colcon.colcon_core.package_discovery:discover_packages(ignore) check parameters
[0.594s] Level 1:colcon.colcon_core.package_discovery:discover_packages(path) check parameters
[0.594s] Level 1:colcon.colcon_core.package_discovery:discover_packages(colcon_meta) discover
[0.594s] Level 1:colcon.colcon_core.package_discovery:discover_packages(recursive) discover
[0.594s] INFO:colcon.colcon_core.package_discovery:Crawling recursively for packages in '/home/droso1/drosophibot-ROS'
[0.594s] Level 1:colcon.colcon_core.package_identification:_identify(.) by extensions ['ignore', 'ignore_ament_install']
[0.595s] Level 1:colcon.colcon_core.package_identification:_identify(.) by extension 'ignore'
[0.595s] Level 1:colcon.colcon_core.package_identification:_identify(.) by extension 'ignore_ament_install'
[0.595s] Level 1:colcon.colcon_core.package_identification:_identify(.) by extensions ['colcon_pkg']
[0.595s] Level 1:colcon.colcon_core.package_identification:_identify(.) by extension 'colcon_pkg'
[0.595s] Level 1:colcon.colcon_core.package_identification:_identify(.) by extensions ['colcon_meta']
[0.596s] Level 1:colcon.colcon_core.package_identification:_identify(.) by extension 'colcon_meta'
[0.596s] Level 1:colcon.colcon_core.package_identification:_identify(.) by extensions ['ros']
[0.596s] Level 1:colcon.colcon_core.package_identification:_identify(.) by extension 'ros'
[0.699s] Level 1:colcon.colcon_core.package_identification:_identify(.) by extensions ['cmake', 'python']
[0.699s] Level 1:colcon.colcon_core.package_identification:_identify(.) by extension 'cmake'
[0.699s] Level 1:colcon.colcon_core.package_identification:_identify(.) by extension 'python'
[0.699s] Level 1:colcon.colcon_core.package_identification:_identify(.) by extensions ['python_setup_py']
[0.699s] Level 1:colcon.colcon_core.package_identification:_identify(.) by extension 'python_setup_py'
[0.700s] Level 1:colcon.colcon_core.package_identification:_identify(build) by extensions ['ignore', 'ignore_ament_install']
[0.700s] Level 1:colcon.colcon_core.package_identification:_identify(build) by extension 'ignore'
[0.700s] Level 1:colcon.colcon_core.package_identification:_identify(build) ignored
[0.701s] Level 1:colcon.colcon_core.package_identification:_identify(install) by extensions ['ignore', 'ignore_ament_install']
[0.701s] Level 1:colcon.colcon_core.package_identification:_identify(install) by extension 'ignore'
[0.701s] Level 1:colcon.colcon_core.package_identification:_identify(install) ignored
[0.702s] Level 1:colcon.colcon_core.package_identification:_identify(log) by extensions ['ignore', 'ignore_ament_install']
[0.702s] Level 1:colcon.colcon_core.package_identification:_identify(log) by extension 'ignore'
[0.702s] Level 1:colcon.colcon_core.package_identification:_identify(log) ignored
[0.703s] Level 1:colcon.colcon_core.package_identification:_identify(testcpp) by extensions ['ignore', 'ignore_ament_install']
[0.703s] Level 1:colcon.colcon_core.package_identification:_identify(testcpp) by extension 'ignore'
[0.703s] Level 1:colcon.colcon_core.package_identification:_identify(testcpp) by extension 'ignore_ament_install'
[0.703s] Level 1:colcon.colcon_core.package_identification:_identify(testcpp) by extensions ['colcon_pkg']
[0.703s] Level 1:colcon.colcon_core.package_identification:_identify(testcpp) by extension 'colcon_pkg'
[0.704s] Level 1:colcon.colcon_core.package_identification:_identify(testcpp) by extensions ['colcon_meta']
[0.704s] Level 1:colcon.colcon_core.package_identification:_identify(testcpp) by extension 'colcon_meta'
[0.704s] Level 1:colcon.colcon_core.package_identification:_identify(testcpp) by extensions ['ros']
[0.704s] Level 1:colcon.colcon_core.package_identification:_identify(testcpp) by extension 'ros'
[0.712s] DEBUG:colcon.colcon_core.package_identification:Package 'testcpp' with type 'ros.ament_cmake' and name 'testcpp'
[0.712s] Level 1:colcon.colcon_core.package_discovery:discover_packages(recursive) using defaults
[0.713s] Level 1:colcon.colcon_core.package_discovery:discover_packages(ignore) discover
[0.713s] Level 1:colcon.colcon_core.package_discovery:discover_packages(ignore) using defaults
[0.713s] Level 1:colcon.colcon_core.package_discovery:discover_packages(path) discover
[0.713s] Level 1:colcon.colcon_core.package_discovery:discover_packages(path) using defaults
[0.779s] Level 1:colcon.colcon_core.package_discovery:discover_packages(prefix_path) check parameters
[0.779s] Level 1:colcon.colcon_core.package_discovery:discover_packages(prefix_path) discover
[0.786s] DEBUG:colcon.colcon_installed_package_information.package_discovery:Found 1 installed packages in /home/droso1/drosophibot-ROS/install
[0.793s] DEBUG:colcon.colcon_installed_package_information.package_discovery:Found 192 installed packages in /opt/ros/jazzy
[0.796s] Level 1:colcon.colcon_core.package_discovery:discover_packages(prefix_path) using defaults
[0.924s] Level 5:colcon.colcon_core.verb:set package 'testcpp' build argument 'cmake_args' from command line to 'None'
[0.925s] Level 5:colcon.colcon_core.verb:set package 'testcpp' build argument 'cmake_target' from command line to 'None'
[0.925s] Level 5:colcon.colcon_core.verb:set package 'testcpp' build argument 'cmake_target_skip_unavailable' from command line to 'False'
[0.925s] Level 5:colcon.colcon_core.verb:set package 'testcpp' build argument 'cmake_clean_cache' from command line to 'False'
[0.925s] Level 5:colcon.colcon_core.verb:set package 'testcpp' build argument 'cmake_clean_first' from command line to 'False'
[0.925s] Level 5:colcon.colcon_core.verb:set package 'testcpp' build argument 'cmake_force_configure' from command line to 'False'
[0.925s] Level 5:colcon.colcon_core.verb:set package 'testcpp' build argument 'ament_cmake_args' from command line to 'None'
[0.925s] Level 5:colcon.colcon_core.verb:set package 'testcpp' build argument 'catkin_cmake_args' from command line to 'None'
[0.925s] Level 5:colcon.colcon_core.verb:set package 'testcpp' build argument 'catkin_skip_building_tests' from command line to 'False'
[0.925s] DEBUG:colcon.colcon_core.verb:Building package 'testcpp' with the following arguments: {'ament_cmake_args': None, 'build_base': '/home/droso1/drosophibot-ROS/build/testcpp', 'catkin_cmake_args': None, 'catkin_skip_building_tests': False, 'cmake_args': None, 'cmake_clean_cache': False, 'cmake_clean_first': False, 'cmake_force_configure': False, 'cmake_target': None, 'cmake_target_skip_unavailable': False, 'install_base': '/home/droso1/drosophibot-ROS/install/testcpp', 'merge_install': False, 'path': '/home/droso1/drosophibot-ROS/testcpp', 'symlink_install': False, 'test_result_base': None}
[0.926s] INFO:colcon.colcon_core.executor:Executing jobs using 'parallel' executor
[0.928s] DEBUG:colcon.colcon_parallel_executor.executor.parallel:run_until_complete
[0.929s] INFO:colcon.colcon_ros.task.ament_cmake.build:Building ROS package in '/home/droso1/drosophibot-ROS/testcpp' with build type 'ament_cmake'
[0.930s] INFO:colcon.colcon_cmake.task.cmake.build:Building CMake package in '/home/droso1/drosophibot-ROS/testcpp'
[0.938s] INFO:colcon.colcon_core.plugin_system:Skipping extension 'colcon_core.shell.bat': Not used on non-Windows systems
[0.938s] INFO:colcon.colcon_core.shell:Skip shell extension 'powershell' for command environment: Not usable outside of PowerShell
[0.939s] DEBUG:colcon.colcon_core.shell:Skip shell extension 'dsv' for command environment
[0.978s] DEBUG:colcon.colcon_core.event_handler.log_command:Invoking command in '/home/droso1/drosophibot-ROS/build/testcpp': CMAKE_PREFIX_PATH=${CMAKE_PREFIX_PATH}:/opt/ros/jazzy /usr/bin/cmake --build /home/droso1/drosophibot-ROS/build/testcpp -- -j4 -l4
[13.662s] DEBUG:colcon.colcon_core.event_handler.log_command:Invoked command in '/home/droso1/drosophibot-ROS/build/testcpp' returned '0': CMAKE_PREFIX_PATH=${CMAKE_PREFIX_PATH}:/opt/ros/jazzy /usr/bin/cmake --build /home/droso1/drosophibot-ROS/build/testcpp -- -j4 -l4
[13.706s] DEBUG:colcon.colcon_core.event_handler.log_command:Invoking command in '/home/droso1/drosophibot-ROS/build/testcpp': CMAKE_PREFIX_PATH=${CMAKE_PREFIX_PATH}:/opt/ros/jazzy /usr/bin/cmake --install /home/droso1/drosophibot-ROS/build/testcpp
[13.757s] Level 1:colcon.colcon_core.environment:create_environment_scripts_only(testcpp)
[13.759s] DEBUG:colcon.colcon_core.event_handler.log_command:Invoked command in '/home/droso1/drosophibot-ROS/build/testcpp' returned '0': CMAKE_PREFIX_PATH=${CMAKE_PREFIX_PATH}:/opt/ros/jazzy /usr/bin/cmake --install /home/droso1/drosophibot-ROS/build/testcpp
[13.767s] Level 1:colcon.colcon_core.environment:checking '/home/droso1/drosophibot-ROS/install/testcpp' for CMake module files
[13.770s] Level 1:colcon.colcon_core.environment:checking '/home/droso1/drosophibot-ROS/install/testcpp' for CMake config files
[13.772s] Level 1:colcon.colcon_core.shell:create_environment_hook('testcpp', 'cmake_prefix_path')
[13.773s] INFO:colcon.colcon_core.shell:Creating environment hook '/home/droso1/drosophibot-ROS/install/testcpp/share/testcpp/hook/cmake_prefix_path.ps1'
[13.775s] INFO:colcon.colcon_core.shell:Creating environment descriptor '/home/droso1/drosophibot-ROS/install/testcpp/share/testcpp/hook/cmake_prefix_path.dsv'
[13.777s] INFO:colcon.colcon_core.shell:Creating environment hook '/home/droso1/drosophibot-ROS/install/testcpp/share/testcpp/hook/cmake_prefix_path.sh'
[13.780s] Level 1:colcon.colcon_core.environment:checking '/home/droso1/drosophibot-ROS/install/testcpp/lib'
[13.781s] Level 1:colcon.colcon_core.environment:checking '/home/droso1/drosophibot-ROS/install/testcpp/bin'
[13.781s] Level 1:colcon.colcon_core.environment:checking '/home/droso1/drosophibot-ROS/install/testcpp/lib/pkgconfig/testcpp.pc'
[13.782s] Level 1:colcon.colcon_core.environment:checking '/home/droso1/drosophibot-ROS/install/testcpp/lib/python3.12/site-packages'
[13.783s] Level 1:colcon.colcon_core.environment:checking '/home/droso1/drosophibot-ROS/install/testcpp/bin'
[13.784s] INFO:colcon.colcon_core.shell:Creating package script '/home/droso1/drosophibot-ROS/install/testcpp/share/testcpp/package.ps1'
[13.787s] INFO:colcon.colcon_core.shell:Creating package descriptor '/home/droso1/drosophibot-ROS/install/testcpp/share/testcpp/package.dsv'
[13.789s] INFO:colcon.colcon_core.shell:Creating package script '/home/droso1/drosophibot-ROS/install/testcpp/share/testcpp/package.sh'
[13.792s] INFO:colcon.colcon_core.shell:Creating package script '/home/droso1/drosophibot-ROS/install/testcpp/share/testcpp/package.bash'
[13.794s] INFO:colcon.colcon_core.shell:Creating package script '/home/droso1/drosophibot-ROS/install/testcpp/share/testcpp/package.zsh'
[13.796s] Level 1:colcon.colcon_core.environment:create_file_with_runtime_dependencies(/home/droso1/drosophibot-ROS/install/testcpp/share/colcon-core/packages/testcpp)
[13.798s] Level 1:colcon.colcon_core.environment:create_environment_scripts_only(testcpp)
[13.799s] Level 1:colcon.colcon_core.environment:checking '/home/droso1/drosophibot-ROS/install/testcpp' for CMake module files
[13.802s] Level 1:colcon.colcon_core.environment:checking '/home/droso1/drosophibot-ROS/install/testcpp' for CMake config files
[13.804s] Level 1:colcon.colcon_core.shell:create_environment_hook('testcpp', 'cmake_prefix_path')
[13.804s] INFO:colcon.colcon_core.shell:Creating environment hook '/home/droso1/drosophibot-ROS/install/testcpp/share/testcpp/hook/cmake_prefix_path.ps1'
[13.806s] INFO:colcon.colcon_core.shell:Creating environment descriptor '/home/droso1/drosophibot-ROS/install/testcpp/share/testcpp/hook/cmake_prefix_path.dsv'
[13.808s] INFO:colcon.colcon_core.shell:Creating environment hook '/home/droso1/drosophibot-ROS/install/testcpp/share/testcpp/hook/cmake_prefix_path.sh'
[13.810s] Level 1:colcon.colcon_core.environment:checking '/home/droso1/drosophibot-ROS/install/testcpp/lib'
[13.811s] Level 1:colcon.colcon_core.environment:checking '/home/droso1/drosophibot-ROS/install/testcpp/bin'
[13.811s] Level 1:colcon.colcon_core.environment:checking '/home/droso1/drosophibot-ROS/install/testcpp/lib/pkgconfig/testcpp.pc'
[13.812s] Level 1:colcon.colcon_core.environment:checking '/home/droso1/drosophibot-ROS/install/testcpp/lib/python3.12/site-packages'
[13.813s] Level 1:colcon.colcon_core.environment:checking '/home/droso1/drosophibot-ROS/install/testcpp/bin'
[13.814s] INFO:colcon.colcon_core.shell:Creating package script '/home/droso1/drosophibot-ROS/install/testcpp/share/testcpp/package.ps1'
[13.816s] INFO:colcon.colcon_core.shell:Creating package descriptor '/home/droso1/drosophibot-ROS/install/testcpp/share/testcpp/package.dsv'
[13.818s] INFO:colcon.colcon_core.shell:Creating package script '/home/droso1/drosophibot-ROS/install/testcpp/share/testcpp/package.sh'
[13.820s] INFO:colcon.colcon_core.shell:Creating package script '/home/droso1/drosophibot-ROS/install/testcpp/share/testcpp/package.bash'
[13.822s] INFO:colcon.colcon_core.shell:Creating package script '/home/droso1/drosophibot-ROS/install/testcpp/share/testcpp/package.zsh'
[13.824s] Level 1:colcon.colcon_core.environment:create_file_with_runtime_dependencies(/home/droso1/drosophibot-ROS/install/testcpp/share/colcon-core/packages/testcpp)
[13.826s] DEBUG:colcon.colcon_parallel_executor.executor.parallel:closing loop
[13.827s] DEBUG:colcon.colcon_parallel_executor.executor.parallel:loop closed
[13.827s] DEBUG:colcon.colcon_parallel_executor.executor.parallel:run_until_complete finished with '0'
[13.828s] DEBUG:colcon.colcon_core.event_reactor:joining thread
[13.848s] INFO:colcon.colcon_core.plugin_system:Skipping extension 'colcon_notification.desktop_notification.notify_send': Could not find 'notify-send'
[13.848s] INFO:colcon.colcon_core.plugin_system:Skipping extension 'colcon_notification.desktop_notification.terminal_notifier': Not used on non-Darwin systems
[13.848s] INFO:colcon.colcon_core.plugin_system:Skipping extension 'colcon_notification.desktop_notification.win32': Not used on non-Windows systems
[13.848s] INFO:colcon.colcon_notification.desktop_notification:Sending desktop notification using 'notify2'
[13.851s] DEBUG:colcon.colcon_notification.desktop_notification.notify2:Failed to initialize notify2: org.freedesktop.DBus.Error.ServiceUnknown: The name org.freedesktop.Notifications was not provided by any .service files
[13.852s] DEBUG:colcon.colcon_core.event_reactor:joined thread
[13.852s] INFO:colcon.colcon_core.shell:Creating prefix script '/home/droso1/drosophibot-ROS/install/local_setup.ps1'
[13.855s] INFO:colcon.colcon_core.shell:Creating prefix util module '/home/droso1/drosophibot-ROS/install/_local_setup_util_ps1.py'
[13.859s] INFO:colcon.colcon_core.shell:Creating prefix chain script '/home/droso1/drosophibot-ROS/install/setup.ps1'
[13.863s] INFO:colcon.colcon_core.shell:Creating prefix script '/home/droso1/drosophibot-ROS/install/local_setup.sh'
[13.866s] INFO:colcon.colcon_core.shell:Creating prefix util module '/home/droso1/drosophibot-ROS/install/_local_setup_util_sh.py'
[13.869s] INFO:colcon.colcon_core.shell:Creating prefix chain script '/home/droso1/drosophibot-ROS/install/setup.sh'
[13.873s] INFO:colcon.colcon_core.shell:Creating prefix script '/home/droso1/drosophibot-ROS/install/local_setup.bash'
[13.875s] INFO:colcon.colcon_core.shell:Creating prefix chain script '/home/droso1/drosophibot-ROS/install/setup.bash'
[13.878s] INFO:colcon.colcon_core.shell:Creating prefix script '/home/droso1/drosophibot-ROS/install/local_setup.zsh'
[13.881s] INFO:colcon.colcon_core.shell:Creating prefix chain script '/home/droso1/drosophibot-ROS/install/setup.zsh'
