[ 50%] [32mBuilding CXX object CMakeFiles/motor_control.dir/src/motor_control.cpp.o[0m
[01m[K/home/droso1/drosophibot-ROS/motor_control/src/motor_control.cpp:[m[K In function ‘[01m[Kint[01;32m[K main[m[K(int, char**)[m[K’:
[01m[K/home/droso1/drosophibot-ROS/motor_control/src/motor_control.cpp:57:18:[m[K [01;35m[Kwarning: [m[Kunused variable ‘[01m[Ktorque_on_address[m[K’ [[01;35m[K-Wunused-variable[m[K]
   57 |         uint16_t [01;35m[Ktorque_on_address[m[K = 64;
      |                  [01;35m[K^~~~~~~~~~~~~~~~~[m[K
[100%] [32m[1mLinking CXX executable motor_control[0m
[100%] Built target motor_control
-- Install configuration: ""
-- Installing: /home/droso1/drosophibot-ROS/install/motor_control/lib/motor_control/motor_control
-- Set non-toolchain portion of runtime path of "/home/droso1/drosophibot-ROS/install/motor_control/lib/motor_control/motor_control" to ""
-- Up-to-date: /home/droso1/drosophibot-ROS/install/motor_control/share/ament_index/resource_index/package_run_dependencies/motor_control
-- Up-to-date: /home/droso1/drosophibot-ROS/install/motor_control/share/ament_index/resource_index/parent_prefix_path/motor_control
-- Up-to-date: /home/droso1/drosophibot-ROS/install/motor_control/share/motor_control/environment/ament_prefix_path.sh
-- Up-to-date: /home/droso1/drosophibot-ROS/install/motor_control/share/motor_control/environment/ament_prefix_path.dsv
-- Up-to-date: /home/droso1/drosophibot-ROS/install/motor_control/share/motor_control/environment/path.sh
-- Up-to-date: /home/droso1/drosophibot-ROS/install/motor_control/share/motor_control/environment/path.dsv
-- Up-to-date: /home/droso1/drosophibot-ROS/install/motor_control/share/motor_control/local_setup.bash
-- Up-to-date: /home/droso1/drosophibot-ROS/install/motor_control/share/motor_control/local_setup.sh
-- Up-to-date: /home/droso1/drosophibot-ROS/install/motor_control/share/motor_control/local_setup.zsh
-- Up-to-date: /home/droso1/drosophibot-ROS/install/motor_control/share/motor_control/local_setup.dsv
-- Installing: /home/droso1/drosophibot-ROS/install/motor_control/share/motor_control/package.dsv
-- Up-to-date: /home/droso1/drosophibot-ROS/install/motor_control/share/ament_index/resource_index/packages/motor_control
-- Up-to-date: /home/droso1/drosophibot-ROS/install/motor_control/share/motor_control/cmake/motor_controlConfig.cmake
-- Up-to-date: /home/droso1/drosophibot-ROS/install/motor_control/share/motor_control/cmake/motor_controlConfig-version.cmake
-- Up-to-date: /home/droso1/drosophibot-ROS/install/motor_control/share/motor_control/package.xml
