[0.064s] Invoking command in '/home/droso1/drosophibot-ROS/build/limb_controller': CMAKE_PREFIX_PATH=/home/droso1/drosophibot-ROS/install/interfaces:/home/droso1/drosophibot-ROS/install/testcpp:/home/droso1/drosophibot-ROS/install/pubsub:/home/droso1/drosophibot-ROS/install/motor_control:/opt/ros/jazzy /usr/bin/cmake --build /home/droso1/drosophibot-ROS/build/limb_controller -- -j4 -l4
[0.403s] [ 20%] [32mBuilding CXX object CMakeFiles/limb_controller.dir/src/limb_controller.cpp.o[0m
[22.819s] [ 40%] [32m[1mLinking CXX executable limb_controller[0m
[24.091s] [100%] Built target limb_controller
[24.142s] Invoked command in '/home/droso1/drosophibot-ROS/build/limb_controller' returned '0': CMAKE_PREFIX_PATH=/home/droso1/drosophibot-ROS/install/interfaces:/home/droso1/drosophibot-ROS/install/testcpp:/home/droso1/drosophibot-ROS/install/pubsub:/home/droso1/drosophibot-ROS/install/motor_control:/opt/ros/jazzy /usr/bin/cmake --build /home/droso1/drosophibot-ROS/build/limb_controller -- -j4 -l4
[24.187s] Invoking command in '/home/droso1/drosophibot-ROS/build/limb_controller': CMAKE_PREFIX_PATH=/home/droso1/drosophibot-ROS/install/interfaces:/home/droso1/drosophibot-ROS/install/testcpp:/home/droso1/drosophibot-ROS/install/pubsub:/home/droso1/drosophibot-ROS/install/motor_control:/opt/ros/jazzy /usr/bin/cmake --install /home/droso1/drosophibot-ROS/build/limb_controller
[24.223s] -- Install configuration: ""
[24.224s] -- Up-to-date: /home/droso1/drosophibot-ROS/install/limb_controller/share/ament_index/resource_index/package_run_dependencies/limb_controller
[24.224s] -- Up-to-date: /home/droso1/drosophibot-ROS/install/limb_controller/share/ament_index/resource_index/parent_prefix_path/limb_controller
[24.225s] -- Up-to-date: /home/droso1/drosophibot-ROS/install/limb_controller/share/limb_controller/environment/ament_prefix_path.sh
[24.225s] -- Up-to-date: /home/droso1/drosophibot-ROS/install/limb_controller/share/limb_controller/environment/ament_prefix_path.dsv
[24.226s] -- Up-to-date: /home/droso1/drosophibot-ROS/install/limb_controller/share/limb_controller/environment/path.sh
[24.226s] -- Up-to-date: /home/droso1/drosophibot-ROS/install/limb_controller/share/limb_controller/environment/path.dsv
[24.227s] -- Up-to-date: /home/droso1/drosophibot-ROS/install/limb_controller/share/limb_controller/local_setup.bash
[24.227s] -- Up-to-date: /home/droso1/drosophibot-ROS/install/limb_controller/share/limb_controller/local_setup.sh
[24.228s] -- Up-to-date: /home/droso1/drosophibot-ROS/install/limb_controller/share/limb_controller/local_setup.zsh
[24.228s] -- Up-to-date: /home/droso1/drosophibot-ROS/install/limb_controller/share/limb_controller/local_setup.dsv
[24.229s] -- Installing: /home/droso1/drosophibot-ROS/install/limb_controller/share/limb_controller/package.dsv
[24.229s] -- Up-to-date: /home/droso1/drosophibot-ROS/install/limb_controller/share/ament_index/resource_index/packages/limb_controller
[24.229s] -- Up-to-date: /home/droso1/drosophibot-ROS/install/limb_controller/share/limb_controller/cmake/limb_controllerConfig.cmake
[24.230s] -- Up-to-date: /home/droso1/drosophibot-ROS/install/limb_controller/share/limb_controller/cmake/limb_controllerConfig-version.cmake
[24.230s] -- Up-to-date: /home/droso1/drosophibot-ROS/install/limb_controller/share/limb_controller/package.xml
[24.236s] Invoked command in '/home/droso1/drosophibot-ROS/build/limb_controller' returned '0': CMAKE_PREFIX_PATH=/home/droso1/drosophibot-ROS/install/interfaces:/home/droso1/drosophibot-ROS/install/testcpp:/home/droso1/drosophibot-ROS/install/pubsub:/home/droso1/drosophibot-ROS/install/motor_control:/opt/ros/jazzy /usr/bin/cmake --install /home/droso1/drosophibot-ROS/build/limb_controller
