[0.066s] Invoking command in '/home/droso1/drosophibot-ROS/build/motor_control': CMAKE_PREFIX_PATH=/home/droso1/drosophibot-ROS/install/interfaces:/home/droso1/drosophibot-ROS/install/testcpp:/home/droso1/drosophibot-ROS/install/pubsub:/home/droso1/drosophibot-ROS/install/motor_control:/opt/ros/jazzy /usr/bin/cmake --build /home/droso1/drosophibot-ROS/build/motor_control -- -j4 -l4
[0.348s] [ 50%] [32mBuilding CXX object CMakeFiles/motor_control.dir/src/motor_control.cpp.o[0m
[32.354s] [100%] [32m[1mLinking CXX executable motor_control[0m
[33.856s] [100%] Built target motor_control
[33.907s] Invoked command in '/home/droso1/drosophibot-ROS/build/motor_control' returned '0': CMAKE_PREFIX_PATH=/home/droso1/drosophibot-ROS/install/interfaces:/home/droso1/drosophibot-ROS/install/testcpp:/home/droso1/drosophibot-ROS/install/pubsub:/home/droso1/drosophibot-ROS/install/motor_control:/opt/ros/jazzy /usr/bin/cmake --build /home/droso1/drosophibot-ROS/build/motor_control -- -j4 -l4
[33.953s] Invoking command in '/home/droso1/drosophibot-ROS/build/motor_control': CMAKE_PREFIX_PATH=/home/droso1/drosophibot-ROS/install/interfaces:/home/droso1/drosophibot-ROS/install/testcpp:/home/droso1/drosophibot-ROS/install/pubsub:/home/droso1/drosophibot-ROS/install/motor_control:/opt/ros/jazzy /usr/bin/cmake --install /home/droso1/drosophibot-ROS/build/motor_control
[33.990s] -- Install configuration: ""
[33.992s] -- Installing: /home/droso1/drosophibot-ROS/install/motor_control/lib/motor_control/motor_control
[34.032s] -- Set non-toolchain portion of runtime path of "/home/droso1/drosophibot-ROS/install/motor_control/lib/motor_control/motor_control" to ""
[34.032s] -- Up-to-date: /home/droso1/drosophibot-ROS/install/motor_control/share/ament_index/resource_index/package_run_dependencies/motor_control
[34.033s] -- Up-to-date: /home/droso1/drosophibot-ROS/install/motor_control/share/ament_index/resource_index/parent_prefix_path/motor_control
[34.033s] -- Up-to-date: /home/droso1/drosophibot-ROS/install/motor_control/share/motor_control/environment/ament_prefix_path.sh
[34.034s] -- Up-to-date: /home/droso1/drosophibot-ROS/install/motor_control/share/motor_control/environment/ament_prefix_path.dsv
[34.034s] -- Up-to-date: /home/droso1/drosophibot-ROS/install/motor_control/share/motor_control/environment/path.sh
[34.034s] -- Up-to-date: /home/droso1/drosophibot-ROS/install/motor_control/share/motor_control/environment/path.dsv
[34.035s] -- Up-to-date: /home/droso1/drosophibot-ROS/install/motor_control/share/motor_control/local_setup.bash
[34.035s] -- Up-to-date: /home/droso1/drosophibot-ROS/install/motor_control/share/motor_control/local_setup.sh
[34.036s] -- Up-to-date: /home/droso1/drosophibot-ROS/install/motor_control/share/motor_control/local_setup.zsh
[34.036s] -- Up-to-date: /home/droso1/drosophibot-ROS/install/motor_control/share/motor_control/local_setup.dsv
[34.037s] -- Installing: /home/droso1/drosophibot-ROS/install/motor_control/share/motor_control/package.dsv
[34.037s] -- Up-to-date: /home/droso1/drosophibot-ROS/install/motor_control/share/ament_index/resource_index/packages/motor_control
[34.038s] -- Up-to-date: /home/droso1/drosophibot-ROS/install/motor_control/share/motor_control/cmake/motor_controlConfig.cmake
[34.038s] -- Up-to-date: /home/droso1/drosophibot-ROS/install/motor_control/share/motor_control/cmake/motor_controlConfig-version.cmake
[34.039s] -- Up-to-date: /home/droso1/drosophibot-ROS/install/motor_control/share/motor_control/package.xml
[34.045s] Invoked command in '/home/droso1/drosophibot-ROS/build/motor_control' returned '0': CMAKE_PREFIX_PATH=/home/droso1/drosophibot-ROS/install/interfaces:/home/droso1/drosophibot-ROS/install/testcpp:/home/droso1/drosophibot-ROS/install/pubsub:/home/droso1/drosophibot-ROS/install/motor_control:/opt/ros/jazzy /usr/bin/cmake --install /home/droso1/drosophibot-ROS/build/motor_control
