[0.048s] Invoking command in '/home/droso1/drosophibot-ROS/build/pubsub': CMAKE_PREFIX_PATH=${CMAKE_PREFIX_PATH}:/opt/ros/jazzy /usr/bin/cmake --build /home/droso1/drosophibot-ROS/build/pubsub -- -j4 -l4
[0.167s] -- Found ament_cmake: 2.5.4 (/opt/ros/jazzy/share/ament_cmake/cmake)
[1.125s] -- Found rclcpp: 28.1.13 (/opt/ros/jazzy/share/rclcpp/cmake)
[1.252s] -- Found rosidl_generator_c: 4.6.6 (/opt/ros/jazzy/share/rosidl_generator_c/cmake)
[1.291s] -- Found rosidl_generator_cpp: 4.6.6 (/opt/ros/jazzy/share/rosidl_generator_cpp/cmake)
[1.340s] -- Using all available rosidl_typesupport_c: rosidl_typesupport_fastrtps_c;rosidl_typesupport_introspection_c
[1.396s] -- Using all available rosidl_typesupport_cpp: rosidl_typesupport_fastrtps_cpp;rosidl_typesupport_introspection_cpp
[1.629s] -- Found rmw_implementation_cmake: 7.3.2 (/opt/ros/jazzy/share/rmw_implementation_cmake/cmake)
[1.635s] -- Found rmw_fastrtps_cpp: 8.4.3 (/opt/ros/jazzy/share/rmw_fastrtps_cpp/cmake)
[1.882s] -- Using RMW implementation 'rmw_fastrtps_cpp' as default
[2.100s] -- Found std_msgs: 5.3.6 (/opt/ros/jazzy/share/std_msgs/cmake)
[2.149s] -- Found ament_lint_auto: 0.17.3 (/opt/ros/jazzy/share/ament_lint_auto/cmake)
[2.566s] -- Added test 'cppcheck' to perform static code analysis on C / C++ code
[2.567s] -- Configured cppcheck include dirs: 
[2.567s] -- Configured cppcheck exclude dirs and/or files: 
[2.570s] -- Added test 'lint_cmake' to check CMake code style
[2.576s] -- Added test 'uncrustify' to check C / C++ code style
[2.577s] -- Configured uncrustify additional arguments: 
[2.578s] -- Added test 'xmllint' to check XML markup files
[2.582s] -- Configuring done (2.4s)
[2.654s] -- Generating done (0.0s)
[2.675s] -- Build files have been written to: /home/droso1/drosophibot-ROS/build/pubsub
[2.874s] [100%] Built target talker
[2.875s] [100%] Built target listener
[2.922s] Invoked command in '/home/droso1/drosophibot-ROS/build/pubsub' returned '0': CMAKE_PREFIX_PATH=${CMAKE_PREFIX_PATH}:/opt/ros/jazzy /usr/bin/cmake --build /home/droso1/drosophibot-ROS/build/pubsub -- -j4 -l4
[2.967s] Invoking command in '/home/droso1/drosophibot-ROS/build/pubsub': CMAKE_PREFIX_PATH=${CMAKE_PREFIX_PATH}:/opt/ros/jazzy /usr/bin/cmake --install /home/droso1/drosophibot-ROS/build/pubsub
[3.003s] -- Install configuration: ""
[3.004s] -- Up-to-date: /home/droso1/drosophibot-ROS/install/pubsub/lib/pubsub/talker
[3.006s] -- Up-to-date: /home/droso1/drosophibot-ROS/install/pubsub/lib/pubsub/talker
[3.008s] -- Up-to-date: /home/droso1/drosophibot-ROS/install/pubsub/lib/pubsub/listener
[3.009s] -- Installing: /home/droso1/drosophibot-ROS/install/pubsub/share/ament_index/resource_index/package_run_dependencies/pubsub
[3.011s] -- Up-to-date: /home/droso1/drosophibot-ROS/install/pubsub/share/ament_index/resource_index/parent_prefix_path/pubsub
[3.012s] -- Up-to-date: /home/droso1/drosophibot-ROS/install/pubsub/share/pubsub/environment/ament_prefix_path.sh
[3.012s] -- Up-to-date: /home/droso1/drosophibot-ROS/install/pubsub/share/pubsub/environment/ament_prefix_path.dsv
[3.012s] -- Up-to-date: /home/droso1/drosophibot-ROS/install/pubsub/share/pubsub/environment/path.sh
[3.013s] -- Up-to-date: /home/droso1/drosophibot-ROS/install/pubsub/share/pubsub/environment/path.dsv
[3.013s] -- Up-to-date: /home/droso1/drosophibot-ROS/install/pubsub/share/pubsub/local_setup.bash
[3.014s] -- Up-to-date: /home/droso1/drosophibot-ROS/install/pubsub/share/pubsub/local_setup.sh
[3.014s] -- Up-to-date: /home/droso1/drosophibot-ROS/install/pubsub/share/pubsub/local_setup.zsh
[3.015s] -- Up-to-date: /home/droso1/drosophibot-ROS/install/pubsub/share/pubsub/local_setup.dsv
[3.015s] -- Installing: /home/droso1/drosophibot-ROS/install/pubsub/share/pubsub/package.dsv
[3.016s] -- Up-to-date: /home/droso1/drosophibot-ROS/install/pubsub/share/ament_index/resource_index/packages/pubsub
[3.016s] -- Up-to-date: /home/droso1/drosophibot-ROS/install/pubsub/share/pubsub/cmake/pubsubConfig.cmake
[3.016s] -- Up-to-date: /home/droso1/drosophibot-ROS/install/pubsub/share/pubsub/cmake/pubsubConfig-version.cmake
[3.017s] -- Installing: /home/droso1/drosophibot-ROS/install/pubsub/share/pubsub/package.xml
[3.024s] Invoked command in '/home/droso1/drosophibot-ROS/build/pubsub' returned '0': CMAKE_PREFIX_PATH=${CMAKE_PREFIX_PATH}:/opt/ros/jazzy /usr/bin/cmake --install /home/droso1/drosophibot-ROS/build/pubsub
