[0.046s] Invoking command in '/home/droso1/drosophibot-ROS/build/interfaces': CMAKE_PREFIX_PATH=${CMAKE_PREFIX_PATH}:/opt/ros/jazzy /usr/bin/cmake /home/droso1/drosophibot-ROS/interfaces -DCMAKE_INSTALL_PREFIX=/home/droso1/drosophibot-ROS/install/interfaces
[0.102s] -- Found ament_cmake: 2.5.4 (/opt/ros/jazzy/share/ament_cmake/cmake)
[1.053s] -- Found rosidl_default_generators: 1.6.0 (/opt/ros/jazzy/share/rosidl_default_generators/cmake)
[1.063s] -- Using all available rosidl_typesupport_c: rosidl_typesupport_fastrtps_c;rosidl_typesupport_introspection_c
[1.224s] -- Using all available rosidl_typesupport_cpp: rosidl_typesupport_fastrtps_cpp;rosidl_typesupport_introspection_cpp
[1.343s] -- Found rosidl_adapter: 4.6.6 (/opt/ros/jazzy/share/rosidl_adapter/cmake)
[1.350s] -- Found ament_lint_auto: 0.17.3 (/opt/ros/jazzy/share/ament_lint_auto/cmake)
[2.879s] [31mCMake Error at /opt/ros/jazzy/share/rosidl_adapter/cmake/rosidl_adapt_interfaces.cmake:57 (message):
[2.879s]   execute_process(/usr/bin/python3 -m rosidl_adapter --package-name
[2.880s]   interfaces --arguments-file
[2.880s]   /home/droso1/drosophibot-ROS/build/interfaces/rosidl_adapter__arguments__interfaces.json
[2.880s]   --output-dir
[2.881s]   /home/droso1/drosophibot-ROS/build/interfaces/rosidl_adapter/interfaces
[2.881s]   --output-file
[2.881s]   /home/droso1/drosophibot-ROS/build/interfaces/rosidl_adapter/interfaces.idls)
[2.882s]   returned error code 1:
[2.882s] 
[2.882s]   Traceback (most recent call last):
[2.883s] 
[2.883s]     File "<frozen runpy>", line 198, in _run_module_as_main
[2.884s]     File "<frozen runpy>", line 88, in _run_code
[2.885s]     File "/opt/ros/jazzy/lib/python3.12/site-packages/rosidl_adapter/__main__.py", line 19, in <module>
[2.885s]       sys.exit(main())
[2.886s]                ^^^^^^
[2.888s]     File "/opt/ros/jazzy/lib/python3.12/site-packages/rosidl_adapter/main.py", line 53, in main
[2.889s]       abs_idl_file = convert_to_idl(
[2.890s]                      ^^^^^^^^^^^^^^^
[2.890s]     File "/opt/ros/jazzy/lib/python3.12/site-packages/rosidl_adapter/__init__.py", line 19, in convert_to_idl
[2.891s]       return convert_msg_to_idl(
[2.892s]              ^^^^^^^^^^^^^^^^^^^
[2.893s]     File "/opt/ros/jazzy/lib/python3.12/site-packages/rosidl_adapter/msg/__init__.py", line 28, in convert_msg_to_idl
[2.894s]       msg = parse_message_string(package_name, input_file.stem, content)
[2.894s]             ^^^^^^^^^^^^^^^^^^^^^^^^^^^^^^^^^^^^^^^^^^^^^^^^^^^^^^^^^^^^
[2.894s]     File "/opt/ros/jazzy/lib/python3.12/site-packages/rosidl_adapter/parser.py", line 545, in parse_message_string
[2.895s]       msg = MessageSpecification(pkg_name, msg_name, fields, constants)
[2.895s]             ^^^^^^^^^^^^^^^^^^^^^^^^^^^^^^^^^^^^^^^^^^^^^^^^^^^^^^^^^^^
[2.895s]     File "/opt/ros/jazzy/lib/python3.12/site-packages/rosidl_adapter/parser.py", line 389, in __init__
[2.896s]       self.base_type = BaseType(
[2.896s]                        ^^^^^^^^^
[2.896s]     File "/opt/ros/jazzy/lib/python3.12/site-packages/rosidl_adapter/parser.py", line 206, in __init__
[2.897s]       raise InvalidResourceName(
[2.897s] 
[2.898s]   rosidl_adapter.parser.InvalidResourceName: 'motorcommand' is an invalid
[2.898s]   message name.  It should have the pattern '^[A-Z][A-Za-z0-9]*$'
[2.898s] 
[2.899s] Call Stack (most recent call first):
[2.899s]   /opt/ros/jazzy/share/rosidl_cmake/cmake/rosidl_generate_interfaces.cmake:132 (rosidl_adapt_interfaces)
[2.899s]   CMakeLists.txt:26 (rosidl_generate_interfaces)
[2.900s] 
[2.900s] [0m
[2.900s] -- Configuring incomplete, errors occurred!
[2.903s] Invoked command in '/home/droso1/drosophibot-ROS/build/interfaces' returned '1': CMAKE_PREFIX_PATH=${CMAKE_PREFIX_PATH}:/opt/ros/jazzy /usr/bin/cmake /home/droso1/drosophibot-ROS/interfaces -DCMAKE_INSTALL_PREFIX=/home/droso1/drosophibot-ROS/install/interfaces
