[0.061s] Invoking command in '/home/droso1/drosophibot-ROS/build/motor_control': AMENT_PREFIX_PATH=/home/droso1/drosophibot-ROS/install/interfaces:${AMENT_PREFIX_PATH} CMAKE_PREFIX_PATH=/home/droso1/drosophibot-ROS/install/interfaces:/home/droso1/drosophibot-ROS/install/testcpp:/opt/ros/jazzy LD_LIBRARY_PATH=/home/droso1/drosophibot-ROS/install/interfaces/lib:${LD_LIBRARY_PATH} PYTHONPATH=/home/droso1/drosophibot-ROS/install/interfaces/lib/python3.12/site-packages:${PYTHONPATH} /usr/bin/cmake --build /home/droso1/drosophibot-ROS/build/motor_control -- -j4 -l4
[0.182s] -- Found ament_cmake: 2.5.4 (/opt/ros/jazzy/share/ament_cmake/cmake)
[1.149s] -- Found rclcpp: 28.1.13 (/opt/ros/jazzy/share/rclcpp/cmake)
[1.276s] -- Found rosidl_generator_c: 4.6.6 (/opt/ros/jazzy/share/rosidl_generator_c/cmake)
[1.316s] -- Found rosidl_generator_cpp: 4.6.6 (/opt/ros/jazzy/share/rosidl_generator_cpp/cmake)
[1.364s] -- Using all available rosidl_typesupport_c: rosidl_typesupport_fastrtps_c;rosidl_typesupport_introspection_c
[1.420s] -- Using all available rosidl_typesupport_cpp: rosidl_typesupport_fastrtps_cpp;rosidl_typesupport_introspection_cpp
[1.652s] -- Found rmw_implementation_cmake: 7.3.2 (/opt/ros/jazzy/share/rmw_implementation_cmake/cmake)
[1.658s] -- Found rmw_fastrtps_cpp: 8.4.3 (/opt/ros/jazzy/share/rmw_fastrtps_cpp/cmake)
[1.904s] -- Using RMW implementation 'rmw_fastrtps_cpp' as default
[2.122s] -- Found interfaces: 0.0.0 (/home/droso1/drosophibot-ROS/install/interfaces/share/interfaces/cmake)
[2.228s] [31mCMake Error at CMakeLists.txt:12 (find_package):
[2.228s]   By not providing "FindDynamixelSDK.cmake" in CMAKE_MODULE_PATH this project
[2.229s]   has asked CMake to find a package configuration file provided by
[2.229s]   "DynamixelSDK", but CMake did not find one.
[2.229s] 
[2.230s]   Could not find a package configuration file provided by "DynamixelSDK" with
[2.230s]   any of the following names:
[2.230s] 
[2.231s]     DynamixelSDKConfig.cmake
[2.231s]     dynamixelsdk-config.cmake
[2.231s] 
[2.232s]   Add the installation prefix of "DynamixelSDK" to CMAKE_PREFIX_PATH or set
[2.232s]   "DynamixelSDK_DIR" to a directory containing one of the above files.  If
[2.233s]   "DynamixelSDK" provides a separate development package or SDK, be sure it
[2.234s]   has been installed.
[2.235s] 
[2.235s] [0m
[2.236s] -- Configuring incomplete, errors occurred!
[2.252s] gmake: *** [Makefile:267: cmake_check_build_system] Error 1
[2.260s] Invoked command in '/home/droso1/drosophibot-ROS/build/motor_control' returned '2': AMENT_PREFIX_PATH=/home/droso1/drosophibot-ROS/install/interfaces:${AMENT_PREFIX_PATH} CMAKE_PREFIX_PATH=/home/droso1/drosophibot-ROS/install/interfaces:/home/droso1/drosophibot-ROS/install/testcpp:/opt/ros/jazzy LD_LIBRARY_PATH=/home/droso1/drosophibot-ROS/install/interfaces/lib:${LD_LIBRARY_PATH} PYTHONPATH=/home/droso1/drosophibot-ROS/install/interfaces/lib/python3.12/site-packages:${PYTHONPATH} /usr/bin/cmake --build /home/droso1/drosophibot-ROS/build/motor_control -- -j4 -l4
