[0.069s] Invoking command in '/home/droso1/drosophibot-ROS/build/strain_monitor': CMAKE_PREFIX_PATH=/home/droso1/drosophibot-ROS/install/interfaces:/home/droso1/drosophibot-ROS/install/testcpp:/home/droso1/drosophibot-ROS/install/pubsub:/home/droso1/drosophibot-ROS/install/motor_control:/home/droso1/drosophibot-ROS/install/limb_controller:/opt/ros/jazzy /usr/bin/cmake --build /home/droso1/drosophibot-ROS/build/strain_monitor -- -j4 -l4
[0.389s] [ 50%] [32mBuilding CXX object CMakeFiles/strain_monitor.dir/src/strain_monitor.cpp.o[0m
[18.375s] [100%] [32m[1mLinking CXX executable strain_monitor[0m
[19.268s] [100%] Built target strain_monitor
[19.323s] Invoked command in '/home/droso1/drosophibot-ROS/build/strain_monitor' returned '0': CMAKE_PREFIX_PATH=/home/droso1/drosophibot-ROS/install/interfaces:/home/droso1/drosophibot-ROS/install/testcpp:/home/droso1/drosophibot-ROS/install/pubsub:/home/droso1/drosophibot-ROS/install/motor_control:/home/droso1/drosophibot-ROS/install/limb_controller:/opt/ros/jazzy /usr/bin/cmake --build /home/droso1/drosophibot-ROS/build/strain_monitor -- -j4 -l4
[19.371s] Invoking command in '/home/droso1/drosophibot-ROS/build/strain_monitor': CMAKE_PREFIX_PATH=/home/droso1/drosophibot-ROS/install/interfaces:/home/droso1/drosophibot-ROS/install/testcpp:/home/droso1/drosophibot-ROS/install/pubsub:/home/droso1/drosophibot-ROS/install/motor_control:/home/droso1/drosophibot-ROS/install/limb_controller:/opt/ros/jazzy /usr/bin/cmake --install /home/droso1/drosophibot-ROS/build/strain_monitor
[19.409s] -- Install configuration: ""
[19.410s] -- Installing: /home/droso1/drosophibot-ROS/install/strain_monitor/lib/strain_monitor/strain_monitor
[19.421s] -- Set non-toolchain portion of runtime path of "/home/droso1/drosophibot-ROS/install/strain_monitor/lib/strain_monitor/strain_monitor" to ""
[19.422s] -- Installing: /home/droso1/drosophibot-ROS/install/strain_monitor/share/ament_index/resource_index/package_run_dependencies/strain_monitor
[19.424s] -- Installing: /home/droso1/drosophibot-ROS/install/strain_monitor/share/ament_index/resource_index/parent_prefix_path/strain_monitor
[19.426s] -- Installing: /home/droso1/drosophibot-ROS/install/strain_monitor/share/strain_monitor/environment/ament_prefix_path.sh
[19.427s] -- Installing: /home/droso1/drosophibot-ROS/install/strain_monitor/share/strain_monitor/environment/ament_prefix_path.dsv
[19.428s] -- Installing: /home/droso1/drosophibot-ROS/install/strain_monitor/share/strain_monitor/environment/path.sh
[19.430s] -- Installing: /home/droso1/drosophibot-ROS/install/strain_monitor/share/strain_monitor/environment/path.dsv
[19.431s] -- Installing: /home/droso1/drosophibot-ROS/install/strain_monitor/share/strain_monitor/local_setup.bash
[19.432s] -- Installing: /home/droso1/drosophibot-ROS/install/strain_monitor/share/strain_monitor/local_setup.sh
[19.433s] -- Installing: /home/droso1/drosophibot-ROS/install/strain_monitor/share/strain_monitor/local_setup.zsh
[19.435s] -- Installing: /home/droso1/drosophibot-ROS/install/strain_monitor/share/strain_monitor/local_setup.dsv
[19.436s] -- Installing: /home/droso1/drosophibot-ROS/install/strain_monitor/share/strain_monitor/package.dsv
[19.437s] -- Installing: /home/droso1/drosophibot-ROS/install/strain_monitor/share/ament_index/resource_index/packages/strain_monitor
[19.439s] -- Installing: /home/droso1/drosophibot-ROS/install/strain_monitor/share/strain_monitor/cmake/strain_monitorConfig.cmake
[19.440s] -- Installing: /home/droso1/drosophibot-ROS/install/strain_monitor/share/strain_monitor/cmake/strain_monitorConfig-version.cmake
[19.441s] -- Installing: /home/droso1/drosophibot-ROS/install/strain_monitor/share/strain_monitor/package.xml
[19.448s] Invoked command in '/home/droso1/drosophibot-ROS/build/strain_monitor' returned '0': CMAKE_PREFIX_PATH=/home/droso1/drosophibot-ROS/install/interfaces:/home/droso1/drosophibot-ROS/install/testcpp:/home/droso1/drosophibot-ROS/install/pubsub:/home/droso1/drosophibot-ROS/install/motor_control:/home/droso1/drosophibot-ROS/install/limb_controller:/opt/ros/jazzy /usr/bin/cmake --install /home/droso1/drosophibot-ROS/build/strain_monitor
