[0.078s] Invoking command in '/home/droso1/drosophibot-ROS/build/pubsub': CMAKE_PREFIX_PATH=${CMAKE_PREFIX_PATH}:/opt/ros/jazzy /usr/bin/cmake --build /home/droso1/drosophibot-ROS/build/pubsub -- -j4 -l4
[0.449s] [ 50%] Built target listener
[0.475s] [100%] Built target talker
[0.539s] Invoked command in '/home/droso1/drosophibot-ROS/build/pubsub' returned '0': CMAKE_PREFIX_PATH=${CMAKE_PREFIX_PATH}:/opt/ros/jazzy /usr/bin/cmake --build /home/droso1/drosophibot-ROS/build/pubsub -- -j4 -l4
[0.593s] Invoking command in '/home/droso1/drosophibot-ROS/build/pubsub': CMAKE_PREFIX_PATH=${CMAKE_PREFIX_PATH}:/opt/ros/jazzy /usr/bin/cmake --install /home/droso1/drosophibot-ROS/build/pubsub
[0.639s] -- Install configuration: ""
[0.643s] -- Up-to-date: /home/droso1/drosophibot-ROS/install/pubsub/lib/pubsub/talker
[0.645s] -- Up-to-date: /home/droso1/drosophibot-ROS/install/pubsub/lib/pubsub/talker
[0.650s] -- Up-to-date: /home/droso1/drosophibot-ROS/install/pubsub/lib/pubsub/listener
[0.654s] -- Up-to-date: /home/droso1/drosophibot-ROS/install/pubsub/share/ament_index/resource_index/package_run_dependencies/pubsub
[0.656s] -- Up-to-date: /home/droso1/drosophibot-ROS/install/pubsub/share/ament_index/resource_index/parent_prefix_path/pubsub
[0.659s] -- Up-to-date: /home/droso1/drosophibot-ROS/install/pubsub/share/pubsub/environment/ament_prefix_path.sh
[0.664s] -- Up-to-date: /home/droso1/drosophibot-ROS/install/pubsub/share/pubsub/environment/ament_prefix_path.dsv
[0.672s] -- Up-to-date: /home/droso1/drosophibot-ROS/install/pubsub/share/pubsub/environment/path.sh
[0.682s] -- Up-to-date: /home/droso1/drosophibot-ROS/install/pubsub/share/pubsub/environment/path.dsv
[0.692s] -- Up-to-date: /home/droso1/drosophibot-ROS/install/pubsub/share/pubsub/local_setup.bash
[0.695s] -- Up-to-date: /home/droso1/drosophibot-ROS/install/pubsub/share/pubsub/local_setup.sh
[0.699s] -- Up-to-date: /home/droso1/drosophibot-ROS/install/pubsub/share/pubsub/local_setup.zsh
[0.704s] -- Up-to-date: /home/droso1/drosophibot-ROS/install/pubsub/share/pubsub/local_setup.dsv
[0.720s] -- Installing: /home/droso1/drosophibot-ROS/install/pubsub/share/pubsub/package.dsv
[0.721s] -- Up-to-date: /home/droso1/drosophibot-ROS/install/pubsub/share/ament_index/resource_index/packages/pubsub
[0.721s] -- Up-to-date: /home/droso1/drosophibot-ROS/install/pubsub/share/pubsub/cmake/pubsubConfig.cmake
[0.722s] -- Up-to-date: /home/droso1/drosophibot-ROS/install/pubsub/share/pubsub/cmake/pubsubConfig-version.cmake
[0.723s] -- Up-to-date: /home/droso1/drosophibot-ROS/install/pubsub/share/pubsub/package.xml
[0.815s] Invoked command in '/home/droso1/drosophibot-ROS/build/pubsub' returned '0': CMAKE_PREFIX_PATH=${CMAKE_PREFIX_PATH}:/opt/ros/jazzy /usr/bin/cmake --install /home/droso1/drosophibot-ROS/build/pubsub
