[0.432s] DEBUG:colcon:Command line arguments: ['/usr/bin/colcon', 'build', '--packages-select', 'limb_controller']
[0.432s] DEBUG:colcon:Parsed command line arguments: Namespace(log_base=None, log_level=None, verb_name='build', build_base='build', install_base='install', merge_install=False, symlink_install=False, test_result_base=None, continue_on_error=False, executor='parallel', parallel_workers=4, event_handlers=None, ignore_user_meta=False, metas=['./colcon.meta'], base_paths=['.'], packages_ignore=None, packages_ignore_regex=None, paths=None, packages_up_to=None, packages_up_to_regex=None, packages_above=None, packages_above_and_dependencies=None, packages_above_depth=None, packages_select_by_dep=None, packages_skip_by_dep=None, packages_skip_up_to=None, packages_select_build_failed=False, packages_skip_build_finished=False, packages_select_test_failures=False, packages_skip_test_passed=False, packages_select=['limb_controller'], packages_skip=None, packages_select_regex=None, packages_skip_regex=None, packages_start=None, packages_end=None, allow_overriding=[], cmake_args=None, cmake_target=None, cmake_target_skip_unavailable=False, cmake_clean_cache=False, cmake_clean_first=False, cmake_force_configure=False, ament_cmake_args=None, catkin_cmake_args=None, catkin_skip_building_tests=False, mixin_files=None, mixin=None, verb_parser=<colcon_mixin.mixin.mixin_argument.MixinArgumentDecorator object at 0xffffbbbcaba0>, verb_extension=<colcon_core.verb.build.BuildVerb object at 0xffffbbd772f0>, main=<bound method BuildVerb.main of <colcon_core.verb.build.BuildVerb object at 0xffffbbd772f0>>, mixin_verb=('build',))
[0.597s] Level 1:colcon.colcon_core.package_discovery:discover_packages(colcon_meta) check parameters
[0.597s] Level 1:colcon.colcon_core.package_discovery:discover_packages(recursive) check parameters
[0.597s] Level 1:colcon.colcon_core.package_discovery:discover_packages(ignore) check parameters
[0.597s] Level 1:colcon.colcon_core.package_discovery:discover_packages(path) check parameters
[0.597s] Level 1:colcon.colcon_core.package_discovery:discover_packages(colcon_meta) discover
[0.598s] Level 1:colcon.colcon_core.package_discovery:discover_packages(recursive) discover
[0.598s] INFO:colcon.colcon_core.package_discovery:Crawling recursively for packages in '/home/droso1/drosophibot-ROS'
[0.598s] Level 1:colcon.colcon_core.package_identification:_identify(.) by extensions ['ignore', 'ignore_ament_install']
[0.598s] Level 1:colcon.colcon_core.package_identification:_identify(.) by extension 'ignore'
[0.599s] Level 1:colcon.colcon_core.package_identification:_identify(.) by extension 'ignore_ament_install'
[0.599s] Level 1:colcon.colcon_core.package_identification:_identify(.) by extensions ['colcon_pkg']
[0.599s] Level 1:colcon.colcon_core.package_identification:_identify(.) by extension 'colcon_pkg'
[0.599s] Level 1:colcon.colcon_core.package_identification:_identify(.) by extensions ['colcon_meta']
[0.599s] Level 1:colcon.colcon_core.package_identification:_identify(.) by extension 'colcon_meta'
[0.599s] Level 1:colcon.colcon_core.package_identification:_identify(.) by extensions ['ros']
[0.599s] Level 1:colcon.colcon_core.package_identification:_identify(.) by extension 'ros'
[0.702s] Level 1:colcon.colcon_core.package_identification:_identify(.) by extensions ['cmake', 'python']
[0.702s] Level 1:colcon.colcon_core.package_identification:_identify(.) by extension 'cmake'
[0.703s] Level 1:colcon.colcon_core.package_identification:_identify(.) by extension 'python'
[0.703s] Level 1:colcon.colcon_core.package_identification:_identify(.) by extensions ['python_setup_py']
[0.703s] Level 1:colcon.colcon_core.package_identification:_identify(.) by extension 'python_setup_py'
[0.703s] Level 1:colcon.colcon_core.package_identification:_identify(build) by extensions ['ignore', 'ignore_ament_install']
[0.704s] Level 1:colcon.colcon_core.package_identification:_identify(build) by extension 'ignore'
[0.704s] Level 1:colcon.colcon_core.package_identification:_identify(build) ignored
[0.705s] Level 1:colcon.colcon_core.package_identification:_identify(install) by extensions ['ignore', 'ignore_ament_install']
[0.705s] Level 1:colcon.colcon_core.package_identification:_identify(install) by extension 'ignore'
[0.705s] Level 1:colcon.colcon_core.package_identification:_identify(install) ignored
[0.705s] Level 1:colcon.colcon_core.package_identification:_identify(interfaces) by extensions ['ignore', 'ignore_ament_install']
[0.706s] Level 1:colcon.colcon_core.package_identification:_identify(interfaces) by extension 'ignore'
[0.706s] Level 1:colcon.colcon_core.package_identification:_identify(interfaces) by extension 'ignore_ament_install'
[0.706s] Level 1:colcon.colcon_core.package_identification:_identify(interfaces) by extensions ['colcon_pkg']
[0.706s] Level 1:colcon.colcon_core.package_identification:_identify(interfaces) by extension 'colcon_pkg'
[0.706s] Level 1:colcon.colcon_core.package_identification:_identify(interfaces) by extensions ['colcon_meta']
[0.706s] Level 1:colcon.colcon_core.package_identification:_identify(interfaces) by extension 'colcon_meta'
[0.707s] Level 1:colcon.colcon_core.package_identification:_identify(interfaces) by extensions ['ros']
[0.707s] Level 1:colcon.colcon_core.package_identification:_identify(interfaces) by extension 'ros'
[0.715s] DEBUG:colcon.colcon_core.package_identification:Package 'interfaces' with type 'ros.ament_cmake' and name 'interfaces'
[0.715s] Level 1:colcon.colcon_core.package_identification:_identify(limb_controller) by extensions ['ignore', 'ignore_ament_install']
[0.715s] Level 1:colcon.colcon_core.package_identification:_identify(limb_controller) by extension 'ignore'
[0.716s] Level 1:colcon.colcon_core.package_identification:_identify(limb_controller) by extension 'ignore_ament_install'
[0.716s] Level 1:colcon.colcon_core.package_identification:_identify(limb_controller) by extensions ['colcon_pkg']
[0.716s] Level 1:colcon.colcon_core.package_identification:_identify(limb_controller) by extension 'colcon_pkg'
[0.716s] Level 1:colcon.colcon_core.package_identification:_identify(limb_controller) by extensions ['colcon_meta']
[0.716s] Level 1:colcon.colcon_core.package_identification:_identify(limb_controller) by extension 'colcon_meta'
[0.716s] Level 1:colcon.colcon_core.package_identification:_identify(limb_controller) by extensions ['ros']
[0.717s] Level 1:colcon.colcon_core.package_identification:_identify(limb_controller) by extension 'ros'
[0.718s] DEBUG:colcon.colcon_core.package_identification:Package 'limb_controller' with type 'ros.ament_cmake' and name 'limb_controller'
[0.719s] Level 1:colcon.colcon_core.package_identification:_identify(log) by extensions ['ignore', 'ignore_ament_install']
[0.720s] Level 1:colcon.colcon_core.package_identification:_identify(log) by extension 'ignore'
[0.720s] Level 1:colcon.colcon_core.package_identification:_identify(log) ignored
[0.720s] Level 1:colcon.colcon_core.package_identification:_identify(motor_control) by extensions ['ignore', 'ignore_ament_install']
[0.721s] Level 1:colcon.colcon_core.package_identification:_identify(motor_control) by extension 'ignore'
[0.721s] Level 1:colcon.colcon_core.package_identification:_identify(motor_control) by extension 'ignore_ament_install'
[0.721s] Level 1:colcon.colcon_core.package_identification:_identify(motor_control) by extensions ['colcon_pkg']
[0.721s] Level 1:colcon.colcon_core.package_identification:_identify(motor_control) by extension 'colcon_pkg'
[0.721s] Level 1:colcon.colcon_core.package_identification:_identify(motor_control) by extensions ['colcon_meta']
[0.721s] Level 1:colcon.colcon_core.package_identification:_identify(motor_control) by extension 'colcon_meta'
[0.722s] Level 1:colcon.colcon_core.package_identification:_identify(motor_control) by extensions ['ros']
[0.722s] Level 1:colcon.colcon_core.package_identification:_identify(motor_control) by extension 'ros'
[0.724s] DEBUG:colcon.colcon_core.package_identification:Package 'motor_control' with type 'ros.ament_cmake' and name 'motor_control'
[0.724s] Level 1:colcon.colcon_core.package_identification:_identify(pubsub) by extensions ['ignore', 'ignore_ament_install']
[0.724s] Level 1:colcon.colcon_core.package_identification:_identify(pubsub) by extension 'ignore'
[0.725s] Level 1:colcon.colcon_core.package_identification:_identify(pubsub) by extension 'ignore_ament_install'
[0.725s] Level 1:colcon.colcon_core.package_identification:_identify(pubsub) by extensions ['colcon_pkg']
[0.725s] Level 1:colcon.colcon_core.package_identification:_identify(pubsub) by extension 'colcon_pkg'
[0.725s] Level 1:colcon.colcon_core.package_identification:_identify(pubsub) by extensions ['colcon_meta']
[0.725s] Level 1:colcon.colcon_core.package_identification:_identify(pubsub) by extension 'colcon_meta'
[0.725s] Level 1:colcon.colcon_core.package_identification:_identify(pubsub) by extensions ['ros']
[0.725s] Level 1:colcon.colcon_core.package_identification:_identify(pubsub) by extension 'ros'
[0.727s] DEBUG:colcon.colcon_core.package_identification:Package 'pubsub' with type 'ros.ament_cmake' and name 'pubsub'
[0.728s] Level 1:colcon.colcon_core.package_identification:_identify(testcpp) by extensions ['ignore', 'ignore_ament_install']
[0.728s] Level 1:colcon.colcon_core.package_identification:_identify(testcpp) by extension 'ignore'
[0.728s] Level 1:colcon.colcon_core.package_identification:_identify(testcpp) by extension 'ignore_ament_install'
[0.728s] Level 1:colcon.colcon_core.package_identification:_identify(testcpp) by extensions ['colcon_pkg']
[0.729s] Level 1:colcon.colcon_core.package_identification:_identify(testcpp) by extension 'colcon_pkg'
[0.729s] Level 1:colcon.colcon_core.package_identification:_identify(testcpp) by extensions ['colcon_meta']
[0.729s] Level 1:colcon.colcon_core.package_identification:_identify(testcpp) by extension 'colcon_meta'
[0.729s] Level 1:colcon.colcon_core.package_identification:_identify(testcpp) by extensions ['ros']
[0.729s] Level 1:colcon.colcon_core.package_identification:_identify(testcpp) by extension 'ros'
[0.731s] DEBUG:colcon.colcon_core.package_identification:Package 'testcpp' with type 'ros.ament_cmake' and name 'testcpp'
[0.731s] Level 1:colcon.colcon_core.package_discovery:discover_packages(recursive) using defaults
[0.732s] Level 1:colcon.colcon_core.package_discovery:discover_packages(ignore) discover
[0.732s] Level 1:colcon.colcon_core.package_discovery:discover_packages(ignore) using defaults
[0.732s] Level 1:colcon.colcon_core.package_discovery:discover_packages(path) discover
[0.732s] Level 1:colcon.colcon_core.package_discovery:discover_packages(path) using defaults
[0.800s] INFO:colcon.colcon_core.package_selection:Skipping not selected package 'interfaces' in 'interfaces'
[0.800s] INFO:colcon.colcon_core.package_selection:Skipping not selected package 'pubsub' in 'pubsub'
[0.800s] INFO:colcon.colcon_core.package_selection:Skipping not selected package 'testcpp' in 'testcpp'
[0.800s] INFO:colcon.colcon_core.package_selection:Skipping not selected package 'motor_control' in 'motor_control'
[0.802s] Level 1:colcon.colcon_core.package_discovery:discover_packages(prefix_path) check parameters
[0.802s] Level 1:colcon.colcon_core.package_discovery:discover_packages(prefix_path) discover
[0.811s] DEBUG:colcon.colcon_installed_package_information.package_discovery:Found 5 installed packages in /home/droso1/drosophibot-ROS/install
[0.819s] DEBUG:colcon.colcon_installed_package_information.package_discovery:Found 193 installed packages in /opt/ros/jazzy
[0.821s] Level 1:colcon.colcon_core.package_discovery:discover_packages(prefix_path) using defaults
[0.950s] Level 5:colcon.colcon_core.verb:set package 'limb_controller' build argument 'cmake_args' from command line to 'None'
[0.951s] Level 5:colcon.colcon_core.verb:set package 'limb_controller' build argument 'cmake_target' from command line to 'None'
[0.951s] Level 5:colcon.colcon_core.verb:set package 'limb_controller' build argument 'cmake_target_skip_unavailable' from command line to 'False'
[0.951s] Level 5:colcon.colcon_core.verb:set package 'limb_controller' build argument 'cmake_clean_cache' from command line to 'False'
[0.951s] Level 5:colcon.colcon_core.verb:set package 'limb_controller' build argument 'cmake_clean_first' from command line to 'False'
[0.951s] Level 5:colcon.colcon_core.verb:set package 'limb_controller' build argument 'cmake_force_configure' from command line to 'False'
[0.951s] Level 5:colcon.colcon_core.verb:set package 'limb_controller' build argument 'ament_cmake_args' from command line to 'None'
[0.951s] Level 5:colcon.colcon_core.verb:set package 'limb_controller' build argument 'catkin_cmake_args' from command line to 'None'
[0.951s] Level 5:colcon.colcon_core.verb:set package 'limb_controller' build argument 'catkin_skip_building_tests' from command line to 'False'
[0.951s] DEBUG:colcon.colcon_core.verb:Building package 'limb_controller' with the following arguments: {'ament_cmake_args': None, 'build_base': '/home/droso1/drosophibot-ROS/build/limb_controller', 'catkin_cmake_args': None, 'catkin_skip_building_tests': False, 'cmake_args': None, 'cmake_clean_cache': False, 'cmake_clean_first': False, 'cmake_force_configure': False, 'cmake_target': None, 'cmake_target_skip_unavailable': False, 'install_base': '/home/droso1/drosophibot-ROS/install/limb_controller', 'merge_install': False, 'path': '/home/droso1/drosophibot-ROS/limb_controller', 'symlink_install': False, 'test_result_base': None}
[0.952s] INFO:colcon.colcon_core.executor:Executing jobs using 'parallel' executor
[0.955s] DEBUG:colcon.colcon_parallel_executor.executor.parallel:run_until_complete
[0.956s] INFO:colcon.colcon_ros.task.ament_cmake.build:Building ROS package in '/home/droso1/drosophibot-ROS/limb_controller' with build type 'ament_cmake'
[0.956s] INFO:colcon.colcon_cmake.task.cmake.build:Building CMake package in '/home/droso1/drosophibot-ROS/limb_controller'
[0.964s] INFO:colcon.colcon_core.plugin_system:Skipping extension 'colcon_core.shell.bat': Not used on non-Windows systems
[0.965s] INFO:colcon.colcon_core.shell:Skip shell extension 'powershell' for command environment: Not usable outside of PowerShell
[0.965s] DEBUG:colcon.colcon_core.shell:Skip shell extension 'dsv' for command environment
[1.004s] DEBUG:colcon.colcon_core.event_handler.log_command:Invoking command in '/home/droso1/drosophibot-ROS/build/limb_controller': CMAKE_PREFIX_PATH=${CMAKE_PREFIX_PATH}:/opt/ros/jazzy /usr/bin/cmake /home/droso1/drosophibot-ROS/limb_controller -DCMAKE_INSTALL_PREFIX=/home/droso1/drosophibot-ROS/install/limb_controller
[3.530s] DEBUG:colcon.colcon_core.event_handler.log_command:Invoked command in '/home/droso1/drosophibot-ROS/build/limb_controller' returned '1': CMAKE_PREFIX_PATH=${CMAKE_PREFIX_PATH}:/opt/ros/jazzy /usr/bin/cmake /home/droso1/drosophibot-ROS/limb_controller -DCMAKE_INSTALL_PREFIX=/home/droso1/drosophibot-ROS/install/limb_controller
[3.589s] Level 1:colcon.colcon_core.environment:create_environment_scripts_only(limb_controller)
[3.602s] Level 1:colcon.colcon_core.environment:checking '/home/droso1/drosophibot-ROS/install/limb_controller' for CMake module files
[3.604s] Level 1:colcon.colcon_core.environment:checking '/home/droso1/drosophibot-ROS/install/limb_controller' for CMake config files
[3.606s] Level 1:colcon.colcon_core.environment:checking '/home/droso1/drosophibot-ROS/install/limb_controller/bin'
[3.606s] Level 1:colcon.colcon_core.environment:checking '/home/droso1/drosophibot-ROS/install/limb_controller/lib/pkgconfig/limb_controller.pc'
[3.607s] Level 1:colcon.colcon_core.environment:checking '/home/droso1/drosophibot-ROS/install/limb_controller/lib/python3.12/site-packages'
[3.609s] Level 1:colcon.colcon_core.environment:checking '/home/droso1/drosophibot-ROS/install/limb_controller/bin'
[3.609s] INFO:colcon.colcon_core.shell:Creating package script '/home/droso1/drosophibot-ROS/install/limb_controller/share/limb_controller/package.ps1'
[3.612s] INFO:colcon.colcon_core.shell:Creating package descriptor '/home/droso1/drosophibot-ROS/install/limb_controller/share/limb_controller/package.dsv'
[3.614s] INFO:colcon.colcon_core.shell:Creating package script '/home/droso1/drosophibot-ROS/install/limb_controller/share/limb_controller/package.sh'
[3.616s] INFO:colcon.colcon_core.shell:Creating package script '/home/droso1/drosophibot-ROS/install/limb_controller/share/limb_controller/package.bash'
[3.619s] INFO:colcon.colcon_core.shell:Creating package script '/home/droso1/drosophibot-ROS/install/limb_controller/share/limb_controller/package.zsh'
[3.621s] Level 1:colcon.colcon_core.environment:create_file_with_runtime_dependencies(/home/droso1/drosophibot-ROS/install/limb_controller/share/colcon-core/packages/limb_controller)
[3.632s] DEBUG:colcon.colcon_parallel_executor.executor.parallel:closing loop
[3.633s] DEBUG:colcon.colcon_parallel_executor.executor.parallel:loop closed
[3.633s] DEBUG:colcon.colcon_parallel_executor.executor.parallel:run_until_complete finished with '1'
[3.633s] DEBUG:colcon.colcon_core.event_reactor:joining thread
[3.658s] INFO:colcon.colcon_core.plugin_system:Skipping extension 'colcon_notification.desktop_notification.notify_send': Could not find 'notify-send'
[3.659s] INFO:colcon.colcon_core.plugin_system:Skipping extension 'colcon_notification.desktop_notification.terminal_notifier': Not used on non-Darwin systems
[3.659s] INFO:colcon.colcon_core.plugin_system:Skipping extension 'colcon_notification.desktop_notification.win32': Not used on non-Windows systems
[3.659s] INFO:colcon.colcon_notification.desktop_notification:Sending desktop notification using 'notify2'
[3.662s] DEBUG:colcon.colcon_notification.desktop_notification.notify2:Failed to initialize notify2: org.freedesktop.DBus.Error.ServiceUnknown: The name org.freedesktop.Notifications was not provided by any .service files
[3.662s] DEBUG:colcon.colcon_core.event_reactor:joined thread
[3.663s] INFO:colcon.colcon_core.shell:Creating prefix script '/home/droso1/drosophibot-ROS/install/local_setup.ps1'
[3.666s] INFO:colcon.colcon_core.shell:Creating prefix util module '/home/droso1/drosophibot-ROS/install/_local_setup_util_ps1.py'
[3.671s] INFO:colcon.colcon_core.shell:Creating prefix chain script '/home/droso1/drosophibot-ROS/install/setup.ps1'
[3.676s] INFO:colcon.colcon_core.shell:Creating prefix script '/home/droso1/drosophibot-ROS/install/local_setup.sh'
[3.678s] INFO:colcon.colcon_core.shell:Creating prefix util module '/home/droso1/drosophibot-ROS/install/_local_setup_util_sh.py'
[3.681s] INFO:colcon.colcon_core.shell:Creating prefix chain script '/home/droso1/drosophibot-ROS/install/setup.sh'
[3.685s] INFO:colcon.colcon_core.shell:Creating prefix script '/home/droso1/drosophibot-ROS/install/local_setup.bash'
[3.687s] INFO:colcon.colcon_core.shell:Creating prefix chain script '/home/droso1/drosophibot-ROS/install/setup.bash'
[3.691s] INFO:colcon.colcon_core.shell:Creating prefix script '/home/droso1/drosophibot-ROS/install/local_setup.zsh'
[3.693s] INFO:colcon.colcon_core.shell:Creating prefix chain script '/home/droso1/drosophibot-ROS/install/setup.zsh'
