[0.433s] DEBUG:colcon:Command line arguments: ['/usr/bin/colcon', 'build', '--packages-select', 'interfaces', '--allow-overriding', 'interfaces']
[0.433s] DEBUG:colcon:Parsed command line arguments: Namespace(log_base=None, log_level=None, verb_name='build', build_base='build', install_base='install', merge_install=False, symlink_install=False, test_result_base=None, continue_on_error=False, executor='parallel', parallel_workers=4, event_handlers=None, ignore_user_meta=False, metas=['./colcon.meta'], base_paths=['.'], packages_ignore=None, packages_ignore_regex=None, paths=None, packages_up_to=None, packages_up_to_regex=None, packages_above=None, packages_above_and_dependencies=None, packages_above_depth=None, packages_select_by_dep=None, packages_skip_by_dep=None, packages_skip_up_to=None, packages_select_build_failed=False, packages_skip_build_finished=False, packages_select_test_failures=False, packages_skip_test_passed=False, packages_select=['interfaces'], packages_skip=None, packages_select_regex=None, packages_skip_regex=None, packages_start=None, packages_end=None, allow_overriding=['interfaces'], cmake_args=None, cmake_target=None, cmake_target_skip_unavailable=False, cmake_clean_cache=False, cmake_clean_first=False, cmake_force_configure=False, ament_cmake_args=None, catkin_cmake_args=None, catkin_skip_building_tests=False, mixin_files=None, mixin=None, verb_parser=<colcon_mixin.mixin.mixin_argument.MixinArgumentDecorator object at 0xffff8c202a50>, verb_extension=<colcon_core.verb.build.BuildVerb object at 0xffff8c3b3050>, main=<bound method BuildVerb.main of <colcon_core.verb.build.BuildVerb object at 0xffff8c3b3050>>, mixin_verb=('build',))
[0.601s] Level 1:colcon.colcon_core.package_discovery:discover_packages(colcon_meta) check parameters
[0.602s] Level 1:colcon.colcon_core.package_discovery:discover_packages(recursive) check parameters
[0.602s] Level 1:colcon.colcon_core.package_discovery:discover_packages(ignore) check parameters
[0.602s] Level 1:colcon.colcon_core.package_discovery:discover_packages(path) check parameters
[0.602s] Level 1:colcon.colcon_core.package_discovery:discover_packages(colcon_meta) discover
[0.602s] Level 1:colcon.colcon_core.package_discovery:discover_packages(recursive) discover
[0.602s] INFO:colcon.colcon_core.package_discovery:Crawling recursively for packages in '/home/droso1/drosophibot-ROS'
[0.603s] Level 1:colcon.colcon_core.package_identification:_identify(.) by extensions ['ignore', 'ignore_ament_install']
[0.603s] Level 1:colcon.colcon_core.package_identification:_identify(.) by extension 'ignore'
[0.603s] Level 1:colcon.colcon_core.package_identification:_identify(.) by extension 'ignore_ament_install'
[0.604s] Level 1:colcon.colcon_core.package_identification:_identify(.) by extensions ['colcon_pkg']
[0.604s] Level 1:colcon.colcon_core.package_identification:_identify(.) by extension 'colcon_pkg'
[0.604s] Level 1:colcon.colcon_core.package_identification:_identify(.) by extensions ['colcon_meta']
[0.604s] Level 1:colcon.colcon_core.package_identification:_identify(.) by extension 'colcon_meta'
[0.604s] Level 1:colcon.colcon_core.package_identification:_identify(.) by extensions ['ros']
[0.604s] Level 1:colcon.colcon_core.package_identification:_identify(.) by extension 'ros'
[0.707s] Level 1:colcon.colcon_core.package_identification:_identify(.) by extensions ['cmake', 'python']
[0.707s] Level 1:colcon.colcon_core.package_identification:_identify(.) by extension 'cmake'
[0.707s] Level 1:colcon.colcon_core.package_identification:_identify(.) by extension 'python'
[0.707s] Level 1:colcon.colcon_core.package_identification:_identify(.) by extensions ['python_setup_py']
[0.707s] Level 1:colcon.colcon_core.package_identification:_identify(.) by extension 'python_setup_py'
[0.708s] Level 1:colcon.colcon_core.package_identification:_identify(build) by extensions ['ignore', 'ignore_ament_install']
[0.708s] Level 1:colcon.colcon_core.package_identification:_identify(build) by extension 'ignore'
[0.708s] Level 1:colcon.colcon_core.package_identification:_identify(build) ignored
[0.709s] Level 1:colcon.colcon_core.package_identification:_identify(install) by extensions ['ignore', 'ignore_ament_install']
[0.709s] Level 1:colcon.colcon_core.package_identification:_identify(install) by extension 'ignore'
[0.709s] Level 1:colcon.colcon_core.package_identification:_identify(install) ignored
[0.710s] Level 1:colcon.colcon_core.package_identification:_identify(interfaces) by extensions ['ignore', 'ignore_ament_install']
[0.710s] Level 1:colcon.colcon_core.package_identification:_identify(interfaces) by extension 'ignore'
[0.710s] Level 1:colcon.colcon_core.package_identification:_identify(interfaces) by extension 'ignore_ament_install'
[0.710s] Level 1:colcon.colcon_core.package_identification:_identify(interfaces) by extensions ['colcon_pkg']
[0.710s] Level 1:colcon.colcon_core.package_identification:_identify(interfaces) by extension 'colcon_pkg'
[0.711s] Level 1:colcon.colcon_core.package_identification:_identify(interfaces) by extensions ['colcon_meta']
[0.711s] Level 1:colcon.colcon_core.package_identification:_identify(interfaces) by extension 'colcon_meta'
[0.711s] Level 1:colcon.colcon_core.package_identification:_identify(interfaces) by extensions ['ros']
[0.711s] Level 1:colcon.colcon_core.package_identification:_identify(interfaces) by extension 'ros'
[0.719s] DEBUG:colcon.colcon_core.package_identification:Package 'interfaces' with type 'ros.ament_cmake' and name 'interfaces'
[0.720s] Level 1:colcon.colcon_core.package_identification:_identify(limb_controller) by extensions ['ignore', 'ignore_ament_install']
[0.720s] Level 1:colcon.colcon_core.package_identification:_identify(limb_controller) by extension 'ignore'
[0.720s] Level 1:colcon.colcon_core.package_identification:_identify(limb_controller) by extension 'ignore_ament_install'
[0.720s] Level 1:colcon.colcon_core.package_identification:_identify(limb_controller) by extensions ['colcon_pkg']
[0.720s] Level 1:colcon.colcon_core.package_identification:_identify(limb_controller) by extension 'colcon_pkg'
[0.721s] Level 1:colcon.colcon_core.package_identification:_identify(limb_controller) by extensions ['colcon_meta']
[0.721s] Level 1:colcon.colcon_core.package_identification:_identify(limb_controller) by extension 'colcon_meta'
[0.721s] Level 1:colcon.colcon_core.package_identification:_identify(limb_controller) by extensions ['ros']
[0.721s] Level 1:colcon.colcon_core.package_identification:_identify(limb_controller) by extension 'ros'
[0.723s] DEBUG:colcon.colcon_core.package_identification:Package 'limb_controller' with type 'ros.ament_cmake' and name 'limb_controller'
[0.724s] Level 1:colcon.colcon_core.package_identification:_identify(log) by extensions ['ignore', 'ignore_ament_install']
[0.725s] Level 1:colcon.colcon_core.package_identification:_identify(log) by extension 'ignore'
[0.725s] Level 1:colcon.colcon_core.package_identification:_identify(log) ignored
[0.725s] Level 1:colcon.colcon_core.package_identification:_identify(motor_control) by extensions ['ignore', 'ignore_ament_install']
[0.725s] Level 1:colcon.colcon_core.package_identification:_identify(motor_control) by extension 'ignore'
[0.726s] Level 1:colcon.colcon_core.package_identification:_identify(motor_control) by extension 'ignore_ament_install'
[0.726s] Level 1:colcon.colcon_core.package_identification:_identify(motor_control) by extensions ['colcon_pkg']
[0.726s] Level 1:colcon.colcon_core.package_identification:_identify(motor_control) by extension 'colcon_pkg'
[0.726s] Level 1:colcon.colcon_core.package_identification:_identify(motor_control) by extensions ['colcon_meta']
[0.726s] Level 1:colcon.colcon_core.package_identification:_identify(motor_control) by extension 'colcon_meta'
[0.726s] Level 1:colcon.colcon_core.package_identification:_identify(motor_control) by extensions ['ros']
[0.726s] Level 1:colcon.colcon_core.package_identification:_identify(motor_control) by extension 'ros'
[0.728s] DEBUG:colcon.colcon_core.package_identification:Package 'motor_control' with type 'ros.ament_cmake' and name 'motor_control'
[0.729s] Level 1:colcon.colcon_core.package_identification:_identify(pubsub) by extensions ['ignore', 'ignore_ament_install']
[0.729s] Level 1:colcon.colcon_core.package_identification:_identify(pubsub) by extension 'ignore'
[0.729s] Level 1:colcon.colcon_core.package_identification:_identify(pubsub) by extension 'ignore_ament_install'
[0.730s] Level 1:colcon.colcon_core.package_identification:_identify(pubsub) by extensions ['colcon_pkg']
[0.730s] Level 1:colcon.colcon_core.package_identification:_identify(pubsub) by extension 'colcon_pkg'
[0.730s] Level 1:colcon.colcon_core.package_identification:_identify(pubsub) by extensions ['colcon_meta']
[0.730s] Level 1:colcon.colcon_core.package_identification:_identify(pubsub) by extension 'colcon_meta'
[0.730s] Level 1:colcon.colcon_core.package_identification:_identify(pubsub) by extensions ['ros']
[0.730s] Level 1:colcon.colcon_core.package_identification:_identify(pubsub) by extension 'ros'
[0.732s] DEBUG:colcon.colcon_core.package_identification:Package 'pubsub' with type 'ros.ament_cmake' and name 'pubsub'
[0.733s] Level 1:colcon.colcon_core.package_identification:_identify(testcpp) by extensions ['ignore', 'ignore_ament_install']
[0.733s] Level 1:colcon.colcon_core.package_identification:_identify(testcpp) by extension 'ignore'
[0.733s] Level 1:colcon.colcon_core.package_identification:_identify(testcpp) by extension 'ignore_ament_install'
[0.733s] Level 1:colcon.colcon_core.package_identification:_identify(testcpp) by extensions ['colcon_pkg']
[0.733s] Level 1:colcon.colcon_core.package_identification:_identify(testcpp) by extension 'colcon_pkg'
[0.734s] Level 1:colcon.colcon_core.package_identification:_identify(testcpp) by extensions ['colcon_meta']
[0.734s] Level 1:colcon.colcon_core.package_identification:_identify(testcpp) by extension 'colcon_meta'
[0.734s] Level 1:colcon.colcon_core.package_identification:_identify(testcpp) by extensions ['ros']
[0.734s] Level 1:colcon.colcon_core.package_identification:_identify(testcpp) by extension 'ros'
[0.736s] DEBUG:colcon.colcon_core.package_identification:Package 'testcpp' with type 'ros.ament_cmake' and name 'testcpp'
[0.736s] Level 1:colcon.colcon_core.package_discovery:discover_packages(recursive) using defaults
[0.736s] Level 1:colcon.colcon_core.package_discovery:discover_packages(ignore) discover
[0.736s] Level 1:colcon.colcon_core.package_discovery:discover_packages(ignore) using defaults
[0.737s] Level 1:colcon.colcon_core.package_discovery:discover_packages(path) discover
[0.737s] Level 1:colcon.colcon_core.package_discovery:discover_packages(path) using defaults
[0.803s] INFO:colcon.colcon_core.package_selection:Skipping not selected package 'pubsub' in 'pubsub'
[0.803s] INFO:colcon.colcon_core.package_selection:Skipping not selected package 'testcpp' in 'testcpp'
[0.803s] INFO:colcon.colcon_core.package_selection:Skipping not selected package 'limb_controller' in 'limb_controller'
[0.804s] INFO:colcon.colcon_core.package_selection:Skipping not selected package 'motor_control' in 'motor_control'
[0.805s] Level 1:colcon.colcon_core.package_discovery:discover_packages(prefix_path) check parameters
[0.805s] Level 1:colcon.colcon_core.package_discovery:discover_packages(prefix_path) discover
[0.815s] DEBUG:colcon.colcon_installed_package_information.package_discovery:Found 5 installed packages in /home/droso1/drosophibot-ROS/install
[0.822s] DEBUG:colcon.colcon_installed_package_information.package_discovery:Found 193 installed packages in /opt/ros/jazzy
[0.824s] Level 1:colcon.colcon_core.package_discovery:discover_packages(prefix_path) using defaults
[0.954s] Level 5:colcon.colcon_core.verb:set package 'interfaces' build argument 'cmake_args' from command line to 'None'
[0.954s] Level 5:colcon.colcon_core.verb:set package 'interfaces' build argument 'cmake_target' from command line to 'None'
[0.954s] Level 5:colcon.colcon_core.verb:set package 'interfaces' build argument 'cmake_target_skip_unavailable' from command line to 'False'
[0.954s] Level 5:colcon.colcon_core.verb:set package 'interfaces' build argument 'cmake_clean_cache' from command line to 'False'
[0.955s] Level 5:colcon.colcon_core.verb:set package 'interfaces' build argument 'cmake_clean_first' from command line to 'False'
[0.955s] Level 5:colcon.colcon_core.verb:set package 'interfaces' build argument 'cmake_force_configure' from command line to 'False'
[0.955s] Level 5:colcon.colcon_core.verb:set package 'interfaces' build argument 'ament_cmake_args' from command line to 'None'
[0.955s] Level 5:colcon.colcon_core.verb:set package 'interfaces' build argument 'catkin_cmake_args' from command line to 'None'
[0.955s] Level 5:colcon.colcon_core.verb:set package 'interfaces' build argument 'catkin_skip_building_tests' from command line to 'False'
[0.955s] DEBUG:colcon.colcon_core.verb:Building package 'interfaces' with the following arguments: {'ament_cmake_args': None, 'build_base': '/home/droso1/drosophibot-ROS/build/interfaces', 'catkin_cmake_args': None, 'catkin_skip_building_tests': False, 'cmake_args': None, 'cmake_clean_cache': False, 'cmake_clean_first': False, 'cmake_force_configure': False, 'cmake_target': None, 'cmake_target_skip_unavailable': False, 'install_base': '/home/droso1/drosophibot-ROS/install/interfaces', 'merge_install': False, 'path': '/home/droso1/drosophibot-ROS/interfaces', 'symlink_install': False, 'test_result_base': None}
[0.956s] INFO:colcon.colcon_core.executor:Executing jobs using 'parallel' executor
[0.958s] DEBUG:colcon.colcon_parallel_executor.executor.parallel:run_until_complete
[0.959s] INFO:colcon.colcon_ros.task.ament_cmake.build:Building ROS package in '/home/droso1/drosophibot-ROS/interfaces' with build type 'ament_cmake'
[0.960s] INFO:colcon.colcon_cmake.task.cmake.build:Building CMake package in '/home/droso1/drosophibot-ROS/interfaces'
[0.968s] INFO:colcon.colcon_core.plugin_system:Skipping extension 'colcon_core.shell.bat': Not used on non-Windows systems
[0.969s] INFO:colcon.colcon_core.shell:Skip shell extension 'powershell' for command environment: Not usable outside of PowerShell
[0.969s] DEBUG:colcon.colcon_core.shell:Skip shell extension 'dsv' for command environment
[1.009s] DEBUG:colcon.colcon_core.event_handler.log_command:Invoking command in '/home/droso1/drosophibot-ROS/build/interfaces': CMAKE_PREFIX_PATH=${CMAKE_PREFIX_PATH}:/opt/ros/jazzy /usr/bin/cmake --build /home/droso1/drosophibot-ROS/build/interfaces -- -j4 -l4
[2.819s] DEBUG:colcon.colcon_core.event_handler.log_command:Invoked command in '/home/droso1/drosophibot-ROS/build/interfaces' returned '0': CMAKE_PREFIX_PATH=${CMAKE_PREFIX_PATH}:/opt/ros/jazzy /usr/bin/cmake --build /home/droso1/drosophibot-ROS/build/interfaces -- -j4 -l4
[2.865s] DEBUG:colcon.colcon_core.event_handler.log_command:Invoking command in '/home/droso1/drosophibot-ROS/build/interfaces': CMAKE_PREFIX_PATH=${CMAKE_PREFIX_PATH}:/opt/ros/jazzy /usr/bin/cmake --install /home/droso1/drosophibot-ROS/build/interfaces
[3.191s] Level 1:colcon.colcon_core.environment:create_environment_scripts_only(interfaces)
[3.192s] DEBUG:colcon.colcon_core.event_handler.log_command:Invoked command in '/home/droso1/drosophibot-ROS/build/interfaces' returned '0': CMAKE_PREFIX_PATH=${CMAKE_PREFIX_PATH}:/opt/ros/jazzy /usr/bin/cmake --install /home/droso1/drosophibot-ROS/build/interfaces
[3.202s] Level 1:colcon.colcon_core.environment:checking '/home/droso1/drosophibot-ROS/install/interfaces' for CMake module files
[3.207s] Level 1:colcon.colcon_core.environment:checking '/home/droso1/drosophibot-ROS/install/interfaces' for CMake config files
[3.211s] Level 1:colcon.colcon_core.shell:create_environment_hook('interfaces', 'cmake_prefix_path')
[3.211s] INFO:colcon.colcon_core.shell:Creating environment hook '/home/droso1/drosophibot-ROS/install/interfaces/share/interfaces/hook/cmake_prefix_path.ps1'
[3.214s] INFO:colcon.colcon_core.shell:Creating environment descriptor '/home/droso1/drosophibot-ROS/install/interfaces/share/interfaces/hook/cmake_prefix_path.dsv'
[3.215s] INFO:colcon.colcon_core.shell:Creating environment hook '/home/droso1/drosophibot-ROS/install/interfaces/share/interfaces/hook/cmake_prefix_path.sh'
[3.218s] Level 1:colcon.colcon_core.environment:checking '/home/droso1/drosophibot-ROS/install/interfaces/lib'
[3.219s] Level 1:colcon.colcon_core.shell:create_environment_hook('interfaces', 'ld_library_path_lib')
[3.220s] INFO:colcon.colcon_core.shell:Creating environment hook '/home/droso1/drosophibot-ROS/install/interfaces/share/interfaces/hook/ld_library_path_lib.ps1'
[3.222s] INFO:colcon.colcon_core.shell:Creating environment descriptor '/home/droso1/drosophibot-ROS/install/interfaces/share/interfaces/hook/ld_library_path_lib.dsv'
[3.223s] INFO:colcon.colcon_core.shell:Creating environment hook '/home/droso1/drosophibot-ROS/install/interfaces/share/interfaces/hook/ld_library_path_lib.sh'
[3.225s] Level 1:colcon.colcon_core.environment:checking '/home/droso1/drosophibot-ROS/install/interfaces/bin'
[3.225s] Level 1:colcon.colcon_core.environment:checking '/home/droso1/drosophibot-ROS/install/interfaces/lib/pkgconfig/interfaces.pc'
[3.226s] Level 1:colcon.colcon_core.environment:checking '/home/droso1/drosophibot-ROS/install/interfaces/lib/python3.12/site-packages'
[3.226s] Level 1:colcon.colcon_core.shell:create_environment_hook('interfaces', 'pythonpath')
[3.227s] INFO:colcon.colcon_core.shell:Creating environment hook '/home/droso1/drosophibot-ROS/install/interfaces/share/interfaces/hook/pythonpath.ps1'
[3.229s] INFO:colcon.colcon_core.shell:Creating environment descriptor '/home/droso1/drosophibot-ROS/install/interfaces/share/interfaces/hook/pythonpath.dsv'
[3.230s] INFO:colcon.colcon_core.shell:Creating environment hook '/home/droso1/drosophibot-ROS/install/interfaces/share/interfaces/hook/pythonpath.sh'
[3.233s] Level 1:colcon.colcon_core.environment:checking '/home/droso1/drosophibot-ROS/install/interfaces/bin'
[3.234s] INFO:colcon.colcon_core.shell:Creating package script '/home/droso1/drosophibot-ROS/install/interfaces/share/interfaces/package.ps1'
[3.237s] INFO:colcon.colcon_core.shell:Creating package descriptor '/home/droso1/drosophibot-ROS/install/interfaces/share/interfaces/package.dsv'
[3.239s] INFO:colcon.colcon_core.shell:Creating package script '/home/droso1/drosophibot-ROS/install/interfaces/share/interfaces/package.sh'
[3.242s] INFO:colcon.colcon_core.shell:Creating package script '/home/droso1/drosophibot-ROS/install/interfaces/share/interfaces/package.bash'
[3.245s] INFO:colcon.colcon_core.shell:Creating package script '/home/droso1/drosophibot-ROS/install/interfaces/share/interfaces/package.zsh'
[3.247s] Level 1:colcon.colcon_core.environment:create_file_with_runtime_dependencies(/home/droso1/drosophibot-ROS/install/interfaces/share/colcon-core/packages/interfaces)
[3.249s] Level 1:colcon.colcon_core.environment:create_environment_scripts_only(interfaces)
[3.250s] Level 1:colcon.colcon_core.environment:checking '/home/droso1/drosophibot-ROS/install/interfaces' for CMake module files
[3.254s] Level 1:colcon.colcon_core.environment:checking '/home/droso1/drosophibot-ROS/install/interfaces' for CMake config files
[3.257s] Level 1:colcon.colcon_core.shell:create_environment_hook('interfaces', 'cmake_prefix_path')
[3.257s] INFO:colcon.colcon_core.shell:Creating environment hook '/home/droso1/drosophibot-ROS/install/interfaces/share/interfaces/hook/cmake_prefix_path.ps1'
[3.259s] INFO:colcon.colcon_core.shell:Creating environment descriptor '/home/droso1/drosophibot-ROS/install/interfaces/share/interfaces/hook/cmake_prefix_path.dsv'
[3.261s] INFO:colcon.colcon_core.shell:Creating environment hook '/home/droso1/drosophibot-ROS/install/interfaces/share/interfaces/hook/cmake_prefix_path.sh'
[3.263s] Level 1:colcon.colcon_core.environment:checking '/home/droso1/drosophibot-ROS/install/interfaces/lib'
[3.264s] Level 1:colcon.colcon_core.shell:create_environment_hook('interfaces', 'ld_library_path_lib')
[3.265s] INFO:colcon.colcon_core.shell:Creating environment hook '/home/droso1/drosophibot-ROS/install/interfaces/share/interfaces/hook/ld_library_path_lib.ps1'
[3.266s] INFO:colcon.colcon_core.shell:Creating environment descriptor '/home/droso1/drosophibot-ROS/install/interfaces/share/interfaces/hook/ld_library_path_lib.dsv'
[3.268s] INFO:colcon.colcon_core.shell:Creating environment hook '/home/droso1/drosophibot-ROS/install/interfaces/share/interfaces/hook/ld_library_path_lib.sh'
[3.269s] Level 1:colcon.colcon_core.environment:checking '/home/droso1/drosophibot-ROS/install/interfaces/bin'
[3.270s] Level 1:colcon.colcon_core.environment:checking '/home/droso1/drosophibot-ROS/install/interfaces/lib/pkgconfig/interfaces.pc'
[3.271s] Level 1:colcon.colcon_core.environment:checking '/home/droso1/drosophibot-ROS/install/interfaces/lib/python3.12/site-packages'
[3.272s] Level 1:colcon.colcon_core.shell:create_environment_hook('interfaces', 'pythonpath')
[3.272s] INFO:colcon.colcon_core.shell:Creating environment hook '/home/droso1/drosophibot-ROS/install/interfaces/share/interfaces/hook/pythonpath.ps1'
[3.274s] INFO:colcon.colcon_core.shell:Creating environment descriptor '/home/droso1/drosophibot-ROS/install/interfaces/share/interfaces/hook/pythonpath.dsv'
[3.276s] INFO:colcon.colcon_core.shell:Creating environment hook '/home/droso1/drosophibot-ROS/install/interfaces/share/interfaces/hook/pythonpath.sh'
[3.278s] Level 1:colcon.colcon_core.environment:checking '/home/droso1/drosophibot-ROS/install/interfaces/bin'
[3.279s] INFO:colcon.colcon_core.shell:Creating package script '/home/droso1/drosophibot-ROS/install/interfaces/share/interfaces/package.ps1'
[3.282s] INFO:colcon.colcon_core.shell:Creating package descriptor '/home/droso1/drosophibot-ROS/install/interfaces/share/interfaces/package.dsv'
[3.284s] INFO:colcon.colcon_core.shell:Creating package script '/home/droso1/drosophibot-ROS/install/interfaces/share/interfaces/package.sh'
[3.286s] INFO:colcon.colcon_core.shell:Creating package script '/home/droso1/drosophibot-ROS/install/interfaces/share/interfaces/package.bash'
[3.288s] INFO:colcon.colcon_core.shell:Creating package script '/home/droso1/drosophibot-ROS/install/interfaces/share/interfaces/package.zsh'
[3.290s] Level 1:colcon.colcon_core.environment:create_file_with_runtime_dependencies(/home/droso1/drosophibot-ROS/install/interfaces/share/colcon-core/packages/interfaces)
[3.291s] DEBUG:colcon.colcon_parallel_executor.executor.parallel:closing loop
[3.292s] DEBUG:colcon.colcon_parallel_executor.executor.parallel:loop closed
[3.293s] DEBUG:colcon.colcon_parallel_executor.executor.parallel:run_until_complete finished with '0'
[3.293s] DEBUG:colcon.colcon_core.event_reactor:joining thread
[3.313s] INFO:colcon.colcon_core.plugin_system:Skipping extension 'colcon_notification.desktop_notification.notify_send': Could not find 'notify-send'
[3.314s] INFO:colcon.colcon_core.plugin_system:Skipping extension 'colcon_notification.desktop_notification.terminal_notifier': Not used on non-Darwin systems
[3.314s] INFO:colcon.colcon_core.plugin_system:Skipping extension 'colcon_notification.desktop_notification.win32': Not used on non-Windows systems
[3.314s] INFO:colcon.colcon_notification.desktop_notification:Sending desktop notification using 'notify2'
[3.317s] DEBUG:colcon.colcon_notification.desktop_notification.notify2:Failed to initialize notify2: org.freedesktop.DBus.Error.ServiceUnknown: The name org.freedesktop.Notifications was not provided by any .service files
[3.317s] DEBUG:colcon.colcon_core.event_reactor:joined thread
[3.318s] INFO:colcon.colcon_core.shell:Creating prefix script '/home/droso1/drosophibot-ROS/install/local_setup.ps1'
[3.321s] INFO:colcon.colcon_core.shell:Creating prefix util module '/home/droso1/drosophibot-ROS/install/_local_setup_util_ps1.py'
[3.325s] INFO:colcon.colcon_core.shell:Creating prefix chain script '/home/droso1/drosophibot-ROS/install/setup.ps1'
[3.332s] INFO:colcon.colcon_core.shell:Creating prefix script '/home/droso1/drosophibot-ROS/install/local_setup.sh'
[3.335s] INFO:colcon.colcon_core.shell:Creating prefix util module '/home/droso1/drosophibot-ROS/install/_local_setup_util_sh.py'
[3.337s] INFO:colcon.colcon_core.shell:Creating prefix chain script '/home/droso1/drosophibot-ROS/install/setup.sh'
[3.342s] INFO:colcon.colcon_core.shell:Creating prefix script '/home/droso1/drosophibot-ROS/install/local_setup.bash'
[3.343s] INFO:colcon.colcon_core.shell:Creating prefix chain script '/home/droso1/drosophibot-ROS/install/setup.bash'
[3.348s] INFO:colcon.colcon_core.shell:Creating prefix script '/home/droso1/drosophibot-ROS/install/local_setup.zsh'
[3.350s] INFO:colcon.colcon_core.shell:Creating prefix chain script '/home/droso1/drosophibot-ROS/install/setup.zsh'
