[0.068s] Invoking command in '/home/droso1/drosophibot-ROS/build/strain_monitor': CMAKE_PREFIX_PATH=/home/droso1/drosophibot-ROS/install/interfaces:/home/droso1/drosophibot-ROS/install/testcpp:/home/droso1/drosophibot-ROS/install/pubsub:/home/droso1/drosophibot-ROS/install/motor_control:/home/droso1/drosophibot-ROS/install/limb_controller:/opt/ros/jazzy /usr/bin/cmake --build /home/droso1/drosophibot-ROS/build/strain_monitor -- -j4 -l4
[0.387s] [ 50%] [32mBuilding CXX object CMakeFiles/strain_monitor.dir/src/strain_monitor.cpp.o[0m
[9.690s] [01m[K/home/droso1/drosophibot-ROS/strain_monitor/src/strain_monitor.cpp:[m[K In function ‘[01m[Kint[01;32m[K main[m[K(int, char**)[m[K’:
[9.690s] [01m[K/home/droso1/drosophibot-ROS/strain_monitor/src/strain_monitor.cpp:81:24:[m[K [01;31m[Kerror: [m[Kinvalid conversion from ‘[01m[Kuint8_t[m[K’ {aka ‘[01m[Kunsigned char[m[K’} to ‘[01m[Kconst void*[m[K’ [[01;31m[K]8;;https://gcc.gnu.org/onlinedocs/gcc/Warning-Options.html#index-fpermissive-fpermissive]8;;[m[K]
[9.691s]    81 |     write(serial_port, [01;31m[Kinit_msg[m[K, sizeof(init_msg));
[9.691s]       |                        [01;31m[K^~~~~~~~[m[K
[9.692s]       |                        [01;31m[K|[m[K
[9.692s]       |                        [01;31m[Kuint8_t {aka unsigned char}[m[K
[9.693s] In file included from [01m[K/usr/include/aarch64-linux-gnu/bits/sigstksz.h:24[m[K,
[9.693s]                  from [01m[K/usr/include/signal.h:328[m[K,
[9.693s]                  from [01m[K/usr/include/c++/13/csignal:42[m[K,
[9.694s]                  from [01m[K/opt/ros/jazzy/include/rclcpp/rclcpp/rclcpp.hpp:168[m[K,
[9.694s]                  from [01m[K/home/droso1/drosophibot-ROS/strain_monitor/src/strain_monitor.cpp:6[m[K:
[9.694s] [01m[K/usr/include/unistd.h:378:45:[m[K [01;36m[Knote: [m[K  initializing argument 2 of ‘[01m[Kssize_t[01;32m[K write[m[K(int, const void*, size_t)[m[K’
[9.695s]   378 | extern ssize_t write (int __fd, [01;36m[Kconst void *__buf[m[K, size_t __n) __wur
[9.695s]       |                                 [01;36m[K~~~~~~~~~~~~^~~~~[m[K
[13.280s] gmake[2]: *** [CMakeFiles/strain_monitor.dir/build.make:76: CMakeFiles/strain_monitor.dir/src/strain_monitor.cpp.o] Error 1
[13.280s] gmake[1]: *** [CMakeFiles/Makefile2:137: CMakeFiles/strain_monitor.dir/all] Error 2
[13.281s] gmake: *** [Makefile:146: all] Error 2
[13.289s] Invoked command in '/home/droso1/drosophibot-ROS/build/strain_monitor' returned '2': CMAKE_PREFIX_PATH=/home/droso1/drosophibot-ROS/install/interfaces:/home/droso1/drosophibot-ROS/install/testcpp:/home/droso1/drosophibot-ROS/install/pubsub:/home/droso1/drosophibot-ROS/install/motor_control:/home/droso1/drosophibot-ROS/install/limb_controller:/opt/ros/jazzy /usr/bin/cmake --build /home/droso1/drosophibot-ROS/build/strain_monitor -- -j4 -l4
