[0.065s] Invoking command in '/home/droso1/drosophibot-ROS/build/motor_control': CMAKE_PREFIX_PATH=/home/droso1/drosophibot-ROS/install/interfaces:/home/droso1/drosophibot-ROS/install/testcpp:/home/droso1/drosophibot-ROS/install/pubsub:/home/droso1/drosophibot-ROS/install/motor_control:/opt/ros/jazzy /usr/bin/cmake --build /home/droso1/drosophibot-ROS/build/motor_control -- -j4 -l4
[0.190s] -- Found ament_cmake: 2.5.4 (/opt/ros/jazzy/share/ament_cmake/cmake)
[1.179s] -- Found rclcpp: 28.1.13 (/opt/ros/jazzy/share/rclcpp/cmake)
[1.310s] -- Found rosidl_generator_c: 4.6.6 (/opt/ros/jazzy/share/rosidl_generator_c/cmake)
[1.350s] -- Found rosidl_generator_cpp: 4.6.6 (/opt/ros/jazzy/share/rosidl_generator_cpp/cmake)
[1.399s] -- Using all available rosidl_typesupport_c: rosidl_typesupport_fastrtps_c;rosidl_typesupport_introspection_c
[1.456s] -- Using all available rosidl_typesupport_cpp: rosidl_typesupport_fastrtps_cpp;rosidl_typesupport_introspection_cpp
[1.691s] -- Found rmw_implementation_cmake: 7.3.2 (/opt/ros/jazzy/share/rmw_implementation_cmake/cmake)
[1.697s] -- Found rmw_fastrtps_cpp: 8.4.3 (/opt/ros/jazzy/share/rmw_fastrtps_cpp/cmake)
[1.948s] -- Using RMW implementation 'rmw_fastrtps_cpp' as default
[2.168s] -- Found interfaces: 0.0.0 (/home/droso1/drosophibot-ROS/install/interfaces/share/interfaces/cmake)
[2.208s] -- Found ament_lint_auto: 0.17.3 (/opt/ros/jazzy/share/ament_lint_auto/cmake)
[2.612s] [31mCMake Error at /opt/ros/jazzy/share/ament_cmake_target_dependencies/cmake/ament_target_dependencies.cmake:77 (message):
[2.612s]   ament_target_dependencies() the passed package name 'dynamixel_SDK' was not
[2.612s]   found before
[2.613s] Call Stack (most recent call first):
[2.613s]   CMakeLists.txt:37 (ament_target_dependencies)
[2.613s] 
[2.614s] [0m
[2.614s] -- Configuring incomplete, errors occurred!
[2.634s] gmake: *** [Makefile:267: cmake_check_build_system] Error 1
[2.641s] Invoked command in '/home/droso1/drosophibot-ROS/build/motor_control' returned '2': CMAKE_PREFIX_PATH=/home/droso1/drosophibot-ROS/install/interfaces:/home/droso1/drosophibot-ROS/install/testcpp:/home/droso1/drosophibot-ROS/install/pubsub:/home/droso1/drosophibot-ROS/install/motor_control:/opt/ros/jazzy /usr/bin/cmake --build /home/droso1/drosophibot-ROS/build/motor_control -- -j4 -l4
