[0.067s] Invoking command in '/home/droso1/drosophibot-ROS/build/motor_control': CMAKE_PREFIX_PATH=/home/droso1/drosophibot-ROS/install/interfaces:/home/droso1/drosophibot-ROS/install/testcpp:/home/droso1/drosophibot-ROS/install/pubsub:/home/droso1/drosophibot-ROS/install/motor_control:/opt/ros/jazzy /usr/bin/cmake --build /home/droso1/drosophibot-ROS/build/motor_control -- -j4 -l4
[0.188s] -- Found ament_cmake: 2.5.4 (/opt/ros/jazzy/share/ament_cmake/cmake)
[1.171s] -- Found rclcpp: 28.1.13 (/opt/ros/jazzy/share/rclcpp/cmake)
[1.301s] -- Found rosidl_generator_c: 4.6.6 (/opt/ros/jazzy/share/rosidl_generator_c/cmake)
[1.340s] -- Found rosidl_generator_cpp: 4.6.6 (/opt/ros/jazzy/share/rosidl_generator_cpp/cmake)
[1.389s] -- Using all available rosidl_typesupport_c: rosidl_typesupport_fastrtps_c;rosidl_typesupport_introspection_c
[1.445s] -- Using all available rosidl_typesupport_cpp: rosidl_typesupport_fastrtps_cpp;rosidl_typesupport_introspection_cpp
[1.679s] -- Found rmw_implementation_cmake: 7.3.2 (/opt/ros/jazzy/share/rmw_implementation_cmake/cmake)
[1.685s] -- Found rmw_fastrtps_cpp: 8.4.3 (/opt/ros/jazzy/share/rmw_fastrtps_cpp/cmake)
[1.931s] -- Using RMW implementation 'rmw_fastrtps_cpp' as default
[2.151s] -- Found interfaces: 0.0.0 (/home/droso1/drosophibot-ROS/install/interfaces/share/interfaces/cmake)
[2.190s] -- Found ament_lint_auto: 0.17.3 (/opt/ros/jazzy/share/ament_lint_auto/cmake)
[2.599s] [31mCMake Error at /opt/ros/jazzy/share/ament_cmake_target_dependencies/cmake/ament_target_dependencies.cmake:146 (target_link_libraries):
[2.599s]   The keyword signature for target_link_libraries has already been used with
[2.600s]   the target "motor_control".  All uses of target_link_libraries with a
[2.600s]   target must be either all-keyword or all-plain.
[2.600s] 
[2.601s]   The uses of the keyword signature are here:
[2.601s] 
[2.601s]    * CMakeLists.txt:35 (target_link_libraries)
[2.602s] 
[2.602s] Call Stack (most recent call first):
[2.602s]   CMakeLists.txt:37 (ament_target_dependencies)
[2.603s] 
[2.603s] [0m
[2.623s] -- Added test 'cppcheck' to perform static code analysis on C / C++ code
[2.623s] -- Configured cppcheck include dirs: 
[2.624s] -- Configured cppcheck exclude dirs and/or files: 
[2.630s] -- Added test 'lint_cmake' to check CMake code style
[2.646s] -- Added test 'uncrustify' to check C / C++ code style
[2.646s] -- Configured uncrustify additional arguments: 
[2.649s] -- Added test 'xmllint' to check XML markup files
[2.653s] -- Configuring incomplete, errors occurred!
[2.674s] gmake: *** [Makefile:267: cmake_check_build_system] Error 1
[2.682s] Invoked command in '/home/droso1/drosophibot-ROS/build/motor_control' returned '2': CMAKE_PREFIX_PATH=/home/droso1/drosophibot-ROS/install/interfaces:/home/droso1/drosophibot-ROS/install/testcpp:/home/droso1/drosophibot-ROS/install/pubsub:/home/droso1/drosophibot-ROS/install/motor_control:/opt/ros/jazzy /usr/bin/cmake --build /home/droso1/drosophibot-ROS/build/motor_control -- -j4 -l4
