[0.065s] Invoking command in '/home/droso1/drosophibot-ROS/build/motor_control': CMAKE_PREFIX_PATH=/home/droso1/drosophibot-ROS/install/interfaces:/home/droso1/drosophibot-ROS/install/testcpp:/home/droso1/drosophibot-ROS/install/pubsub:/home/droso1/drosophibot-ROS/install/motor_control:/opt/ros/jazzy /usr/bin/cmake --build /home/droso1/drosophibot-ROS/build/motor_control -- -j4 -l4
[0.186s] -- Found ament_cmake: 2.5.4 (/opt/ros/jazzy/share/ament_cmake/cmake)
[1.173s] -- Found rclcpp: 28.1.13 (/opt/ros/jazzy/share/rclcpp/cmake)
[1.303s] -- Found rosidl_generator_c: 4.6.6 (/opt/ros/jazzy/share/rosidl_generator_c/cmake)
[1.343s] -- Found rosidl_generator_cpp: 4.6.6 (/opt/ros/jazzy/share/rosidl_generator_cpp/cmake)
[1.392s] -- Using all available rosidl_typesupport_c: rosidl_typesupport_fastrtps_c;rosidl_typesupport_introspection_c
[1.449s] -- Using all available rosidl_typesupport_cpp: rosidl_typesupport_fastrtps_cpp;rosidl_typesupport_introspection_cpp
[1.684s] -- Found rmw_implementation_cmake: 7.3.2 (/opt/ros/jazzy/share/rmw_implementation_cmake/cmake)
[1.690s] -- Found rmw_fastrtps_cpp: 8.4.3 (/opt/ros/jazzy/share/rmw_fastrtps_cpp/cmake)
[1.939s] -- Using RMW implementation 'rmw_fastrtps_cpp' as default
[2.161s] -- Found interfaces: 0.0.0 (/home/droso1/drosophibot-ROS/install/interfaces/share/interfaces/cmake)
[2.200s] -- Found ament_lint_auto: 0.17.3 (/opt/ros/jazzy/share/ament_lint_auto/cmake)
[2.612s] [31mCMake Error at CMakeLists.txt:39 (target_link_libraries):
[2.612s]   The plain signature for target_link_libraries has already been used with
[2.613s]   the target "motor_control".  All uses of target_link_libraries with a
[2.613s]   target must be either all-keyword or all-plain.
[2.613s] 
[2.614s]   The uses of the plain signature are here:
[2.614s] 
[2.614s]    * /opt/ros/jazzy/share/ament_cmake_target_dependencies/cmake/ament_target_dependencies.cmake:146 (target_link_libraries)
[2.615s] 
[2.615s] 
[2.615s] [0m
[2.636s] -- Added test 'cppcheck' to perform static code analysis on C / C++ code
[2.636s] -- Configured cppcheck include dirs: 
[2.637s] -- Configured cppcheck exclude dirs and/or files: 
[2.643s] -- Added test 'lint_cmake' to check CMake code style
[2.659s] -- Added test 'uncrustify' to check C / C++ code style
[2.659s] -- Configured uncrustify additional arguments: 
[2.662s] -- Added test 'xmllint' to check XML markup files
[2.666s] -- Configuring incomplete, errors occurred!
[2.692s] gmake: *** [Makefile:267: cmake_check_build_system] Error 1
[2.699s] Invoked command in '/home/droso1/drosophibot-ROS/build/motor_control' returned '2': CMAKE_PREFIX_PATH=/home/droso1/drosophibot-ROS/install/interfaces:/home/droso1/drosophibot-ROS/install/testcpp:/home/droso1/drosophibot-ROS/install/pubsub:/home/droso1/drosophibot-ROS/install/motor_control:/opt/ros/jazzy /usr/bin/cmake --build /home/droso1/drosophibot-ROS/build/motor_control -- -j4 -l4
