[0.079s] Invoking command in '/home/droso1/drosophibot-ROS/build/motor_control': CMAKE_PREFIX_PATH=/home/droso1/drosophibot-ROS/install/interfaces:/home/droso1/drosophibot-ROS/install/testcpp:/home/droso1/drosophibot-ROS/install/pubsub:/home/droso1/drosophibot-ROS/install/motor_control:/opt/ros/jazzy /usr/bin/cmake --build /home/droso1/drosophibot-ROS/build/motor_control -- -j4 -l4
[0.493s] [31mCMake Error at CMakeLists.txt:44:
[0.494s]   Parse error.  Function missing ending ")".  Instead found unterminated
[0.494s]   string with text "{CMAKE_SOURCE_DIR}/include/dynamixel_sdk/dynamixel_sdk.h)
[0.495s] 
[0.495s]   target_link_libraries(motor_control PRIVATE dynamixel_SDK)
[0.496s] 
[0.496s] 
[0.497s] 
[0.497s]   ament_target_dependencies(motor_control rclcpp interfaces) # CHANGE
[0.498s] 
[0.499s] 
[0.499s] 
[0.500s] 
[0.500s] 
[0.502s]   install(TARGETS
[0.503s] 
[0.503s]           motor_control
[0.504s]           DESTINATION lib/${PROJECT_NAME})
[0.504s] 
[0.505s]   ament_package()
[0.506s] 
[0.507s]   ".
[0.507s] 
[0.508s] [0m
[0.509s] -- Configuring incomplete, errors occurred!
[0.527s] gmake: *** [Makefile:267: cmake_check_build_system] Error 1
[0.538s] Invoked command in '/home/droso1/drosophibot-ROS/build/motor_control' returned '2': CMAKE_PREFIX_PATH=/home/droso1/drosophibot-ROS/install/interfaces:/home/droso1/drosophibot-ROS/install/testcpp:/home/droso1/drosophibot-ROS/install/pubsub:/home/droso1/drosophibot-ROS/install/motor_control:/opt/ros/jazzy /usr/bin/cmake --build /home/droso1/drosophibot-ROS/build/motor_control -- -j4 -l4
