[ 33%] [32mBuilding CXX object CMakeFiles/limb_controller.dir/src/Network.cpp.o[0m
In file included from [01m[K/home/droso1/drosophibot-ROS/limb_controller/include/Eigen/Core:214[m[K,
                 from [01m[K/home/droso1/drosophibot-ROS/limb_controller/include/Eigen/Dense:1[m[K,
                 from [01m[K/home/droso1/drosophibot-ROS/limb_controller/include/Eigen/Eigen:1[m[K,
                 from [01m[K/home/droso1/drosophibot-ROS/limb_controller/include/Network.h:3[m[K,
                 from [01m[K/home/droso1/drosophibot-ROS/limb_controller/src/Network.cpp:1[m[K:
[01m[K/home/droso1/drosophibot-ROS/limb_controller/include/Eigen/src/Core/arch/NEON/PacketMath.h:[m[K In function ‘[01m[KPacket Eigen::internal::[01;32m[Kpload[m[K(const typename unpacket_traits<T>::type*) [35m[K[with Packet = eigen_packet_wrapper<int, 2>; typename unpacket_traits<T>::type = signed char][m[K[m[K’:
[01m[K/home/droso1/drosophibot-ROS/limb_controller/include/Eigen/src/Core/arch/NEON/PacketMath.h:1671:9:[m[K [01;35m[Kwarning: [m[K‘[01m[Kvoid*[01;32m[K memcpy[m[K(void*, const void*, size_t)[m[K’ copying an object of non-trivial type ‘[01m[KEigen::internal::Packet4c[m[K’ {aka ‘[01m[Kstruct Eigen::internal::eigen_packet_wrapper<int, 2>[m[K’} from an array of ‘[01m[Kconst int8_t[m[K’ {aka ‘[01m[Kconst signed char[m[K’} [[01;35m[K]8;;https://gcc.gnu.org/onlinedocs/gcc/Warning-Options.html#index-Wclass-memaccess-Wclass-memaccess]8;;[m[K]
 1671 |   [01;35m[Kmemcpy(&res, from, sizeof(Packet4c))[m[K;
      |   [01;35m[K~~~~~~^~~~~~~~~~~~~~~~~~~~~~~~~~~~~~[m[K
In file included from [01m[K/home/droso1/drosophibot-ROS/limb_controller/include/Eigen/Core:172[m[K:
[01m[K/home/droso1/drosophibot-ROS/limb_controller/include/Eigen/src/Core/GenericPacketMath.h:159:8:[m[K [01;36m[Knote: [m[K‘[01m[KEigen::internal::Packet4c[m[K’ {aka ‘[01m[Kstruct Eigen::internal::eigen_packet_wrapper<int, 2>[m[K’} declared here
  159 | struct [01;36m[Keigen_packet_wrapper[m[K
      |        [01;36m[K^~~~~~~~~~~~~~~~~~~~[m[K
[01m[K/home/droso1/drosophibot-ROS/limb_controller/include/Eigen/src/Core/arch/NEON/PacketMath.h:[m[K In function ‘[01m[KPacket Eigen::internal::[01;32m[Kploadu[m[K(const typename unpacket_traits<T>::type*) [35m[K[with Packet = eigen_packet_wrapper<int, 2>; typename unpacket_traits<T>::type = signed char][m[K[m[K’:
[01m[K/home/droso1/drosophibot-ROS/limb_controller/include/Eigen/src/Core/arch/NEON/PacketMath.h:1716:9:[m[K [01;35m[Kwarning: [m[K‘[01m[Kvoid*[01;32m[K memcpy[m[K(void*, const void*, size_t)[m[K’ copying an object of non-trivial type ‘[01m[KEigen::internal::Packet4c[m[K’ {aka ‘[01m[Kstruct Eigen::internal::eigen_packet_wrapper<int, 2>[m[K’} from an array of ‘[01m[Kconst int8_t[m[K’ {aka ‘[01m[Kconst signed char[m[K’} [[01;35m[K]8;;https://gcc.gnu.org/onlinedocs/gcc/Warning-Options.html#index-Wclass-memaccess-Wclass-memaccess]8;;[m[K]
 1716 |   [01;35m[Kmemcpy(&res, from, sizeof(Packet4c))[m[K;
      |   [01;35m[K~~~~~~^~~~~~~~~~~~~~~~~~~~~~~~~~~~~~[m[K
[01m[K/home/droso1/drosophibot-ROS/limb_controller/include/Eigen/src/Core/GenericPacketMath.h:159:8:[m[K [01;36m[Knote: [m[K‘[01m[KEigen::internal::Packet4c[m[K’ {aka ‘[01m[Kstruct Eigen::internal::eigen_packet_wrapper<int, 2>[m[K’} declared here
  159 | struct [01;36m[Keigen_packet_wrapper[m[K
      |        [01;36m[K^~~~~~~~~~~~~~~~~~~~[m[K
[ 66%] [32m[1mLinking CXX executable limb_controller[0m
/usr/bin/ld: CMakeFiles/limb_controller.dir/src/Network.cpp.o: in function `SNSToolboxCPP::Network::LoadFromFile(std::__cxx11::basic_string<char, std::char_traits<char>, std::allocator<char> > const&)':
Network.cpp:(.text+0xc5c): undefined reference to `cJSON_Parse'
/usr/bin/ld: Network.cpp:(.text+0xc9c): undefined reference to `cjsontoEigen::cjsontodouble(cJSON*, std::__cxx11::basic_string<char, std::char_traits<char>, std::allocator<char> >)'
/usr/bin/ld: Network.cpp:(.text+0xcf8): undefined reference to `cjsontoEigen::cjsontobool(cJSON*, std::__cxx11::basic_string<char, std::char_traits<char>, std::allocator<char> >)'
/usr/bin/ld: Network.cpp:(.text+0xd54): undefined reference to `cjsontoEigen::cjsontobool(cJSON*, std::__cxx11::basic_string<char, std::char_traits<char>, std::allocator<char> >)'
/usr/bin/ld: Network.cpp:(.text+0xdb0): undefined reference to `cjsontoEigen::cjsontobool(cJSON*, std::__cxx11::basic_string<char, std::char_traits<char>, std::allocator<char> >)'
/usr/bin/ld: Network.cpp:(.text+0xe0c): undefined reference to `cjsontoEigen::cjsontobool(cJSON*, std::__cxx11::basic_string<char, std::char_traits<char>, std::allocator<char> >)'
/usr/bin/ld: Network.cpp:(.text+0xe68): undefined reference to `cjsontoEigen::cjsontobool(cJSON*, std::__cxx11::basic_string<char, std::char_traits<char>, std::allocator<char> >)'
/usr/bin/ld: Network.cpp:(.text+0xec4): undefined reference to `cjsontoEigen::cjsontoint(cJSON*, std::__cxx11::basic_string<char, std::char_traits<char>, std::allocator<char> >)'
/usr/bin/ld: Network.cpp:(.text+0xf20): undefined reference to `cjsontoEigen::cjsontoint(cJSON*, std::__cxx11::basic_string<char, std::char_traits<char>, std::allocator<char> >)'
/usr/bin/ld: Network.cpp:(.text+0xf7c): undefined reference to `cjsontoEigen::cjsontoint(cJSON*, std::__cxx11::basic_string<char, std::char_traits<char>, std::allocator<char> >)'
/usr/bin/ld: Network.cpp:(.text+0xfd8): undefined reference to `cjsontoEigen::cjsontoint(cJSON*, std::__cxx11::basic_string<char, std::char_traits<char>, std::allocator<char> >)'
/usr/bin/ld: Network.cpp:(.text+0x1034): undefined reference to `cjsontoEigen::cjsontoint(cJSON*, std::__cxx11::basic_string<char, std::char_traits<char>, std::allocator<char> >)'
/usr/bin/ld: CMakeFiles/limb_controller.dir/src/Network.cpp.o:Network.cpp:(.text+0x1090): more undefined references to `cjsontoEigen::cjsontoint(cJSON*, std::__cxx11::basic_string<char, std::char_traits<char>, std::allocator<char> >)' follow
/usr/bin/ld: CMakeFiles/limb_controller.dir/src/Network.cpp.o: in function `SNSToolboxCPP::Network::LoadFromFile(std::__cxx11::basic_string<char, std::char_traits<char>, std::allocator<char> > const&)':
Network.cpp:(.text+0x10f4): undefined reference to `cjsontoEigen::cjsontoVectorXf(cJSON*, std::__cxx11::basic_string<char, std::char_traits<char>, std::allocator<char> >)'
/usr/bin/ld: Network.cpp:(.text+0x1164): undefined reference to `cjsontoEigen::cjsontoVectorXf(cJSON*, std::__cxx11::basic_string<char, std::char_traits<char>, std::allocator<char> >)'
/usr/bin/ld: Network.cpp:(.text+0x11d4): undefined reference to `cjsontoEigen::cjsontoVectorXf(cJSON*, std::__cxx11::basic_string<char, std::char_traits<char>, std::allocator<char> >)'
/usr/bin/ld: Network.cpp:(.text+0x1244): undefined reference to `cjsontoEigen::cjsontoVectorXf(cJSON*, std::__cxx11::basic_string<char, std::char_traits<char>, std::allocator<char> >)'
/usr/bin/ld: Network.cpp:(.text+0x12b4): undefined reference to `cjsontoEigen::cjsontoVectorXf(cJSON*, std::__cxx11::basic_string<char, std::char_traits<char>, std::allocator<char> >)'
/usr/bin/ld: CMakeFiles/limb_controller.dir/src/Network.cpp.o:Network.cpp:(.text+0x1324): more undefined references to `cjsontoEigen::cjsontoVectorXf(cJSON*, std::__cxx11::basic_string<char, std::char_traits<char>, std::allocator<char> >)' follow
/usr/bin/ld: CMakeFiles/limb_controller.dir/src/Network.cpp.o: in function `SNSToolboxCPP::Network::LoadFromFile(std::__cxx11::basic_string<char, std::char_traits<char>, std::allocator<char> > const&)':
Network.cpp:(.text+0x1474): undefined reference to `cjsontoEigen::cjsontoArrayXXf(cJSON*, std::__cxx11::basic_string<char, std::char_traits<char>, std::allocator<char> >)'
/usr/bin/ld: Network.cpp:(.text+0x14e4): undefined reference to `cjsontoEigen::cjsontoArrayXXf(cJSON*, std::__cxx11::basic_string<char, std::char_traits<char>, std::allocator<char> >)'
/usr/bin/ld: Network.cpp:(.text+0x1554): undefined reference to `cjsontoEigen::cjsontoArrayXXf(cJSON*, std::__cxx11::basic_string<char, std::char_traits<char>, std::allocator<char> >)'
/usr/bin/ld: Network.cpp:(.text+0x15c4): undefined reference to `cjsontoEigen::cjsontoArrayXXf(cJSON*, std::__cxx11::basic_string<char, std::char_traits<char>, std::allocator<char> >)'
/usr/bin/ld: Network.cpp:(.text+0x1634): undefined reference to `cjsontoEigen::cjsontoArrayXXf(cJSON*, std::__cxx11::basic_string<char, std::char_traits<char>, std::allocator<char> >)'
/usr/bin/ld: CMakeFiles/limb_controller.dir/src/Network.cpp.o:Network.cpp:(.text+0x16a4): more undefined references to `cjsontoEigen::cjsontoArrayXXf(cJSON*, std::__cxx11::basic_string<char, std::char_traits<char>, std::allocator<char> >)' follow
/usr/bin/ld: CMakeFiles/limb_controller.dir/src/Network.cpp.o: in function `SNSToolboxCPP::Network::LoadFromFile(std::__cxx11::basic_string<char, std::char_traits<char>, std::allocator<char> > const&)':
Network.cpp:(.text+0x1728): undefined reference to `cjsontoEigen::cjsontoVectorXf(cJSON*, std::__cxx11::basic_string<char, std::char_traits<char>, std::allocator<char> >)'
/usr/bin/ld: Network.cpp:(.text+0x1798): undefined reference to `cjsontoEigen::cjsontoVectorXf(cJSON*, std::__cxx11::basic_string<char, std::char_traits<char>, std::allocator<char> >)'
/usr/bin/ld: Network.cpp:(.text+0x1808): undefined reference to `cjsontoEigen::cjsontoVectorXf(cJSON*, std::__cxx11::basic_string<char, std::char_traits<char>, std::allocator<char> >)'
/usr/bin/ld: Network.cpp:(.text+0x1878): undefined reference to `cjsontoEigen::cjsontoVectorXf(cJSON*, std::__cxx11::basic_string<char, std::char_traits<char>, std::allocator<char> >)'
/usr/bin/ld: Network.cpp:(.text+0x18e8): undefined reference to `cjsontoEigen::cjsontoVectorXf(cJSON*, std::__cxx11::basic_string<char, std::char_traits<char>, std::allocator<char> >)'
/usr/bin/ld: CMakeFiles/limb_controller.dir/src/Network.cpp.o:Network.cpp:(.text+0x1958): more undefined references to `cjsontoEigen::cjsontoVectorXf(cJSON*, std::__cxx11::basic_string<char, std::char_traits<char>, std::allocator<char> >)' follow
/usr/bin/ld: CMakeFiles/limb_controller.dir/src/Network.cpp.o: in function `SNSToolboxCPP::Network::LoadFromFile(std::__cxx11::basic_string<char, std::char_traits<char>, std::allocator<char> > const&)':
Network.cpp:(.text+0x1bf8): undefined reference to `cjsontoEigen::cjsontoArrayXXf(cJSON*, std::__cxx11::basic_string<char, std::char_traits<char>, std::allocator<char> >)'
/usr/bin/ld: Network.cpp:(.text+0x1c68): undefined reference to `cjsontoEigen::cjsontoArrayXXf(cJSON*, std::__cxx11::basic_string<char, std::char_traits<char>, std::allocator<char> >)'
/usr/bin/ld: Network.cpp:(.text+0x1cd8): undefined reference to `cjsontoEigen::cjsontoVectorXf(cJSON*, std::__cxx11::basic_string<char, std::char_traits<char>, std::allocator<char> >)'
/usr/bin/ld: Network.cpp:(.text+0x1d48): undefined reference to `cjsontoEigen::cjsontoVectorXf(cJSON*, std::__cxx11::basic_string<char, std::char_traits<char>, std::allocator<char> >)'
/usr/bin/ld: Network.cpp:(.text+0x1db8): undefined reference to `cjsontoEigen::cjsontoVectorXf(cJSON*, std::__cxx11::basic_string<char, std::char_traits<char>, std::allocator<char> >)'
/usr/bin/ld: Network.cpp:(.text+0x1e28): undefined reference to `cjsontoEigen::cjsontoVectorXf(cJSON*, std::__cxx11::basic_string<char, std::char_traits<char>, std::allocator<char> >)'
/usr/bin/ld: Network.cpp:(.text+0x1eac): undefined reference to `cjsontoEigen::cjsontoArrayXXf(cJSON*, std::__cxx11::basic_string<char, std::char_traits<char>, std::allocator<char> >)'
/usr/bin/ld: Network.cpp:(.text+0x1f30): undefined reference to `cjsontoEigen::cjsontoArrayXXf(cJSON*, std::__cxx11::basic_string<char, std::char_traits<char>, std::allocator<char> >)'
/usr/bin/ld: Network.cpp:(.text+0x1fb4): undefined reference to `cjsontoEigen::cjsontoArrayXXf(cJSON*, std::__cxx11::basic_string<char, std::char_traits<char>, std::allocator<char> >)'
/usr/bin/ld: Network.cpp:(.text+0x2024): undefined reference to `cjsontoEigen::cjsontoArrayXXf(cJSON*, std::__cxx11::basic_string<char, std::char_traits<char>, std::allocator<char> >)'
/usr/bin/ld: Network.cpp:(.text+0x2094): undefined reference to `cjsontoEigen::cjsontoArrayXXf(cJSON*, std::__cxx11::basic_string<char, std::char_traits<char>, std::allocator<char> >)'
/usr/bin/ld: CMakeFiles/limb_controller.dir/src/Network.cpp.o:Network.cpp:(.text+0x2104): more undefined references to `cjsontoEigen::cjsontoArrayXXf(cJSON*, std::__cxx11::basic_string<char, std::char_traits<char>, std::allocator<char> >)' follow
collect2: error: ld returned 1 exit status
gmake[2]: *** [CMakeFiles/limb_controller.dir/build.make:187: limb_controller] Error 1
gmake[1]: *** [CMakeFiles/Makefile2:137: CMakeFiles/limb_controller.dir/all] Error 2
gmake: *** [Makefile:146: all] Error 2
