[0.049s] Invoking command in '/home/droso1/drosophibot-ROS/build/interfaces': CMAKE_PREFIX_PATH=${CMAKE_PREFIX_PATH}:/opt/ros/jazzy /usr/bin/cmake --build /home/droso1/drosophibot-ROS/build/interfaces -- -j4 -l4
[0.289s] [  1%] Built target interfaces__rosidl_generator_type_description
[0.345s] [  1%] Built target ament_cmake_python_copy_interfaces
[0.397s] [  3%] Built target interfaces__cpp
[0.427s] [ 25%] Built target interfaces__rosidl_generator_c
[0.561s] [ 34%] Built target interfaces__rosidl_typesupport_c
[0.568s] [ 43%] Built target interfaces__rosidl_typesupport_introspection_c
[0.583s] [ 53%] Built target interfaces__rosidl_typesupport_fastrtps_c
[0.713s] [ 62%] Built target interfaces__rosidl_typesupport_cpp
[0.733s] [ 71%] Built target interfaces__rosidl_typesupport_fastrtps_cpp
[0.736s] [ 81%] Built target interfaces__rosidl_typesupport_introspection_cpp
[0.837s] [ 81%] Built target interfaces
[0.940s] [ 82%] Built target interfaces__py
[1.079s] [ 90%] Built target interfaces__rosidl_generator_py
[1.214s] [ 93%] Built target interfaces_s__rosidl_typesupport_introspection_c
[1.215s] [ 96%] Built target interfaces_s__rosidl_typesupport_fastrtps_c
[1.221s] [100%] Built target interfaces_s__rosidl_typesupport_c
[1.386s] running egg_info
[1.457s] writing interfaces.egg-info/PKG-INFO
[1.458s] writing dependency_links to interfaces.egg-info/dependency_links.txt
[1.461s] writing top-level names to interfaces.egg-info/top_level.txt
[1.664s] reading manifest file 'interfaces.egg-info/SOURCES.txt'
[1.667s] writing manifest file 'interfaces.egg-info/SOURCES.txt'
[1.803s] [100%] Built target ament_cmake_python_build_interfaces_egg
[1.858s] Invoked command in '/home/droso1/drosophibot-ROS/build/interfaces' returned '0': CMAKE_PREFIX_PATH=${CMAKE_PREFIX_PATH}:/opt/ros/jazzy /usr/bin/cmake --build /home/droso1/drosophibot-ROS/build/interfaces -- -j4 -l4
[1.904s] Invoking command in '/home/droso1/drosophibot-ROS/build/interfaces': CMAKE_PREFIX_PATH=${CMAKE_PREFIX_PATH}:/opt/ros/jazzy /usr/bin/cmake --install /home/droso1/drosophibot-ROS/build/interfaces
[1.943s] -- Install configuration: ""
[1.944s] -- Up-to-date: /home/droso1/drosophibot-ROS/install/interfaces/share/ament_index/resource_index/rosidl_interfaces/interfaces
[1.944s] -- Up-to-date: /home/droso1/drosophibot-ROS/install/interfaces/share/interfaces/msg/MotorCommand.json
[1.945s] -- Up-to-date: /home/droso1/drosophibot-ROS/install/interfaces/share/interfaces/msg/MotorData.json
[1.945s] -- Up-to-date: /home/droso1/drosophibot-ROS/install/interfaces/share/interfaces/msg/LimbCommand.json
[1.946s] -- Up-to-date: /home/droso1/drosophibot-ROS/install/interfaces/share/interfaces/msg/DescendingCommand.json
[1.946s] -- Up-to-date: /home/droso1/drosophibot-ROS/install/interfaces/include/interfaces/interfaces
[1.947s] -- Up-to-date: /home/droso1/drosophibot-ROS/install/interfaces/include/interfaces/interfaces/msg
[1.947s] -- Up-to-date: /home/droso1/drosophibot-ROS/install/interfaces/include/interfaces/interfaces/msg/descending_command.h
[1.947s] -- Up-to-date: /home/droso1/drosophibot-ROS/install/interfaces/include/interfaces/interfaces/msg/motor_data.h
[1.948s] -- Up-to-date: /home/droso1/drosophibot-ROS/install/interfaces/include/interfaces/interfaces/msg/detail
[1.948s] -- Installing: /home/droso1/drosophibot-ROS/install/interfaces/include/interfaces/interfaces/msg/detail/motor_data__type_support.c
[1.949s] -- Up-to-date: /home/droso1/drosophibot-ROS/install/interfaces/include/interfaces/interfaces/msg/detail/limb_command__struct.h
[1.949s] -- Up-to-date: /home/droso1/drosophibot-ROS/install/interfaces/include/interfaces/interfaces/msg/detail/limb_command__type_support.h
[1.950s] -- Up-to-date: /home/droso1/drosophibot-ROS/install/interfaces/include/interfaces/interfaces/msg/detail/motor_data__functions.c
[1.950s] -- Up-to-date: /home/droso1/drosophibot-ROS/install/interfaces/include/interfaces/interfaces/msg/detail/descending_command__functions.c
[1.950s] -- Up-to-date: /home/droso1/drosophibot-ROS/install/interfaces/include/interfaces/interfaces/msg/detail/limb_command__functions.c
[1.951s] -- Up-to-date: /home/droso1/drosophibot-ROS/install/interfaces/include/interfaces/interfaces/msg/detail/limb_command__description.c
[1.951s] -- Installing: /home/droso1/drosophibot-ROS/install/interfaces/include/interfaces/interfaces/msg/detail/limb_command__type_support.c
[1.952s] -- Up-to-date: /home/droso1/drosophibot-ROS/install/interfaces/include/interfaces/interfaces/msg/detail/descending_command__struct.h
[1.952s] -- Installing: /home/droso1/drosophibot-ROS/install/interfaces/include/interfaces/interfaces/msg/detail/descending_command__type_support.c
[1.953s] -- Up-to-date: /home/droso1/drosophibot-ROS/install/interfaces/include/interfaces/interfaces/msg/detail/motor_data__type_support.h
[1.954s] -- Installing: /home/droso1/drosophibot-ROS/install/interfaces/include/interfaces/interfaces/msg/detail/motor_command__type_support.c
[1.955s] -- Up-to-date: /home/droso1/drosophibot-ROS/install/interfaces/include/interfaces/interfaces/msg/detail/motor_data__functions.h
[1.955s] -- Up-to-date: /home/droso1/drosophibot-ROS/install/interfaces/include/interfaces/interfaces/msg/detail/motor_command__description.c
[1.955s] -- Up-to-date: /home/droso1/drosophibot-ROS/install/interfaces/include/interfaces/interfaces/msg/detail/motor_data__struct.h
[1.956s] -- Up-to-date: /home/droso1/drosophibot-ROS/install/interfaces/include/interfaces/interfaces/msg/detail/motor_command__functions.h
[1.956s] -- Up-to-date: /home/droso1/drosophibot-ROS/install/interfaces/include/interfaces/interfaces/msg/detail/motor_command__type_support.h
[1.957s] -- Up-to-date: /home/droso1/drosophibot-ROS/install/interfaces/include/interfaces/interfaces/msg/detail/descending_command__description.c
[1.957s] -- Up-to-date: /home/droso1/drosophibot-ROS/install/interfaces/include/interfaces/interfaces/msg/detail/descending_command__type_support.h
[1.957s] -- Up-to-date: /home/droso1/drosophibot-ROS/install/interfaces/include/interfaces/interfaces/msg/detail/limb_command__functions.h
[1.958s] -- Up-to-date: /home/droso1/drosophibot-ROS/install/interfaces/include/interfaces/interfaces/msg/detail/motor_data__description.c
[1.958s] -- Up-to-date: /home/droso1/drosophibot-ROS/install/interfaces/include/interfaces/interfaces/msg/detail/motor_command__functions.c
[1.959s] -- Up-to-date: /home/droso1/drosophibot-ROS/install/interfaces/include/interfaces/interfaces/msg/detail/descending_command__functions.h
[1.959s] -- Up-to-date: /home/droso1/drosophibot-ROS/install/interfaces/include/interfaces/interfaces/msg/detail/motor_command__struct.h
[1.960s] -- Up-to-date: /home/droso1/drosophibot-ROS/install/interfaces/include/interfaces/interfaces/msg/motor_command.h
[1.960s] -- Up-to-date: /home/droso1/drosophibot-ROS/install/interfaces/include/interfaces/interfaces/msg/rosidl_generator_c__visibility_control.h
[1.960s] -- Up-to-date: /home/droso1/drosophibot-ROS/install/interfaces/include/interfaces/interfaces/msg/limb_command.h
[1.961s] -- Up-to-date: /home/droso1/drosophibot-ROS/install/interfaces/share/interfaces/environment/library_path.sh
[1.961s] -- Up-to-date: /home/droso1/drosophibot-ROS/install/interfaces/share/interfaces/environment/library_path.dsv
[1.961s] -- Up-to-date: /home/droso1/drosophibot-ROS/install/interfaces/lib/libinterfaces__rosidl_generator_c.so
[1.962s] -- Up-to-date: /home/droso1/drosophibot-ROS/install/interfaces/include/interfaces/interfaces
[1.962s] -- Up-to-date: /home/droso1/drosophibot-ROS/install/interfaces/include/interfaces/interfaces/msg
[1.963s] -- Up-to-date: /home/droso1/drosophibot-ROS/install/interfaces/include/interfaces/interfaces/msg/rosidl_typesupport_fastrtps_c__visibility_control.h
[1.963s] -- Up-to-date: /home/droso1/drosophibot-ROS/install/interfaces/include/interfaces/interfaces/msg/detail
[1.963s] -- Up-to-date: /home/droso1/drosophibot-ROS/install/interfaces/include/interfaces/interfaces/msg/detail/motor_data__rosidl_typesupport_fastrtps_c.h
[1.964s] -- Up-to-date: /home/droso1/drosophibot-ROS/install/interfaces/include/interfaces/interfaces/msg/detail/limb_command__rosidl_typesupport_fastrtps_c.h
[1.964s] -- Up-to-date: /home/droso1/drosophibot-ROS/install/interfaces/include/interfaces/interfaces/msg/detail/motor_command__rosidl_typesupport_fastrtps_c.h
[1.965s] -- Up-to-date: /home/droso1/drosophibot-ROS/install/interfaces/include/interfaces/interfaces/msg/detail/descending_command__rosidl_typesupport_fastrtps_c.h
[1.965s] -- Up-to-date: /home/droso1/drosophibot-ROS/install/interfaces/lib/libinterfaces__rosidl_typesupport_fastrtps_c.so
[1.967s] -- Up-to-date: /home/droso1/drosophibot-ROS/install/interfaces/include/interfaces/interfaces
[1.967s] -- Up-to-date: /home/droso1/drosophibot-ROS/install/interfaces/include/interfaces/interfaces/msg
[1.968s] -- Up-to-date: /home/droso1/drosophibot-ROS/install/interfaces/include/interfaces/interfaces/msg/detail
[1.968s] -- Installing: /home/droso1/drosophibot-ROS/install/interfaces/include/interfaces/interfaces/msg/detail/motor_data__type_support.c
[1.969s] -- Up-to-date: /home/droso1/drosophibot-ROS/install/interfaces/include/interfaces/interfaces/msg/detail/motor_data__rosidl_typesupport_introspection_c.h
[1.970s] -- Up-to-date: /home/droso1/drosophibot-ROS/install/interfaces/include/interfaces/interfaces/msg/detail/motor_command__rosidl_typesupport_introspection_c.h
[1.970s] -- Up-to-date: /home/droso1/drosophibot-ROS/install/interfaces/include/interfaces/interfaces/msg/detail/limb_command__rosidl_typesupport_introspection_c.h
[1.971s] -- Installing: /home/droso1/drosophibot-ROS/install/interfaces/include/interfaces/interfaces/msg/detail/limb_command__type_support.c
[1.971s] -- Installing: /home/droso1/drosophibot-ROS/install/interfaces/include/interfaces/interfaces/msg/detail/descending_command__type_support.c
[1.973s] -- Up-to-date: /home/droso1/drosophibot-ROS/install/interfaces/include/interfaces/interfaces/msg/detail/descending_command__rosidl_typesupport_introspection_c.h
[1.973s] -- Installing: /home/droso1/drosophibot-ROS/install/interfaces/include/interfaces/interfaces/msg/detail/motor_command__type_support.c
[1.974s] -- Up-to-date: /home/droso1/drosophibot-ROS/install/interfaces/include/interfaces/interfaces/msg/rosidl_typesupport_introspection_c__visibility_control.h
[1.976s] -- Up-to-date: /home/droso1/drosophibot-ROS/install/interfaces/lib/libinterfaces__rosidl_typesupport_introspection_c.so
[1.977s] -- Up-to-date: /home/droso1/drosophibot-ROS/install/interfaces/lib/libinterfaces__rosidl_typesupport_c.so
[1.979s] -- Up-to-date: /home/droso1/drosophibot-ROS/install/interfaces/include/interfaces/interfaces
[1.979s] -- Up-to-date: /home/droso1/drosophibot-ROS/install/interfaces/include/interfaces/interfaces/msg
[1.980s] -- Up-to-date: /home/droso1/drosophibot-ROS/install/interfaces/include/interfaces/interfaces/msg/motor_data.hpp
[1.980s] -- Up-to-date: /home/droso1/drosophibot-ROS/install/interfaces/include/interfaces/interfaces/msg/descending_command.hpp
[1.980s] -- Up-to-date: /home/droso1/drosophibot-ROS/install/interfaces/include/interfaces/interfaces/msg/limb_command.hpp
[1.981s] -- Up-to-date: /home/droso1/drosophibot-ROS/install/interfaces/include/interfaces/interfaces/msg/detail
[1.981s] -- Up-to-date: /home/droso1/drosophibot-ROS/install/interfaces/include/interfaces/interfaces/msg/detail/descending_command__struct.hpp
[1.981s] -- Up-to-date: /home/droso1/drosophibot-ROS/install/interfaces/include/interfaces/interfaces/msg/detail/motor_data__builder.hpp
[1.982s] -- Up-to-date: /home/droso1/drosophibot-ROS/install/interfaces/include/interfaces/interfaces/msg/detail/motor_command__builder.hpp
[1.982s] -- Up-to-date: /home/droso1/drosophibot-ROS/install/interfaces/include/interfaces/interfaces/msg/detail/motor_command__traits.hpp
[1.983s] -- Up-to-date: /home/droso1/drosophibot-ROS/install/interfaces/include/interfaces/interfaces/msg/detail/descending_command__type_support.hpp
[1.983s] -- Up-to-date: /home/droso1/drosophibot-ROS/install/interfaces/include/interfaces/interfaces/msg/detail/motor_data__traits.hpp
[1.983s] -- Up-to-date: /home/droso1/drosophibot-ROS/install/interfaces/include/interfaces/interfaces/msg/detail/limb_command__struct.hpp
[1.984s] -- Up-to-date: /home/droso1/drosophibot-ROS/install/interfaces/include/interfaces/interfaces/msg/detail/motor_command__type_support.hpp
[1.984s] -- Up-to-date: /home/droso1/drosophibot-ROS/install/interfaces/include/interfaces/interfaces/msg/detail/motor_data__struct.hpp
[1.985s] -- Up-to-date: /home/droso1/drosophibot-ROS/install/interfaces/include/interfaces/interfaces/msg/detail/limb_command__type_support.hpp
[1.985s] -- Up-to-date: /home/droso1/drosophibot-ROS/install/interfaces/include/interfaces/interfaces/msg/detail/limb_command__traits.hpp
[1.986s] -- Up-to-date: /home/droso1/drosophibot-ROS/install/interfaces/include/interfaces/interfaces/msg/detail/motor_command__struct.hpp
[1.986s] -- Up-to-date: /home/droso1/drosophibot-ROS/install/interfaces/include/interfaces/interfaces/msg/detail/descending_command__builder.hpp
[1.986s] -- Up-to-date: /home/droso1/drosophibot-ROS/install/interfaces/include/interfaces/interfaces/msg/detail/limb_command__builder.hpp
[1.987s] -- Up-to-date: /home/droso1/drosophibot-ROS/install/interfaces/include/interfaces/interfaces/msg/detail/descending_command__traits.hpp
[1.987s] -- Up-to-date: /home/droso1/drosophibot-ROS/install/interfaces/include/interfaces/interfaces/msg/detail/motor_data__type_support.hpp
[1.987s] -- Up-to-date: /home/droso1/drosophibot-ROS/install/interfaces/include/interfaces/interfaces/msg/rosidl_generator_cpp__visibility_control.hpp
[1.988s] -- Up-to-date: /home/droso1/drosophibot-ROS/install/interfaces/include/interfaces/interfaces/msg/motor_command.hpp
[1.988s] -- Up-to-date: /home/droso1/drosophibot-ROS/install/interfaces/include/interfaces/interfaces
[1.989s] -- Up-to-date: /home/droso1/drosophibot-ROS/install/interfaces/include/interfaces/interfaces/msg
[1.989s] -- Up-to-date: /home/droso1/drosophibot-ROS/install/interfaces/include/interfaces/interfaces/msg/detail
[1.989s] -- Up-to-date: /home/droso1/drosophibot-ROS/install/interfaces/include/interfaces/interfaces/msg/detail/motor_command__rosidl_typesupport_fastrtps_cpp.hpp
[1.990s] -- Up-to-date: /home/droso1/drosophibot-ROS/install/interfaces/include/interfaces/interfaces/msg/detail/descending_command__rosidl_typesupport_fastrtps_cpp.hpp
[1.990s] -- Up-to-date: /home/droso1/drosophibot-ROS/install/interfaces/include/interfaces/interfaces/msg/detail/motor_data__rosidl_typesupport_fastrtps_cpp.hpp
[1.990s] -- Up-to-date: /home/droso1/drosophibot-ROS/install/interfaces/include/interfaces/interfaces/msg/detail/limb_command__rosidl_typesupport_fastrtps_cpp.hpp
[1.991s] -- Up-to-date: /home/droso1/drosophibot-ROS/install/interfaces/include/interfaces/interfaces/msg/detail/dds_fastrtps
[1.991s] -- Up-to-date: /home/droso1/drosophibot-ROS/install/interfaces/include/interfaces/interfaces/msg/rosidl_typesupport_fastrtps_cpp__visibility_control.h
[1.991s] -- Up-to-date: /home/droso1/drosophibot-ROS/install/interfaces/lib/libinterfaces__rosidl_typesupport_fastrtps_cpp.so
[1.992s] -- Up-to-date: /home/droso1/drosophibot-ROS/install/interfaces/include/interfaces/interfaces
[1.992s] -- Up-to-date: /home/droso1/drosophibot-ROS/install/interfaces/include/interfaces/interfaces/msg
[1.993s] -- Up-to-date: /home/droso1/drosophibot-ROS/install/interfaces/include/interfaces/interfaces/msg/detail
[1.993s] -- Up-to-date: /home/droso1/drosophibot-ROS/install/interfaces/include/interfaces/interfaces/msg/detail/motor_data__rosidl_typesupport_introspection_cpp.hpp
[1.994s] -- Up-to-date: /home/droso1/drosophibot-ROS/install/interfaces/include/interfaces/interfaces/msg/detail/motor_command__rosidl_typesupport_introspection_cpp.hpp
[1.994s] -- Up-to-date: /home/droso1/drosophibot-ROS/install/interfaces/include/interfaces/interfaces/msg/detail/descending_command__rosidl_typesupport_introspection_cpp.hpp
[1.994s] -- Up-to-date: /home/droso1/drosophibot-ROS/install/interfaces/include/interfaces/interfaces/msg/detail/motor_command__type_support.cpp
[1.995s] -- Up-to-date: /home/droso1/drosophibot-ROS/install/interfaces/include/interfaces/interfaces/msg/detail/motor_data__type_support.cpp
[1.995s] -- Up-to-date: /home/droso1/drosophibot-ROS/install/interfaces/include/interfaces/interfaces/msg/detail/descending_command__type_support.cpp
[1.996s] -- Up-to-date: /home/droso1/drosophibot-ROS/install/interfaces/include/interfaces/interfaces/msg/detail/limb_command__rosidl_typesupport_introspection_cpp.hpp
[1.996s] -- Up-to-date: /home/droso1/drosophibot-ROS/install/interfaces/include/interfaces/interfaces/msg/detail/limb_command__type_support.cpp
[1.996s] -- Up-to-date: /home/droso1/drosophibot-ROS/install/interfaces/lib/libinterfaces__rosidl_typesupport_introspection_cpp.so
[1.998s] -- Up-to-date: /home/droso1/drosophibot-ROS/install/interfaces/lib/libinterfaces__rosidl_typesupport_cpp.so
[1.999s] -- Up-to-date: /home/droso1/drosophibot-ROS/install/interfaces/share/interfaces/environment/pythonpath.sh
[2.000s] -- Up-to-date: /home/droso1/drosophibot-ROS/install/interfaces/share/interfaces/environment/pythonpath.dsv
[2.000s] -- Up-to-date: /home/droso1/drosophibot-ROS/install/interfaces/lib/python3.12/site-packages/interfaces-0.0.0-py3.12.egg-info
[2.001s] -- Installing: /home/droso1/drosophibot-ROS/install/interfaces/lib/python3.12/site-packages/interfaces-0.0.0-py3.12.egg-info/dependency_links.txt
[2.002s] -- Installing: /home/droso1/drosophibot-ROS/install/interfaces/lib/python3.12/site-packages/interfaces-0.0.0-py3.12.egg-info/PKG-INFO
[2.003s] -- Installing: /home/droso1/drosophibot-ROS/install/interfaces/lib/python3.12/site-packages/interfaces-0.0.0-py3.12.egg-info/top_level.txt
[2.004s] -- Installing: /home/droso1/drosophibot-ROS/install/interfaces/lib/python3.12/site-packages/interfaces-0.0.0-py3.12.egg-info/SOURCES.txt
[2.005s] -- Up-to-date: /home/droso1/drosophibot-ROS/install/interfaces/lib/python3.12/site-packages/interfaces
[2.006s] -- Up-to-date: /home/droso1/drosophibot-ROS/install/interfaces/lib/python3.12/site-packages/interfaces/_interfaces_s.ep.rosidl_typesupport_fastrtps_c.c
[2.006s] -- Up-to-date: /home/droso1/drosophibot-ROS/install/interfaces/lib/python3.12/site-packages/interfaces/interfaces_s__rosidl_typesupport_fastrtps_c.so
[2.007s] -- Up-to-date: /home/droso1/drosophibot-ROS/install/interfaces/lib/python3.12/site-packages/interfaces/interfaces_s__rosidl_typesupport_c.so
[2.007s] -- Up-to-date: /home/droso1/drosophibot-ROS/install/interfaces/lib/python3.12/site-packages/interfaces/_interfaces_s.ep.rosidl_typesupport_c.c
[2.007s] -- Up-to-date: /home/droso1/drosophibot-ROS/install/interfaces/lib/python3.12/site-packages/interfaces/interfaces_s__rosidl_typesupport_introspection_c.so
[2.008s] -- Up-to-date: /home/droso1/drosophibot-ROS/install/interfaces/lib/python3.12/site-packages/interfaces/msg
[2.008s] -- Up-to-date: /home/droso1/drosophibot-ROS/install/interfaces/lib/python3.12/site-packages/interfaces/msg/_motor_data_s.c
[2.009s] -- Up-to-date: /home/droso1/drosophibot-ROS/install/interfaces/lib/python3.12/site-packages/interfaces/msg/_descending_command.py
[2.009s] -- Up-to-date: /home/droso1/drosophibot-ROS/install/interfaces/lib/python3.12/site-packages/interfaces/msg/_motor_command.py
[2.010s] -- Up-to-date: /home/droso1/drosophibot-ROS/install/interfaces/lib/python3.12/site-packages/interfaces/msg/_motor_data.py
[2.010s] -- Up-to-date: /home/droso1/drosophibot-ROS/install/interfaces/lib/python3.12/site-packages/interfaces/msg/_motor_command_s.c
[2.011s] -- Up-to-date: /home/droso1/drosophibot-ROS/install/interfaces/lib/python3.12/site-packages/interfaces/msg/_limb_command_s.c
[2.011s] -- Up-to-date: /home/droso1/drosophibot-ROS/install/interfaces/lib/python3.12/site-packages/interfaces/msg/_descending_command_s.c
[2.011s] -- Up-to-date: /home/droso1/drosophibot-ROS/install/interfaces/lib/python3.12/site-packages/interfaces/msg/_limb_command.py
[2.012s] -- Up-to-date: /home/droso1/drosophibot-ROS/install/interfaces/lib/python3.12/site-packages/interfaces/msg/__init__.py
[2.012s] -- Up-to-date: /home/droso1/drosophibot-ROS/install/interfaces/lib/python3.12/site-packages/interfaces/__init__.py
[2.012s] -- Up-to-date: /home/droso1/drosophibot-ROS/install/interfaces/lib/python3.12/site-packages/interfaces/_interfaces_s.ep.rosidl_typesupport_introspection_c.c
[2.162s] Listing '/home/droso1/drosophibot-ROS/install/interfaces/lib/python3.12/site-packages/interfaces'...
[2.163s] Listing '/home/droso1/drosophibot-ROS/install/interfaces/lib/python3.12/site-packages/interfaces/msg'...
[2.190s] -- Up-to-date: /home/droso1/drosophibot-ROS/install/interfaces/lib/python3.12/site-packages/interfaces/interfaces_s__rosidl_typesupport_fastrtps_c.so
[2.192s] -- Up-to-date: /home/droso1/drosophibot-ROS/install/interfaces/lib/python3.12/site-packages/interfaces/interfaces_s__rosidl_typesupport_introspection_c.so
[2.194s] -- Up-to-date: /home/droso1/drosophibot-ROS/install/interfaces/lib/python3.12/site-packages/interfaces/interfaces_s__rosidl_typesupport_c.so
[2.196s] -- Up-to-date: /home/droso1/drosophibot-ROS/install/interfaces/lib/libinterfaces__rosidl_generator_py.so
[2.198s] -- Up-to-date: /home/droso1/drosophibot-ROS/install/interfaces/share/interfaces/msg/MotorCommand.idl
[2.198s] -- Up-to-date: /home/droso1/drosophibot-ROS/install/interfaces/share/interfaces/msg/MotorData.idl
[2.199s] -- Up-to-date: /home/droso1/drosophibot-ROS/install/interfaces/share/interfaces/msg/LimbCommand.idl
[2.199s] -- Up-to-date: /home/droso1/drosophibot-ROS/install/interfaces/share/interfaces/msg/DescendingCommand.idl
[2.200s] -- Up-to-date: /home/droso1/drosophibot-ROS/install/interfaces/share/interfaces/msg/MotorCommand.msg
[2.201s] -- Up-to-date: /home/droso1/drosophibot-ROS/install/interfaces/share/interfaces/msg/MotorData.msg
[2.201s] -- Up-to-date: /home/droso1/drosophibot-ROS/install/interfaces/share/interfaces/msg/LimbCommand.msg
[2.202s] -- Up-to-date: /home/droso1/drosophibot-ROS/install/interfaces/share/interfaces/msg/DescendingCommand.msg
[2.202s] -- Up-to-date: /home/droso1/drosophibot-ROS/install/interfaces/share/ament_index/resource_index/package_run_dependencies/interfaces
[2.203s] -- Up-to-date: /home/droso1/drosophibot-ROS/install/interfaces/share/ament_index/resource_index/parent_prefix_path/interfaces
[2.204s] -- Up-to-date: /home/droso1/drosophibot-ROS/install/interfaces/share/interfaces/environment/ament_prefix_path.sh
[2.204s] -- Up-to-date: /home/droso1/drosophibot-ROS/install/interfaces/share/interfaces/environment/ament_prefix_path.dsv
[2.205s] -- Up-to-date: /home/droso1/drosophibot-ROS/install/interfaces/share/interfaces/environment/path.sh
[2.205s] -- Up-to-date: /home/droso1/drosophibot-ROS/install/interfaces/share/interfaces/environment/path.dsv
[2.206s] -- Up-to-date: /home/droso1/drosophibot-ROS/install/interfaces/share/interfaces/local_setup.bash
[2.206s] -- Up-to-date: /home/droso1/drosophibot-ROS/install/interfaces/share/interfaces/local_setup.sh
[2.207s] -- Up-to-date: /home/droso1/drosophibot-ROS/install/interfaces/share/interfaces/local_setup.zsh
[2.207s] -- Up-to-date: /home/droso1/drosophibot-ROS/install/interfaces/share/interfaces/local_setup.dsv
[2.208s] -- Installing: /home/droso1/drosophibot-ROS/install/interfaces/share/interfaces/package.dsv
[2.209s] -- Up-to-date: /home/droso1/drosophibot-ROS/install/interfaces/share/ament_index/resource_index/packages/interfaces
[2.209s] -- Up-to-date: /home/droso1/drosophibot-ROS/install/interfaces/share/interfaces/cmake/export_interfaces__rosidl_generator_cExport.cmake
[2.210s] -- Up-to-date: /home/droso1/drosophibot-ROS/install/interfaces/share/interfaces/cmake/export_interfaces__rosidl_generator_cExport-noconfig.cmake
[2.211s] -- Up-to-date: /home/droso1/drosophibot-ROS/install/interfaces/share/interfaces/cmake/export_interfaces__rosidl_typesupport_fastrtps_cExport.cmake
[2.211s] -- Up-to-date: /home/droso1/drosophibot-ROS/install/interfaces/share/interfaces/cmake/export_interfaces__rosidl_typesupport_fastrtps_cExport-noconfig.cmake
[2.212s] -- Up-to-date: /home/droso1/drosophibot-ROS/install/interfaces/share/interfaces/cmake/interfaces__rosidl_typesupport_introspection_cExport.cmake
[2.212s] -- Up-to-date: /home/droso1/drosophibot-ROS/install/interfaces/share/interfaces/cmake/interfaces__rosidl_typesupport_introspection_cExport-noconfig.cmake
[2.213s] -- Up-to-date: /home/droso1/drosophibot-ROS/install/interfaces/share/interfaces/cmake/interfaces__rosidl_typesupport_cExport.cmake
[2.213s] -- Up-to-date: /home/droso1/drosophibot-ROS/install/interfaces/share/interfaces/cmake/interfaces__rosidl_typesupport_cExport-noconfig.cmake
[2.214s] -- Up-to-date: /home/droso1/drosophibot-ROS/install/interfaces/share/interfaces/cmake/export_interfaces__rosidl_generator_cppExport.cmake
[2.215s] -- Up-to-date: /home/droso1/drosophibot-ROS/install/interfaces/share/interfaces/cmake/export_interfaces__rosidl_typesupport_fastrtps_cppExport.cmake
[2.215s] -- Up-to-date: /home/droso1/drosophibot-ROS/install/interfaces/share/interfaces/cmake/export_interfaces__rosidl_typesupport_fastrtps_cppExport-noconfig.cmake
[2.216s] -- Up-to-date: /home/droso1/drosophibot-ROS/install/interfaces/share/interfaces/cmake/interfaces__rosidl_typesupport_introspection_cppExport.cmake
[2.217s] -- Up-to-date: /home/droso1/drosophibot-ROS/install/interfaces/share/interfaces/cmake/interfaces__rosidl_typesupport_introspection_cppExport-noconfig.cmake
[2.218s] -- Up-to-date: /home/droso1/drosophibot-ROS/install/interfaces/share/interfaces/cmake/interfaces__rosidl_typesupport_cppExport.cmake
[2.218s] -- Up-to-date: /home/droso1/drosophibot-ROS/install/interfaces/share/interfaces/cmake/interfaces__rosidl_typesupport_cppExport-noconfig.cmake
[2.219s] -- Up-to-date: /home/droso1/drosophibot-ROS/install/interfaces/share/interfaces/cmake/export_interfaces__rosidl_generator_pyExport.cmake
[2.219s] -- Up-to-date: /home/droso1/drosophibot-ROS/install/interfaces/share/interfaces/cmake/export_interfaces__rosidl_generator_pyExport-noconfig.cmake
[2.220s] -- Up-to-date: /home/droso1/drosophibot-ROS/install/interfaces/share/interfaces/cmake/rosidl_cmake-extras.cmake
[2.220s] -- Up-to-date: /home/droso1/drosophibot-ROS/install/interfaces/share/interfaces/cmake/ament_cmake_export_include_directories-extras.cmake
[2.221s] -- Up-to-date: /home/droso1/drosophibot-ROS/install/interfaces/share/interfaces/cmake/ament_cmake_export_libraries-extras.cmake
[2.221s] -- Up-to-date: /home/droso1/drosophibot-ROS/install/interfaces/share/interfaces/cmake/ament_cmake_export_targets-extras.cmake
[2.222s] -- Up-to-date: /home/droso1/drosophibot-ROS/install/interfaces/share/interfaces/cmake/rosidl_cmake_export_typesupport_targets-extras.cmake
[2.222s] -- Up-to-date: /home/droso1/drosophibot-ROS/install/interfaces/share/interfaces/cmake/ament_cmake_export_dependencies-extras.cmake
[2.223s] -- Up-to-date: /home/droso1/drosophibot-ROS/install/interfaces/share/interfaces/cmake/rosidl_cmake_export_typesupport_libraries-extras.cmake
[2.223s] -- Up-to-date: /home/droso1/drosophibot-ROS/install/interfaces/share/interfaces/cmake/interfacesConfig.cmake
[2.223s] -- Up-to-date: /home/droso1/drosophibot-ROS/install/interfaces/share/interfaces/cmake/interfacesConfig-version.cmake
[2.224s] -- Up-to-date: /home/droso1/drosophibot-ROS/install/interfaces/share/interfaces/package.xml
[2.231s] Invoked command in '/home/droso1/drosophibot-ROS/build/interfaces' returned '0': CMAKE_PREFIX_PATH=${CMAKE_PREFIX_PATH}:/opt/ros/jazzy /usr/bin/cmake --install /home/droso1/drosophibot-ROS/build/interfaces
