[ 50%] [32mBuilding CXX object CMakeFiles/motor_control.dir/src/motor_control.cpp.o[0m
[01m[K/home/droso1/drosophibot-ROS/motor_control/src/motor_control.cpp:49:10:[m[K [01;31m[Kerror: [m[Kexpected ‘[01m[K;[m[K’ after class definition
   49 |         }
      |          [01;31m[K^[m[K
      |          [32m[K;[m[K
[01m[K/home/droso1/drosophibot-ROS/motor_control/src/motor_control.cpp:[m[K In constructor ‘[01m[KMotorController::[01;32m[KMotorController[m[K(dynamixel::PortHandler*, dynamixel::PacketHandler*)[m[K’:
[01m[K/home/droso1/drosophibot-ROS/motor_control/src/motor_control.cpp:31:32:[m[K [01;31m[Kerror: [m[Kclass ‘[01m[KMotorController[m[K’ does not have any field named ‘[01m[Kcount_[m[K’
   31 |     : Node("MotorController"), [01;31m[Kcount_[m[K(0), portHandler(portHandler), packetHandler(packetHandler)
      |                                [01;31m[K^~~~~~[m[K
[01m[K/home/droso1/drosophibot-ROS/motor_control/src/motor_control.cpp:31:43:[m[K [01;31m[Kerror: [m[Kclass ‘[01m[KMotorController[m[K’ does not have any field named ‘[01m[KportHandler[m[K’
   31 |     : Node("MotorController"), count_(0), [01;31m[KportHandler[m[K(portHandler), packetHandler(packetHandler)
      |                                           [01;31m[K^~~~~~~~~~~[m[K
[01m[K/home/droso1/drosophibot-ROS/motor_control/src/motor_control.cpp:31:69:[m[K [01;31m[Kerror: [m[Kclass ‘[01m[KMotorController[m[K’ does not have any field named ‘[01m[KpacketHandler[m[K’
   31 |     : Node("MotorController"), count_(0), portHandler(portHandler), [01;31m[KpacketHandler[m[K(packetHandler)
      |                                                                     [01;31m[K^~~~~~~~~~~~~[m[K
[01m[K/home/droso1/drosophibot-ROS/motor_control/src/motor_control.cpp:33:9:[m[K [01;31m[Kerror: [m[K‘[01m[Kpublisher_[m[K’ was not declared in this scope; did you mean ‘[01m[Krmw_publisher_t[m[K’?
   33 |         [01;31m[Kpublisher_[m[K = this->create_publisher<interfaces::msg::MotorData>("motor_outputs", 10);
      |         [01;31m[K^~~~~~~~~~[m[K
      |         [32m[Krmw_publisher_t[m[K
[01m[K/home/droso1/drosophibot-ROS/motor_control/src/motor_control.cpp:34:9:[m[K [01;31m[Kerror: [m[K‘[01m[Ktimer_[m[K’ was not declared in this scope; did you mean ‘[01m[Ktimer_t[m[K’?
   34 |         [01;31m[Ktimer_[m[K = this->create_wall_timer(
      |         [01;31m[K^~~~~~[m[K
      |         [32m[Ktimer_t[m[K
[01m[K/home/droso1/drosophibot-ROS/motor_control/src/motor_control.cpp:35:44:[m[K [01;31m[Kerror: [m[K‘[01m[Ktimer_callback[m[K’ is not a member of ‘[01m[KMotorController[m[K’
   35 |         500ms, std::bind(&MotorController::[01;31m[Ktimer_callback[m[K, this));
      |                                            [01;31m[K^~~~~~~~~~~~~~[m[K
[01m[K/home/droso1/drosophibot-ROS/motor_control/src/motor_control.cpp:[m[K In lambda function:
[01m[K/home/droso1/drosophibot-ROS/motor_control/src/motor_control.cpp:40:25:[m[K [01;31m[Kerror: [m[K‘[01m[KpacketHandler[m[K’ is not captured
   40 |                         [01;31m[KpacketHandler[m[K->write4ByteTxRx(portHandler, id, commanded_position_address, msg.pos[id]);
      |                         [01;31m[K^~~~~~~~~~~~~[m[K
[01m[K/home/droso1/drosophibot-ROS/motor_control/src/motor_control.cpp:37:36:[m[K [01;36m[Knote: [m[Kthe lambda has no capture-default
   37 |         auto topic_callback = [this[01;36m[K][m[K(const interfaces::msg::MotorCommand::SharedPtr & msg) {
      |                                    [01;36m[K^[m[K
[01m[K/home/droso1/drosophibot-ROS/motor_control/src/motor_control.cpp:30:83:[m[K [01;36m[Knote: [m[K‘[01m[Kdynamixel::PacketHandler* packetHandler[m[K’ declared here
   30 |     MotorController(dynamixel::PortHandler *portHandler,[01;36m[Kdynamixel::PacketHandler *packetHandler[m[K)
      |                                                         [01;36m[K~~~~~~~~~~~~~~~~~~~~~~~~~~^~~~~~~~~~~~~[m[K
[01m[K/home/droso1/drosophibot-ROS/motor_control/src/motor_control.cpp:40:55:[m[K [01;31m[Kerror: [m[K‘[01m[KportHandler[m[K’ is not captured
   40 |                         packetHandler->write4ByteTxRx([01;31m[KportHandler[m[K, id, commanded_position_address, msg.pos[id]);
      |                                                       [01;31m[K^~~~~~~~~~~[m[K
[01m[K/home/droso1/drosophibot-ROS/motor_control/src/motor_control.cpp:37:36:[m[K [01;36m[Knote: [m[Kthe lambda has no capture-default
   37 |         auto topic_callback = [this[01;36m[K][m[K(const interfaces::msg::MotorCommand::SharedPtr & msg) {
      |                                    [01;36m[K^[m[K
[01m[K/home/droso1/drosophibot-ROS/motor_control/src/motor_control.cpp:30:45:[m[K [01;36m[Knote: [m[K‘[01m[Kdynamixel::PortHandler* portHandler[m[K’ declared here
   30 |     MotorController([01;36m[Kdynamixel::PortHandler *portHandler[m[K,dynamixel::PacketHandler *packetHandler)
      |                     [01;36m[K~~~~~~~~~~~~~~~~~~~~~~~~^~~~~~~~~~~[m[K
[01m[K/home/droso1/drosophibot-ROS/motor_control/src/motor_control.cpp:40:104:[m[K [01;31m[Kerror: [m[K‘[01m[Kconst interfaces::msg::MotorCommand_<std::allocator<void> >::SharedPtr[m[K’ {aka ‘[01m[Kconst class std::shared_ptr<interfaces::msg::MotorCommand_<std::allocator<void> > >[m[K’} has no member named ‘[01m[Kpos[m[K’
   40 |                     packetHandler->write4ByteTxRx(portHandler, id, commanded_position_address, msg.[01;31m[Kpos[m[K[id]);
      |                                                                                                    [01;31m[K^~~[m[K

[01m[K/home/droso1/drosophibot-ROS/motor_control/src/motor_control.cpp:41:25:[m[K [01;31m[Kerror: [m[K‘[01m[KpacketHandler[m[K’ is not captured
   41 |                         [01;31m[KpacketHandler[m[K->write4ByteTxRx(portHandler, id, commanded_velocity_address, msg.vel[id]);
      |                         [01;31m[K^~~~~~~~~~~~~[m[K
[01m[K/home/droso1/drosophibot-ROS/motor_control/src/motor_control.cpp:37:36:[m[K [01;36m[Knote: [m[Kthe lambda has no capture-default
   37 |         auto topic_callback = [this[01;36m[K][m[K(const interfaces::msg::MotorCommand::SharedPtr & msg) {
      |                                    [01;36m[K^[m[K
[01m[K/home/droso1/drosophibot-ROS/motor_control/src/motor_control.cpp:30:83:[m[K [01;36m[Knote: [m[K‘[01m[Kdynamixel::PacketHandler* packetHandler[m[K’ declared here
   30 |     MotorController(dynamixel::PortHandler *portHandler,[01;36m[Kdynamixel::PacketHandler *packetHandler[m[K)
      |                                                         [01;36m[K~~~~~~~~~~~~~~~~~~~~~~~~~~^~~~~~~~~~~~~[m[K
[01m[K/home/droso1/drosophibot-ROS/motor_control/src/motor_control.cpp:41:55:[m[K [01;31m[Kerror: [m[K‘[01m[KportHandler[m[K’ is not captured
   41 |                         packetHandler->write4ByteTxRx([01;31m[KportHandler[m[K, id, commanded_velocity_address, msg.vel[id]);
      |                                                       [01;31m[K^~~~~~~~~~~[m[K
[01m[K/home/droso1/drosophibot-ROS/motor_control/src/motor_control.cpp:37:36:[m[K [01;36m[Knote: [m[Kthe lambda has no capture-default
   37 |         auto topic_callback = [this[01;36m[K][m[K(const interfaces::msg::MotorCommand::SharedPtr & msg) {
      |                                    [01;36m[K^[m[K
[01m[K/home/droso1/drosophibot-ROS/motor_control/src/motor_control.cpp:30:45:[m[K [01;36m[Knote: [m[K‘[01m[Kdynamixel::PortHandler* portHandler[m[K’ declared here
   30 |     MotorController([01;36m[Kdynamixel::PortHandler *portHandler[m[K,dynamixel::PacketHandler *packetHandler)
      |                     [01;36m[K~~~~~~~~~~~~~~~~~~~~~~~~^~~~~~~~~~~[m[K
[01m[K/home/droso1/drosophibot-ROS/motor_control/src/motor_control.cpp:41:104:[m[K [01;31m[Kerror: [m[K‘[01m[Kconst interfaces::msg::MotorCommand_<std::allocator<void> >::SharedPtr[m[K’ {aka ‘[01m[Kconst class std::shared_ptr<interfaces::msg::MotorCommand_<std::allocator<void> > >[m[K’} has no member named ‘[01m[Kvel[m[K’
   41 |                     packetHandler->write4ByteTxRx(portHandler, id, commanded_velocity_address, msg.[01;31m[Kvel[m[K[id]);
      |                                                                                                    [01;31m[K^~~[m[K

[01m[K/home/droso1/drosophibot-ROS/motor_control/src/motor_control.cpp:[m[K In constructor ‘[01m[KMotorController::[01;32m[KMotorController[m[K(dynamixel::PortHandler*, dynamixel::PacketHandler*)[m[K’:
[01m[K/home/droso1/drosophibot-ROS/motor_control/src/motor_control.cpp:44:9:[m[K [01;31m[Kerror: [m[Kexpected ‘[01m[K,[m[K’ or ‘[01m[K;[m[K’ before ‘[01m[Ksubscription_[m[K’
   44 |         [01;31m[Ksubscription_[m[K = this->create_subscription<interfaces::msg::MotorCommand>(
      |         [01;31m[K^~~~~~~~~~~~~[m[K
[01m[K/home/droso1/drosophibot-ROS/motor_control/src/motor_control.cpp:[m[K At global scope:
[01m[K/home/droso1/drosophibot-ROS/motor_control/src/motor_control.cpp:50:1:[m[K [01;31m[Kerror: [m[Kexpected unqualified-id before ‘[01m[Kprivate[m[K’
   50 | [01;31m[Kprivate[m[K:
      | [01;31m[K^~~~~~~[m[K
[01m[K/home/droso1/drosophibot-ROS/motor_control/src/motor_control.cpp:74:1:[m[K [01;31m[Kerror: [m[Kexpected declaration before ‘[01m[K}[m[K’ token
   74 | [01;31m[K}[m[K;
      | [01;31m[K^[m[K
gmake[2]: *** [CMakeFiles/motor_control.dir/build.make:76: CMakeFiles/motor_control.dir/src/motor_control.cpp.o] Error 1
gmake[1]: *** [CMakeFiles/Makefile2:137: CMakeFiles/motor_control.dir/all] Error 2
gmake: *** [Makefile:146: all] Error 2
