[0.043s] Invoking command in '/home/droso1/drosophibot-ROS/build/limb_controller': CMAKE_PREFIX_PATH=${CMAKE_PREFIX_PATH}:/opt/ros/jazzy /usr/bin/cmake /home/droso1/drosophibot-ROS/limb_controller -DCMAKE_INSTALL_PREFIX=/home/droso1/drosophibot-ROS/install/limb_controller
[0.105s] -- Found ament_cmake: 2.5.4 (/opt/ros/jazzy/share/ament_cmake/cmake)
[1.076s] -- Found rclcpp: 28.1.13 (/opt/ros/jazzy/share/rclcpp/cmake)
[1.204s] -- Found rosidl_generator_c: 4.6.6 (/opt/ros/jazzy/share/rosidl_generator_c/cmake)
[1.243s] -- Found rosidl_generator_cpp: 4.6.6 (/opt/ros/jazzy/share/rosidl_generator_cpp/cmake)
[1.292s] -- Using all available rosidl_typesupport_c: rosidl_typesupport_fastrtps_c;rosidl_typesupport_introspection_c
[1.348s] -- Using all available rosidl_typesupport_cpp: rosidl_typesupport_fastrtps_cpp;rosidl_typesupport_introspection_cpp
[1.579s] -- Found rmw_implementation_cmake: 7.3.2 (/opt/ros/jazzy/share/rmw_implementation_cmake/cmake)
[1.586s] -- Found rmw_fastrtps_cpp: 8.4.3 (/opt/ros/jazzy/share/rmw_fastrtps_cpp/cmake)
[1.834s] -- Using RMW implementation 'rmw_fastrtps_cpp' as default
[2.052s] -- Found interfaces: 0.0.0 (/home/droso1/drosophibot-ROS/install/interfaces/share/interfaces/cmake)
[2.156s] -- Found ament_lint_auto: 0.17.3 (/opt/ros/jazzy/share/ament_lint_auto/cmake)
[2.664s] [31mCMake Error at /opt/ros/jazzy/share/ament_cmake_target_dependencies/cmake/ament_target_dependencies.cmake:77 (message):
[2.665s]   ament_target_dependencies() the passed package name 'Eigen3::Eigen' was not
[2.665s]   found before
[2.665s] Call Stack (most recent call first):
[2.666s]   CMakeLists.txt:30 (ament_target_dependencies)
[2.666s] 
[2.666s] [0m
[2.666s] -- Configuring incomplete, errors occurred!
[2.694s] Invoked command in '/home/droso1/drosophibot-ROS/build/limb_controller' returned '1': CMAKE_PREFIX_PATH=${CMAKE_PREFIX_PATH}:/opt/ros/jazzy /usr/bin/cmake /home/droso1/drosophibot-ROS/limb_controller -DCMAKE_INSTALL_PREFIX=/home/droso1/drosophibot-ROS/install/limb_controller
