[01m[K/home/droso1/drosophibot-ROS/motor_control/src/motor_control.cpp:[m[K In lambda function:
[01m[K/home/droso1/drosophibot-ROS/motor_control/src/motor_control.cpp:40:25:[m[K [01;31m[Kerror: [m[K‘[01m[KpacketHandler[m[K’ is not captured
   40 |                         [01;31m[KpacketHandler[m[K->write4ByteTxRx(portHandler, id, commanded_position_address, msg.pos[id]);
      |                         [01;31m[K^~~~~~~~~~~~~[m[K
[01m[K/home/droso1/drosophibot-ROS/motor_control/src/motor_control.cpp:37:36:[m[K [01;36m[Knote: [m[Kthe lambda has no capture-default
   37 |         auto topic_callback = [this[01;36m[K][m[K(const interfaces::msg::MotorCommand::SharedPtr & msg) {
      |                                    [01;36m[K^[m[K
[01m[K/home/droso1/drosophibot-ROS/motor_control/src/motor_control.cpp:30:83:[m[K [01;36m[Knote: [m[K‘[01m[Kdynamixel::PacketHandler* packetHandler[m[K’ declared here
   30 |     MotorController(dynamixel::PortHandler *portHandler,[01;36m[Kdynamixel::PacketHandler *packetHandler[m[K)
      |                                                         [01;36m[K~~~~~~~~~~~~~~~~~~~~~~~~~~^~~~~~~~~~~~~[m[K
[01m[K/home/droso1/drosophibot-ROS/motor_control/src/motor_control.cpp:40:55:[m[K [01;31m[Kerror: [m[K‘[01m[KportHandler[m[K’ is not captured
   40 |                         packetHandler->write4ByteTxRx([01;31m[KportHandler[m[K, id, commanded_position_address, msg.pos[id]);
      |                                                       [01;31m[K^~~~~~~~~~~[m[K
[01m[K/home/droso1/drosophibot-ROS/motor_control/src/motor_control.cpp:37:36:[m[K [01;36m[Knote: [m[Kthe lambda has no capture-default
   37 |         auto topic_callback = [this[01;36m[K][m[K(const interfaces::msg::MotorCommand::SharedPtr & msg) {
      |                                    [01;36m[K^[m[K
[01m[K/home/droso1/drosophibot-ROS/motor_control/src/motor_control.cpp:30:45:[m[K [01;36m[Knote: [m[K‘[01m[Kdynamixel::PortHandler* portHandler[m[K’ declared here
   30 |     MotorController([01;36m[Kdynamixel::PortHandler *portHandler[m[K,dynamixel::PacketHandler *packetHandler)
      |                     [01;36m[K~~~~~~~~~~~~~~~~~~~~~~~~^~~~~~~~~~~[m[K
[01m[K/home/droso1/drosophibot-ROS/motor_control/src/motor_control.cpp:40:104:[m[K [01;31m[Kerror: [m[K‘[01m[Kconst interfaces::msg::MotorCommand_<std::allocator<void> >::SharedPtr[m[K’ {aka ‘[01m[Kconst class std::shared_ptr<interfaces::msg::MotorCommand_<std::allocator<void> > >[m[K’} has no member named ‘[01m[Kpos[m[K’
   40 |                     packetHandler->write4ByteTxRx(portHandler, id, commanded_position_address, msg.[01;31m[Kpos[m[K[id]);
      |                                                                                                    [01;31m[K^~~[m[K

[01m[K/home/droso1/drosophibot-ROS/motor_control/src/motor_control.cpp:41:25:[m[K [01;31m[Kerror: [m[K‘[01m[KpacketHandler[m[K’ is not captured
   41 |                         [01;31m[KpacketHandler[m[K->write4ByteTxRx(portHandler, id, commanded_velocity_address, msg.vel[id]);
      |                         [01;31m[K^~~~~~~~~~~~~[m[K
[01m[K/home/droso1/drosophibot-ROS/motor_control/src/motor_control.cpp:37:36:[m[K [01;36m[Knote: [m[Kthe lambda has no capture-default
   37 |         auto topic_callback = [this[01;36m[K][m[K(const interfaces::msg::MotorCommand::SharedPtr & msg) {
      |                                    [01;36m[K^[m[K
[01m[K/home/droso1/drosophibot-ROS/motor_control/src/motor_control.cpp:30:83:[m[K [01;36m[Knote: [m[K‘[01m[Kdynamixel::PacketHandler* packetHandler[m[K’ declared here
   30 |     MotorController(dynamixel::PortHandler *portHandler,[01;36m[Kdynamixel::PacketHandler *packetHandler[m[K)
      |                                                         [01;36m[K~~~~~~~~~~~~~~~~~~~~~~~~~~^~~~~~~~~~~~~[m[K
[01m[K/home/droso1/drosophibot-ROS/motor_control/src/motor_control.cpp:41:55:[m[K [01;31m[Kerror: [m[K‘[01m[KportHandler[m[K’ is not captured
   41 |                         packetHandler->write4ByteTxRx([01;31m[KportHandler[m[K, id, commanded_velocity_address, msg.vel[id]);
      |                                                       [01;31m[K^~~~~~~~~~~[m[K
[01m[K/home/droso1/drosophibot-ROS/motor_control/src/motor_control.cpp:37:36:[m[K [01;36m[Knote: [m[Kthe lambda has no capture-default
   37 |         auto topic_callback = [this[01;36m[K][m[K(const interfaces::msg::MotorCommand::SharedPtr & msg) {
      |                                    [01;36m[K^[m[K
[01m[K/home/droso1/drosophibot-ROS/motor_control/src/motor_control.cpp:30:45:[m[K [01;36m[Knote: [m[K‘[01m[Kdynamixel::PortHandler* portHandler[m[K’ declared here
   30 |     MotorController([01;36m[Kdynamixel::PortHandler *portHandler[m[K,dynamixel::PacketHandler *packetHandler)
      |                     [01;36m[K~~~~~~~~~~~~~~~~~~~~~~~~^~~~~~~~~~~[m[K
[01m[K/home/droso1/drosophibot-ROS/motor_control/src/motor_control.cpp:41:104:[m[K [01;31m[Kerror: [m[K‘[01m[Kconst interfaces::msg::MotorCommand_<std::allocator<void> >::SharedPtr[m[K’ {aka ‘[01m[Kconst class std::shared_ptr<interfaces::msg::MotorCommand_<std::allocator<void> > >[m[K’} has no member named ‘[01m[Kvel[m[K’
   41 |                     packetHandler->write4ByteTxRx(portHandler, id, commanded_velocity_address, msg.[01;31m[Kvel[m[K[id]);
      |                                                                                                    [01;31m[K^~~[m[K

[01m[K/home/droso1/drosophibot-ROS/motor_control/src/motor_control.cpp:45:29:[m[K [01;31m[Kerror: [m[Kuse of ‘[01m[Ktopic_callback[m[K’ before deduction of ‘[01m[Kauto[m[K’
   45 |       "motor_commands", 10, [01;31m[Ktopic_callback[m[K);
      |                             [01;31m[K^~~~~~~~~~~~~~[m[K
[01m[K/home/droso1/drosophibot-ROS/motor_control/src/motor_control.cpp:[m[K In constructor ‘[01m[KMotorController::[01;32m[KMotorController[m[K(dynamixel::PortHandler*, dynamixel::PacketHandler*)[m[K’:
[01m[K/home/droso1/drosophibot-ROS/motor_control/src/motor_control.cpp:49:9:[m[K [01;31m[Kerror: [m[Kexpected ‘[01m[K,[m[K’ or ‘[01m[K;[m[K’ before ‘[01m[K}[m[K’ token
   49 |         [01;31m[K}[m[K
      |         [01;31m[K^[m[K
gmake[2]: *** [CMakeFiles/motor_control.dir/build.make:76: CMakeFiles/motor_control.dir/src/motor_control.cpp.o] Error 1
gmake[1]: *** [CMakeFiles/Makefile2:137: CMakeFiles/motor_control.dir/all] Error 2
gmake: *** [Makefile:146: all] Error 2
