[0.066s] Invoking command in '/home/droso1/drosophibot-ROS/build/motor_control': CMAKE_PREFIX_PATH=/home/droso1/drosophibot-ROS/install/interfaces:/home/droso1/drosophibot-ROS/install/testcpp:/home/droso1/drosophibot-ROS/install/pubsub:/home/droso1/drosophibot-ROS/install/motor_control:/opt/ros/jazzy /usr/bin/cmake --build /home/droso1/drosophibot-ROS/build/motor_control -- -j4 -l4
[0.187s] -- Found ament_cmake: 2.5.4 (/opt/ros/jazzy/share/ament_cmake/cmake)
[1.173s] -- Found rclcpp: 28.1.13 (/opt/ros/jazzy/share/rclcpp/cmake)
[1.303s] -- Found rosidl_generator_c: 4.6.6 (/opt/ros/jazzy/share/rosidl_generator_c/cmake)
[1.343s] -- Found rosidl_generator_cpp: 4.6.6 (/opt/ros/jazzy/share/rosidl_generator_cpp/cmake)
[1.392s] -- Using all available rosidl_typesupport_c: rosidl_typesupport_fastrtps_c;rosidl_typesupport_introspection_c
[1.449s] -- Using all available rosidl_typesupport_cpp: rosidl_typesupport_fastrtps_cpp;rosidl_typesupport_introspection_cpp
[1.684s] -- Found rmw_implementation_cmake: 7.3.2 (/opt/ros/jazzy/share/rmw_implementation_cmake/cmake)
[1.690s] -- Found rmw_fastrtps_cpp: 8.4.3 (/opt/ros/jazzy/share/rmw_fastrtps_cpp/cmake)
[1.939s] -- Using RMW implementation 'rmw_fastrtps_cpp' as default
[2.159s] -- Found interfaces: 0.0.0 (/home/droso1/drosophibot-ROS/install/interfaces/share/interfaces/cmake)
[2.198s] -- Found ament_lint_auto: 0.17.3 (/opt/ros/jazzy/share/ament_lint_auto/cmake)
[2.630s] -- Added test 'cppcheck' to perform static code analysis on C / C++ code
[2.630s] -- Configured cppcheck include dirs: 
[2.631s] -- Configured cppcheck exclude dirs and/or files: 
[2.637s] -- Added test 'lint_cmake' to check CMake code style
[2.653s] -- Added test 'uncrustify' to check C / C++ code style
[2.653s] -- Configured uncrustify additional arguments: 
[2.656s] -- Added test 'xmllint' to check XML markup files
[2.660s] -- Configuring done (2.5s)
[2.762s] -- Generating done (0.1s)
[2.779s] -- Build files have been written to: /home/droso1/drosophibot-ROS/build/motor_control
[3.090s] [ 50%] [32mBuilding CXX object CMakeFiles/motor_control.dir/src/motor_control.cpp.o[0m
[3.336s] [01m[Kcc1plus:[m[K [01;35m[Kwarning: [m[K/home/droso1/drosophibot-ROS/motor_control/include/dynamixel_sdk/dynamixel_sdk.h: not a directory
[5.633s] [01m[K/home/droso1/drosophibot-ROS/motor_control/src/motor_control.cpp:9:10:[m[K [01;31m[Kfatal error: [m[Kdynamixel_sdk.h: No such file or directory
[5.634s]     9 | #include [01;31m[K"dynamixel_sdk.h"[m[K
[5.634s]       |          [01;31m[K^~~~~~~~~~~~~~~~~[m[K
[5.634s] compilation terminated.
[5.646s] gmake[2]: *** [CMakeFiles/motor_control.dir/build.make:76: CMakeFiles/motor_control.dir/src/motor_control.cpp.o] Error 1
[5.647s] gmake[1]: *** [CMakeFiles/Makefile2:137: CMakeFiles/motor_control.dir/all] Error 2
[5.648s] gmake: *** [Makefile:146: all] Error 2
[5.657s] Invoked command in '/home/droso1/drosophibot-ROS/build/motor_control' returned '2': CMAKE_PREFIX_PATH=/home/droso1/drosophibot-ROS/install/interfaces:/home/droso1/drosophibot-ROS/install/testcpp:/home/droso1/drosophibot-ROS/install/pubsub:/home/droso1/drosophibot-ROS/install/motor_control:/opt/ros/jazzy /usr/bin/cmake --build /home/droso1/drosophibot-ROS/build/motor_control -- -j4 -l4
