[0.061s] Invoking command in '/home/droso1/drosophibot-ROS/build/motor_control': CMAKE_PREFIX_PATH=/home/droso1/drosophibot-ROS/install/interfaces:/home/droso1/drosophibot-ROS/install/testcpp:/home/droso1/drosophibot-ROS/install/pubsub:/home/droso1/drosophibot-ROS/install/motor_control:/opt/ros/jazzy /usr/bin/cmake --build /home/droso1/drosophibot-ROS/build/motor_control -- -j4 -l4
[0.349s] [ 50%] [32mBuilding CXX object CMakeFiles/motor_control.dir/src/motor_control.cpp.o[0m
[9.601s] [01m[K/home/droso1/drosophibot-ROS/motor_control/src/motor_control.cpp:57:30:[m[K [01;31m[Kerror: [m[Kexpected ‘[01m[K)[m[K’
[9.601s]    57 |     void topic_callback[34m[K([m[Kconst[01;31m[K [m[K[32m[Kinterfaces[m[K::msg::MotorCommand:: &msg) const{
[9.602s]       |                        [34m[K~[m[K     [01;31m[K^[m[K[32m[K~~~~~~~~~~[m[K
[9.602s]       |                              [32m[K)[m[K
[9.607s] [01m[K/home/droso1/drosophibot-ROS/motor_control/src/motor_control.cpp:57:25:[m[K [01;31m[Kerror: [m[Kexpected ‘[01m[K;[m[K’ at end of member declaration
[9.607s]    57 |     void topic_callback([01;31m[Kconst[m[K interfaces::msg::MotorCommand:: &msg) const{
[9.608s]       |                         [01;31m[K^~~~~[m[K
[9.608s]       |                              [32m[K;[m[K
[9.608s] [01m[K/home/droso1/drosophibot-ROS/motor_control/src/motor_control.cpp:57:63:[m[K [01;31m[Kerror: [m[Kexpected unqualified-id before ‘[01m[K&[m[K’ token
[9.609s]    57 |     void topic_callback(const interfaces::msg::MotorCommand:: [01;31m[K&[m[Kmsg) const{
[9.609s]       |                                                               [01;31m[K^[m[K
[12.018s] In file included from [01m[K/opt/ros/jazzy/include/rclcpp/rclcpp/client.hpp:42[m[K,
[12.018s]                  from [01m[K/opt/ros/jazzy/include/rclcpp/rclcpp/callback_group.hpp:24[m[K,
[12.019s]                  from [01m[K/opt/ros/jazzy/include/rclcpp/rclcpp/any_executable.hpp:20[m[K,
[12.019s]                  from [01m[K/opt/ros/jazzy/include/rclcpp/rclcpp/memory_strategy.hpp:25[m[K,
[12.020s]                  from [01m[K/opt/ros/jazzy/include/rclcpp/rclcpp/memory_strategies.hpp:18[m[K,
[12.020s]                  from [01m[K/opt/ros/jazzy/include/rclcpp/rclcpp/executor_options.hpp:22[m[K,
[12.021s]                  from [01m[K/opt/ros/jazzy/include/rclcpp/rclcpp/executor.hpp:38[m[K,
[12.021s]                  from [01m[K/opt/ros/jazzy/include/rclcpp/rclcpp/executors/multi_threaded_executor.hpp:25[m[K,
[12.021s]                  from [01m[K/opt/ros/jazzy/include/rclcpp/rclcpp/executors.hpp:21[m[K,
[12.022s]                  from [01m[K/opt/ros/jazzy/include/rclcpp/rclcpp/rclcpp.hpp:172[m[K,
[12.022s]                  from [01m[K/home/droso1/drosophibot-ROS/motor_control/src/motor_control.cpp:6[m[K:
[12.023s] /opt/ros/jazzy/include/rclcpp/rclcpp/function_traits.hpp: In instantiation of ‘[01m[Kstruct rclcpp::function_traits::function_traits<std::_Bind<void (MotorController::*(MotorController*, std::_Placeholder<1>))(...)> >[m[K’:
[12.023s] [01m[K/opt/ros/jazzy/include/rclcpp/rclcpp/any_subscription_callback.hpp:396:25:[m[K   recursively required by substitution of ‘[01m[Ktemplate<class MessageT, class CallbackT> struct rclcpp::detail::SubscriptionCallbackTypeHelper<MessageT, CallbackT, typename std::enable_if<rclcpp::function_traits::same_arguments<CallbackT, std::function<void(std::shared_ptr<_Tp>, const rclcpp::MessageInfo&)> >::value, void>::type> [35m[K[with MessageT = interfaces::msg::MotorCommand_<std::allocator<void> >; CallbackT = std::_Bind<void (MotorController::*(MotorController*, std::_Placeholder<1>))(...)>][m[K[m[K’
[12.024s] [01m[K/opt/ros/jazzy/include/rclcpp/rclcpp/any_subscription_callback.hpp:396:25:[m[K   required from ‘[01m[Krclcpp::AnySubscriptionCallback<MessageT, AllocatorT> rclcpp::AnySubscriptionCallback<MessageT, AllocatorT>::[01;32m[Kset[m[K(CallbackT) [35m[K[with CallbackT = std::_Bind<void (MotorController::*(MotorController*, std::_Placeholder<1>))(...)>; MessageT = interfaces::msg::MotorCommand_<std::allocator<void> >; AllocatorT = std::allocator<void>][m[K[m[K’
[12.024s] [01m[K/opt/ros/jazzy/include/rclcpp/rclcpp/subscription_factory.hpp:93:32:[m[K   required from ‘[01m[Krclcpp::SubscriptionFactory rclcpp::[01;32m[Kcreate_subscription_factory[m[K(CallbackT&&, const SubscriptionOptionsWithAllocator<AllocatorT>&, typename MessageMemoryStrategyT::SharedPtr, std::shared_ptr<topic_statistics::SubscriptionTopicStatistics>) [35m[K[with MessageT = interfaces::msg::MotorCommand_<std::allocator<void> >; CallbackT = std::_Bind<void (MotorController::*(MotorController*, std::_Placeholder<1>))(...)>; AllocatorT = std::allocator<void>; SubscriptionT = Subscription<interfaces::msg::MotorCommand_<std::allocator<void> > >; MessageMemoryStrategyT = message_memory_strategy::MessageMemoryStrategy<interfaces::msg::MotorCommand_<std::allocator<void> >, std::allocator<void> >; typename MessageMemoryStrategyT::SharedPtr = std::shared_ptr<message_memory_strategy::MessageMemoryStrategy<interfaces::msg::MotorCommand_<std::allocator<void> >, std::allocator<void> > >][m[K[m[K’
[12.025s] [01m[K/opt/ros/jazzy/include/rclcpp/rclcpp/create_subscription.hpp:121:63:[m[K   required from ‘[01m[Kstd::shared_ptr<ROSMessageT> rclcpp::detail::[01;32m[Kcreate_subscription[m[K(NodeParametersT&, NodeTopicsT&, const std::string&, const rclcpp::QoS&, CallbackT&&, const rclcpp::SubscriptionOptionsWithAllocator<AllocatorT>&, typename MessageMemoryStrategyT::SharedPtr) [35m[K[with MessageT = interfaces::msg::MotorCommand_<std::allocator<void> >; CallbackT = std::_Bind<void (MotorController::*(MotorController*, std::_Placeholder<1>))(...)>; AllocatorT = std::allocator<void>; SubscriptionT = rclcpp::Subscription<interfaces::msg::MotorCommand_<std::allocator<void> > >; MessageMemoryStrategyT = rclcpp::message_memory_strategy::MessageMemoryStrategy<interfaces::msg::MotorCommand_<std::allocator<void> >, std::allocator<void> >; NodeParametersT = rclcpp::Node; NodeTopicsT = rclcpp::Node; std::string = std::__cxx11::basic_string<char>; typename MessageMemoryStrategyT::SharedPtr = std::shared_ptr<rclcpp::message_memory_strategy::MessageMemoryStrategy<interfaces::msg::MotorCommand_<std::allocator<void> >, std::allocator<void> > >][m[K[m[K’
[12.025s] [01m[K/opt/ros/jazzy/include/rclcpp/rclcpp/create_subscription.hpp:190:76:[m[K   required from ‘[01m[Kstd::shared_ptr<ROSMessageT> rclcpp::[01;32m[Kcreate_subscription[m[K(NodeT&, const std::string&, const QoS&, CallbackT&&, const SubscriptionOptionsWithAllocator<AllocatorT>&, typename MessageMemoryStrategyT::SharedPtr) [35m[K[with MessageT = interfaces::msg::MotorCommand_<std::allocator<void> >; CallbackT = std::_Bind<void (MotorController::*(MotorController*, std::_Placeholder<1>))(...)>; AllocatorT = std::allocator<void>; SubscriptionT = Subscription<interfaces::msg::MotorCommand_<std::allocator<void> > >; MessageMemoryStrategyT = message_memory_strategy::MessageMemoryStrategy<interfaces::msg::MotorCommand_<std::allocator<void> >, std::allocator<void> >; NodeT = Node; std::string = std::__cxx11::basic_string<char>; typename MessageMemoryStrategyT::SharedPtr = std::shared_ptr<message_memory_strategy::MessageMemoryStrategy<interfaces::msg::MotorCommand_<std::allocator<void> >, std::allocator<void> > >][m[K[m[K’
[12.026s] [01m[K/opt/ros/jazzy/include/rclcpp/rclcpp/node_impl.hpp:99:47:[m[K   required from ‘[01m[Kstd::shared_ptr<ROSMessageT> rclcpp::Node::[01;32m[Kcreate_subscription[m[K(const std::string&, const rclcpp::QoS&, CallbackT&&, const rclcpp::SubscriptionOptionsWithAllocator<AllocatorT>&, typename MessageMemoryStrategyT::SharedPtr) [35m[K[with MessageT = interfaces::msg::MotorCommand_<std::allocator<void> >; CallbackT = std::_Bind<void (MotorController::*(MotorController*, std::_Placeholder<1>))(...)>; AllocatorT = std::allocator<void>; SubscriptionT = rclcpp::Subscription<interfaces::msg::MotorCommand_<std::allocator<void> > >; MessageMemoryStrategyT = rclcpp::message_memory_strategy::MessageMemoryStrategy<interfaces::msg::MotorCommand_<std::allocator<void> >, std::allocator<void> >; std::string = std::__cxx11::basic_string<char>; typename MessageMemoryStrategyT::SharedPtr = std::shared_ptr<rclcpp::message_memory_strategy::MessageMemoryStrategy<interfaces::msg::MotorCommand_<std::allocator<void> >, std::allocator<void> > >][m[K[m[K’
[12.026s] [01m[K/home/droso1/drosophibot-ROS/motor_control/src/motor_control.cpp:36:81:[m[K   required from here
[12.027s] [01m[K/opt/ros/jazzy/include/rclcpp/rclcpp/function_traits.hpp:51:9:[m[K [01;31m[Kerror: [m[K‘[01m[Kdecltype[m[K’ cannot resolve address of overloaded function
[12.027s]    51 |   using [01;31m[Karguments[m[K = typename tuple_tail<
[12.028s]       |         [01;31m[K^~~~~~~~~[m[K
[12.028s] [01m[K/opt/ros/jazzy/include/rclcpp/rclcpp/function_traits.hpp:57:9:[m[K [01;31m[Kerror: [m[K‘[01m[Kdecltype[m[K’ cannot resolve address of overloaded function
[12.029s]    57 |   using [01;31m[Kargument_type[m[K = typename std::tuple_element<N, arguments>::type;
[12.029s]       |         [01;31m[K^~~~~~~~~~~~~[m[K
[12.030s] [01m[K/opt/ros/jazzy/include/rclcpp/rclcpp/function_traits.hpp:59:9:[m[K [01;31m[Kerror: [m[K‘[01m[Kdecltype[m[K’ cannot resolve address of overloaded function
[12.030s]    59 |   using [01;31m[Kreturn_type[m[K = typename function_traits<decltype( &FunctionT::operator())>::return_type;
[12.030s]       |         [01;31m[K^~~~~~~~~~~[m[K
[17.822s] gmake[2]: *** [CMakeFiles/motor_control.dir/build.make:76: CMakeFiles/motor_control.dir/src/motor_control.cpp.o] Error 1
[17.823s] gmake[1]: *** [CMakeFiles/Makefile2:137: CMakeFiles/motor_control.dir/all] Error 2
[17.824s] gmake: *** [Makefile:146: all] Error 2
[17.832s] Invoked command in '/home/droso1/drosophibot-ROS/build/motor_control' returned '2': CMAKE_PREFIX_PATH=/home/droso1/drosophibot-ROS/install/interfaces:/home/droso1/drosophibot-ROS/install/testcpp:/home/droso1/drosophibot-ROS/install/pubsub:/home/droso1/drosophibot-ROS/install/motor_control:/opt/ros/jazzy /usr/bin/cmake --build /home/droso1/drosophibot-ROS/build/motor_control -- -j4 -l4
