[0.091s] Invoking command in '/home/droso1/drosophibot-ROS/build/interfaces': CMAKE_PREFIX_PATH=${CMAKE_PREFIX_PATH}:/opt/ros/jazzy /usr/bin/cmake /home/droso1/drosophibot-ROS/interfaces -DCMAKE_INSTALL_PREFIX=/home/droso1/drosophibot-ROS/install/interfaces
[0.430s] -- The C compiler identification is GNU 13.3.0
[0.776s] -- The CXX compiler identification is GNU 13.3.0
[0.865s] -- Detecting C compiler ABI info
[1.315s] -- Detecting C compiler ABI info - done
[1.350s] -- Check for working C compiler: /usr/bin/cc - skipped
[1.351s] -- Detecting C compile features
[1.353s] -- Detecting C compile features - done
[1.397s] -- Detecting CXX compiler ABI info
[1.884s] -- Detecting CXX compiler ABI info - done
[1.921s] -- Check for working CXX compiler: /usr/bin/c++ - skipped
[1.922s] -- Detecting CXX compile features
[1.924s] -- Detecting CXX compile features - done
[1.943s] -- Found ament_cmake: 2.5.4 (/opt/ros/jazzy/share/ament_cmake/cmake)
[2.670s] -- Found Python3: /usr/bin/python3 (found version "3.12.3") found components: Interpreter 
[3.257s] -- Found rosidl_default_generators: 1.6.0 (/opt/ros/jazzy/share/rosidl_default_generators/cmake)
[3.298s] -- Using all available rosidl_typesupport_c: rosidl_typesupport_fastrtps_c;rosidl_typesupport_introspection_c
[3.632s] -- Using all available rosidl_typesupport_cpp: rosidl_typesupport_fastrtps_cpp;rosidl_typesupport_introspection_cpp
[3.893s] -- Found rosidl_adapter: 4.6.6 (/opt/ros/jazzy/share/rosidl_adapter/cmake)
[3.919s] -- Found ament_lint_auto: 0.17.3 (/opt/ros/jazzy/share/ament_lint_auto/cmake)
[5.565s] [31mCMake Error at /opt/ros/jazzy/share/rosidl_adapter/cmake/rosidl_adapt_interfaces.cmake:57 (message):
[5.565s]   execute_process(/usr/bin/python3 -m rosidl_adapter --package-name
[5.566s]   interfaces --arguments-file
[5.566s]   /home/droso1/drosophibot-ROS/build/interfaces/rosidl_adapter__arguments__interfaces.json
[5.567s]   --output-dir
[5.567s]   /home/droso1/drosophibot-ROS/build/interfaces/rosidl_adapter/interfaces
[5.567s]   --output-file
[5.568s]   /home/droso1/drosophibot-ROS/build/interfaces/rosidl_adapter/interfaces.idls)
[5.568s]   returned error code 1:
[5.568s] 
[5.569s]   Traceback (most recent call last):
[5.569s] 
[5.570s]     File "<frozen runpy>", line 198, in _run_module_as_main
[5.570s]     File "<frozen runpy>", line 88, in _run_code
[5.570s]     File "/opt/ros/jazzy/lib/python3.12/site-packages/rosidl_adapter/__main__.py", line 19, in <module>
[5.571s]       sys.exit(main())
[5.571s]                ^^^^^^
[5.572s]     File "/opt/ros/jazzy/lib/python3.12/site-packages/rosidl_adapter/main.py", line 53, in main
[5.572s]       abs_idl_file = convert_to_idl(
[5.573s]                      ^^^^^^^^^^^^^^^
[5.573s]     File "/opt/ros/jazzy/lib/python3.12/site-packages/rosidl_adapter/__init__.py", line 19, in convert_to_idl
[5.574s]       return convert_msg_to_idl(
[5.574s]              ^^^^^^^^^^^^^^^^^^^
[5.575s]     File "/opt/ros/jazzy/lib/python3.12/site-packages/rosidl_adapter/msg/__init__.py", line 28, in convert_msg_to_idl
[5.575s]       msg = parse_message_string(package_name, input_file.stem, content)
[5.576s]             ^^^^^^^^^^^^^^^^^^^^^^^^^^^^^^^^^^^^^^^^^^^^^^^^^^^^^^^^^^^^
[5.576s]     File "/opt/ros/jazzy/lib/python3.12/site-packages/rosidl_adapter/parser.py", line 545, in parse_message_string
[5.577s]       msg = MessageSpecification(pkg_name, msg_name, fields, constants)
[5.577s]             ^^^^^^^^^^^^^^^^^^^^^^^^^^^^^^^^^^^^^^^^^^^^^^^^^^^^^^^^^^^
[5.578s]     File "/opt/ros/jazzy/lib/python3.12/site-packages/rosidl_adapter/parser.py", line 389, in __init__
[5.580s]       self.base_type = BaseType(
[5.581s]                        ^^^^^^^^^
[5.582s]     File "/opt/ros/jazzy/lib/python3.12/site-packages/rosidl_adapter/parser.py", line 206, in __init__
[5.583s]       raise InvalidResourceName(
[5.584s] 
[5.585s]   rosidl_adapter.parser.InvalidResourceName: 'motorcommand' is an invalid
[5.587s]   message name.  It should have the pattern '^[A-Z][A-Za-z0-9]*$'
[5.588s] 
[5.588s] Call Stack (most recent call first):
[5.589s]   /opt/ros/jazzy/share/rosidl_cmake/cmake/rosidl_generate_interfaces.cmake:132 (rosidl_adapt_interfaces)
[5.590s]   CMakeLists.txt:26 (rosidl_generate_interfaces)
[5.590s] 
[5.591s] [0m
[5.591s] -- Configuring incomplete, errors occurred!
[5.599s] Invoked command in '/home/droso1/drosophibot-ROS/build/interfaces' returned '1': CMAKE_PREFIX_PATH=${CMAKE_PREFIX_PATH}:/opt/ros/jazzy /usr/bin/cmake /home/droso1/drosophibot-ROS/interfaces -DCMAKE_INSTALL_PREFIX=/home/droso1/drosophibot-ROS/install/interfaces
